2023-04-07 12:06:08 error: [POST] /auth/login >> StatusCode:: 400, Message:: Cannot read properties of undefined (reading 'status')
2023-04-07 12:11:26 error: [POST] /job/unSaveJob/642ff9249990e7776f7c8294 >> StatusCode:: 400, Message:: AUTHNETICATION_TOKEN_MISSING
2023-04-07 12:11:34 error: [POST] /job/unSaveJob/642ff9249990e7776f7c8294 >> StatusCode:: 400, Message:: SAVED_JOB_NOT_FOUND
2023-04-07 12:12:44 error: [GET] /job/mostRecents >> StatusCode:: 400, Message:: Cannot read properties of undefined (reading 'skills')
2023-04-07 12:13:14 error: [GET] /job/mostRecents >> StatusCode:: 400, Message:: Cannot read properties of undefined (reading 'skills')
2023-04-07 12:13:37 error: [GET] /job/mostRecents >> StatusCode:: 400, Message:: Cannot read properties of undefined (reading 'skills')
2023-04-07 12:14:15 error: [GET] /job/mostRecents >> StatusCode:: 400, Message:: Cannot read properties of undefined (reading 'skills')
2023-04-07 12:30:09 error: [POST] /profile/about >> StatusCode:: 400, Message:: INVALID_AUTHORIZATION
2023-04-07 12:30:17 error: [POST] /auth/login >> StatusCode:: 400, Message:: Cannot read properties of undefined (reading 'status')
2023-04-07 12:34:29 error: [POST] /auth/login >> StatusCode:: 400, Message:: Cannot read properties of undefined (reading 'status')
2023-04-07 12:34:58 error: [POST] /job/saveJob/642fffd2b6626e45e5d2a1f0 >> StatusCode:: 400, Message:: SavedJob validation failed: job: Path `job` is required.
2023-04-07 15:31:29 error: [POST] /auth/login >> StatusCode:: 400, Message:: Cannot read properties of undefined (reading 'status')
2023-04-07 15:32:47 error: [GET] /job/642c9196781b4dd78830a406 >> StatusCode:: 400, Message:: JOB_NOT_FOUND
2023-04-07 15:34:00 error: [POST] /job/saveJob/6430297cd3d1556331bfcb3c >> StatusCode:: 400, Message:: JOB_ALREAD_ADDED
2023-04-07 15:37:03 error: [POST] /job/saveJob/6430297cd3d1556331bfcb3b >> StatusCode:: 400, Message:: JOB_ALREAD_ADDED
2023-04-07 18:12:01 error: [POST] /auth/login >> StatusCode:: 400, Message:: Cannot read properties of undefined (reading 'status')
2023-04-07 18:16:26 error: [POST] /auth/register >> StatusCode:: 400, Message:: Cannot read properties of undefined (reading 'status')
2023-04-07 18:16:42 error: [POST] /auth/send_verification_email >> StatusCode:: 400, Message:: Cannot read properties of undefined (reading 'status')
2023-04-07 18:17:23 error: [POST] /auth/verify_email >> StatusCode:: 400, Message:: Cannot read properties of undefined (reading 'status')
2023-04-07 18:17:47 error: [POST] /auth/login >> StatusCode:: 400, Message:: Cannot read properties of undefined (reading 'status')
