2023-03-21 14:12:51 error: [POST] /auth/login >> StatusCode:: 400, Message:: Incorrect email or password
2023-03-21 14:27:10 error: [POST] /auth/login >> StatusCode:: 400, Message:: Incorrect email or password
2023-03-21 14:27:42 error: [POST] /auth/register >> StatusCode:: 400, Message:: email quadri29@gmail.com already exists
2023-03-21 14:29:16 error: [POST] /auth/send_verification_email >> StatusCode:: 409, Message:: Something went wrong
2023-03-21 14:30:19 error: [POST] /auth/send_verification_email >> StatusCode:: 400, Message:: Operation `users.findOne()` buffering timed out after 10000ms
2023-03-21 14:30:45 error: [POST] /auth/send_verification_email >> StatusCode:: 400, Message:: Operation `users.findOne()` buffering timed out after 10000ms
2023-03-21 14:32:22 error: Error connecting to Database: Error: querySrv ETIMEOUT _mongodb._tcp.niptrex.xzoqe5t.mongodb.net
2023-03-21 14:34:32 error: Error connecting to Database: Error: querySrv ETIMEOUT _mongodb._tcp.niptrex.xzoqe5t.mongodb.net
2023-03-21 14:39:02 error: [POST] /auth/send_verification_email >> StatusCode:: 409, Message:: You're not user
2023-03-21 14:39:24 error: [POST] /auth/forgot_password >> StatusCode:: 409, Message:: You're not user
2023-03-21 14:39:58 error: [POST] /auth/forgot_password >> StatusCode:: 409, Message:: You're not user
2023-03-21 14:42:29 error: Error connecting to Database: Error: querySrv ETIMEOUT _mongodb._tcp.niptrex.xzoqe5t.mongodb.net
2023-03-21 14:45:28 error: [POST] /auth/forgot_password >> StatusCode:: 400, Message:: You're not user
2023-03-21 14:45:48 error: [POST] /auth/reset_password >> StatusCode:: 400, Message:: password mismatch
2023-03-21 14:49:11 error: [POST] /auth/login >> StatusCode:: 400, Message:: Incorrect email or password
2023-03-21 14:49:22 error: [POST] /auth/login >> StatusCode:: 400, Message:: Cannot read properties of undefined (reading 'status')
2023-03-21 14:49:39 error: [POST] /auth/login >> StatusCode:: 400, Message:: Incorrect email or password
2023-03-21 14:52:58 error: Error connecting to Database: Error: querySrv ETIMEOUT _mongodb._tcp.niptrex.xzoqe5t.mongodb.net
2023-03-21 14:54:08 error: [POST] /auth/login >> StatusCode:: 400, Message:: Incorrect email or password
2023-03-21 14:54:17 error: [POST] /auth/login >> StatusCode:: 400, Message:: Cannot read properties of undefined (reading 'status')
2023-03-21 14:54:36 error: [POST] /auth/forgot_password >> StatusCode:: 400, Message:: Cannot read properties of undefined (reading 'status')
2023-03-21 14:56:55 error: [POST] /auth/forgot_password >> StatusCode:: 400, Message:: Connection closed unexpectedly
2023-03-21 14:57:15 error: [POST] /auth/forgot_password >> StatusCode:: 400, Message:: Cannot read properties of undefined (reading 'status')
2023-03-21 14:57:47 error: [POST] /auth/reset_password >> StatusCode:: 400, Message:: password mismatch
2023-03-21 14:58:15 error: [POST] /auth/reset_password >> StatusCode:: 400, Message:: Cannot read properties of undefined (reading 'status')
2023-03-21 14:58:30 error: [POST] /auth/login >> StatusCode:: 400, Message:: Incorrect email or password
2023-03-21 14:58:37 error: [POST] /auth/login >> StatusCode:: 400, Message:: Cannot read properties of undefined (reading 'status')
2023-03-21 14:58:47 error: [POST] /auth/reset_password >> StatusCode:: 400, Message:: Token not found
2023-03-21 15:03:22 error: [POST] /auth/forgot_password >> StatusCode:: 400, Message:: Cannot read properties of undefined (reading 'status')
2023-03-21 15:03:55 error: [POST] /auth/reset_password >> StatusCode:: 400, Message:: Cannot read properties of undefined (reading 'status')
2023-03-21 15:04:10 error: [POST] /auth/forgot_password >> StatusCode:: 400, Message:: Cannot read properties of undefined (reading 'status')
2023-03-21 15:04:44 error: [POST] /auth/reset_password >> StatusCode:: 400, Message:: jwt malformed
2023-03-21 15:08:10 error: [POST] /auth/reset_password >> StatusCode:: 400, Message:: Cannot read properties of undefined (reading 'status')
2023-03-21 15:08:14 error: [POST] /auth/reset_password >> StatusCode:: 400, Message:: Token not found
2023-03-21 15:08:32 error: [POST] /auth/forgot_password >> StatusCode:: 400, Message:: Cannot read properties of undefined (reading 'status')
2023-03-21 15:09:52 error: [POST] /auth/reset_password >> StatusCode:: 400, Message:: Cannot read properties of undefined (reading 'status')
2023-03-21 15:12:15 error: [POST] /auth/forgot_password >> StatusCode:: 400, Message:: Cannot read properties of undefined (reading 'status')
2023-03-21 15:12:35 error: [POST] /auth/reset_password >> StatusCode:: 400, Message:: Cannot read properties of undefined (reading 'status')
2023-03-21 15:12:59 error: [POST] /auth/login >> StatusCode:: 400, Message:: Incorrect email or password
2023-03-21 15:13:04 error: [POST] /auth/login >> StatusCode:: 400, Message:: Cannot read properties of undefined (reading 'status')
2023-03-21 16:00:05 error: [POST] /auth/login >> StatusCode:: 400, Message:: email must be an email
2023-03-21 16:00:14 error: [POST] /auth/login >> StatusCode:: 404, Message:: The requested path /auth/login not found!
2023-03-21 16:01:18 error: [POST] /auth/login >> StatusCode:: 404, Message:: The requested path /auth/login not found!
2023-03-21 16:06:38 error: [POST] /auth/login >> StatusCode:: 400, Message:: email must be an email
2023-03-21 16:06:45 error: [POST] /auth/login >> StatusCode:: 404, Message:: The requested path /auth/login not found!
2023-03-21 16:09:19 error: [POST] /auth/login >> StatusCode:: 400, Message:: email must be an email
2023-03-21 16:09:26 error: [POST] /auth/login >> StatusCode:: 404, Message:: The requested path /auth/login not found!
2023-03-21 16:13:24 error: [POST] /auth/login >> StatusCode:: 400, Message:: email must be an email
2023-03-21 16:13:31 error: [POST] /auth/login >> StatusCode:: 400, Message:: Cannot read properties of undefined (reading 'status')
2023-03-21 22:25:05 error: [POST] /profile >> StatusCode:: 404, Message:: The requested path /profile not found!
2023-03-21 22:27:55 error: [POST] /profile >> StatusCode:: 404, Message:: Something went wrong
2023-03-21 22:28:08 error: [POST] /auth/login >> StatusCode:: 400, Message:: Cannot read properties of undefined (reading 'status')
2023-03-21 22:28:24 error: [POST] /profile >> StatusCode:: 400, Message:: Profile validation failed: work_preference.work_preference: `Flexible hours` is not a valid enum value for path `work_preference.work_preference`., work_preference.work_location: `Remote` is not a valid enum value for path `work_preference.work_location`., work_preference.team_size: `5-10` is not a valid enum value for path `work_preference.team_size`., work_preference.project_duration: `Long-term` is not a valid enum value for path `work_preference.project_duration`., work_preference.company_size: `Small` is not a valid enum value for path `work_preference.company_size`., work_preference.company_culture: `Startup` is not a valid enum value for path `work_preference.company_culture`., work_preference.industry_type: `Technology` is not a valid enum value for path `work_preference.industry_type`., education_history.graduation_date: `Full-time` is not a valid enum value for path `education_history.graduation_date`., experience.graduation_date: `Full-time` is not a valid enum value for path `experience.graduation_date`.
2023-03-21 22:32:44 error: [POST] /profile >> StatusCode:: 400, Message:: Profile validation failed: work_preference.work_location: `Remote` is not a valid enum value for path `work_preference.work_location`., work_preference.team_size: `Small team (4-6 members)` is not a valid enum value for path `work_preference.team_size`.
2023-03-21 22:43:09 error: [POST] /auth/login >> StatusCode:: 400, Message:: Incorrect email or password
2023-03-21 22:43:21 error: [POST] /auth/login >> StatusCode:: 400, Message:: Incorrect email or password
2023-03-21 22:43:38 error: [POST] /auth/forgot_password >> StatusCode:: 400, Message:: Cannot read properties of undefined (reading 'status')
2023-03-21 22:43:57 error: [POST] /auth/reset_password >> StatusCode:: 400, Message:: password must be longer than or equal to 6 characters, confirm_password must be longer than or equal to 6 characters
2023-03-21 22:44:10 error: [POST] /auth/reset_password >> StatusCode:: 400, Message:: Cannot read properties of undefined (reading 'status')
2023-03-21 22:44:17 error: [POST] /auth/login >> StatusCode:: 400, Message:: Cannot read properties of undefined (reading 'status')
2023-03-21 22:44:38 error: [POST] /profile >> StatusCode:: 400, Message:: Profile validation failed: education_history.graduation_date: Path `education_history.graduation_date` is required., education_history.date_attended: Path `education_history.date_attended` is required., education_history.degree_level: Path `education_history.degree_level` is required., education_history.institution: Path `education_history.institution` is required., experience.graduation_date: Path `experience.graduation_date` is required., experience.role: Path `experience.role` is required., experience.country: Path `experience.country` is required., experience.company: Path `experience.company` is required., experience.end_date: Path `experience.end_date` is required., experience.start_date: Path `experience.start_date` is required.
