2023-07-15 10:41:48 error: [GET] /service/getAppliedServices >> StatusCode:: 404, Message:: The requested path /service/getAppliedServices not found!
2023-07-15 10:48:43 error: uncaughtException: ServiceProposalModel is not defined
ReferenceError: ServiceProposalModel is not defined
    at new IndexController (/Users/olashina/Documents/workspace/NIPTREX-backend/src/controllers/index.controller.ts:26:33)
    at new IndexRoute (/Users/olashina/Documents/workspace/NIPTREX-backend/src/routes/index.route.ts:8:28)
    at Object.<anonymous> (/Users/olashina/Documents/workspace/NIPTREX-backend/src/server.ts:18:3)
    at Module._compile (node:internal/modules/cjs/loader:1155:14)
    at Module._compile (/Users/olashina/Documents/workspace/NIPTREX-backend/node_modules/source-map-support/source-map-support.js:568:25)
    at Module.m._compile (/private/var/folders/7y/g7wt7_g17x58s0b1kmllks7m0000gn/T/ts-node-dev-hook-1136922582885318.js:69:33)
    at Module._extensions..js (node:internal/modules/cjs/loader:1209:10)
    at require.extensions..jsx.require.extensions..js (/private/var/folders/7y/g7wt7_g17x58s0b1kmllks7m0000gn/T/ts-node-dev-hook-1136922582885318.js:114:20)
    at require.extensions.<computed> (/private/var/folders/7y/g7wt7_g17x58s0b1kmllks7m0000gn/T/ts-node-dev-hook-1136922582885318.js:71:20)
    at Object.nodeDevHook [as .ts] (/Users/olashina/Documents/workspace/NIPTREX-backend/node_modules/ts-node-dev/lib/hook.js:63:13)
2023-07-15 11:00:04 error: [GET] /service/getAppliedServices >> StatusCode:: 401, Message:: UNAUTHORIZED_USER
2023-07-15 11:00:37 error: [GET] /profile/getProfileByUserId >> StatusCode:: 400, Message:: Cannot read properties of null (reading 'user')
2023-07-15 11:02:34 error: [GET] /profile/getProfileByUserId >> StatusCode:: 400, Message:: Cannot read properties of null (reading 'user')
2023-07-15 11:03:20 error: [GET] /profile/getProfileByUserId >> StatusCode:: 400, Message:: Cannot read properties of null (reading 'user')
2023-07-15 11:04:30 error: [GET] /profile/getProfileByUserId >> StatusCode:: 400, Message:: Cannot read properties of null (reading 'user')
2023-07-15 11:05:38 error: [GET] /profile/getProfileByUserId >> StatusCode:: 400, Message:: PROFILE_NOT_FOUND
2023-07-15 11:24:20 error: [GET] /service >> StatusCode:: 400, Message:: Cannot read properties of undefined (reading 'toString')
2023-07-15 11:26:11 error: [GET] /service >> StatusCode:: 400, Message:: Cannot read properties of undefined (reading 'toString')
2023-07-15 11:28:31 error: [GET] /service >> StatusCode:: 400, Message:: Cannot read properties of undefined (reading 'toString')
2023-07-15 11:31:43 error: [GET] /service >> StatusCode:: 400, Message:: Cannot read properties of undefined (reading 'toString')
2023-07-15 11:37:03 error: [GET] /service >> StatusCode:: 400, Message:: Cannot read properties of undefined (reading 'toString')
2023-07-15 11:38:32 error: [GET] /service >> StatusCode:: 400, Message:: Cannot read properties of undefined (reading 'toString')
2023-07-15 11:39:27 error: [POST] /auth/login >> StatusCode:: 400, Message:: Cannot read properties of undefined (reading 'status')
2023-07-15 11:40:06 error: [POST] /auth/login >> StatusCode:: 400, Message:: Cannot read properties of undefined (reading 'status')
2023-07-15 11:40:43 error: [GET] /profile/getProfileByUserId >> StatusCode:: 400, Message:: Cannot read properties of undefined (reading 'toString')
2023-07-15 11:41:53 error: [GET] /profile/getProfileByUserId >> StatusCode:: 400, Message:: Cannot read properties of undefined (reading 'toString')
2023-07-15 16:57:46 error: [POST] /chat >> StatusCode:: 400, Message:: CHAT_ALREADY_EXISTS
2023-07-15 16:57:56 error: [POST] /chat >> StatusCode:: 400, Message:: Cast to ObjectId failed for value "6469b9101d48527e24fc9f0u" (type string) at path "milestone" for model "Chat"
2023-07-15 16:58:10 error: [POST] /chat >> StatusCode:: 400, Message:: CHAT_ALREADY_EXISTS
2023-07-15 16:59:20 error: [POST] /chat >> StatusCode:: 400, Message:: CHAT_ALREADY_EXISTS
2023-07-15 17:00:06 error: [POST] /chat >> StatusCode:: 400, Message:: Cannot read properties of undefined (reading 'toString')
2023-07-15 17:00:58 error: [POST] /chat >> StatusCode:: 400, Message:: CHAT_ALREADY_EXISTS
2023-07-15 17:01:10 error: [POST] /chat >> StatusCode:: 400, Message:: CHAT_ALREADY_EXISTS
