2023-06-09 10:33:24 error: [POST] /auth/login >> StatusCode:: 400, Message:: Cannot read properties of undefined (reading 'status')
2023-06-09 10:35:35 error: [POST] /payment >> StatusCode:: 400, Message:: Converting circular structure to JSON
    --> starting at object with constructor 'ClientRequest'
    |     property 'socket' -> object with constructor 'TLSSocket'
    --- property '_httpMessage' closes the circle
2023-06-09 10:37:02 error: [POST] /payment >> StatusCode:: 400, Message:: Converting circular structure to JSON
    --> starting at object with constructor 'ClientRequest'
    |     property 'socket' -> object with constructor 'TLSSocket'
    --- property '_httpMessage' closes the circle
2023-06-09 12:04:23 error: [POST] /payment/transaction >> StatusCode:: 400, Message:: PAYMENT_VALIDATION_ERROR
2023-06-09 12:05:51 error: [POST] /payment/transaction >> StatusCode:: 400, Message:: this.transaction.create(...).exec is not a function
2023-06-09 12:09:34 error: [POST] /payment/transaction >> StatusCode:: 400, Message:: PAYMENT_VALIDATION_ERROR
2023-06-09 12:11:16 error: [POST] /payment/transaction >> StatusCode:: 400, Message:: PAYMENT_VALIDATION_ERROR
2023-06-09 12:18:15 error: [POST] /payment/transaction >> StatusCode:: 400, Message:: PAYMENT_VALIDATION_ERROR
2023-06-09 12:22:04 error: [POST] /payment/transaction >> StatusCode:: 400, Message:: PAYMENT_VALIDATION_ERROR
2023-06-09 12:25:48 error: Error connecting to Database: Error: querySrv ECONNREFUSED _mongodb._tcp.niptrex.xzoqe5t.mongodb.net
2023-06-09 12:26:19 error: Error connecting to Database: Error: querySrv ECONNREFUSED _mongodb._tcp.niptrex.xzoqe5t.mongodb.net
2023-06-09 12:30:21 error: [POST] /payment/transaction >> StatusCode:: 400, Message:: PAYMENT_VALIDATION_ERROR
2023-06-09 15:56:16 error: [GET] /wallet/getUserTransaction >> StatusCode:: 404, Message:: The requested path /wallet/getUserTransaction not found!
2023-06-09 17:13:05 error: [POST] /chat/message >> StatusCode:: 400, Message:: MESSAGE_VALIDATION_ERROR
