2023-05-02 07:16:47 error: uncaughtException: Cannot overwrite `SavedJob` model once compiled.
OverwriteModelError: Cannot overwrite `SavedJob` model once compiled.
    at Mongoose.model (/Users/olashina/Documents/workspace/NIPTREX-backend/node_modules/mongoose/lib/index.js:544:13)
    at Object.<anonymous> (/Users/olashina/Documents/workspace/NIPTREX-backend/src/models/job.model.ts:90:19)
    at Module._compile (node:internal/modules/cjs/loader:1155:14)
    at Module._compile (/Users/olashina/Documents/workspace/NIPTREX-backend/node_modules/source-map-support/source-map-support.js:568:25)
    at Module.m._compile (/private/var/folders/7y/g7wt7_g17x58s0b1kmllks7m0000gn/T/ts-node-dev-hook-10614348297943099.js:69:33)
    at Module._extensions..js (node:internal/modules/cjs/loader:1209:10)
    at require.extensions..jsx.require.extensions..js (/private/var/folders/7y/g7wt7_g17x58s0b1kmllks7m0000gn/T/ts-node-dev-hook-10614348297943099.js:114:20)
    at require.extensions.<computed> (/private/var/folders/7y/g7wt7_g17x58s0b1kmllks7m0000gn/T/ts-node-dev-hook-10614348297943099.js:71:20)
    at Object.nodeDevHook [as .ts] (/Users/olashina/Documents/workspace/NIPTREX-backend/node_modules/ts-node-dev/lib/hook.js:63:13)
    at Module.load (node:internal/modules/cjs/loader:1033:32)
2023-05-02 07:20:23 error: [POST] /auth/login >> StatusCode:: 400, Message:: Cannot read properties of undefined (reading 'status')
2023-05-02 07:20:50 error: [POST] /auth/login >> StatusCode:: 400, Message:: Cannot read properties of undefined (reading 'status')
2023-05-02 07:21:28 error: [POST] /bid/6450abaffb69c6533ff75a18 >> StatusCode:: 400, Message:: JOB_NOT_FOUND
2023-05-02 07:21:45 error: [POST] /bid/6450abaffb69c6533ff75a18 >> StatusCode:: 400, Message:: JOB_ALREAD_BIDDED
2023-05-02 07:29:01 error: [POST] /auth/login >> StatusCode:: 400, Message:: Cannot read properties of undefined (reading 'status')
2023-05-02 07:29:24 error: [POST] /auth/login >> StatusCode:: 400, Message:: Cannot read properties of undefined (reading 'status')
2023-05-02 07:29:32 error: [POST] /bid/6450adb95dde25331f73a922 >> StatusCode:: 400, Message:: JOB_NOT_FOUND
2023-05-02 07:32:04 error: [POST] /auth/login >> StatusCode:: 400, Message:: Cannot read properties of undefined (reading 'status')
2023-05-02 07:32:17 error: [POST] /auth/login >> StatusCode:: 400, Message:: Cannot read properties of undefined (reading 'status')
2023-05-02 07:43:42 error: [POST] /auth/login >> StatusCode:: 400, Message:: Cannot read properties of undefined (reading 'status')
2023-05-02 07:44:46 error: [POST] /auth/login >> StatusCode:: 400, Message:: Cannot read properties of undefined (reading 'status')
2023-05-02 07:47:21 error: [POST] /bid/hire/6450ae60d558c5652acd20e6 >> StatusCode:: 400, Message:: id can not be empty
2023-05-02 07:49:08 error: [POST] /bid/hire/6450ae60d558c5652acd20e6 >> StatusCode:: 400, Message:: id can not be empty
2023-05-02 20:44:57 error: [POST] /auth/login >> StatusCode:: 400, Message:: Cannot read properties of undefined (reading 'status')
2023-05-02 20:45:10 error: [GET] /job/643d35a8c469111a917df189 >> StatusCode:: 400, Message:: JOB_NOT_FOUND
2023-05-02 20:49:57 error: [GET] /job/6450ae69d558c5652acd20ef >> StatusCode:: 400, Message:: Cannot populate path `user_id.address` because it is not in your schema. Set the `strictPopulate` option to false to override.
2023-05-02 21:12:11 error: [GET] /job/6450ae69d558c5652acd20ef >> StatusCode:: 400, Message:: JOB_NOT_FOUND
2023-05-02 21:12:11 error: unhandledRejection: Cannot read properties of undefined (reading '_id')
TypeError: Cannot read properties of undefined (reading '_id')
    at /Users/olashina/Documents/workspace/NIPTREX-backend/src/services/job.service.ts:202:40
    at /Users/olashina/Documents/workspace/NIPTREX-backend/node_modules/mongoose/lib/model.js:4953:18
    at processTicksAndRejections (node:internal/process/task_queues:78:11)
2023-05-02 21:12:11 error: unhandledRejection: Cannot read properties of undefined (reading '_id')
TypeError: Cannot read properties of undefined (reading '_id')
    at /Users/olashina/Documents/workspace/NIPTREX-backend/src/services/job.service.ts:202:40
    at /Users/olashina/Documents/workspace/NIPTREX-backend/node_modules/mongoose/lib/model.js:4953:18
    at processTicksAndRejections (node:internal/process/task_queues:78:11)
2023-05-02 21:13:56 error: [GET] /job/6450ae69d558c5652acd20ef >> StatusCode:: 400, Message:: JOB_NOT_FOUND
2023-05-02 21:13:57 error: unhandledRejection: Cannot read properties of undefined (reading '_id')
TypeError: Cannot read properties of undefined (reading '_id')
    at /Users/olashina/Documents/workspace/NIPTREX-backend/src/services/job.service.ts:202:40
    at /Users/olashina/Documents/workspace/NIPTREX-backend/node_modules/mongoose/lib/model.js:4953:18
    at processTicksAndRejections (node:internal/process/task_queues:78:11)
2023-05-02 21:13:57 error: unhandledRejection: Cannot read properties of undefined (reading '_id')
TypeError: Cannot read properties of undefined (reading '_id')
    at /Users/olashina/Documents/workspace/NIPTREX-backend/src/services/job.service.ts:202:40
    at /Users/olashina/Documents/workspace/NIPTREX-backend/node_modules/mongoose/lib/model.js:4953:18
    at processTicksAndRejections (node:internal/process/task_queues:78:11)
2023-05-02 21:42:52 error: Error connecting to Database: Error: querySrv EREFUSED _mongodb._tcp.niptrex.xzoqe5t.mongodb.net
2023-05-02 21:44:40 error: [POST] /auth/login >> StatusCode:: 400, Message:: Cannot read properties of undefined (reading 'status')
2023-05-02 21:45:35 error: [POST] /auth/login >> StatusCode:: 400, Message:: Cannot read properties of undefined (reading 'status')
2023-05-02 22:10:09 error: Error connecting to Database: Error: querySrv EREFUSED _mongodb._tcp.niptrex.xzoqe5t.mongodb.net
2023-05-02 22:10:48 error: [POST] /auth/login >> StatusCode:: 400, Message:: Cannot read properties of undefined (reading 'status')
