2023-06-08 13:44:36 error: [POST] /auth/login >> StatusCode:: 400, Message:: Cannot read properties of undefined (reading 'status')
2023-06-08 13:45:05 error: [POST] /chat/message >> StatusCode:: 400, Message:: BAD_WORDS_NOT_ALLOWED
2023-06-08 13:45:45 error: [POST] /chat/message >> StatusCode:: 400, Message:: MESSAGE_VALIDATION_ERROR
2023-06-08 13:45:54 error: [POST] /chat/message >> StatusCode:: 400, Message:: Cannot read properties of undefined (reading 'toLowerCase')
2023-06-08 13:51:07 error: [POST] /chat/message >> StatusCode:: 400, Message:: CANT_SEND_BOTH_FILES_AND_MESSAGE
2023-06-08 14:01:10 error: [PUT] /profile/about >> StatusCode:: 400, Message:: ABOUT_NOT_FOUND
2023-06-08 14:09:50 error: [POST] /auth/login >> StatusCode:: 400, Message:: Cannot read properties of undefined (reading 'status')
2023-06-08 14:11:21 error: [GET] /chat/647dce395fab941b6eff394c >> StatusCode:: 400, Message:: CHAT_NOT_FOUND
2023-06-08 14:12:13 error: [GET] /chat/647dce395fab941b6eff394c >> StatusCode:: 400, Message:: CHAT_NOT_FOUND
2023-06-08 22:21:57 error: [POST] /auth/login >> StatusCode:: 400, Message:: Cannot read properties of undefined (reading 'status')
2023-06-08 22:22:03 error: [POST] /bid/requestMilestoneReview >> StatusCode:: 400, Message:: UNAUTHORIZE_USER
2023-06-08 22:23:39 error: [POST] /auth/login >> StatusCode:: 400, Message:: Cannot read properties of undefined (reading 'status')
2023-06-08 22:24:07 error: [POST] /bid/requestMilestoneReview >> StatusCode:: 400, Message:: MILESTONE_NOT_FOUND
2023-06-08 22:24:16 error: [POST] /bid/requestMilestoneReview >> StatusCode:: 400, Message:: MILESTONE_NOT_FOUND
2023-06-08 22:24:32 error: [POST] /bid/requestMilestoneReview >> StatusCode:: 400, Message:: MILESTONE_NOT_FOUND
2023-06-08 22:25:36 error: [POST] /bid/requestMilestoneReview >> StatusCode:: 400, Message:: CLIENT_NOT_FOUND
2023-06-08 22:25:44 error: [POST] /bid/requestMilestoneReview >> StatusCode:: 400, Message:: Cast to ObjectId failed for value "647dce6f5fab941b6eff396" (type string) at path "_id" for model "Bidding"
2023-06-08 22:26:10 error: [POST] /bid/requestMilestoneReview >> StatusCode:: 400, Message:: BID_NOT_FOUND
2023-06-08 22:26:30 error: [POST] /bid/requestMilestoneReview >> StatusCode:: 400, Message:: CLIENT_NOT_FOUND
2023-06-08 22:28:11 error: [POST] /bid/requestMilestoneReview >> StatusCode:: 400, Message:: Cannot read properties of undefined (reading 'description')
2023-06-08 22:37:43 error: [POST] /bid/requestMilestoneReview >> StatusCode:: 400, Message:: MILESTONE_NOT_FOUND
2023-06-08 22:37:59 error: [POST] /bid/requestMilestoneReview >> StatusCode:: 400, Message:: Cast to ObjectId failed for value "647dce6f5fab941b6ef3969" (type string) at path "_id" for model "Bidding"
2023-06-08 22:41:41 error: [POST] /bid/requestMilestoneReview >> StatusCode:: 400, Message:: Argument passed in must be a string of 12 bytes or a string of 24 hex characters or an integer
2023-06-08 22:41:51 error: [POST] /bid/requestMilestoneReview >> StatusCode:: 400, Message:: MILESTONE_NOT_FOUND
2023-06-08 22:48:06 error: [PUT] /bid/adminUpdateMilestone/646e78b1e8bf99fac078374f/646e78b1e8bf99fac0783751 >> StatusCode:: 401, Message:: UNAUTHORIZED_USER
2023-06-08 22:48:36 error: [POST] /auth/login >> StatusCode:: 400, Message:: Cannot read properties of undefined (reading 'status')
2023-06-08 22:48:43 error: [PUT] /bid/updateMilestone/646e78b1e8bf99fac078374f/646e78b1e8bf99fac0783751 >> StatusCode:: 400, Message:: BID_NOT_FOUND
2023-06-08 22:48:59 error: [PUT] /bid/updateMilestone/647dce6f5fab941b6eff3969/646e78b1e8bf99fac0783751 >> StatusCode:: 400, Message:: MILESTONE_NOT_FOUND
2023-06-08 22:49:29 error: [PUT] /bid/updateMilestone/647dce6f5fab941b6eff3969/647dce6f5fab941b6eff3963 >> StatusCode:: 400, Message:: MILESTONE_NOT_FOUND
2023-06-08 23:37:51 error: [POST] /payment/card >> StatusCode:: 400, Message:: AUTHENTICATION_TOKEN_MISSING
2023-06-08 23:37:59 error: [POST] /payment/card >> StatusCode:: 400, Message:: Invalid Triple-DES key size: 376
2023-06-08 23:41:17 error: uncaughtException: Channel closed
Error: Channel closed
    at new NodeError (node:internal/errors:387:5)
    at process.target.send (node:internal/child_process:749:16)
    at Object.exports.send (/Users/olashina/Documents/workspace/NIPTREX-backend/node_modules/ts-node-dev/lib/ipc.js:17:14)
    at /Users/olashina/Documents/workspace/NIPTREX-backend/node_modules/ts-node-dev/lib/wrap.js:88:9
    at Object.nodeDevHook [as .js] (/Users/olashina/Documents/workspace/NIPTREX-backend/node_modules/ts-node-dev/lib/hook.js:61:17)
    at Module.load (node:internal/modules/cjs/loader:1033:32)
    at Function.Module._load (node:internal/modules/cjs/loader:868:12)
    at Module.require (node:internal/modules/cjs/loader:1057:19)
    at require (node:internal/modules/cjs/helpers:103:18)
    at Object.getCodec (/Users/olashina/Documents/workspace/NIPTREX-backend/node_modules/iconv-lite/lib/index.js:65:27)
2023-06-08 23:41:17 error: uncaughtException: Channel closed
Error: Channel closed
    at new NodeError (node:internal/errors:387:5)
    at process.target.send (node:internal/child_process:749:16)
    at Object.exports.send (/Users/olashina/Documents/workspace/NIPTREX-backend/node_modules/ts-node-dev/lib/ipc.js:17:14)
    at /Users/olashina/Documents/workspace/NIPTREX-backend/node_modules/ts-node-dev/lib/wrap.js:88:9
    at Object.nodeDevHook [as .js] (/Users/olashina/Documents/workspace/NIPTREX-backend/node_modules/ts-node-dev/lib/hook.js:61:17)
    at Module.load (node:internal/modules/cjs/loader:1033:32)
    at Function.Module._load (node:internal/modules/cjs/loader:868:12)
    at Module.require (node:internal/modules/cjs/loader:1057:19)
    at require (node:internal/modules/cjs/helpers:103:18)
    at Object.getCodec (/Users/olashina/Documents/workspace/NIPTREX-backend/node_modules/iconv-lite/lib/index.js:65:27)
2023-06-08 23:41:42 error: [POST] /payment/card >> StatusCode:: 400, Message:: Invalid Triple-DES key size: 376
2023-06-08 23:44:12 error: [POST] /payment/card >> StatusCode:: 400, Message:: "tx_ref" is required
