2025-09-04 09:50:06 error: [POST] /auth/forgot_password >> StatusCode:: 400, Message:: Cannot read properties of undefined (reading 'status')
2025-09-04 09:53:55 error: [POST] /auth/forgot_password >> StatusCode:: 400, Message:: Cannot read properties of undefined (reading 'status')
2025-09-04 10:00:06 error: [POST] /auth/forgot_password >> StatusCode:: 400, Message:: Cannot read properties of undefined (reading 'status')
2025-09-04 10:04:22 error: [POST] /auth/forgot_password >> StatusCode:: 400, Message:: Cannot read properties of undefined (reading 'status')
2025-09-04 10:08:09 error: [POST] /auth/login >> StatusCode:: 400, Message:: Incorrect email or password
2025-09-04 10:08:51 error: [POST] /auth/register >> StatusCode:: 400, Message:: email oyindamola515@gmail.com already exists
2025-09-04 10:09:10 error: [POST] /auth/register >> StatusCode:: 400, Message:: Cannot read properties of undefined (reading 'status')
2025-09-04 10:10:34 error: [POST] /auth/login >> StatusCode:: 400, Message:: Cannot read properties of undefined (reading 'status')
2025-09-04 10:11:00 error: [POST] /auth/login >> StatusCode:: 400, Message:: Cannot read properties of undefined (reading 'status')
2025-09-04 10:11:28 error: [POST] /auth/forgot_password >> StatusCode:: 400, Message:: Cannot read properties of undefined (reading 'status')
2025-09-04 10:12:23 error: [POST] /auth/login >> StatusCode:: 400, Message:: Cannot read properties of undefined (reading 'status')
2025-09-04 10:13:42 error: [POST] /auth/login >> StatusCode:: 400, Message:: Cannot read properties of undefined (reading 'status')
2025-09-04 10:15:35 error: [POST] /auth/login >> StatusCode:: 400, Message:: Cannot read properties of undefined (reading 'status')
2025-09-04 10:16:29 error: [POST] /auth/login >> StatusCode:: 400, Message:: Cannot read properties of undefined (reading 'status')
2025-09-04 10:18:53 error: [POST] /auth/login >> StatusCode:: 400, Message:: Incorrect email or password
2025-09-04 10:19:35 error: [POST] /auth/register >> StatusCode:: 400, Message:: Cannot read properties of undefined (reading 'status')
2025-09-04 10:20:34 error: [POST] /auth/forgot_password >> StatusCode:: 400, Message:: Cannot read properties of undefined (reading 'status')
2025-09-04 10:21:56 error: [POST] /auth/forgot_password >> StatusCode:: 400, Message:: Invalid login: 535 5.7.0 Too many failed login attempts
2025-09-04 10:25:01 error: [POST] /auth/forgot_password >> StatusCode:: 400, Message:: Invalid login: 535 5.7.0 Too many failed login attempts
2025-09-04 10:28:56 error: [POST] /auth/forgot_password >> StatusCode:: 400, Message:: Invalid login: 535 5.7.0 Too many failed login attempts
2025-09-04 10:32:28 error: [POST] /auth/forgot_password >> StatusCode:: 400, Message:: Invalid login: 535 5.7.0 Invalid credentials
2025-09-04 10:32:48 error: [POST] /auth/forgot_password >> StatusCode:: 400, Message:: Mail command failed: 501 5.1.7 Bad sender address syntax
2025-09-04 10:34:02 error: [POST] /auth/forgot_password >> StatusCode:: 400, Message:: Mail command failed: 501 5.1.7 Bad sender address syntax
2025-09-04 10:36:38 error: [POST] /auth/forgot_password >> StatusCode:: 400, Message:: Mail command failed: 501 5.1.7 Bad sender address syntax
2025-09-04 10:37:39 error: [POST] /auth/forgot_password >> StatusCode:: 400, Message:: Cannot read properties of undefined (reading 'status')
2025-09-04 10:38:36 error: [POST] /auth/forgot_password >> StatusCode:: 400, Message:: Cannot read properties of undefined (reading 'status')
