2023-07-13 04:24:09 error: [POST] /auth/login >> StatusCode:: 400, Message:: Cannot read properties of undefined (reading 'status')
2023-07-13 04:24:19 error: [POST] /profile/billingAddress >> StatusCode:: 400, Message:: Cannot read properties of undefined (reading 'find')
2023-07-13 04:42:50 error: [POST] /chat/message >> StatusCode:: 400, Message:: MESSAGE_VALIDATION_ERROR
2023-07-13 04:43:33 error: [POST] /chat/message >> StatusCode:: 400, Message:: MESSAGE_VALIDATION_ERROR
2023-07-13 04:45:38 error: [POST] /chat/message >> StatusCode:: 400, Message:: MESSAGE_VALIDATION_ERROR
2023-07-13 04:47:21 error: [POST] /chat/message >> StatusCode:: 400, Message:: MESSAGE_VALIDATION_ERROR
2023-07-13 04:48:29 error: unhandledRejection: Chat validation failed: messages.0.chatId: Path `chatId` is required.
ValidationError: Chat validation failed: messages.0.chatId: Path `chatId` is required.
    at model.Document.invalidate (/Users/olashina/Documents/workspace/NIPTREX-backend/node_modules/mongoose/lib/document.js:3013:32)
    at EmbeddedDocument.Subdocument.invalidate (/Users/olashina/Documents/workspace/NIPTREX-backend/node_modules/mongoose/lib/types/subdocument.js:213:12)
    at /Users/olashina/Documents/workspace/NIPTREX-backend/node_modules/mongoose/lib/document.js:2802:17
    at /Users/olashina/Documents/workspace/NIPTREX-backend/node_modules/mongoose/lib/schematype.js:1332:9
    at processTicksAndRejections (node:internal/process/task_queues:78:11)
2023-07-13 04:48:29 error: unhandledRejection: Chat validation failed: messages.0.chatId: Path `chatId` is required.
ValidationError: Chat validation failed: messages.0.chatId: Path `chatId` is required.
    at model.Document.invalidate (/Users/olashina/Documents/workspace/NIPTREX-backend/node_modules/mongoose/lib/document.js:3013:32)
    at EmbeddedDocument.Subdocument.invalidate (/Users/olashina/Documents/workspace/NIPTREX-backend/node_modules/mongoose/lib/types/subdocument.js:213:12)
    at /Users/olashina/Documents/workspace/NIPTREX-backend/node_modules/mongoose/lib/document.js:2802:17
    at /Users/olashina/Documents/workspace/NIPTREX-backend/node_modules/mongoose/lib/schematype.js:1332:9
    at processTicksAndRejections (node:internal/process/task_queues:78:11)
2023-07-13 04:48:59 error: unhandledRejection: Chat validation failed: messages.0.chatId: Path `chatId` is required.
ValidationError: Chat validation failed: messages.0.chatId: Path `chatId` is required.
    at model.Document.invalidate (/Users/olashina/Documents/workspace/NIPTREX-backend/node_modules/mongoose/lib/document.js:3013:32)
    at EmbeddedDocument.Subdocument.invalidate (/Users/olashina/Documents/workspace/NIPTREX-backend/node_modules/mongoose/lib/types/subdocument.js:213:12)
    at /Users/olashina/Documents/workspace/NIPTREX-backend/node_modules/mongoose/lib/document.js:2802:17
    at /Users/olashina/Documents/workspace/NIPTREX-backend/node_modules/mongoose/lib/schematype.js:1332:9
    at processTicksAndRejections (node:internal/process/task_queues:78:11)
2023-07-13 04:48:59 error: unhandledRejection: Chat validation failed: messages.0.chatId: Path `chatId` is required.
ValidationError: Chat validation failed: messages.0.chatId: Path `chatId` is required.
    at model.Document.invalidate (/Users/olashina/Documents/workspace/NIPTREX-backend/node_modules/mongoose/lib/document.js:3013:32)
    at EmbeddedDocument.Subdocument.invalidate (/Users/olashina/Documents/workspace/NIPTREX-backend/node_modules/mongoose/lib/types/subdocument.js:213:12)
    at /Users/olashina/Documents/workspace/NIPTREX-backend/node_modules/mongoose/lib/document.js:2802:17
    at /Users/olashina/Documents/workspace/NIPTREX-backend/node_modules/mongoose/lib/schematype.js:1332:9
    at processTicksAndRejections (node:internal/process/task_queues:78:11)
2023-07-13 04:52:34 error: unhandledRejection: Chat validation failed: messages.0.chatId: Path `chatId` is required.
ValidationError: Chat validation failed: messages.0.chatId: Path `chatId` is required.
    at model.Document.invalidate (/Users/olashina/Documents/workspace/NIPTREX-backend/node_modules/mongoose/lib/document.js:3013:32)
    at EmbeddedDocument.Subdocument.invalidate (/Users/olashina/Documents/workspace/NIPTREX-backend/node_modules/mongoose/lib/types/subdocument.js:213:12)
    at /Users/olashina/Documents/workspace/NIPTREX-backend/node_modules/mongoose/lib/document.js:2802:17
    at /Users/olashina/Documents/workspace/NIPTREX-backend/node_modules/mongoose/lib/schematype.js:1332:9
    at processTicksAndRejections (node:internal/process/task_queues:78:11)
2023-07-13 04:52:34 error: unhandledRejection: Chat validation failed: messages.0.chatId: Path `chatId` is required.
ValidationError: Chat validation failed: messages.0.chatId: Path `chatId` is required.
    at model.Document.invalidate (/Users/olashina/Documents/workspace/NIPTREX-backend/node_modules/mongoose/lib/document.js:3013:32)
    at EmbeddedDocument.Subdocument.invalidate (/Users/olashina/Documents/workspace/NIPTREX-backend/node_modules/mongoose/lib/types/subdocument.js:213:12)
    at /Users/olashina/Documents/workspace/NIPTREX-backend/node_modules/mongoose/lib/document.js:2802:17
    at /Users/olashina/Documents/workspace/NIPTREX-backend/node_modules/mongoose/lib/schematype.js:1332:9
    at processTicksAndRejections (node:internal/process/task_queues:78:11)
2023-07-13 04:55:46 error: unhandledRejection: Chat validation failed: messages.0.chatId: Path `chatId` is required.
ValidationError: Chat validation failed: messages.0.chatId: Path `chatId` is required.
    at model.Document.invalidate (/Users/olashina/Documents/workspace/NIPTREX-backend/node_modules/mongoose/lib/document.js:3013:32)
    at EmbeddedDocument.Subdocument.invalidate (/Users/olashina/Documents/workspace/NIPTREX-backend/node_modules/mongoose/lib/types/subdocument.js:213:12)
    at /Users/olashina/Documents/workspace/NIPTREX-backend/node_modules/mongoose/lib/document.js:2802:17
    at /Users/olashina/Documents/workspace/NIPTREX-backend/node_modules/mongoose/lib/schematype.js:1332:9
    at processTicksAndRejections (node:internal/process/task_queues:78:11)
2023-07-13 04:55:46 error: unhandledRejection: Chat validation failed: messages.0.chatId: Path `chatId` is required.
ValidationError: Chat validation failed: messages.0.chatId: Path `chatId` is required.
    at model.Document.invalidate (/Users/olashina/Documents/workspace/NIPTREX-backend/node_modules/mongoose/lib/document.js:3013:32)
    at EmbeddedDocument.Subdocument.invalidate (/Users/olashina/Documents/workspace/NIPTREX-backend/node_modules/mongoose/lib/types/subdocument.js:213:12)
    at /Users/olashina/Documents/workspace/NIPTREX-backend/node_modules/mongoose/lib/document.js:2802:17
    at /Users/olashina/Documents/workspace/NIPTREX-backend/node_modules/mongoose/lib/schematype.js:1332:9
    at processTicksAndRejections (node:internal/process/task_queues:78:11)
