2023-06-14 03:29:21 error: [POST] /auth/login >> StatusCode:: 400, Message:: Cannot read properties of undefined (reading 'status')
2023-06-14 03:32:45 error: [POST] /payment/callback >> StatusCode:: 400, Message:: flutterwave_1.flw.Transaction.find is not a function
2023-06-14 03:44:49 error: [POST] /payment/callback >> StatusCode:: 400, Message:: Transaction validation failed: proposal_id: Cast to ObjectId failed for value "5f5d7974-1ac0-4718-b419-378ac245584f" (type string) at path "proposal_id" because of "BSONTypeError"
2023-06-14 03:45:54 error: [POST] /payment/callback >> StatusCode:: 400, Message:: Transaction validation failed: proposal_id: Cast to ObjectId failed for value "5f5d7974-1ac0-4718-b419-378ac245584f" (type string) at path "proposal_id" because of "BSONTypeError"
2023-06-14 03:48:35 error: [POST] /payment/callback >> StatusCode:: 400, Message:: Argument passed in must be a string of 12 bytes or a string of 24 hex characters or an integer
2023-06-14 03:49:54 error: [POST] /payment/callback >> StatusCode:: 400, Message:: Argument passed in must be a string of 12 bytes or a string of 24 hex characters or an integer
2023-06-14 03:51:22 error: [POST] /payment/callback >> StatusCode:: 400, Message:: PAYMENT_VALIDATION_ERROR
2023-06-14 03:55:53 error: [POST] /payment/callback >> StatusCode:: 400, Message:: PAYMENT_VALIDATION_ERROR
2023-06-14 03:57:57 error: [POST] /payment/callback >> StatusCode:: 400, Message:: PAYMENT_VALIDATION_ERROR
2023-06-14 04:14:13 error: [POST] /payment >> StatusCode:: 400, Message:: Cast to ObjectId failed for value "647dce395fab9416eff394c" (type string) at path "_id" for model "Bidding"
2023-06-14 04:14:18 error: [POST] /payment >> StatusCode:: 400, Message:: PROPOSAL_NOT_FOUND
2023-06-14 04:35:46 error: [POST] /payment/callback >> StatusCode:: 400, Message:: id can not be empty
2023-06-14 04:37:30 error: [POST] /payment/callback >> StatusCode:: 400, Message:: id can not be empty
2023-06-14 04:38:19 error: [POST] /payment/callback >> StatusCode:: 400, Message:: id can not be empty
2023-06-14 04:39:36 error: [POST] /payment/callback >> StatusCode:: 400, Message:: id can not be empty
2023-06-14 04:40:25 error: [POST] /payment/callback >> StatusCode:: 400, Message:: id can not be empty
2023-06-14 04:41:14 error: [POST] /payment/callback >> StatusCode:: 400, Message:: id can not be empty
2023-06-14 04:43:22 error: [POST] /payment/callback >> StatusCode:: 400, Message:: id can not be empty
2023-06-14 04:44:51 error: [POST] /payment/callback >> StatusCode:: 400, Message:: id can not be empty
2023-06-14 04:45:52 error: [POST] /payment/callback >> StatusCode:: 400, Message:: job id can not be empty
2023-06-14 04:46:49 error: [POST] /payment/callback >> StatusCode:: 400, Message:: job id can not be empty
2023-06-14 04:57:08 error: [GET] /client/dashboard >> StatusCode:: 404, Message:: The requested path /client/dashboard not found!
2023-06-14 04:57:09 error: [GET] /favicon.ico >> StatusCode:: 404, Message:: The requested path /favicon.ico not found!
2023-06-14 04:57:32 error: [POST] /payment/callback >> StatusCode:: 400, Message:: PAYMENT_VALIDATION_ERROR
2023-06-14 05:09:09 error: [POST] /payment >> StatusCode:: 400, Message:: AMOUNT_LESS_THAN_PROPOSAL_AMOUNT
2023-06-14 05:40:31 error: [POST] /service >> StatusCode:: 401, Message:: UNAUTHORIZED_USER
2023-06-14 05:40:42 error: [POST] /auth/login >> StatusCode:: 400, Message:: Cannot read properties of undefined (reading 'status')
2023-06-14 05:40:46 error: [POST] /service >> StatusCode:: 400, Message:: Service validation failed: user_id: Path `user_id` is required.
2023-06-14 05:49:32 error: [GET] /getServiceByUserId/647dce3a5fab941b6eff394e >> StatusCode:: 404, Message:: The requested path /getServiceByUserId/647dce3a5fab941b6eff394e not found!
2023-06-14 05:52:04 error: [GET] /service/getUserService >> StatusCode:: 404, Message:: The requested path /service/getUserService not found!
