2023-06-29 09:44:55 error: [POST] /rate >> StatusCode:: 400, Message:: AUTHENTICATION_TOKEN_MISSING
2023-06-29 09:45:03 error: [POST] /rate >> StatusCode:: 400, Message:: RATING_VALIDATION_ERROR
2023-06-29 09:48:15 error: [POST] /rate >> StatusCode:: 404, Message:: The requested path /rate not found!
2023-06-29 09:49:01 error: [POST] /auth/login >> StatusCode:: 400, Message:: Cannot read properties of undefined (reading 'status')
2023-06-29 09:51:19 error: [POST] /rate/647dce3a5fab941b6eff394e >> StatusCode:: 400, Message:: RATING_VALIDATION_ERROR
2023-06-29 11:31:13 error: Error connecting to Database: Error: querySrv ETIMEOUT _mongodb._tcp.niptrex.xzoqe5t.mongodb.net
2023-06-29 11:32:15 error: [POST] /auth/login >> StatusCode:: 400, Message:: Cannot read properties of undefined (reading 'status')
2023-06-29 11:36:05 error: uncaughtException: тип Unable to compile TypeScript:
src/controllers/rating.controller.ts(26,60): error TS1005: ',' expected.

Error: тип Unable to compile TypeScript:
src/controllers/rating.controller.ts(26,60): error TS1005: ',' expected.

    at Object.<anonymous> (/Users/olashina/Documents/workspace/NIPTREX-backend/src/controllers/rating.controller.ts:1:7)
    at Module._compile (node:internal/modules/cjs/loader:1155:14)
    at Module._compile (/Users/olashina/Documents/workspace/NIPTREX-backend/node_modules/source-map-support/source-map-support.js:568:25)
    at Module.m._compile (/private/var/folders/7y/g7wt7_g17x58s0b1kmllks7m0000gn/T/ts-node-dev-hook-10635328395293175.js:69:33)
    at Module._extensions..js (node:internal/modules/cjs/loader:1209:10)
    at require.extensions..jsx.require.extensions..js (/private/var/folders/7y/g7wt7_g17x58s0b1kmllks7m0000gn/T/ts-node-dev-hook-10635328395293175.js:114:20)
    at require.extensions.<computed> (/private/var/folders/7y/g7wt7_g17x58s0b1kmllks7m0000gn/T/ts-node-dev-hook-10635328395293175.js:71:20)
    at Object.nodeDevHook [as .ts] (/Users/olashina/Documents/workspace/NIPTREX-backend/node_modules/ts-node-dev/lib/hook.js:63:13)
    at Module.load (node:internal/modules/cjs/loader:1033:32)
    at Function.Module._load (node:internal/modules/cjs/loader:868:12)
2023-06-29 11:36:53 error: [POST] /auth/login >> StatusCode:: 400, Message:: Cannot read properties of undefined (reading 'status')
2023-06-29 11:37:08 error: [POST] /auth/login >> StatusCode:: 400, Message:: Cannot read properties of undefined (reading 'status')
2023-06-29 11:38:41 error: [POST] /auth/login >> StatusCode:: 400, Message:: Cannot read properties of undefined (reading 'status')
2023-06-29 11:39:24 error: [POST] /auth/login >> StatusCode:: 400, Message:: Cannot read properties of undefined (reading 'status')
2023-06-29 11:42:34 error: [POST] /auth/login >> StatusCode:: 400, Message:: Cannot read properties of undefined (reading 'status')
2023-06-29 11:42:46 error: [POST] /auth/login >> StatusCode:: 400, Message:: Cannot read properties of undefined (reading 'status')
2023-06-29 11:43:32 error: [POST] /auth/login >> StatusCode:: 400, Message:: Cannot read properties of undefined (reading 'status')
2023-06-29 11:45:01 error: [POST] /auth/login >> StatusCode:: 400, Message:: Cannot read properties of undefined (reading 'status')
2023-06-29 11:45:05 error: [POST] /auth/login >> StatusCode:: 400, Message:: Cannot read properties of undefined (reading 'status')
2023-06-29 11:45:21 error: [POST] /auth/login >> StatusCode:: 400, Message:: Cannot read properties of undefined (reading 'status')
2023-06-29 11:45:36 error: [POST] /auth/login >> StatusCode:: 400, Message:: Cannot read properties of undefined (reading 'status')
2023-06-29 11:46:08 error: [POST] /auth/login >> StatusCode:: 400, Message:: Cannot read properties of undefined (reading 'status')
2023-06-29 11:47:16 error: [POST] /auth/login >> StatusCode:: 400, Message:: Cannot read properties of undefined (reading 'status')
2023-06-29 11:47:26 error: [POST] /auth/login >> StatusCode:: 400, Message:: Cannot read properties of undefined (reading 'status')
2023-06-29 11:48:51 error: [POST] /auth/login >> StatusCode:: 400, Message:: Cannot read properties of undefined (reading 'status')
2023-06-29 11:49:03 error: [POST] /auth/login >> StatusCode:: 400, Message:: Cannot read properties of undefined (reading 'status')
2023-06-29 12:08:41 error: [POST] /auth/login >> StatusCode:: 400, Message:: Cannot read properties of undefined (reading 'status')
2023-06-29 12:10:12 error: [POST] /rate/649d60a4f52b2a785e5d896a >> StatusCode:: 400, Message:: YOU_CANT_RATE_YOURSELF
2023-06-29 12:13:21 error: Error connecting to Database: MongoNetworkTimeoutError: connection timed out
2023-06-29 13:39:33 error: [POST] /rate/649d60a4f52b2a785e5d896c >> StatusCode:: 400, Message:: ENTITY_ALREADY_RATED
2023-06-29 13:54:56 error: [POST] /auth/login >> StatusCode:: 400, Message:: Cannot read properties of undefined (reading 'status')
2023-06-29 13:55:28 error: [POST] /auth/login >> StatusCode:: 400, Message:: Cannot read properties of undefined (reading 'status')
2023-06-29 13:55:42 error: [POST] /rate/649d7f244ef42487f7f97459 >> StatusCode:: 400, Message:: JOB_VALIDATION_ERROR
2023-06-29 13:56:51 error: [POST] /rate/649d7f244ef42487f7f97459 >> StatusCode:: 400, Message:: ENTITY_ALREADY_RATED
2023-06-29 13:58:02 error: [POST] /rate/649d7f244ef42487f7f97459 >> StatusCode:: 400, Message:: ENTITY_ALREADY_RATED
2023-06-29 14:00:00 error: [POST] /auth/login >> StatusCode:: 400, Message:: Cannot read properties of undefined (reading 'status')
2023-06-29 14:00:11 error: [POST] /job >> StatusCode:: 400, Message:: JOB_VALIDATION_ERROR
2023-06-29 14:01:22 error: [POST] /auth/login >> StatusCode:: 400, Message:: Cannot read properties of undefined (reading 'status')
2023-06-29 14:01:34 error: [POST] /rate/649d8098710df4ac8c134d0e >> StatusCode:: 400, Message:: ENTITY_ALREADY_RATED
2023-06-29 14:03:36 error: [POST] /auth/login >> StatusCode:: 400, Message:: Cannot read properties of undefined (reading 'status')
2023-06-29 14:03:49 error: [POST] /auth/login >> StatusCode:: 400, Message:: Cannot read properties of undefined (reading 'status')
2023-06-29 14:03:58 error: [POST] /rate/649d803f8b814d386d033956 >> StatusCode:: 400, Message:: JOB_NOT_FOUND
2023-06-29 14:04:19 error: [POST] /rate/649d803f8b814d386d033956 >> StatusCode:: 400, Message:: ENTITY_ALREADY_RATED
2023-06-29 14:04:32 error: [POST] /auth/login >> StatusCode:: 400, Message:: Cannot read properties of undefined (reading 'status')
2023-06-29 14:05:33 error: [POST] /rate/649d803f8b814d386d033956 >> StatusCode:: 400, Message:: YOU_CANT_RATE_YOURSELF
2023-06-29 14:05:43 error: [POST] /auth/login >> StatusCode:: 400, Message:: Cannot read properties of undefined (reading 'status')
2023-06-29 14:06:04 error: [POST] /auth/login >> StatusCode:: 400, Message:: Cannot read properties of undefined (reading 'status')
2023-06-29 14:06:24 error: [POST] /auth/login >> StatusCode:: 400, Message:: Cannot read properties of undefined (reading 'status')
