2025-04-29 00:12:04 error: [GET] /favicon.ico >> StatusCode:: 404, Message:: The requested path /favicon.ico not found!
2025-04-29 00:12:37 error: [GET] /services >> StatusCode:: 404, Message:: The requested path /services not found!
2025-04-29 00:12:38 error: [GET] /favicon.ico >> StatusCode:: 404, Message:: The requested path /favicon.ico not found!
2025-04-29 00:24:41 error: [POST] /auth/login >> StatusCode:: 400, Message:: Cannot read properties of undefined (reading 'status')
2025-04-29 00:25:51 error: [POST] /auth/login >> StatusCode:: 400, Message:: Cannot read properties of undefined (reading 'status')
2025-04-29 00:26:33 error: [POST] /auth/login >> StatusCode:: 400, Message:: Cannot read properties of undefined (reading 'status')
2025-04-29 00:26:38 error: [GET] /job >> StatusCode:: 404, Message:: The requested path /job not found!
2025-04-29 00:26:38 error: [GET] /job >> StatusCode:: 404, Message:: The requested path /job not found!
2025-04-29 00:27:05 error: [POST] /payment/callback >> StatusCode:: 400, Message:: "id" must be a string
2025-04-29 00:27:35 error: [POST] /auth/login >> StatusCode:: 400, Message:: Cannot read properties of undefined (reading 'status')
2025-04-29 00:31:00 error: [POST] /auth/login >> StatusCode:: 400, Message:: Cannot read properties of undefined (reading 'status')
2025-04-29 00:37:57 error: [POST] /auth/login >> StatusCode:: 400, Message:: Incorrect email or password
2025-04-29 00:38:04 error: [POST] /auth/login >> StatusCode:: 400, Message:: Cannot read properties of undefined (reading 'status')
2025-04-29 00:38:13 error: [GET] /profile/about >> StatusCode:: 400, Message:: ABOUT_NOT_FOUND
2025-04-29 00:38:14 error: [GET] /profile/about >> StatusCode:: 400, Message:: ABOUT_NOT_FOUND
2025-04-29 00:40:03 error: [POST] /profile/about >> StatusCode:: 400, Message:: PROFILE_VALIDATION_ERROR
2025-04-29 00:43:35 error: [POST] /profile/certificate >> StatusCode:: 400, Message:: PROFILE_VALIDATION_ERROR
2025-04-29 00:47:01 error: [POST] /auth/login >> StatusCode:: 400, Message:: Cannot read properties of undefined (reading 'status')
2025-04-29 00:47:05 error: [GET] /job >> StatusCode:: 404, Message:: The requested path /job not found!
2025-04-29 00:47:05 error: [GET] /job >> StatusCode:: 404, Message:: The requested path /job not found!
2025-04-29 00:47:28 error: [GET] /job >> StatusCode:: 404, Message:: The requested path /job not found!
2025-04-29 00:47:28 error: [GET] /job >> StatusCode:: 404, Message:: The requested path /job not found!
2025-04-29 00:48:16 error: [GET] /job >> StatusCode:: 404, Message:: The requested path /job not found!
2025-04-29 00:48:16 error: [GET] /job >> StatusCode:: 404, Message:: The requested path /job not found!
2025-04-29 00:48:23 error: [GET] /job >> StatusCode:: 404, Message:: The requested path /job not found!
2025-04-29 00:48:23 error: [GET] /job >> StatusCode:: 404, Message:: The requested path /job not found!
2025-04-29 00:48:43 error: [POST] /auth/login >> StatusCode:: 400, Message:: Cannot read properties of undefined (reading 'status')
2025-04-29 00:48:55 error: [POST] /auth/login >> StatusCode:: 400, Message:: Cannot read properties of undefined (reading 'status')
2025-04-29 00:48:59 error: [GET] /job >> StatusCode:: 404, Message:: The requested path /job not found!
2025-04-29 00:48:59 error: [GET] /job >> StatusCode:: 404, Message:: The requested path /job not found!
2025-04-29 00:50:46 error: [POST] /auth/login >> StatusCode:: 400, Message:: Cannot read properties of undefined (reading 'status')
2025-04-29 00:50:50 error: [GET] /job >> StatusCode:: 404, Message:: The requested path /job not found!
2025-04-29 00:50:50 error: [GET] /job >> StatusCode:: 404, Message:: The requested path /job not found!
2025-04-29 00:51:08 error: [POST] /auth/login >> StatusCode:: 400, Message:: Cannot read properties of undefined (reading 'status')
2025-04-29 01:08:34 error: [POST] /auth/login >> StatusCode:: 400, Message:: Cannot read properties of undefined (reading 'status')
2025-04-29 01:08:40 error: [GET] /job >> StatusCode:: 404, Message:: The requested path /job not found!
2025-04-29 01:08:40 error: [GET] /job >> StatusCode:: 404, Message:: The requested path /job not found!
2025-04-29 01:19:07 error: [GET] /job >> StatusCode:: 404, Message:: The requested path /job not found!
2025-04-29 01:19:07 error: [GET] /job >> StatusCode:: 404, Message:: The requested path /job not found!
2025-04-29 01:19:14 error: [POST] /auth/login >> StatusCode:: 400, Message:: Cannot read properties of undefined (reading 'status')
2025-04-29 01:19:15 error: [GET] /job >> StatusCode:: 404, Message:: The requested path /job not found!
2025-04-29 01:19:15 error: [GET] /job >> StatusCode:: 404, Message:: The requested path /job not found!
2025-04-29 01:19:37 error: [GET] /job >> StatusCode:: 404, Message:: The requested path /job not found!
2025-04-29 01:19:37 error: [GET] /job >> StatusCode:: 404, Message:: The requested path /job not found!
2025-04-29 01:24:35 error: [GET] /job >> StatusCode:: 404, Message:: The requested path /job not found!
2025-04-29 01:24:35 error: [GET] /job >> StatusCode:: 404, Message:: The requested path /job not found!
2025-04-29 03:14:46 error: [POST] /auth/login >> StatusCode:: 400, Message:: Cannot read properties of undefined (reading 'status')
2025-04-29 03:22:30 error: uncaughtException: Channel closed
Error: Channel closed
    at process.target.send (node:internal/child_process:753:16)
    at Object.exports.send (/Users/user/Desktop/niptrex/NIPTREX-backend/node_modules/ts-node-dev/lib/ipc.js:17:14)
    at /Users/user/Desktop/niptrex/NIPTREX-backend/node_modules/ts-node-dev/lib/wrap.js:88:9
    at Object.nodeDevHook [as .js] (/Users/user/Desktop/niptrex/NIPTREX-backend/node_modules/ts-node-dev/lib/hook.js:61:17)
    at Module.load (node:internal/modules/cjs/loader:1469:32)
    at Function._load (node:internal/modules/cjs/loader:1286:12)
    at TracingChannel.traceSync (node:diagnostics_channel:322:14)
    at wrapModuleLoad (node:internal/modules/cjs/loader:235:24)
    at Module.require (node:internal/modules/cjs/loader:1491:12)
    at require (node:internal/modules/helpers:135:16)
2025-04-29 03:22:30 error: uncaughtException: Channel closed
Error: Channel closed
    at process.target.send (node:internal/child_process:753:16)
    at Object.exports.send (/Users/user/Desktop/niptrex/NIPTREX-backend/node_modules/ts-node-dev/lib/ipc.js:17:14)
    at /Users/user/Desktop/niptrex/NIPTREX-backend/node_modules/ts-node-dev/lib/wrap.js:88:9
    at Object.nodeDevHook [as .js] (/Users/user/Desktop/niptrex/NIPTREX-backend/node_modules/ts-node-dev/lib/hook.js:61:17)
    at Module.load (node:internal/modules/cjs/loader:1469:32)
    at Function._load (node:internal/modules/cjs/loader:1286:12)
    at TracingChannel.traceSync (node:diagnostics_channel:322:14)
    at wrapModuleLoad (node:internal/modules/cjs/loader:235:24)
    at Module.require (node:internal/modules/cjs/loader:1491:12)
    at require (node:internal/modules/helpers:135:16)
2025-04-29 03:36:42 error: [POST] /auth/login >> StatusCode:: 400, Message:: Cannot read properties of undefined (reading 'status')
2025-04-29 03:41:58 error: [POST] /auth/login >> StatusCode:: 400, Message:: Cannot read properties of undefined (reading 'status')
2025-04-29 03:44:15 error: [POST] /auth/login >> StatusCode:: 400, Message:: Cannot read properties of undefined (reading 'status')
2025-04-29 12:04:07 error: [GET] /profile/education >> StatusCode:: 400, Message:: INVALID_AUTHORIZATION
2025-04-29 12:04:07 error: [GET] /profile/certificate >> StatusCode:: 400, Message:: INVALID_AUTHORIZATION
2025-04-29 12:04:11 error: [GET] /profile/details >> StatusCode:: 400, Message:: INVALID_AUTHORIZATION
2025-04-29 12:04:11 error: [GET] /job/getUserJobBestMatches >> StatusCode:: 400, Message:: INVALID_AUTHORIZATION
2025-04-29 12:04:25 error: [GET] /job/getAllJobs >> StatusCode:: 400, Message:: INVALID_AUTHORIZATION
2025-04-29 12:04:27 error: [GET] /profile/education >> StatusCode:: 400, Message:: INVALID_AUTHORIZATION
2025-04-29 12:04:37 error: [GET] /profile/certificate >> StatusCode:: 400, Message:: INVALID_AUTHORIZATION
2025-04-29 12:04:37 error: [GET] /profile/details >> StatusCode:: 400, Message:: INVALID_AUTHORIZATION
2025-04-29 12:04:41 error: [GET] /job/mostRecents >> StatusCode:: 400, Message:: INVALID_AUTHORIZATION
2025-04-29 12:04:41 error: [GET] /job/savedJobs >> StatusCode:: 400, Message:: INVALID_AUTHORIZATION
2025-04-29 12:05:04 error: [GET] /profile/about >> StatusCode:: 400, Message:: INVALID_AUTHORIZATION
2025-04-29 12:05:07 error: [GET] /profile/details >> StatusCode:: 400, Message:: INVALID_AUTHORIZATION
2025-04-29 12:05:07 error: [GET] /job/getUserJobBestMatches >> StatusCode:: 400, Message:: INVALID_AUTHORIZATION
2025-04-29 12:05:12 error: [GET] /job/getAllJobs >> StatusCode:: 400, Message:: INVALID_AUTHORIZATION
2025-04-29 12:05:24 error: [GET] /profile/about >> StatusCode:: 400, Message:: INVALID_AUTHORIZATION
2025-04-29 12:05:27 error: [GET] /profile/details >> StatusCode:: 400, Message:: INVALID_AUTHORIZATION
