2023-03-24 09:17:27 error: [POST] /auth/login >> StatusCode:: 400, Message:: Cannot read properties of undefined (reading 'status')
2023-03-24 09:18:06 error: [POST] /profile >> StatusCode:: 400, Message:: Unexpected token } in JSON at position 382
2023-03-24 09:18:25 error: [POST] /profile >> StatusCode:: 400, Message:: Profile validation failed: billing.payment_method: Path `billing.payment_method` is required., billing.hourly_rate: Path `billing.hourly_rate` is required., billing.per_annum: Path `billing.per_annum` is required., identity.proof_of_address: Path `identity.proof_of_address` is required., identity.proof_of_identity: Path `identity.proof_of_identity` is required., work_preference.work_preference: Path `work_preference.work_preference` is required., work_preference.work_timezone: Path `work_preference.work_timezone` is required., work_preference.work_location: Path `work_preference.work_location` is required., work_preference.team_size: Path `work_preference.team_size` is required., work_preference.project_duration: Path `work_preference.project_duration` is required., work_preference.company_size: Path `work_preference.company_size` is required., work_preference.company_culture: Path `work_preference.company_culture` is required., work_preference.industry_type: Path `work_preference.industry_type` is required., address.state: Path `address.state` is required., address.city: Path `address.city` is required., address.line1: Path `address.line1` is required.
2023-03-24 09:20:05 error: unhandledRejection: Maximum call stack size exceeded
RangeError: Maximum call stack size exceeded
    at /Users/olashina/Documents/workspace/NIPTREX-backend/src/middlewares/validation.middleware.ts:26:35
    at processTicksAndRejections (node:internal/process/task_queues:96:5)
    at /Users/olashina/Documents/workspace/NIPTREX-backend/src/middlewares/validation.middleware.ts:22:7
2023-03-24 09:20:05 error: unhandledRejection: Maximum call stack size exceeded
RangeError: Maximum call stack size exceeded
    at /Users/olashina/Documents/workspace/NIPTREX-backend/src/middlewares/validation.middleware.ts:26:35
    at processTicksAndRejections (node:internal/process/task_queues:96:5)
    at /Users/olashina/Documents/workspace/NIPTREX-backend/src/middlewares/validation.middleware.ts:22:7
2023-03-24 09:20:55 error: unhandledRejection: Maximum call stack size exceeded
RangeError: Maximum call stack size exceeded
    at /Users/olashina/Documents/workspace/NIPTREX-backend/src/middlewares/validation.middleware.ts:26:35
    at processTicksAndRejections (node:internal/process/task_queues:96:5)
    at /Users/olashina/Documents/workspace/NIPTREX-backend/src/middlewares/validation.middleware.ts:22:7
2023-03-24 09:20:55 error: unhandledRejection: Maximum call stack size exceeded
RangeError: Maximum call stack size exceeded
    at /Users/olashina/Documents/workspace/NIPTREX-backend/src/middlewares/validation.middleware.ts:26:35
    at processTicksAndRejections (node:internal/process/task_queues:96:5)
    at /Users/olashina/Documents/workspace/NIPTREX-backend/src/middlewares/validation.middleware.ts:22:7
2023-03-24 09:25:35 error: unhandledRejection: Maximum call stack size exceeded
RangeError: Maximum call stack size exceeded
    at /Users/olashina/Documents/workspace/NIPTREX-backend/src/middlewares/validation.middleware.ts:26:35
    at processTicksAndRejections (node:internal/process/task_queues:96:5)
    at /Users/olashina/Documents/workspace/NIPTREX-backend/src/middlewares/validation.middleware.ts:22:7
2023-03-24 09:25:35 error: unhandledRejection: Maximum call stack size exceeded
RangeError: Maximum call stack size exceeded
    at /Users/olashina/Documents/workspace/NIPTREX-backend/src/middlewares/validation.middleware.ts:26:35
    at processTicksAndRejections (node:internal/process/task_queues:96:5)
    at /Users/olashina/Documents/workspace/NIPTREX-backend/src/middlewares/validation.middleware.ts:22:7
2023-03-24 09:30:07 error: [POST] /profile >> StatusCode:: 400, Message:: Something went wrong
2023-03-24 09:38:36 error: [POST] /profile >> StatusCode:: 400, Message:: Profile validation failed: address.state: Path `address.state` is required., address.city: Path `address.city` is required., address.line1: Path `address.line1` is required.
2023-03-24 09:44:50 error: [GET] /reload_db >> StatusCode:: 400, Message:: User validation failed: password: Path `password` (`johndoe`) is shorter than the minimum allowed length (8).
2023-03-24 09:45:07 error: [GET] /reload_db >> StatusCode:: 400, Message:: User validation failed: password: Path `password` (`johndoe`) is shorter than the minimum allowed length (8).
2023-03-24 09:45:41 error: [POST] /auth/login >> StatusCode:: 400, Message:: Incorrect email or password
2023-03-24 09:47:25 error: [POST] /auth/login >> StatusCode:: 400, Message:: Cannot read properties of undefined (reading 'status')
2023-03-24 09:49:27 error: [PUT] /profile >> StatusCode:: 400, Message:: Cast to embedded failed for value "English" (type string) at path "languages" because of "ObjectParameterError"
2023-03-24 15:01:33 error: [POST] /profile >> StatusCode:: 400, Message:: USER_ALREADY_HAS_PROFILE
2023-03-24 15:17:58 error: [PATCH] /profile >> StatusCode:: 400, Message:: PROFILE_REQUEST_ERROR
2023-03-24 15:26:08 error: [POST] /auth/login >> StatusCode:: 400, Message:: Cannot read properties of undefined (reading 'status')
2023-03-24 15:28:12 error: [POST] /auth/login >> StatusCode:: 400, Message:: Cannot read properties of undefined (reading 'status')
2023-03-24 15:28:47 error: [GET] /profile >> StatusCode:: 400, Message:: PROFILE_NOT_FOUND
2023-03-24 15:28:55 error: [POST] /auth/login >> StatusCode:: 400, Message:: Cannot read properties of undefined (reading 'status')
2023-03-24 15:30:10 error: [POST] /auth/login >> StatusCode:: 400, Message:: Cannot read properties of undefined (reading 'status')
2023-03-24 15:33:54 error: [PATCH] /profile >> StatusCode:: 400, Message:: PROFILE_REQUEST_ERROR
2023-03-24 15:35:54 error: [PATCH] /profile >> StatusCode:: 400, Message:: Cast to ObjectId failed for value "{ user_id: '641db3eb9a9af65bf536649e' }" (type Object) at path "_id" for model "Profile"
