2023-05-15 00:04:10 error: [POST] /auth/login >> StatusCode:: 400, Message:: Cannot read properties of undefined (reading 'status')
2023-05-15 00:04:51 error: [POST] /auth/login >> StatusCode:: 400, Message:: Cannot read properties of undefined (reading 'status')
2023-05-15 00:05:04 error: [POST] /profile/about >> StatusCode:: 400, Message:: ABOUT_ALREADY_ADDED
2023-05-15 00:05:39 error: [POST] /auth/login >> StatusCode:: 400, Message:: Cannot read properties of undefined (reading 'status')
2023-05-15 00:06:05 error: [POST] /auth/login >> StatusCode:: 400, Message:: Cannot read properties of undefined (reading 'status')
2023-05-15 00:09:06 error: [POST] /auth/login >> StatusCode:: 400, Message:: Cannot read properties of undefined (reading 'status')
2023-05-15 18:44:38 error: [POST] /auth/login >> StatusCode:: 400, Message:: Cannot read properties of undefined (reading 'status')
2023-05-15 18:50:17 error: [POST] /auth/login >> StatusCode:: 400, Message:: Cannot read properties of undefined (reading 'status')
2023-05-15 18:50:31 error: [POST] /auth/login >> StatusCode:: 400, Message:: Cannot read properties of undefined (reading 'status')
2023-05-15 18:51:05 error: [POST] /auth/login >> StatusCode:: 400, Message:: Cannot read properties of undefined (reading 'status')
2023-05-15 18:51:30 error: [POST] /auth/login >> StatusCode:: 400, Message:: Cannot read properties of undefined (reading 'status')
2023-05-15 18:51:42 error: [POST] /bid/646270dffb732853032eb7fb >> StatusCode:: 401, Message:: UNAUTHORIZED_USER
2023-05-15 18:51:47 error: [POST] /auth/login >> StatusCode:: 400, Message:: Cannot read properties of undefined (reading 'status')
2023-05-15 18:52:03 error: [POST] /auth/login >> StatusCode:: 400, Message:: Cannot read properties of undefined (reading 'status')
2023-05-15 18:52:23 error: [POST] /auth/login >> StatusCode:: 400, Message:: Cannot read properties of undefined (reading 'status')
2023-05-15 19:14:53 error: unhandledRejection: id can not be empty
Error: id can not be empty
    at AboutService.updateAboutById (/Users/olashina/Documents/workspace/NIPTREX-backend/src/services/about.service.ts:68:28)
    at /Users/olashina/Documents/workspace/NIPTREX-backend/src/controllers/job.controller.ts:350:33
    at Array.forEach (<anonymous>)
    at JobController.hireFreelancer (/Users/olashina/Documents/workspace/NIPTREX-backend/src/controllers/job.controller.ts:349:15)
    at processTicksAndRejections (node:internal/process/task_queues:96:5)
2023-05-15 19:14:53 error: unhandledRejection: id can not be empty
Error: id can not be empty
    at AboutService.updateAboutById (/Users/olashina/Documents/workspace/NIPTREX-backend/src/services/about.service.ts:68:28)
    at /Users/olashina/Documents/workspace/NIPTREX-backend/src/controllers/job.controller.ts:350:33
    at Array.forEach (<anonymous>)
    at JobController.hireFreelancer (/Users/olashina/Documents/workspace/NIPTREX-backend/src/controllers/job.controller.ts:349:15)
    at processTicksAndRejections (node:internal/process/task_queues:96:5)
