2023-03-22 15:00:12 error: [POST] /auth/login >> StatusCode:: 400, Message:: Cannot read properties of undefined (reading 'status')
2023-03-22 15:00:39 error: unhandledRejection: Maximum call stack size exceeded
RangeError: Maximum call stack size exceeded
    at /Users/olashina/Documents/workspace/NIPTREX-backend/src/middlewares/validation.middleware.ts:26:35
    at processTicksAndRejections (node:internal/process/task_queues:96:5)
    at /Users/olashina/Documents/workspace/NIPTREX-backend/src/middlewares/validation.middleware.ts:22:7
2023-03-22 15:00:39 error: unhandledRejection: Maximum call stack size exceeded
RangeError: Maximum call stack size exceeded
    at /Users/olashina/Documents/workspace/NIPTREX-backend/src/middlewares/validation.middleware.ts:26:35
    at processTicksAndRejections (node:internal/process/task_queues:96:5)
    at /Users/olashina/Documents/workspace/NIPTREX-backend/src/middlewares/validation.middleware.ts:22:7
2023-03-22 15:01:57 error: [POST] /auth/login >> StatusCode:: 400, Message:: Cannot read properties of undefined (reading 'status')
2023-03-22 15:02:13 error: unhandledRejection: Maximum call stack size exceeded
RangeError: Maximum call stack size exceeded
    at /Users/olashina/Documents/workspace/NIPTREX-backend/src/middlewares/validation.middleware.ts:26:35
    at processTicksAndRejections (node:internal/process/task_queues:96:5)
    at /Users/olashina/Documents/workspace/NIPTREX-backend/src/middlewares/validation.middleware.ts:22:7
2023-03-22 15:02:13 error: unhandledRejection: Maximum call stack size exceeded
RangeError: Maximum call stack size exceeded
    at /Users/olashina/Documents/workspace/NIPTREX-backend/src/middlewares/validation.middleware.ts:26:35
    at processTicksAndRejections (node:internal/process/task_queues:96:5)
    at /Users/olashina/Documents/workspace/NIPTREX-backend/src/middlewares/validation.middleware.ts:22:7
2023-03-22 15:02:44 error: unhandledRejection: Maximum call stack size exceeded
RangeError: Maximum call stack size exceeded
    at /Users/olashina/Documents/workspace/NIPTREX-backend/src/middlewares/validation.middleware.ts:26:35
    at processTicksAndRejections (node:internal/process/task_queues:96:5)
    at /Users/olashina/Documents/workspace/NIPTREX-backend/src/middlewares/validation.middleware.ts:22:7
2023-03-22 15:02:44 error: unhandledRejection: Maximum call stack size exceeded
RangeError: Maximum call stack size exceeded
    at /Users/olashina/Documents/workspace/NIPTREX-backend/src/middlewares/validation.middleware.ts:26:35
    at processTicksAndRejections (node:internal/process/task_queues:96:5)
    at /Users/olashina/Documents/workspace/NIPTREX-backend/src/middlewares/validation.middleware.ts:22:7
2023-03-22 15:22:28 error: unhandledRejection: Maximum call stack size exceeded
RangeError: Maximum call stack size exceeded
    at /Users/olashina/Documents/workspace/NIPTREX-backend/src/middlewares/validation.middleware.ts:26:35
    at processTicksAndRejections (node:internal/process/task_queues:96:5)
    at /Users/olashina/Documents/workspace/NIPTREX-backend/src/middlewares/validation.middleware.ts:22:7
2023-03-22 15:22:28 error: unhandledRejection: Maximum call stack size exceeded
RangeError: Maximum call stack size exceeded
    at /Users/olashina/Documents/workspace/NIPTREX-backend/src/middlewares/validation.middleware.ts:26:35
    at processTicksAndRejections (node:internal/process/task_queues:96:5)
    at /Users/olashina/Documents/workspace/NIPTREX-backend/src/middlewares/validation.middleware.ts:22:7
2023-03-22 15:25:55 error: uncaughtException: Channel closed
Error: Channel closed
    at new NodeError (node:internal/errors:387:5)
    at process.target.send (node:internal/child_process:749:16)
    at Object.exports.send (/Users/olashina/Documents/workspace/NIPTREX-backend/node_modules/ts-node-dev/lib/ipc.js:17:14)
    at /Users/olashina/Documents/workspace/NIPTREX-backend/node_modules/ts-node-dev/lib/wrap.js:88:9
    at Object.nodeDevHook [as .js] (/Users/olashina/Documents/workspace/NIPTREX-backend/node_modules/ts-node-dev/lib/hook.js:61:17)
    at Module.load (node:internal/modules/cjs/loader:1033:32)
    at Function.Module._load (node:internal/modules/cjs/loader:868:12)
    at Module.require (node:internal/modules/cjs/loader:1057:19)
    at require (node:internal/modules/cjs/helpers:103:18)
    at Object.getCodec (/Users/olashina/Documents/workspace/NIPTREX-backend/node_modules/iconv-lite/lib/index.js:65:27)
2023-03-22 15:25:55 error: uncaughtException: Channel closed
Error: Channel closed
    at new NodeError (node:internal/errors:387:5)
    at process.target.send (node:internal/child_process:749:16)
    at Object.exports.send (/Users/olashina/Documents/workspace/NIPTREX-backend/node_modules/ts-node-dev/lib/ipc.js:17:14)
    at /Users/olashina/Documents/workspace/NIPTREX-backend/node_modules/ts-node-dev/lib/wrap.js:88:9
    at Object.nodeDevHook [as .js] (/Users/olashina/Documents/workspace/NIPTREX-backend/node_modules/ts-node-dev/lib/hook.js:61:17)
    at Module.load (node:internal/modules/cjs/loader:1033:32)
    at Function.Module._load (node:internal/modules/cjs/loader:868:12)
    at Module.require (node:internal/modules/cjs/loader:1057:19)
    at require (node:internal/modules/cjs/helpers:103:18)
    at Object.getCodec (/Users/olashina/Documents/workspace/NIPTREX-backend/node_modules/iconv-lite/lib/index.js:65:27)
2023-03-22 15:26:53 error: unhandledRejection: Maximum call stack size exceeded
RangeError: Maximum call stack size exceeded
    at /Users/olashina/Documents/workspace/NIPTREX-backend/src/middlewares/validation.middleware.ts:26:35
    at processTicksAndRejections (node:internal/process/task_queues:96:5)
    at /Users/olashina/Documents/workspace/NIPTREX-backend/src/middlewares/validation.middleware.ts:22:7
2023-03-22 15:26:53 error: unhandledRejection: Maximum call stack size exceeded
RangeError: Maximum call stack size exceeded
    at /Users/olashina/Documents/workspace/NIPTREX-backend/src/middlewares/validation.middleware.ts:26:35
    at processTicksAndRejections (node:internal/process/task_queues:96:5)
    at /Users/olashina/Documents/workspace/NIPTREX-backend/src/middlewares/validation.middleware.ts:22:7
2023-03-22 15:27:27 error: unhandledRejection: Maximum call stack size exceeded
RangeError: Maximum call stack size exceeded
    at /Users/olashina/Documents/workspace/NIPTREX-backend/src/middlewares/validation.middleware.ts:26:35
    at processTicksAndRejections (node:internal/process/task_queues:96:5)
    at /Users/olashina/Documents/workspace/NIPTREX-backend/src/middlewares/validation.middleware.ts:22:7
2023-03-22 15:27:27 error: unhandledRejection: Maximum call stack size exceeded
RangeError: Maximum call stack size exceeded
    at /Users/olashina/Documents/workspace/NIPTREX-backend/src/middlewares/validation.middleware.ts:26:35
    at processTicksAndRejections (node:internal/process/task_queues:96:5)
    at /Users/olashina/Documents/workspace/NIPTREX-backend/src/middlewares/validation.middleware.ts:22:7
2023-03-22 15:39:52 error: [POST] /profile >> StatusCode:: 400, Message:: USER_ALREADY_HAS_PROFILE
