2023-04-03 17:28:54 error: Error connecting to Database: Error: querySrv ETIMEOUT _mongodb._tcp.niptrex.xzoqe5t.mongodb.net
2023-04-03 17:30:37 error: Error connecting to Database: Error: querySrv ETIMEOUT _mongodb._tcp.niptrex.xzoqe5t.mongodb.net
2023-04-03 17:35:26 error: Error connecting to Database: Error: querySrv ECONNREFUSED _mongodb._tcp.niptrex.xzoqe5t.mongodb.net
2023-04-03 17:38:43 error: [GET] /users/profile >> StatusCode:: 400, Message:: INVALID_AUTHORIZATION
2023-04-03 17:38:49 error: [POST] /auth/login >> StatusCode:: 400, Message:: Cannot read properties of undefined (reading 'status')
2023-04-03 17:39:43 error: [POST] /profile/about >> StatusCode:: 400, Message:: PROFILE_VALIDATION_ERROR
2023-04-03 17:42:02 error: [POST] /auth/login >> StatusCode:: 400, Message:: Cannot read properties of undefined (reading 'status')
2023-04-03 17:44:25 error: [POST] /profile/about >> StatusCode:: 400, Message:: PROFILE_VALIDATION_ERROR
2023-04-03 17:45:37 error: [POST] /profile/about >> StatusCode:: 400, Message:: PROFILE_VALIDATION_ERROR
2023-04-03 17:50:33 error: [POST] /profile/about >> StatusCode:: 400, Message:: PROFILE_VALIDATION_ERROR
2023-04-03 17:51:56 error: [POST] /profile/about >> StatusCode:: 400, Message:: PROFILE_VALIDATION_ERROR
2023-04-03 17:58:12 error: [POST] /profile/about >> StatusCode:: 400, Message:: PROFILE_VALIDATION_ERROR
2023-04-03 17:58:47 error: [POST] /profile/about >> StatusCode:: 400, Message:: PROFILE_VALIDATION_ERROR
2023-04-03 18:00:30 error: [POST] /profile/about >> StatusCode:: 400, Message:: PROFILE_VALIDATION_ERROR
2023-04-03 18:02:10 error: [POST] /profile/about >> StatusCode:: 400, Message:: PROFILE_VALIDATION_ERROR
2023-04-03 18:04:40 error: [POST] /profile/about >> StatusCode:: 400, Message:: PROFILE_VALIDATION_ERROR
2023-04-03 18:05:28 error: [POST] /profile/about >> StatusCode:: 400, Message:: PROFILE_VALIDATION_ERROR
2023-04-03 18:13:32 error: [POST] /auth/login >> StatusCode:: 400, Message:: Cannot read properties of undefined (reading 'status')
2023-04-03 18:16:22 error: [POST] /profile/certificate >> StatusCode:: 400, Message:: PROFILE_VALIDATION_ERROR
2023-04-03 18:34:41 error: uncaughtException: Invalid schema configuration: `ToLocaleString` is not a valid type at path `start_date`. See https://bit.ly/mongoose-schematypes for a list of valid schema types.
TypeError: Invalid schema configuration: `ToLocaleString` is not a valid type at path `start_date`. See https://bit.ly/mongoose-schematypes for a list of valid schema types.
    at Schema.interpretAsType (/Users/olashina/Documents/workspace/NIPTREX-backend/node_modules/mongoose/lib/schema.js:1251:11)
    at Schema.path (/Users/olashina/Documents/workspace/NIPTREX-backend/node_modules/mongoose/lib/schema.js:882:27)
    at Schema.add (/Users/olashina/Documents/workspace/NIPTREX-backend/node_modules/mongoose/lib/schema.js:636:14)
    at new Schema (/Users/olashina/Documents/workspace/NIPTREX-backend/node_modules/mongoose/lib/schema.js:133:10)
    at Object.<anonymous> (/Users/olashina/Documents/workspace/NIPTREX-backend/src/models/profile.model.ts:14:34)
    at Module._compile (node:internal/modules/cjs/loader:1155:14)
    at Module._compile (/Users/olashina/Documents/workspace/NIPTREX-backend/node_modules/source-map-support/source-map-support.js:568:25)
    at Module.m._compile (/private/var/folders/7y/g7wt7_g17x58s0b1kmllks7m0000gn/T/ts-node-dev-hook-5863748516134406.js:69:33)
    at Module._extensions..js (node:internal/modules/cjs/loader:1209:10)
    at require.extensions..jsx.require.extensions..js (/private/var/folders/7y/g7wt7_g17x58s0b1kmllks7m0000gn/T/ts-node-dev-hook-5863748516134406.js:114:20)
2023-04-03 18:43:05 error: [POST] /auth/login >> StatusCode:: 400, Message:: Cannot read properties of undefined (reading 'status')
2023-04-03 18:46:28 error: [POST] /auth/login >> StatusCode:: 400, Message:: Cannot read properties of undefined (reading 'status')
2023-04-03 18:46:42 error: [POST] /profile/certificate >> StatusCode:: 400, Message:: userData.date_obtained.toISOString is not a function
2023-04-03 19:14:51 error: [POST] /auth/login >> StatusCode:: 400, Message:: Cannot read properties of undefined (reading 'status')
2023-04-03 19:34:50 error: [POST] /auth/login >> StatusCode:: 400, Message:: Cannot read properties of undefined (reading 'status')
