2025-06-13 11:45:40 error: [POST] /auth/login >> StatusCode:: 400, Message:: Could not connect to any servers in your MongoDB Atlas cluster. One common reason is that you're trying to access the database from an IP that isn't whitelisted. Make sure your current IP address is on your Atlas cluster's IP whitelist: https://docs.atlas.mongodb.com/security-whitelist/
2025-06-13 11:45:48 error: [POST] /auth/login >> StatusCode:: 400, Message:: Could not connect to any servers in your MongoDB Atlas cluster. One common reason is that you're trying to access the database from an IP that isn't whitelisted. Make sure your current IP address is on your Atlas cluster's IP whitelist: https://docs.atlas.mongodb.com/security-whitelist/
2025-06-13 11:47:39 error: [POST] /auth/login >> StatusCode:: 400, Message:: Cannot read properties of undefined (reading 'status')
2025-06-13 11:47:42 error: [POST] /auth/login >> StatusCode:: 400, Message:: Cannot read properties of undefined (reading 'status')
2025-06-13 12:06:58 error: [POST] /payment/transaction >> StatusCode:: 400, Message:: PAYMENT_VALIDATION_ERROR
2025-06-13 12:07:16 error: [POST] /payment/transaction >> StatusCode:: 400, Message:: PAYMENT_VALIDATION_ERROR
2025-06-13 12:07:24 error: [POST] /payment/transaction >> StatusCode:: 400, Message:: PAYMENT_VALIDATION_ERROR
2025-06-13 12:07:40 error: [POST] /payment/transaction >> StatusCode:: 400, Message:: PAYMENT_VALIDATION_ERROR
2025-06-13 12:08:01 error: [POST] /payment/transaction >> StatusCode:: 400, Message:: PAYMENT_VALIDATION_ERROR
2025-06-13 12:09:52 error: [GET] /bid/check/681c8ebf857ab6b017166643 >> StatusCode:: 404, Message:: The requested path /bid/check/681c8ebf857ab6b017166643 not found!
2025-06-13 12:09:52 error: [GET] /bid/check/681c8ebf857ab6b017166643 >> StatusCode:: 404, Message:: The requested path /bid/check/681c8ebf857ab6b017166643 not found!
2025-06-13 12:18:02 error: [POST] /service/hireFreelancerService/64cf64cf1e5d4f717dc5afe1 >> StatusCode:: 400, Message:: SERVICE_NOT_FOUND
2025-06-13 12:19:10 error: [POST] /auth/login >> StatusCode:: 400, Message:: Cannot read properties of undefined (reading 'status')
2025-06-13 13:03:17 error: [POST] /auth/login >> StatusCode:: 400, Message:: Cannot read properties of undefined (reading 'status')
2025-06-13 13:09:21 error: [PUT] /bid/updateMilestone/647dce6f5fab941b6eff3969/647dce6f5fab941b6eff3963 >> StatusCode:: 401, Message:: UNAUTHORIZED_USER
2025-06-13 13:09:54 error: [PUT] /bid/updateMilestone/647dce6f5fab941b6eff3969/647dce6f5fab941b6eff3963 >> StatusCode:: 400, Message:: BID_VALIDATION_ERROR
2025-06-13 13:14:35 error: [POST] /payment >> StatusCode:: 400, Message:: PROPOSAL_NOT_FOUND
2025-06-13 13:15:14 error: [POST] /auth/login >> StatusCode:: 400, Message:: Cannot read properties of undefined (reading 'status')
2025-06-13 13:23:25 error: [POST] /service/hireFreelancerService/64cf64cf1e5d4f717dc5afe1 >> StatusCode:: 400, Message:: HireService validation failed: proposal: Path `proposal` is required.
2025-06-13 13:30:27 error: [POST] /auth/login >> StatusCode:: 400, Message:: Cannot read properties of undefined (reading 'status')
2025-06-13 14:03:49 error: [POST] /auth/login >> StatusCode:: 400, Message:: Cannot read properties of undefined (reading 'status')
2025-06-13 14:10:48 error: [GET] /job/getFreelancerContracts/684c0722cc25ff93196d8311 >> StatusCode:: 404, Message:: The requested path /job/getFreelancerContracts/684c0722cc25ff93196d8311 not found!
2025-06-13 14:11:14 error: [GET] /job/getFreelancerContracts/684c0722cc25ff93196d8311 >> StatusCode:: 404, Message:: The requested path /job/getFreelancerContracts/684c0722cc25ff93196d8311 not found!
2025-06-13 14:12:38 error: [GET] /job/getFreelancerContracts/684c0722cc25ff93196d8311 >> StatusCode:: 404, Message:: The requested path /job/getFreelancerContracts/684c0722cc25ff93196d8311 not found!
2025-06-13 14:12:40 error: [GET] /job/getFreelancerContracts/684c0722cc25ff93196d8311 >> StatusCode:: 404, Message:: The requested path /job/getFreelancerContracts/684c0722cc25ff93196d8311 not found!
2025-06-13 14:15:01 error: [GET] /job/getFreelancerContracts/684c0722cc25ff93196d8311 >> StatusCode:: 404, Message:: The requested path /job/getFreelancerContracts/684c0722cc25ff93196d8311 not found!
2025-06-13 14:28:44 error: uncaughtException: Channel closed
Error: Channel closed
    at process.target.send (node:internal/child_process:753:16)
    at Object.exports.send (/Users/user/Desktop/niptrex/NIPTREX-backend/node_modules/ts-node-dev/lib/ipc.js:17:14)
    at /Users/user/Desktop/niptrex/NIPTREX-backend/node_modules/ts-node-dev/lib/wrap.js:88:9
    at Object.nodeDevHook [as .js] (/Users/user/Desktop/niptrex/NIPTREX-backend/node_modules/ts-node-dev/lib/hook.js:61:17)
    at Module.load (node:internal/modules/cjs/loader:1469:32)
    at Function._load (node:internal/modules/cjs/loader:1286:12)
    at TracingChannel.traceSync (node:diagnostics_channel:322:14)
    at wrapModuleLoad (node:internal/modules/cjs/loader:235:24)
    at Module.require (node:internal/modules/cjs/loader:1491:12)
    at require (node:internal/modules/helpers:135:16)
2025-06-13 14:28:44 error: uncaughtException: Channel closed
Error: Channel closed
    at process.target.send (node:internal/child_process:753:16)
    at Object.exports.send (/Users/user/Desktop/niptrex/NIPTREX-backend/node_modules/ts-node-dev/lib/ipc.js:17:14)
    at /Users/user/Desktop/niptrex/NIPTREX-backend/node_modules/ts-node-dev/lib/wrap.js:88:9
    at Object.nodeDevHook [as .js] (/Users/user/Desktop/niptrex/NIPTREX-backend/node_modules/ts-node-dev/lib/hook.js:61:17)
    at Module.load (node:internal/modules/cjs/loader:1469:32)
    at Function._load (node:internal/modules/cjs/loader:1286:12)
    at TracingChannel.traceSync (node:diagnostics_channel:322:14)
    at wrapModuleLoad (node:internal/modules/cjs/loader:235:24)
    at Module.require (node:internal/modules/cjs/loader:1491:12)
    at require (node:internal/modules/helpers:135:16)
2025-06-13 14:29:15 error: [POST] /auth/login >> StatusCode:: 400, Message:: Cannot read properties of undefined (reading 'status')
2025-06-13 14:29:29 error: [POST] /bid/requestMilestoneReview >> StatusCode:: 400, Message:: INVALID_AUTHORIZATION
2025-06-13 14:30:14 error: [POST] /bid/requestMilestoneReview >> StatusCode:: 400, Message:: MILESTONE_NOT_FOUND
2025-06-13 14:30:59 error: [POST] /bid/requestMilestoneReview >> StatusCode:: 400, Message:: BID_NOT_FOUND
2025-06-13 14:31:15 error: [POST] /bid/requestMilestoneReview >> StatusCode:: 400, Message:: CLIENT_NOT_FOUND
2025-06-13 14:31:32 error: [POST] /bid/requestMilestoneReview >> StatusCode:: 400, Message:: proposal_id, client_id and proposal_type are required.
2025-06-13 14:32:34 error: [POST] /bid/requestMilestoneReview >> StatusCode:: 400, Message:: proposal_id, client_id and proposal_type are required.
2025-06-13 14:34:21 error: [POST] /bid/requestMilestoneReview >> StatusCode:: 400, Message:: MILESTONE_NOT_FOUND
2025-06-13 14:40:32 error: [POST] /auth/login >> StatusCode:: 400, Message:: Incorrect email or password
2025-06-13 14:40:42 error: [POST] /auth/login >> StatusCode:: 400, Message:: Cannot read properties of undefined (reading 'status')
2025-06-13 14:41:00 error: [PUT] /bid/updateOutrightStatus/684c0722cc25ff93196d8311 >> StatusCode:: 401, Message:: UNAUTHORIZED_USER
2025-06-13 14:42:21 error: [POST] /auth/login >> StatusCode:: 400, Message:: Cannot read properties of undefined (reading 'status')
2025-06-13 14:42:25 error: [GET] /job/getFreelancerContracts/681c8b54857ab6b0171663bb >> StatusCode:: 401, Message:: UNAUTHORIZED_USER
2025-06-13 14:44:23 error: [PUT] /bid/updateMilestone/681c8b54857ab6b0171663bb/681c8b54857ab6b0171663bc >> StatusCode:: 401, Message:: UNAUTHORIZED_USER
2025-06-13 14:55:47 error: [POST] /auth/login >> StatusCode:: 400, Message:: Cannot read properties of undefined (reading 'status')
2025-06-13 14:57:09 error: [POST] /auth/login >> StatusCode:: 400, Message:: Cannot read properties of undefined (reading 'status')
2025-06-13 15:16:47 error: [POST] /auth/login >> StatusCode:: 400, Message:: Cannot read properties of undefined (reading 'status')
2025-06-13 15:28:25 error: [GET] /%20%20%20%20try%20%7B%20%20%20%20%20%20setIsLoading(true)%20%20%20%20%20%20setError(null)%20%20%20%20%20%20let%20url%20=%20%60http://localhost:3000/bid/proposals/68101c1b191d80b5fd7f069a >> StatusCode:: 404, Message:: The requested path /%20%20%20%20try%20%7B%20%20%20%20%20%20setIsLoading(true)%20%20%20%20%20%20setError(null)%20%20%20%20%20%20let%20url%20=%20%60http://localhost:3000/bid/proposals/68101c1b191d80b5fd7f069a not found!
2025-06-13 15:29:14 error: [POST] /auth/login >> StatusCode:: 400, Message:: Incorrect email or password
2025-06-13 15:29:25 error: [POST] /auth/login >> StatusCode:: 400, Message:: Cannot read properties of undefined (reading 'status')
2025-06-13 15:32:44 error: [POST] /auth/login >> StatusCode:: 400, Message:: Cannot read properties of undefined (reading 'status')
2025-06-13 15:32:51 error: [POST] /auth/login >> StatusCode:: 400, Message:: Cannot read properties of undefined (reading 'status')
2025-06-13 15:39:00 error: [POST] /auth/login >> StatusCode:: 400, Message:: Cannot read properties of undefined (reading 'status')
2025-06-13 15:39:18 error: [GET] /job/getFreelancerContracts/6812d4e4a0daecfceb93c44d >> StatusCode:: 401, Message:: UNAUTHORIZED_USER
2025-06-13 15:39:18 error: [GET] /job/getFreelancerContracts/6812d4e4a0daecfceb93c44d >> StatusCode:: 401, Message:: UNAUTHORIZED_USER
2025-06-13 15:39:54 error: [GET] /job/getFreelancerContracts/6812d4e4a0daecfceb93c44d >> StatusCode:: 401, Message:: UNAUTHORIZED_USER
2025-06-13 15:39:54 error: [GET] /job/getFreelancerContracts/6812d4e4a0daecfceb93c44d >> StatusCode:: 401, Message:: UNAUTHORIZED_USER
2025-06-13 15:42:47 error: [GET] /job/getFreelancerContracts/6812d4e4a0daecfceb93c44d >> StatusCode:: 404, Message:: CONTRACT_NOT_FOUND
2025-06-13 15:42:48 error: [GET] /job/getFreelancerContracts/6812d4e4a0daecfceb93c44d >> StatusCode:: 404, Message:: CONTRACT_NOT_FOUND
2025-06-13 15:45:58 error: [GET] /bid/getProposalById/6812d4e4a0daecfceb93c44d >> StatusCode:: 401, Message:: UNAUTHORIZED_USER
2025-06-13 15:46:05 error: [POST] /auth/login >> StatusCode:: 400, Message:: Cannot read properties of undefined (reading 'status')
2025-06-13 15:49:32 error: [GET] /job/getFreelancerContracts/6812d4e4a0daecfceb93c44d >> StatusCode:: 404, Message:: CONTRACT_NOT_FOUND
2025-06-13 15:49:33 error: [GET] /job/getFreelancerContracts/6812d4e4a0daecfceb93c44d >> StatusCode:: 404, Message:: CONTRACT_NOT_FOUND
2025-06-13 15:55:24 error: [GET] /job/getFreelancerContracts//6812d4e4a0daecfceb93c44d >> StatusCode:: 404, Message:: The requested path /job/getFreelancerContracts//6812d4e4a0daecfceb93c44d not found!
2025-06-13 15:55:28 error: [GET] /job/getFreelancerContracts/6812d4e4a0daecfceb93c44d/6812d4e4a0daecfceb93c44d >> StatusCode:: 404, Message:: The requested path /job/getFreelancerContracts/6812d4e4a0daecfceb93c44d/6812d4e4a0daecfceb93c44d not found!
2025-06-13 15:55:45 error: [GET] /job/getFreelancerContracts/undefined/6812d4e4a0daecfceb93c44d >> StatusCode:: 404, Message:: The requested path /job/getFreelancerContracts/undefined/6812d4e4a0daecfceb93c44d not found!
2025-06-13 16:01:05 error: [POST] /auth/login >> StatusCode:: 400, Message:: Cannot read properties of undefined (reading 'status')
2025-06-13 16:01:18 error: [GET] /job/getFreelancerContracts/undefined/6812d4e4a0daecfceb93c44d >> StatusCode:: 400, Message:: Cast to ObjectId failed for value "undefined" (type string) at path "user_id" for model "Bidding"
2025-06-13 16:01:18 error: [GET] /job/getFreelancerContracts/undefined/6812d4e4a0daecfceb93c44d >> StatusCode:: 400, Message:: Cast to ObjectId failed for value "undefined" (type string) at path "user_id" for model "Bidding"
2025-06-13 16:01:34 error: [GET] /job/getFreelancerContracts/undefined/6812d4e4a0daecfceb93c44d >> StatusCode:: 400, Message:: Cast to ObjectId failed for value "undefined" (type string) at path "user_id" for model "Bidding"
2025-06-13 16:01:36 error: [POST] /auth/login >> StatusCode:: 400, Message:: Cannot read properties of undefined (reading 'status')
2025-06-13 16:01:50 error: [GET] /job/getFreelancerContracts/undefined/6812d4e4a0daecfceb93c44d >> StatusCode:: 400, Message:: Cast to ObjectId failed for value "undefined" (type string) at path "user_id" for model "Bidding"
2025-06-13 16:01:50 error: [GET] /job/getFreelancerContracts/undefined/6812d4e4a0daecfceb93c44d >> StatusCode:: 400, Message:: Cast to ObjectId failed for value "undefined" (type string) at path "user_id" for model "Bidding"
2025-06-13 16:03:11 error: [GET] /job/getFreelancerContracts/undefined/6812d4e4a0daecfceb93c44d >> StatusCode:: 400, Message:: Cast to ObjectId failed for value "undefined" (type string) at path "user_id" for model "Bidding"
2025-06-13 16:23:08 error: [POST] /auth/login >> StatusCode:: 400, Message:: Cannot read properties of undefined (reading 'status')
2025-06-13 16:31:01 error: [POST] /bid/hire/undefined >> StatusCode:: 400, Message:: HireJob validation failed: user_id: Cast to ObjectId failed for value "undefined" (type string) at path "user_id" because of "BSONTypeError"
2025-06-13 16:32:47 error: [POST] /auth/login >> StatusCode:: 400, Message:: Cannot read properties of undefined (reading 'status')
2025-06-13 16:34:55 error: [POST] /bid/hire/undefined >> StatusCode:: 400, Message:: HireJob validation failed: user_id: Cast to ObjectId failed for value "undefined" (type string) at path "user_id" because of "BSONTypeError"
2025-06-13 16:35:20 error: [POST] /auth/login >> StatusCode:: 400, Message:: Cannot read properties of undefined (reading 'status')
2025-06-13 16:46:22 error: [GET] /bid/check/684c47a4372d8ecd47480c65 >> StatusCode:: 404, Message:: The requested path /bid/check/684c47a4372d8ecd47480c65 not found!
2025-06-13 16:46:22 error: [GET] /bid/check/684c47a4372d8ecd47480c65 >> StatusCode:: 404, Message:: The requested path /bid/check/684c47a4372d8ecd47480c65 not found!
2025-06-13 16:55:06 error: [GET] /bid/check/684c49bd00c92fb516dc7b53 >> StatusCode:: 404, Message:: The requested path /bid/check/684c49bd00c92fb516dc7b53 not found!
2025-06-13 16:55:06 error: [GET] /bid/check/684c49bd00c92fb516dc7b53 >> StatusCode:: 404, Message:: The requested path /bid/check/684c49bd00c92fb516dc7b53 not found!
2025-06-13 16:57:04 error: [POST] /auth/login >> StatusCode:: 400, Message:: Cannot read properties of undefined (reading 'status')
2025-06-13 16:58:01 error: [POST] /auth/login >> StatusCode:: 400, Message:: Cannot read properties of undefined (reading 'status')
2025-06-13 17:00:21 error: [POST] /auth/login >> StatusCode:: 400, Message:: Cannot read properties of undefined (reading 'status')
2025-06-13 17:00:32 error: [POST] /auth/login >> StatusCode:: 400, Message:: Cannot read properties of undefined (reading 'status')
2025-06-13 17:00:38 error: [POST] /auth/login >> StatusCode:: 400, Message:: Cannot read properties of undefined (reading 'status')
2025-06-13 17:09:29 error: [GET] /bid/check/684c4d2000c92fb516dc7e52 >> StatusCode:: 404, Message:: The requested path /bid/check/684c4d2000c92fb516dc7e52 not found!
2025-06-13 17:09:29 error: [GET] /bid/check/684c4d2000c92fb516dc7e52 >> StatusCode:: 404, Message:: The requested path /bid/check/684c4d2000c92fb516dc7e52 not found!
2025-06-13 17:10:14 error: [GET] /bid/check/684c4d2000c92fb516dc7e52 >> StatusCode:: 404, Message:: The requested path /bid/check/684c4d2000c92fb516dc7e52 not found!
2025-06-13 17:10:14 error: [GET] /bid/check/684c4d2000c92fb516dc7e52 >> StatusCode:: 404, Message:: The requested path /bid/check/684c4d2000c92fb516dc7e52 not found!
2025-06-13 17:10:32 error: [POST] /bid/684c4d2000c92fb516dc7e52 >> StatusCode:: 400, Message:: JOB_ALREAD_BIDDED
2025-06-13 17:10:42 error: [POST] /bid/684c4d2000c92fb516dc7e52 >> StatusCode:: 400, Message:: JOB_ALREAD_BIDDED
2025-06-13 17:17:17 error: [GET] /bid/check/684c4d2000c92fb516dc7e52 >> StatusCode:: 404, Message:: The requested path /bid/check/684c4d2000c92fb516dc7e52 not found!
2025-06-13 17:18:07 error: [POST] /auth/login >> StatusCode:: 400, Message:: Cannot read properties of undefined (reading 'status')
2025-06-13 17:18:26 error: [GET] /bid/check/684c4d2000c92fb516dc7e52 >> StatusCode:: 404, Message:: The requested path /bid/check/684c4d2000c92fb516dc7e52 not found!
2025-06-13 17:18:26 error: [GET] /bid/check/684c4d2000c92fb516dc7e52 >> StatusCode:: 404, Message:: The requested path /bid/check/684c4d2000c92fb516dc7e52 not found!
2025-06-13 17:18:34 error: [POST] /bid/684c4d2000c92fb516dc7e52 >> StatusCode:: 400, Message:: JOB_ALREAD_BIDDED
2025-06-13 17:18:41 error: [POST] /bid/684c4d2000c92fb516dc7e52 >> StatusCode:: 400, Message:: JOB_ALREAD_BIDDED
2025-06-13 17:19:44 error: [GET] /bid/check/684c4d2000c92fb516dc7e52 >> StatusCode:: 404, Message:: The requested path /bid/check/684c4d2000c92fb516dc7e52 not found!
2025-06-13 17:19:47 error: [GET] /bid/check/684c4d2000c92fb516dc7e52 >> StatusCode:: 404, Message:: The requested path /bid/check/684c4d2000c92fb516dc7e52 not found!
2025-06-13 17:23:10 error: [POST] /auth/login >> StatusCode:: 400, Message:: Cannot read properties of undefined (reading 'status')
2025-06-13 17:23:34 error: [GET] /bid/check/684c4d2000c92fb516dc7e52 >> StatusCode:: 404, Message:: The requested path /bid/check/684c4d2000c92fb516dc7e52 not found!
2025-06-13 17:23:34 error: [GET] /bid/check/684c4d2000c92fb516dc7e52 >> StatusCode:: 404, Message:: The requested path /bid/check/684c4d2000c92fb516dc7e52 not found!
2025-06-13 17:23:45 error: [POST] /bid/684c4d2000c92fb516dc7e52 >> StatusCode:: 400, Message:: JOB_ALREAD_BIDDED
2025-06-13 17:23:51 error: [POST] /bid/684c4d2000c92fb516dc7e52 >> StatusCode:: 400, Message:: JOB_ALREAD_BIDDED
2025-06-13 17:24:31 error: [GET] /bid/check/684c4d2000c92fb516dc7e52 >> StatusCode:: 404, Message:: The requested path /bid/check/684c4d2000c92fb516dc7e52 not found!
2025-06-13 17:28:16 error: [POST] /bid/684c4d2000c92fb516dc7e52 >> StatusCode:: 400, Message:: JOB_ALREAD_BIDDED
2025-06-13 17:28:27 error: [GET] /bid/check/684c4d2000c92fb516dc7e52 >> StatusCode:: 404, Message:: The requested path /bid/check/684c4d2000c92fb516dc7e52 not found!
2025-06-13 17:28:45 error: [POST] /auth/login >> StatusCode:: 400, Message:: Incorrect email or password
2025-06-13 17:28:57 error: [POST] /auth/login >> StatusCode:: 400, Message:: Cannot read properties of undefined (reading 'status')
2025-06-13 17:29:12 error: [GET] /bid/check/684c4d2000c92fb516dc7e52 >> StatusCode:: 404, Message:: The requested path /bid/check/684c4d2000c92fb516dc7e52 not found!
2025-06-13 17:29:12 error: [GET] /bid/check/684c4d2000c92fb516dc7e52 >> StatusCode:: 404, Message:: The requested path /bid/check/684c4d2000c92fb516dc7e52 not found!
2025-06-13 17:29:23 error: [POST] /bid/684c4d2000c92fb516dc7e52 >> StatusCode:: 400, Message:: JOB_ALREAD_BIDDED
2025-06-13 17:30:25 error: [GET] /bid/check/684c4d2000c92fb516dc7e52 >> StatusCode:: 404, Message:: The requested path /bid/check/684c4d2000c92fb516dc7e52 not found!
