2025-08-07 11:41:04 error: [GET] /admin >> StatusCode:: 404, Message:: The requested path /admin not found!
2025-08-07 11:41:04 error: [GET] /favicon.ico >> StatusCode:: 404, Message:: The requested path /favicon.ico not found!
2025-08-07 11:41:10 error: [GET] /favicon.ico >> StatusCode:: 404, Message:: The requested path /favicon.ico not found!
2025-08-07 16:53:29 error: uncaughtException: Channel closed
Error: Channel closed
    at process.target.send (node:internal/child_process:753:16)
    at Object.exports.send (/Users/user/Desktop/niptrex/NIPTREX-backend/node_modules/ts-node-dev/lib/ipc.js:17:14)
    at /Users/user/Desktop/niptrex/NIPTREX-backend/node_modules/ts-node-dev/lib/wrap.js:88:9
    at Object.nodeDevHook [as .js] (/Users/user/Desktop/niptrex/NIPTREX-backend/node_modules/ts-node-dev/lib/hook.js:61:17)
    at Module.load (node:internal/modules/cjs/loader:1469:32)
    at Function._load (node:internal/modules/cjs/loader:1286:12)
    at TracingChannel.traceSync (node:diagnostics_channel:322:14)
    at wrapModuleLoad (node:internal/modules/cjs/loader:235:24)
    at Module.require (node:internal/modules/cjs/loader:1491:12)
    at require (node:internal/modules/helpers:135:16)
2025-08-07 16:53:29 error: uncaughtException: Channel closed
Error: Channel closed
    at process.target.send (node:internal/child_process:753:16)
    at Object.exports.send (/Users/user/Desktop/niptrex/NIPTREX-backend/node_modules/ts-node-dev/lib/ipc.js:17:14)
    at /Users/user/Desktop/niptrex/NIPTREX-backend/node_modules/ts-node-dev/lib/wrap.js:88:9
    at Object.nodeDevHook [as .js] (/Users/user/Desktop/niptrex/NIPTREX-backend/node_modules/ts-node-dev/lib/hook.js:61:17)
    at Module.load (node:internal/modules/cjs/loader:1469:32)
    at Function._load (node:internal/modules/cjs/loader:1286:12)
    at TracingChannel.traceSync (node:diagnostics_channel:322:14)
    at wrapModuleLoad (node:internal/modules/cjs/loader:235:24)
    at Module.require (node:internal/modules/cjs/loader:1491:12)
    at require (node:internal/modules/helpers:135:16)
2025-08-07 16:53:31 error: uncaughtException: nodemailer_1.default.createTransporter is not a function
TypeError: nodemailer_1.default.createTransporter is not a function
    at new EmailService (/Users/user/Desktop/niptrex/NIPTREX-backend/src/modules/email/email.service.ts:7:34)
    at new AuthController (/Users/user/Desktop/niptrex/NIPTREX-backend/src/controllers/auth.controller.ts:20:25)
    at new AuthRoute (/Users/user/Desktop/niptrex/NIPTREX-backend/src/routes/auth.route.ts:11:27)
    at Object.<anonymous> (/Users/user/Desktop/niptrex/NIPTREX-backend/src/server.ts:23:3)
    at Module.<anonymous> (node:internal/modules/cjs/loader:1734:14)
    at Module._compile (/Users/user/Desktop/niptrex/NIPTREX-backend/node_modules/source-map-support/source-map-support.js:568:25)
    at Module.m._compile (/private/var/folders/ld/33w2d7kn06q07zxmdcc39r480000gn/T/ts-node-dev-hook-4176653427073742.js:69:33)
    at loadTS (node:internal/modules/cjs/loader:1826:10)
    at require.extensions.<computed> (/private/var/folders/ld/33w2d7kn06q07zxmdcc39r480000gn/T/ts-node-dev-hook-4176653427073742.js:71:20)
    at Object.nodeDevHook [as .ts] (/Users/user/Desktop/niptrex/NIPTREX-backend/node_modules/ts-node-dev/lib/hook.js:63:13)
2025-08-07 16:54:16 error: uncaughtException: nodemailer_1.default.createTransporter is not a function
TypeError: nodemailer_1.default.createTransporter is not a function
    at new EmailService (/Users/user/Desktop/niptrex/NIPTREX-backend/src/modules/email/email.service.ts:7:34)
    at new AuthController (/Users/user/Desktop/niptrex/NIPTREX-backend/src/controllers/auth.controller.ts:20:25)
    at new AuthRoute (/Users/user/Desktop/niptrex/NIPTREX-backend/src/routes/auth.route.ts:11:27)
    at Object.<anonymous> (/Users/user/Desktop/niptrex/NIPTREX-backend/src/server.ts:23:3)
    at Module.<anonymous> (node:internal/modules/cjs/loader:1734:14)
    at Module._compile (/Users/user/Desktop/niptrex/NIPTREX-backend/node_modules/source-map-support/source-map-support.js:568:25)
    at Module.m._compile (/private/var/folders/ld/33w2d7kn06q07zxmdcc39r480000gn/T/ts-node-dev-hook-44895924861004755.js:69:33)
    at loadTS (node:internal/modules/cjs/loader:1826:10)
    at require.extensions.<computed> (/private/var/folders/ld/33w2d7kn06q07zxmdcc39r480000gn/T/ts-node-dev-hook-44895924861004755.js:71:20)
    at Object.nodeDevHook [as .ts] (/Users/user/Desktop/niptrex/NIPTREX-backend/node_modules/ts-node-dev/lib/hook.js:63:13)
2025-08-07 16:55:07 error: uncaughtException: nodemailer_1.default.createTransporter is not a function
TypeError: nodemailer_1.default.createTransporter is not a function
    at new EmailService (/Users/user/Desktop/niptrex/NIPTREX-backend/src/modules/email/email.service.ts:7:34)
    at new AuthController (/Users/user/Desktop/niptrex/NIPTREX-backend/src/controllers/auth.controller.ts:20:25)
    at new AuthRoute (/Users/user/Desktop/niptrex/NIPTREX-backend/src/routes/auth.route.ts:11:27)
    at Object.<anonymous> (/Users/user/Desktop/niptrex/NIPTREX-backend/src/server.ts:23:3)
    at Module.<anonymous> (node:internal/modules/cjs/loader:1734:14)
    at Module._compile (/Users/user/Desktop/niptrex/NIPTREX-backend/node_modules/source-map-support/source-map-support.js:568:25)
    at Module.m._compile (/private/var/folders/ld/33w2d7kn06q07zxmdcc39r480000gn/T/ts-node-dev-hook-44895924861004755.js:69:33)
    at loadTS (node:internal/modules/cjs/loader:1826:10)
    at require.extensions.<computed> (/private/var/folders/ld/33w2d7kn06q07zxmdcc39r480000gn/T/ts-node-dev-hook-44895924861004755.js:71:20)
    at Object.nodeDevHook [as .ts] (/Users/user/Desktop/niptrex/NIPTREX-backend/node_modules/ts-node-dev/lib/hook.js:63:13)
2025-08-07 16:55:29 error: uncaughtException: nodemailer_1.default.createTransporter is not a function
TypeError: nodemailer_1.default.createTransporter is not a function
    at new EmailService (/Users/user/Desktop/niptrex/NIPTREX-backend/src/modules/email/email.service.ts:7:34)
    at new AuthController (/Users/user/Desktop/niptrex/NIPTREX-backend/src/controllers/auth.controller.ts:20:25)
    at new AuthRoute (/Users/user/Desktop/niptrex/NIPTREX-backend/src/routes/auth.route.ts:11:27)
    at Object.<anonymous> (/Users/user/Desktop/niptrex/NIPTREX-backend/src/server.ts:23:3)
    at Module.<anonymous> (node:internal/modules/cjs/loader:1734:14)
    at Module._compile (/Users/user/Desktop/niptrex/NIPTREX-backend/node_modules/source-map-support/source-map-support.js:568:25)
    at Module.m._compile (/private/var/folders/ld/33w2d7kn06q07zxmdcc39r480000gn/T/ts-node-dev-hook-44895924861004755.js:69:33)
    at loadTS (node:internal/modules/cjs/loader:1826:10)
    at require.extensions.<computed> (/private/var/folders/ld/33w2d7kn06q07zxmdcc39r480000gn/T/ts-node-dev-hook-44895924861004755.js:71:20)
    at Object.nodeDevHook [as .ts] (/Users/user/Desktop/niptrex/NIPTREX-backend/node_modules/ts-node-dev/lib/hook.js:63:13)
