2023-05-10 21:16:16 error: [POST] /auth/login >> StatusCode:: 400, Message:: Cannot read properties of undefined (reading 'status')
2023-05-10 21:25:08 error: uncaughtException: Channel closed
Error: Channel closed
    at new NodeError (node:internal/errors:387:5)
    at process.target.send (node:internal/child_process:749:16)
    at Object.exports.send (/Users/olashina/Documents/workspace/NIPTREX-backend/node_modules/ts-node-dev/lib/ipc.js:17:14)
    at /Users/olashina/Documents/workspace/NIPTREX-backend/node_modules/ts-node-dev/lib/wrap.js:88:9
    at Object.nodeDevHook [as .js] (/Users/olashina/Documents/workspace/NIPTREX-backend/node_modules/ts-node-dev/lib/hook.js:61:17)
    at Module.load (node:internal/modules/cjs/loader:1033:32)
    at Function.Module._load (node:internal/modules/cjs/loader:868:12)
    at Module.require (node:internal/modules/cjs/loader:1057:19)
    at require (node:internal/modules/cjs/helpers:103:18)
    at Object.getCodec (/Users/olashina/Documents/workspace/NIPTREX-backend/node_modules/iconv-lite/lib/index.js:65:27)
2023-05-10 21:25:08 error: uncaughtException: Channel closed
Error: Channel closed
    at new NodeError (node:internal/errors:387:5)
    at process.target.send (node:internal/child_process:749:16)
    at Object.exports.send (/Users/olashina/Documents/workspace/NIPTREX-backend/node_modules/ts-node-dev/lib/ipc.js:17:14)
    at /Users/olashina/Documents/workspace/NIPTREX-backend/node_modules/ts-node-dev/lib/wrap.js:88:9
    at Object.nodeDevHook [as .js] (/Users/olashina/Documents/workspace/NIPTREX-backend/node_modules/ts-node-dev/lib/hook.js:61:17)
    at Module.load (node:internal/modules/cjs/loader:1033:32)
    at Function.Module._load (node:internal/modules/cjs/loader:868:12)
    at Module.require (node:internal/modules/cjs/loader:1057:19)
    at require (node:internal/modules/cjs/helpers:103:18)
    at Object.getCodec (/Users/olashina/Documents/workspace/NIPTREX-backend/node_modules/iconv-lite/lib/index.js:65:27)
2023-05-10 21:27:58 error: [POST] /auth/login >> StatusCode:: 400, Message:: Cannot read properties of undefined (reading 'status')
2023-05-10 21:28:19 error: [POST] /bid/645acd78b8969882155cb550 >> StatusCode:: 400, Message:: JOB_ALREAD_BIDDED
