2023-03-31 00:00:00 info: Connected to email server
2023-03-31 00:00:11 info: Connected to Database Successfully...
2023-03-31 00:00:53 error: [GET] /profile >> StatusCode:: 404, Message:: The requested path /profile not found!
2023-03-31 00:00:53 info: [0mGET /profile [32m200[0m 9.107 ms - 96[0m
2023-03-31 00:09:58 info: =================================
2023-03-31 00:09:58 info: ======= ENV: development =======
2023-03-31 00:09:58 info: 🚀 App listening on the port 3000
2023-03-31 00:09:58 info: =================================
2023-03-31 00:10:02 info: Connected to email server
2023-03-31 00:10:08 info: Connected to Database Successfully...
2023-03-31 00:10:48 error: [POST] /auth/login >> StatusCode:: 400, Message:: Cannot read properties of undefined (reading 'status')
2023-03-31 00:10:48 info: [0mPOST /auth/login [32m200[0m 755.714 ms - 587[0m
2023-03-31 00:10:54 info: [0mPOST /profile/experience [32m200[0m 676.755 ms - 401[0m
2023-03-31 00:24:29 info: =================================
2023-03-31 00:24:29 info: ======= ENV: development =======
2023-03-31 00:24:29 info: 🚀 App listening on the port 3000
2023-03-31 00:24:29 info: =================================
2023-03-31 00:24:33 info: Connected to Database Successfully...
2023-03-31 00:25:02 info: Connected to email server
2023-03-31 00:30:13 info: =================================
2023-03-31 00:30:13 info: ======= ENV: development =======
2023-03-31 00:30:13 info: 🚀 App listening on the port 3000
2023-03-31 00:30:13 info: =================================
2023-03-31 00:30:16 info: Connected to email server
2023-03-31 00:30:26 info: Connected to Database Successfully...
2023-03-31 00:30:51 error: [POST] /auth/login >> StatusCode:: 400, Message:: Cannot read properties of undefined (reading 'status')
2023-03-31 00:30:51 info: [0mPOST /auth/login [32m200[0m 1457.916 ms - 587[0m
2023-03-31 00:31:00 info: [0mGET /reload_db [32m200[0m 3109.248 ms - 74[0m
2023-03-31 00:31:06 error: [GET] /users/profile >> StatusCode:: 400, Message:: INVALID_AUTHORIZATION
2023-03-31 00:31:06 info: [0mGET /users/profile [32m200[0m 291.571 ms - 79[0m
2023-03-31 00:31:11 error: [POST] /auth/login >> StatusCode:: 400, Message:: Cannot read properties of undefined (reading 'status')
2023-03-31 00:31:11 info: [0mPOST /auth/login [32m200[0m 502.102 ms - 587[0m
2023-03-31 00:31:16 info: [0mGET /users/profile [32m200[0m 1855.202 ms - 511[0m
2023-03-31 00:32:25 info: =================================
2023-03-31 00:32:25 info: ======= ENV: development =======
2023-03-31 00:32:25 info: 🚀 App listening on the port 3000
2023-03-31 00:32:25 info: =================================
2023-03-31 00:32:28 info: Connected to email server
2023-03-31 00:32:43 info: Connected to Database Successfully...
2023-03-31 00:32:57 info: [0mGET /reload_db [32m200[0m 2415.675 ms - 74[0m
2023-03-31 00:33:01 error: [POST] /auth/login >> StatusCode:: 400, Message:: Cannot read properties of undefined (reading 'status')
2023-03-31 00:33:01 info: [0mPOST /auth/login [32m200[0m 652.237 ms - 587[0m
2023-03-31 00:33:06 info: [0mGET /users/profile [32m200[0m 742.185 ms - 511[0m
2023-03-31 00:33:18 info: [0mPOST /profile/education [32m200[0m 969.125 ms - 326[0m
2023-03-31 00:33:29 info: [0mGET /users/profile [32m200[0m 451.065 ms - 510[0m
2023-03-31 00:43:21 info: =================================
2023-03-31 00:43:21 info: ======= ENV: development =======
2023-03-31 00:43:21 info: 🚀 App listening on the port 3000
2023-03-31 00:43:21 info: =================================
2023-03-31 00:43:23 info: Connected to Database Successfully...
2023-03-31 00:43:24 info: Connected to email server
2023-03-31 00:44:24 info: =================================
2023-03-31 00:44:24 info: ======= ENV: development =======
2023-03-31 00:44:24 info: 🚀 App listening on the port 3000
2023-03-31 00:44:24 info: =================================
2023-03-31 00:44:27 info: Connected to email server
2023-03-31 00:44:32 info: Connected to Database Successfully...
2023-03-31 00:44:43 error: [GET] /profile >> StatusCode:: 404, Message:: The requested path /profile not found!
2023-03-31 00:44:43 info: [0mGET /profile [32m200[0m 31.720 ms - 96[0m
2023-03-31 00:45:08 info: =================================
2023-03-31 00:45:08 info: ======= ENV: development =======
2023-03-31 00:45:08 info: 🚀 App listening on the port 3000
2023-03-31 00:45:08 info: =================================
2023-03-31 00:45:12 info: Connected to email server
2023-03-31 00:45:12 info: Connected to Database Successfully...
2023-03-31 00:45:26 info: [0mGET /profile [32m200[0m 1820.408 ms - 465[0m
2023-03-31 00:46:28 error: [POST] /profile/about >> StatusCode:: 400, Message:: About validation failed: languages.0: Cast to [string] failed for value "[ { id: '1', name: 'nglish' }, { id: '2', name: 'oruba' } ]" (type string) at path "languages.0" because of "CastError"
2023-03-31 00:46:28 info: [0mPOST /profile/about [32m200[0m 485.928 ms - 255[0m
2023-03-31 00:48:09 error: [POST] /profile/about >> StatusCode:: 400, Message:: PROFILE_VALIDATION_ERROR
2023-03-31 00:48:09 info: [0mPOST /profile/about [32m200[0m 454.392 ms - 114[0m
2023-03-31 00:51:26 error: [POST] /profile/about >> StatusCode:: 400, Message:: PROFILE_VALIDATION_ERROR
2023-03-31 00:51:26 info: [0mPOST /profile/about [32m200[0m 431.273 ms - 123[0m
2023-03-31 00:54:03 info: =================================
2023-03-31 00:54:03 info: ======= ENV: development =======
2023-03-31 00:54:03 info: 🚀 App listening on the port 3000
2023-03-31 00:54:03 info: =================================
2023-03-31 00:54:07 info: Connected to email server
2023-03-31 00:54:21 info: Connected to Database Successfully...
2023-03-31 00:54:44 info: [0mPOST /profile/about [32m200[0m 915.816 ms - 795[0m
2023-03-31 00:55:16 info: [0mGET /profile [32m200[0m 2080.121 ms - -[0m
2023-03-31 00:56:58 info: =================================
2023-03-31 00:56:58 info: ======= ENV: development =======
2023-03-31 00:56:58 info: 🚀 App listening on the port 3000
2023-03-31 00:56:58 info: =================================
2023-03-31 00:57:01 info: Connected to email server
2023-03-31 00:57:06 info: Connected to Database Successfully...
2023-03-31 00:57:14 info: [0mGET /profile [32m200[0m 2490.296 ms - 443[0m
2023-03-31 00:58:12 info: =================================
2023-03-31 00:58:12 info: ======= ENV: development =======
2023-03-31 00:58:12 info: 🚀 App listening on the port 3000
2023-03-31 00:58:12 info: =================================
2023-03-31 00:58:15 info: Connected to Database Successfully...
2023-03-31 00:58:29 info: [0mGET /profile [32m200[0m 2656.213 ms - -[0m
2023-03-31 00:58:45 info: Connected to email server
2023-03-31 00:59:40 info: [0mPOST /profile/preference [32m200[0m 2031.932 ms - 479[0m
2023-03-31 00:59:56 info: [0mGET /profile [32m200[0m 4491.598 ms - -[0m
2023-03-31 01:00:26 info: =================================
2023-03-31 01:00:26 info: ======= ENV: development =======
2023-03-31 01:00:26 info: 🚀 App listening on the port 3000
2023-03-31 01:00:26 info: =================================
2023-03-31 01:00:31 info: Connected to email server
2023-03-31 01:00:34 info: Connected to Database Successfully...
2023-03-31 01:00:52 info: [0mGET /profile [32m200[0m 3754.983 ms - -[0m
2023-03-31 01:01:11 info: [0mPOST /profile/identity [32m200[0m 701.526 ms - 278[0m
2023-03-31 01:01:20 info: [0mGET /profile [32m200[0m 2389.034 ms - -[0m
2023-03-31 01:01:51 info: =================================
2023-03-31 01:01:51 info: ======= ENV: development =======
2023-03-31 01:01:51 info: 🚀 App listening on the port 3000
2023-03-31 01:01:51 info: =================================
2023-03-31 01:01:54 info: Connected to email server
2023-03-31 01:01:59 info: Connected to Database Successfully...
2023-03-31 01:02:06 info: [0mGET /profile [32m200[0m 2589.046 ms - -[0m
2023-03-31 01:02:38 info: [0mPOST /profile/billing [32m200[0m 807.179 ms - 230[0m
2023-03-31 01:02:50 info: [0mGET /profile [32m200[0m 2770.853 ms - -[0m
2023-03-31 01:03:26 info: =================================
2023-03-31 01:03:26 info: ======= ENV: development =======
2023-03-31 01:03:26 info: 🚀 App listening on the port 3000
2023-03-31 01:03:26 info: =================================
2023-03-31 01:03:28 info: Connected to email server
2023-03-31 01:03:36 info: Connected to Database Successfully...
2023-03-31 01:03:41 error: [GET] /profile >> StatusCode:: 400, Message:: INVALID_AUTHORIZATION
2023-03-31 01:03:41 info: [0mGET /profile [32m200[0m 26.737 ms - 79[0m
2023-03-31 01:03:55 error: [POST] /auth/login >> StatusCode:: 400, Message:: Cannot read properties of undefined (reading 'status')
2023-03-31 01:03:55 info: [0mPOST /auth/login [32m200[0m 832.882 ms - 587[0m
2023-03-31 01:04:03 info: [0mGET /profile [32m200[0m 2333.042 ms - -[0m
2023-03-31 01:14:20 info: [0mGET /reload_db [32m200[0m 2340.939 ms - 74[0m
2023-03-31 01:14:23 error: [GET] /profile >> StatusCode:: 400, Message:: INVALID_AUTHORIZATION
2023-03-31 01:14:23 info: [0mGET /profile [32m200[0m 216.637 ms - 79[0m
2023-03-31 01:14:30 error: [POST] /auth/login >> StatusCode:: 400, Message:: Cannot read properties of undefined (reading 'status')
2023-03-31 01:14:30 info: [0mPOST /auth/login [32m200[0m 726.496 ms - 587[0m
2023-03-31 01:14:35 error: [GET] /profile >> StatusCode:: 400, Message:: Cannot read properties of undefined (reading 'personal_details')
2023-03-31 01:14:35 info: [0mGET /profile [32m200[0m 2330.971 ms - 121[0m
2023-03-31 01:15:18 info: =================================
2023-03-31 01:15:18 info: ======= ENV: development =======
2023-03-31 01:15:18 info: 🚀 App listening on the port 3000
2023-03-31 01:15:18 info: =================================
2023-03-31 01:15:20 info: Connected to email server
2023-03-31 01:15:26 info: Connected to Database Successfully...
2023-03-31 01:15:34 info: [0mGET /profile [32m200[0m 2737.347 ms - 141[0m
2023-03-31 01:21:36 info: =================================
2023-03-31 01:21:36 info: ======= ENV: development =======
2023-03-31 01:21:36 info: 🚀 App listening on the port 3000
2023-03-31 01:21:36 info: =================================
2023-03-31 01:21:39 info: Connected to email server
2023-03-31 01:21:46 info: Connected to Database Successfully...
2023-03-31 01:21:54 info: [0mGET /profile [32m200[0m 2018.612 ms - 176[0m
2023-03-31 01:22:05 info: [0mPOST /profile/experience [32m200[0m 1075.781 ms - 401[0m
2023-03-31 01:22:14 info: [0mGET /profile [32m200[0m 2386.678 ms - 496[0m
2023-03-31 01:23:03 info: =================================
2023-03-31 01:23:03 info: ======= ENV: development =======
2023-03-31 01:23:03 info: 🚀 App listening on the port 3000
2023-03-31 01:23:03 info: =================================
2023-03-31 01:23:05 info: Connected to email server
2023-03-31 01:23:05 info: Connected to Database Successfully...
2023-03-31 01:23:17 info: [0mGET /profile [32m200[0m 1837.112 ms - 499[0m
2023-03-31 01:23:25 info: [0mPOST /profile/about [32m200[0m 1023.624 ms - 795[0m
2023-03-31 01:23:33 info: [0mGET /profile [32m200[0m 2208.360 ms - -[0m
2023-03-31 01:23:52 info: [0mPOST /profile/education [32m200[0m 1270.013 ms - 326[0m
2023-03-31 01:24:04 info: [0mGET /profile [32m200[0m 3673.709 ms - -[0m
2023-03-31 01:24:14 info: [0mPOST /profile/identity [32m200[0m 647.737 ms - 278[0m
2023-03-31 01:25:46 info: [0mGET /users/profile [32m200[0m 437.699 ms - 509[0m
