2023-07-13 04:23:20 info: =================================
2023-07-13 04:23:20 info: ======= ENV: development =======
2023-07-13 04:23:20 info: 🚀 App listening on the port 3000
2023-07-13 04:23:20 info: =================================
2023-07-13 04:23:22 info: Connected to email server
2023-07-13 04:23:22 info: Connected to email server
2023-07-13 04:23:22 info: Connected to email server
2023-07-13 04:23:22 info: Connected to email server
2023-07-13 04:23:22 info: Connected to email server
2023-07-13 04:23:22 info: Connected to email server
2023-07-13 04:23:22 info: Connected to email server
2023-07-13 04:23:23 info: Connected to Database Successfully...
2023-07-13 04:23:53 info: Connected to email server
2023-07-13 04:24:09 error: [POST] /auth/login >> StatusCode:: 400, Message:: Cannot read properties of undefined (reading 'status')
2023-07-13 04:24:09 info: [0mPOST /auth/login [32m200[0m 892.921 ms - 587[0m
2023-07-13 04:24:19 error: [POST] /profile/billingAddress >> StatusCode:: 400, Message:: Cannot read properties of undefined (reading 'find')
2023-07-13 04:24:19 info: [0mPOST /profile/billingAddress [32m200[0m 552.199 ms - 109[0m
2023-07-13 04:26:06 info: =================================
2023-07-13 04:26:06 info: ======= ENV: development =======
2023-07-13 04:26:06 info: 🚀 App listening on the port 3000
2023-07-13 04:26:06 info: =================================
2023-07-13 04:26:08 info: Connected to email server
2023-07-13 04:26:08 info: Connected to email server
2023-07-13 04:26:08 info: Connected to email server
2023-07-13 04:26:08 info: Connected to email server
2023-07-13 04:26:08 info: Connected to email server
2023-07-13 04:26:08 info: Connected to email server
2023-07-13 04:26:08 info: Connected to email server
2023-07-13 04:26:09 info: Connected to Database Successfully...
2023-07-13 04:26:15 info: [0mPOST /profile/billingAddress [32m200[0m 2015.850 ms - 312[0m
2023-07-13 04:26:39 info: Connected to email server
2023-07-13 04:27:26 info: =================================
2023-07-13 04:27:26 info: ======= ENV: development =======
2023-07-13 04:27:26 info: 🚀 App listening on the port 3000
2023-07-13 04:27:26 info: =================================
2023-07-13 04:27:28 info: Connected to email server
2023-07-13 04:27:28 info: Connected to email server
2023-07-13 04:27:28 info: Connected to email server
2023-07-13 04:27:28 info: Connected to email server
2023-07-13 04:27:28 info: Connected to email server
2023-07-13 04:27:28 info: Connected to email server
2023-07-13 04:27:38 info: Connected to Database Successfully...
2023-07-13 04:27:59 info: Connected to email server
2023-07-13 04:27:59 info: Connected to email server
2023-07-13 04:33:24 info: [0mGET /profile [32m200[0m 2635.238 ms - -[0m
2023-07-13 04:35:13 info: =================================
2023-07-13 04:35:13 info: ======= ENV: development =======
2023-07-13 04:35:13 info: 🚀 App listening on the port 3000
2023-07-13 04:35:13 info: =================================
2023-07-13 04:35:15 info: Connected to email server
2023-07-13 04:35:15 info: Connected to email server
2023-07-13 04:35:15 info: Connected to email server
2023-07-13 04:35:15 info: Connected to email server
2023-07-13 04:35:15 info: Connected to email server
2023-07-13 04:35:15 info: Connected to email server
2023-07-13 04:35:15 info: Connected to email server
2023-07-13 04:35:20 info: Connected to Database Successfully...
2023-07-13 04:35:45 info: Connected to email server
2023-07-13 04:35:57 info: [0mPOST /chat [32m200[0m 617.372 ms - 235[0m
2023-07-13 04:36:24 info: [0mPOST /chat/message [32m200[0m 536.681 ms - 274[0m
2023-07-13 04:36:37 info: [0mGET /chat/64af711dbe621f6504e0c64c [32m200[0m 478.466 ms - 235[0m
2023-07-13 04:42:22 info: =================================
2023-07-13 04:42:22 info: ======= ENV: development =======
2023-07-13 04:42:22 info: 🚀 App listening on the port 3000
2023-07-13 04:42:22 info: =================================
2023-07-13 04:42:24 info: Connected to email server
2023-07-13 04:42:25 info: Connected to email server
2023-07-13 04:42:25 info: Connected to email server
2023-07-13 04:42:25 info: Connected to email server
2023-07-13 04:42:25 info: Connected to email server
2023-07-13 04:42:25 info: Connected to email server
2023-07-13 04:42:25 info: Connected to email server
2023-07-13 04:42:26 info: Connected to Database Successfully...
2023-07-13 04:42:50 error: [POST] /chat/message >> StatusCode:: 400, Message:: MESSAGE_VALIDATION_ERROR
2023-07-13 04:42:50 info: [0mPOST /chat/message [32m200[0m 286.912 ms - 109[0m
2023-07-13 04:42:54 info: Connected to email server
2023-07-13 04:43:16 info: =================================
2023-07-13 04:43:16 info: ======= ENV: development =======
2023-07-13 04:43:16 info: 🚀 App listening on the port 3000
2023-07-13 04:43:16 info: =================================
2023-07-13 04:43:18 info: Connected to email server
2023-07-13 04:43:18 info: Connected to email server
2023-07-13 04:43:18 info: Connected to email server
2023-07-13 04:43:18 info: Connected to email server
2023-07-13 04:43:18 info: Connected to email server
2023-07-13 04:43:18 info: Connected to email server
2023-07-13 04:43:24 info: Connected to Database Successfully...
2023-07-13 04:43:33 error: [POST] /chat/message >> StatusCode:: 400, Message:: MESSAGE_VALIDATION_ERROR
2023-07-13 04:43:33 info: [0mPOST /chat/message [32m200[0m 335.132 ms - 106[0m
2023-07-13 04:43:48 info: Connected to email server
2023-07-13 04:43:48 info: Connected to email server
2023-07-13 04:45:18 info: =================================
2023-07-13 04:45:18 info: ======= ENV: development =======
2023-07-13 04:45:18 info: 🚀 App listening on the port 3000
2023-07-13 04:45:18 info: =================================
2023-07-13 04:45:20 info: Connected to email server
2023-07-13 04:45:20 info: Connected to email server
2023-07-13 04:45:20 info: Connected to email server
2023-07-13 04:45:20 info: Connected to email server
2023-07-13 04:45:20 info: Connected to email server
2023-07-13 04:45:20 info: Connected to email server
2023-07-13 04:45:20 info: Connected to email server
2023-07-13 04:45:20 info: Connected to email server
2023-07-13 04:45:21 info: Connected to Database Successfully...
2023-07-13 04:45:38 error: [POST] /chat/message >> StatusCode:: 400, Message:: MESSAGE_VALIDATION_ERROR
2023-07-13 04:45:38 info: [0mPOST /chat/message [32m200[0m 492.328 ms - 106[0m
2023-07-13 04:46:16 info: =================================
2023-07-13 04:46:16 info: ======= ENV: development =======
2023-07-13 04:46:16 info: 🚀 App listening on the port 3000
2023-07-13 04:46:16 info: =================================
2023-07-13 04:46:18 info: Connected to email server
2023-07-13 04:46:19 info: Connected to email server
2023-07-13 04:46:19 info: Connected to email server
2023-07-13 04:46:19 info: Connected to email server
2023-07-13 04:46:19 info: Connected to email server
2023-07-13 04:46:19 info: Connected to email server
2023-07-13 04:46:19 info: Connected to email server
2023-07-13 04:46:19 info: Connected to email server
2023-07-13 04:46:19 info: Connected to Database Successfully...
2023-07-13 04:47:21 error: [POST] /chat/message >> StatusCode:: 400, Message:: MESSAGE_VALIDATION_ERROR
2023-07-13 04:47:21 info: [0mPOST /chat/message [32m200[0m 273.143 ms - 106[0m
2023-07-13 04:48:08 info: =================================
2023-07-13 04:48:08 info: ======= ENV: development =======
2023-07-13 04:48:08 info: 🚀 App listening on the port 3000
2023-07-13 04:48:08 info: =================================
2023-07-13 04:48:10 info: Connected to email server
2023-07-13 04:48:10 info: Connected to email server
2023-07-13 04:48:10 info: Connected to email server
2023-07-13 04:48:10 info: Connected to email server
2023-07-13 04:48:10 info: Connected to email server
2023-07-13 04:48:10 info: Connected to email server
2023-07-13 04:48:10 info: Connected to email server
2023-07-13 04:48:10 info: Connected to email server
2023-07-13 04:48:16 info: Connected to Database Successfully...
2023-07-13 04:48:29 error: [ValidationError] >> Chat validation failed: messages.0.chatId: Path `chatId` is required.
2023-07-13 04:48:47 info: =================================
2023-07-13 04:48:47 info: ======= ENV: development =======
2023-07-13 04:48:47 info: 🚀 App listening on the port 3000
2023-07-13 04:48:47 info: =================================
2023-07-13 04:48:49 info: Connected to Database Successfully...
2023-07-13 04:48:49 info: Connected to email server
2023-07-13 04:48:49 info: Connected to email server
2023-07-13 04:48:49 info: Connected to email server
2023-07-13 04:48:49 info: Connected to email server
2023-07-13 04:48:49 info: Connected to email server
2023-07-13 04:48:49 info: Connected to email server
2023-07-13 04:48:49 info: Connected to email server
2023-07-13 04:48:49 info: Connected to email server
2023-07-13 04:48:59 error: [ValidationError] >> Chat validation failed: messages.0.chatId: Path `chatId` is required.
2023-07-13 04:51:54 info: =================================
2023-07-13 04:51:54 info: ======= ENV: development =======
2023-07-13 04:51:54 info: 🚀 App listening on the port 3000
2023-07-13 04:51:54 info: =================================
2023-07-13 04:51:56 info: Connected to email server
2023-07-13 04:51:56 info: Connected to email server
2023-07-13 04:51:56 info: Connected to email server
2023-07-13 04:51:56 info: Connected to email server
2023-07-13 04:51:56 info: Connected to email server
2023-07-13 04:51:56 info: Connected to email server
2023-07-13 04:51:56 info: Connected to email server
2023-07-13 04:51:56 info: Connected to email server
2023-07-13 04:51:56 info: Connected to Database Successfully...
2023-07-13 04:52:34 error: [ValidationError] >> Chat validation failed: messages.0.chatId: Path `chatId` is required.
2023-07-13 04:55:25 info: =================================
2023-07-13 04:55:25 info: ======= ENV: development =======
2023-07-13 04:55:25 info: 🚀 App listening on the port 3000
2023-07-13 04:55:25 info: =================================
2023-07-13 04:55:28 info: Connected to email server
2023-07-13 04:55:28 info: Connected to email server
2023-07-13 04:55:28 info: Connected to email server
2023-07-13 04:55:28 info: Connected to email server
2023-07-13 04:55:28 info: Connected to email server
2023-07-13 04:55:28 info: Connected to email server
2023-07-13 04:55:28 info: Connected to email server
2023-07-13 04:55:28 info: Connected to email server
2023-07-13 04:55:39 info: Connected to Database Successfully...
2023-07-13 04:55:46 error: [ValidationError] >> Chat validation failed: messages.0.chatId: Path `chatId` is required.
2023-07-13 04:56:02 info: =================================
2023-07-13 04:56:02 info: ======= ENV: development =======
2023-07-13 04:56:02 info: 🚀 App listening on the port 3000
2023-07-13 04:56:02 info: =================================
2023-07-13 04:56:04 info: Connected to email server
2023-07-13 04:56:04 info: Connected to email server
2023-07-13 04:56:04 info: Connected to email server
2023-07-13 04:56:04 info: Connected to email server
2023-07-13 04:56:04 info: Connected to email server
2023-07-13 04:56:04 info: Connected to Database Successfully...
2023-07-13 04:56:35 info: Connected to email server
2023-07-13 04:56:35 info: Connected to email server
2023-07-13 04:56:35 info: Connected to email server
2023-07-13 04:57:30 info: =================================
2023-07-13 04:57:30 info: ======= ENV: development =======
2023-07-13 04:57:30 info: 🚀 App listening on the port 3000
2023-07-13 04:57:30 info: =================================
2023-07-13 04:57:32 info: Connected to email server
2023-07-13 04:57:32 info: Connected to email server
2023-07-13 04:57:32 info: Connected to email server
2023-07-13 04:57:32 info: Connected to email server
2023-07-13 04:57:32 info: Connected to email server
2023-07-13 04:57:32 info: Connected to email server
2023-07-13 04:57:32 info: Connected to email server
2023-07-13 04:57:43 info: Connected to Database Successfully...
2023-07-13 04:57:50 error: [ValidationError] >> Chat validation failed: messages.0.chatId: Path `chatId` is required.
2023-07-13 04:58:24 info: =================================
2023-07-13 04:58:24 info: ======= ENV: development =======
2023-07-13 04:58:24 info: 🚀 App listening on the port 3000
2023-07-13 04:58:24 info: =================================
2023-07-13 04:58:26 info: Connected to email server
2023-07-13 04:58:26 info: Connected to email server
2023-07-13 04:58:26 info: Connected to email server
2023-07-13 04:58:26 info: Connected to email server
2023-07-13 04:58:26 info: Connected to email server
2023-07-13 04:58:26 info: Connected to email server
2023-07-13 04:58:26 info: Connected to email server
2023-07-13 04:58:26 info: Connected to email server
2023-07-13 04:58:26 info: Connected to Database Successfully...
2023-07-13 04:58:39 info: [0mGET /reload_db [32m200[0m 4659.863 ms - 74[0m
2023-07-13 04:58:45 error: [POST] /auth/login >> StatusCode:: 400, Message:: Cannot read properties of undefined (reading 'status')
2023-07-13 04:58:45 info: [0mPOST /auth/login [32m200[0m 581.471 ms - 587[0m
2023-07-13 04:58:54 error: [POST] /auth/login >> StatusCode:: 400, Message:: Cannot read properties of undefined (reading 'status')
2023-07-13 04:58:54 info: [0mPOST /auth/login [32m200[0m 494.060 ms - 587[0m
2023-07-13 05:01:03 info: =================================
2023-07-13 05:01:03 info: ======= ENV: development =======
2023-07-13 05:01:03 info: 🚀 App listening on the port 3000
2023-07-13 05:01:03 info: =================================
2023-07-13 05:01:06 info: Connected to email server
2023-07-13 05:01:06 info: Connected to email server
2023-07-13 05:01:06 info: Connected to email server
2023-07-13 05:01:06 info: Connected to email server
2023-07-13 05:01:06 info: Connected to email server
2023-07-13 05:01:06 info: Connected to email server
2023-07-13 05:01:06 info: Connected to email server
2023-07-13 05:01:06 info: Connected to email server
2023-07-13 05:01:12 info: Connected to Database Successfully...
2023-07-13 05:01:29 info: [0mGET /users/profile [32m200[0m 477.030 ms - 469[0m
2023-07-13 05:01:52 error: [POST] /auth/login >> StatusCode:: 400, Message:: Cannot read properties of undefined (reading 'status')
2023-07-13 05:01:52 info: [0mPOST /auth/login [32m200[0m 666.024 ms - 587[0m
2023-07-13 05:01:58 info: [0mGET /users/profile [32m200[0m 651.190 ms - 476[0m
2023-07-13 05:02:19 error: [POST] /chat >> StatusCode:: 400, Message:: All required fields cannot be empty
2023-07-13 05:02:19 info: [0mPOST /chat [32m200[0m 315.562 ms - 93[0m
2023-07-13 05:05:44 info: =================================
2023-07-13 05:05:44 info: ======= ENV: development =======
2023-07-13 05:05:44 info: 🚀 App listening on the port 3000
2023-07-13 05:05:44 info: =================================
2023-07-13 05:05:46 info: Connected to email server
2023-07-13 05:05:46 info: Connected to email server
2023-07-13 05:05:46 info: Connected to email server
2023-07-13 05:05:46 info: Connected to email server
2023-07-13 05:05:46 info: Connected to email server
2023-07-13 05:05:46 info: Connected to email server
2023-07-13 05:05:46 info: Connected to email server
2023-07-13 05:05:46 info: Connected to email server
2023-07-13 05:05:47 info: Connected to Database Successfully...
2023-07-13 05:06:02 info: [0mPOST /chat [32m200[0m 1146.666 ms - 236[0m
2023-07-13 05:06:36 error: [ValidationError] >> Chat validation failed: messages.0.chatId: Path `chatId` is required.
2023-07-13 05:07:48 info: =================================
2023-07-13 05:07:48 info: ======= ENV: development =======
2023-07-13 05:07:48 info: 🚀 App listening on the port 3000
2023-07-13 05:07:48 info: =================================
2023-07-13 05:07:51 info: Connected to email server
2023-07-13 05:07:51 info: Connected to email server
2023-07-13 05:07:51 info: Connected to email server
2023-07-13 05:07:51 info: Connected to email server
2023-07-13 05:07:51 info: Connected to email server
2023-07-13 05:07:51 info: Connected to email server
2023-07-13 05:07:51 info: Connected to email server
2023-07-13 05:07:51 info: Connected to Database Successfully...
2023-07-13 05:07:58 info: [0mPOST /chat/message [32m200[0m 1574.437 ms - 271[0m
2023-07-13 05:08:21 info: Connected to email server
2023-07-13 05:08:22 info: [0mGET /chat/64af782993bdfbeb42b039eb [32m200[0m 597.200 ms - 428[0m
2023-07-13 05:08:48 info: [0mGET /chat/64af782993bdfbeb42b039eb [32m200[0m 487.608 ms - 428[0m
