2025-04-20 00:55:46 info: =================================
2025-04-20 00:55:46 info: ======= ENV: development =======
2025-04-20 00:55:46 info: 🚀 App listening on the port 3000
2025-04-20 00:55:46 info: =================================
2025-04-20 00:55:46 error: Error connecting to Database: Error: querySrv ECONNREFUSED _mongodb._tcp.niptrex.xzoqe5t.mongodb.net
2025-04-20 00:55:46 warn: Unable to connect to email server. Make sure you have configured the SMTP options in .env
2025-04-20 00:55:46 warn: Unable to connect to email server. Make sure you have configured the SMTP options in .env
2025-04-20 00:55:46 warn: Unable to connect to email server. Make sure you have configured the SMTP options in .env
2025-04-20 00:55:46 warn: Unable to connect to email server. Make sure you have configured the SMTP options in .env
2025-04-20 00:55:46 warn: Unable to connect to email server. Make sure you have configured the SMTP options in .env
2025-04-20 00:55:46 warn: Unable to connect to email server. Make sure you have configured the SMTP options in .env
2025-04-20 00:55:46 warn: Unable to connect to email server. Make sure you have configured the SMTP options in .env
2025-04-20 00:55:46 warn: Unable to connect to email server. Make sure you have configured the SMTP options in .env
2025-04-20 00:55:46 warn: Unable to connect to email server. Make sure you have configured the SMTP options in .env
2025-04-20 00:55:46 warn: Unable to connect to email server. Make sure you have configured the SMTP options in .env
2025-04-20 00:55:46 warn: Unable to connect to email server. Make sure you have configured the SMTP options in .env
2025-04-20 00:55:46 warn: Unable to connect to email server. Make sure you have configured the SMTP options in .env
2025-04-20 00:55:46 warn: Unable to connect to email server. Make sure you have configured the SMTP options in .env
2025-04-20 00:55:46 warn: Unable to connect to email server. Make sure you have configured the SMTP options in .env
2025-04-20 00:55:46 warn: Unable to connect to email server. Make sure you have configured the SMTP options in .env
2025-04-20 00:56:18 info: [0mGET / [32m200[0m 4.702 ms - 115[0m
2025-04-20 00:56:19 error: [GET] /favicon.ico >> StatusCode:: 404, Message:: The requested path /favicon.ico not found!
2025-04-20 00:56:19 info: [0mGET /favicon.ico [32m200[0m 5.363 ms - 100[0m
2025-04-20 00:56:43 error: [GET] /admin >> StatusCode:: 404, Message:: The requested path /admin not found!
2025-04-20 00:56:43 info: [0mGET /admin [32m200[0m 9.099 ms - 94[0m
2025-04-20 00:56:43 error: [GET] /favicon.ico >> StatusCode:: 404, Message:: The requested path /favicon.ico not found!
2025-04-20 00:56:43 info: [0mGET /favicon.ico [36m304[0m 2.573 ms - -[0m
2025-04-20 00:56:46 info: [0mGET / [32m200[0m 0.964 ms - 115[0m
2025-04-20 00:56:53 error: [GET] /favicon.ico >> StatusCode:: 404, Message:: The requested path /favicon.ico not found!
2025-04-20 00:56:53 info: [0mGET /favicon.ico [36m304[0m 3.027 ms - -[0m
2025-04-20 00:57:53 error: [GET] /swagger >> StatusCode:: 404, Message:: The requested path /swagger not found!
2025-04-20 00:57:53 info: [0mGET /swagger [32m200[0m 4.137 ms - 96[0m
2025-04-20 00:57:53 error: [GET] /favicon.ico >> StatusCode:: 404, Message:: The requested path /favicon.ico not found!
2025-04-20 00:57:53 info: [0mGET /favicon.ico [36m304[0m 1.336 ms - -[0m
2025-04-20 00:58:01 info: [0mGET / [32m200[0m 1.348 ms - 115[0m
2025-04-20 00:58:02 error: [GET] /favicon.ico >> StatusCode:: 404, Message:: The requested path /favicon.ico not found!
2025-04-20 00:58:02 info: [0mGET /favicon.ico [36m304[0m 1.140 ms - -[0m
2025-04-20 01:11:00 error: [GET] /api-docs >> StatusCode:: 404, Message:: The requested path /api-docs not found!
2025-04-20 01:11:00 info: [0mGET /api-docs [32m200[0m 9.116 ms - 97[0m
2025-04-20 01:11:00 error: [GET] /favicon.ico >> StatusCode:: 404, Message:: The requested path /favicon.ico not found!
2025-04-20 01:11:00 info: [0mGET /favicon.ico [36m304[0m 1.900 ms - -[0m
2025-04-20 01:11:14 info: [0mGET /docs [36m301[0m 12.987 ms - 175[0m
2025-04-20 01:11:14 info: [0mGET /docs/ [32m200[0m 5.736 ms - -[0m
2025-04-20 01:11:14 info: [0mGET /docs/swagger-ui-init.js [32m200[0m 0.998 ms - -[0m
2025-04-20 01:11:14 info: [0mGET /docs/swagger-ui.css [32m200[0m 13.256 ms - -[0m
2025-04-20 01:11:14 info: [0mGET /docs/swagger-ui-standalone-preset.js [32m200[0m 10.675 ms - -[0m
2025-04-20 01:11:14 info: [0mGET /docs/swagger-ui-bundle.js [32m200[0m 14.181 ms - -[0m
2025-04-20 01:11:14 info: [0mGET /docs/favicon-32x32.png [32m200[0m 1.244 ms - 628[0m
2025-04-20 01:21:07 error: [POST] /auth/register >> StatusCode:: 400, Message:: referral_code must be a string
2025-04-20 01:21:07 info: [0mPOST /auth/register [32m200[0m 55.824 ms - 120[0m
2025-04-20 01:21:30 error: [POST] /auth/register >> StatusCode:: 400, Message:: referral_code must be a string
2025-04-20 01:21:30 info: [0mPOST /auth/register [32m200[0m 4.887 ms - 120[0m
2025-04-20 01:21:46 error: [POST] /auth/register >> StatusCode:: 400, Message:: Operation `users.findOne()` buffering timed out after 10000ms
2025-04-20 01:21:46 info: [0mPOST /auth/register [32m200[0m 10018.849 ms - 118[0m
2025-04-20 12:33:41 error: [POST] /auth/register >> StatusCode:: 400, Message:: Operation `users.findOne()` buffering timed out after 10000ms
2025-04-20 12:33:41 info: [0mPOST /auth/register [32m200[0m 10034.119 ms - 118[0m
2025-04-20 12:34:13 info: =================================
2025-04-20 12:34:13 info: ======= ENV: development =======
2025-04-20 12:34:13 info: 🚀 App listening on the port 3000
2025-04-20 12:34:13 info: =================================
2025-04-20 12:34:14 error: Error connecting to Database: Error: querySrv ENOTFOUND _mongodb._tcp.niptrex.xzoqe5t.mongodb.net
2025-04-20 12:34:19 info: Connected to email server
2025-04-20 12:34:19 info: Connected to email server
2025-04-20 12:34:19 info: Connected to email server
2025-04-20 12:34:19 info: Connected to email server
2025-04-20 12:34:19 info: Connected to email server
2025-04-20 12:34:19 info: Connected to email server
2025-04-20 12:34:19 info: Connected to email server
2025-04-20 12:34:19 info: Connected to email server
2025-04-20 12:34:19 info: Connected to email server
2025-04-20 12:34:20 info: Connected to email server
2025-04-20 12:34:20 info: Connected to email server
2025-04-20 12:34:20 info: Connected to email server
2025-04-20 12:34:20 info: Connected to email server
2025-04-20 12:34:20 info: Connected to email server
2025-04-20 12:34:20 info: Connected to email server
2025-04-20 12:34:41 error: [POST] /auth/register >> StatusCode:: 400, Message:: Operation `users.findOne()` buffering timed out after 10000ms
2025-04-20 12:34:41 info: [0mPOST /auth/register [32m200[0m 10036.272 ms - 118[0m
2025-04-20 12:35:39 error: [POST] /auth/register >> StatusCode:: 400, Message:: Operation `users.findOne()` buffering timed out after 10000ms
2025-04-20 12:35:39 info: [0mPOST /auth/register [32m200[0m 10014.310 ms - 118[0m
