2023-11-26 00:29:07 info: =================================
2023-11-26 00:29:07 info: ======= ENV: development =======
2023-11-26 00:29:07 info: 🚀 App listening on the port 3000
2023-11-26 00:29:07 info: =================================
2023-11-26 00:29:10 info: Connected to email server
2023-11-26 00:29:10 info: Connected to email server
2023-11-26 00:29:10 info: Connected to email server
2023-11-26 00:29:10 info: Connected to email server
2023-11-26 00:29:10 info: Connected to email server
2023-11-26 00:29:10 info: Connected to email server
2023-11-26 00:29:10 info: Connected to email server
2023-11-26 00:29:10 info: Connected to email server
2023-11-26 00:29:10 info: Connected to email server
2023-11-26 00:29:10 info: Connected to email server
2023-11-26 00:29:10 info: Connected to email server
2023-11-26 00:29:10 info: Connected to email server
2023-11-26 00:29:10 info: Connected to email server
2023-11-26 00:29:10 info: Connected to email server
2023-11-26 00:29:10 info: Connected to Database Successfully...
2023-11-26 00:32:01 info: =================================
2023-11-26 00:32:01 info: ======= ENV: development =======
2023-11-26 00:32:01 info: 🚀 App listening on the port 3000
2023-11-26 00:32:01 info: =================================
2023-11-26 00:32:04 info: Connected to email server
2023-11-26 00:32:04 info: Connected to email server
2023-11-26 00:32:04 info: Connected to email server
2023-11-26 00:32:04 info: Connected to email server
2023-11-26 00:32:04 info: Connected to email server
2023-11-26 00:32:04 info: Connected to email server
2023-11-26 00:32:04 info: Connected to email server
2023-11-26 00:32:04 info: Connected to email server
2023-11-26 00:32:04 info: Connected to Database Successfully...
