2025-08-25 09:09:10 info: =================================
2025-08-25 09:09:10 info: ======= ENV: development =======
2025-08-25 09:09:10 info: 🚀 App listening on the port 3000
2025-08-25 09:09:10 info: =================================
2025-08-25 09:09:19 info: Connected to email server
2025-08-25 09:09:19 info: Connected to email server
2025-08-25 09:09:21 info: Connected to email server
2025-08-25 09:09:21 info: Connected to email server
2025-08-25 09:09:22 info: Connected to email server
2025-08-25 09:09:22 info: Connected to email server
2025-08-25 09:09:22 info: Connected to email server
2025-08-25 09:09:22 info: Connected to email server
2025-08-25 09:09:22 info: Connected to email server
2025-08-25 09:09:22 info: Connected to email server
2025-08-25 09:09:25 info: Connected to email server
2025-08-25 09:09:27 info: Connected to email server
2025-08-25 09:09:29 info: Connected to Database Successfully...
2025-08-25 09:09:29 info: Connected to email server
2025-08-25 09:09:29 info: Connected to email server
2025-08-25 09:09:29 info: Connected to email server
2025-08-25 09:25:31 info: =================================
2025-08-25 09:25:31 info: ======= ENV: development =======
2025-08-25 09:25:31 info: 🚀 App listening on the port 3000
2025-08-25 09:25:31 info: =================================
2025-08-25 09:25:34 info: Connected to email server
2025-08-25 09:25:34 info: Connected to email server
2025-08-25 09:25:34 info: Connected to email server
2025-08-25 09:25:34 info: Connected to email server
2025-08-25 09:25:34 info: Connected to email server
2025-08-25 09:25:34 info: Connected to email server
2025-08-25 09:25:34 info: Connected to email server
2025-08-25 09:25:34 info: Connected to email server
2025-08-25 09:25:34 info: Connected to email server
2025-08-25 09:25:34 info: Connected to email server
2025-08-25 09:25:34 info: Connected to email server
2025-08-25 09:25:34 info: Connected to email server
2025-08-25 09:25:34 info: Connected to email server
2025-08-25 09:25:34 info: Connected to email server
2025-08-25 09:25:34 info: Connected to email server
2025-08-25 09:25:35 info: Connected to Database Successfully...
2025-08-25 09:28:29 info: [0mOPTIONS /service/getServiceById/6894cfa39956fd1d0fd46ade [32m204[0m 14.753 ms - 0[0m
2025-08-25 09:28:29 info: [0mOPTIONS /service/getServiceById/6894cfa39956fd1d0fd46ade [32m204[0m 0.662 ms - 0[0m
2025-08-25 09:28:29 info: [0mGET /service/getServiceById/6894cfa39956fd1d0fd46ade [32m200[0m 698.452 ms - -[0m
2025-08-25 09:28:30 info: [0mGET /service/getServiceById/6894cfa39956fd1d0fd46ade [32m200[0m 642.462 ms - -[0m
2025-08-25 09:28:46 info: [0mOPTIONS /service/proposal/6894cfa39956fd1d0fd46ade [32m204[0m 0.393 ms - 0[0m
2025-08-25 09:28:46 error: [Error] >> Channel closed
2025-08-25 09:28:47 info: =================================
2025-08-25 09:28:47 info: ======= ENV: development =======
2025-08-25 09:28:47 info: 🚀 App listening on the port 3000
2025-08-25 09:28:47 info: =================================
2025-08-25 09:28:50 info: Connected to email server
2025-08-25 09:28:50 info: Connected to email server
2025-08-25 09:28:50 info: Connected to email server
2025-08-25 09:28:50 info: Connected to email server
2025-08-25 09:28:50 info: Connected to email server
2025-08-25 09:28:50 info: Connected to email server
2025-08-25 09:28:50 info: Connected to email server
2025-08-25 09:28:50 info: Connected to email server
2025-08-25 09:28:50 info: Connected to email server
2025-08-25 09:28:50 info: Connected to email server
2025-08-25 09:28:50 info: Connected to email server
2025-08-25 09:28:50 info: Connected to email server
2025-08-25 09:28:50 info: Connected to email server
2025-08-25 09:28:50 info: Connected to email server
2025-08-25 09:28:50 info: Connected to email server
2025-08-25 09:28:51 info: Connected to Database Successfully...
2025-08-25 09:28:59 info: [0mGET / [32m200[0m 10.309 ms - 115[0m
2025-08-25 09:28:59 error: [GET] /favicon.ico >> StatusCode:: 404, Message:: The requested path /favicon.ico not found!
2025-08-25 09:28:59 info: [0mGET /favicon.ico [32m200[0m 7.295 ms - 100[0m
2025-08-25 09:29:07 info: [0mOPTIONS /service/proposal/6894cfa39956fd1d0fd46ade [32m204[0m 0.513 ms - 0[0m
2025-08-25 09:29:09 info: [0mPOST /service/proposal/6894cfa39956fd1d0fd46ade [32m200[0m 1823.848 ms - 419[0m
2025-08-25 09:29:32 info: [0mOPTIONS /service/getServiceProposalById/68ac1ed4d9b9341418a93a75 [32m204[0m 0.249 ms - 0[0m
2025-08-25 09:29:34 info: [0mGET /service/getServiceProposalById/68ac1ed4d9b9341418a93a75 [32m200[0m 1786.876 ms - -[0m
2025-08-25 09:32:29 info: [0mOPTIONS /service/payment [32m204[0m 2.626 ms - 0[0m
2025-08-25 09:32:32 info: [0mPOST /service/payment [32m200[0m 2546.606 ms - 167[0m
2025-08-25 09:35:03 info: [0mOPTIONS /service/paymentCallback [32m204[0m 0.810 ms - 0[0m
2025-08-25 09:35:07 error: [POST] /service/paymentCallback >> StatusCode:: 400, Message:: HireService validation failed: service_buyer: Path `service_buyer` is required.
2025-08-25 09:35:07 info: [0mPOST /service/paymentCallback [32m200[0m 3731.569 ms - 136[0m
2025-08-25 09:35:25 info: [0mOPTIONS /service/paymentCallback [32m204[0m 0.282 ms - 0[0m
2025-08-25 09:35:29 error: [POST] /service/paymentCallback >> StatusCode:: 400, Message:: HireService validation failed: service_buyer: Path `service_buyer` is required.
2025-08-25 09:35:29 info: [0mPOST /service/paymentCallback [32m200[0m 4642.395 ms - 136[0m
2025-08-25 09:38:53 info: [0mOPTIONS /service/paymentCallback [32m204[0m 1.548 ms - 0[0m
2025-08-25 09:38:56 error: [POST] /service/paymentCallback >> StatusCode:: 400, Message:: HireService validation failed: service_buyer: Path `service_buyer` is required.
2025-08-25 09:38:56 info: [0mPOST /service/paymentCallback [32m200[0m 3690.585 ms - 136[0m
2025-08-25 09:39:41 info: [0mOPTIONS /service/paymentCallback [32m204[0m 1.687 ms - 0[0m
2025-08-25 09:39:45 error: [POST] /service/paymentCallback >> StatusCode:: 400, Message:: HireService validation failed: service_buyer: Path `service_buyer` is required.
2025-08-25 09:39:45 info: [0mPOST /service/paymentCallback [32m200[0m 4313.297 ms - 136[0m
2025-08-25 09:40:19 info: [0mOPTIONS /service/paymentCallback [32m204[0m 0.218 ms - 0[0m
2025-08-25 09:40:23 error: [POST] /service/paymentCallback >> StatusCode:: 400, Message:: HireService validation failed: service_buyer: Path `service_buyer` is required.
2025-08-25 09:40:23 info: [0mPOST /service/paymentCallback [32m200[0m 3557.784 ms - 136[0m
2025-08-25 09:40:51 info: [0mOPTIONS /service/paymentCallback [32m204[0m 2.259 ms - 0[0m
2025-08-25 09:40:54 error: [POST] /service/paymentCallback >> StatusCode:: 400, Message:: HireService validation failed: service_buyer: Path `service_buyer` is required.
2025-08-25 09:40:54 info: [0mPOST /service/paymentCallback [32m200[0m 3656.543 ms - 136[0m
2025-08-25 09:41:30 info: [0mOPTIONS /service/paymentCallback [32m204[0m 0.345 ms - 0[0m
2025-08-25 09:41:33 error: [POST] /service/paymentCallback >> StatusCode:: 400, Message:: HireService validation failed: service_buyer: Path `service_buyer` is required.
2025-08-25 09:41:33 info: [0mPOST /service/paymentCallback [32m200[0m 3640.689 ms - 136[0m
2025-08-25 09:41:59 info: [0mOPTIONS /service/paymentCallback [32m204[0m 0.620 ms - 0[0m
2025-08-25 09:42:04 error: [POST] /service/paymentCallback >> StatusCode:: 400, Message:: HireService validation failed: service_buyer: Path `service_buyer` is required.
2025-08-25 09:42:04 info: [0mPOST /service/paymentCallback [32m200[0m 4531.115 ms - 136[0m
2025-08-25 09:42:13 info: =================================
2025-08-25 09:42:13 info: ======= ENV: development =======
2025-08-25 09:42:13 info: 🚀 App listening on the port 3000
2025-08-25 09:42:13 info: =================================
2025-08-25 09:42:16 info: Connected to email server
2025-08-25 09:42:16 info: Connected to email server
2025-08-25 09:42:16 info: Connected to email server
2025-08-25 09:42:17 info: Connected to email server
2025-08-25 09:42:17 info: Connected to email server
2025-08-25 09:42:17 info: Connected to email server
2025-08-25 09:42:17 info: Connected to email server
2025-08-25 09:42:17 info: Connected to email server
2025-08-25 09:42:17 info: Connected to email server
2025-08-25 09:42:17 info: Connected to email server
2025-08-25 09:42:17 info: Connected to email server
2025-08-25 09:42:17 info: Connected to email server
2025-08-25 09:42:17 info: Connected to email server
2025-08-25 09:42:17 info: Connected to email server
2025-08-25 09:42:17 info: Connected to email server
2025-08-25 09:42:18 info: Connected to Database Successfully...
2025-08-25 09:42:24 info: [0mOPTIONS /service/paymentCallback [32m204[0m 1.110 ms - 0[0m
2025-08-25 09:42:28 error: [POST] /service/paymentCallback >> StatusCode:: 400, Message:: HireService validation failed: service_buyer: Path `service_buyer` is required.
2025-08-25 09:42:28 info: [0mPOST /service/paymentCallback [32m200[0m 4155.153 ms - 136[0m
2025-08-25 09:43:57 info: =================================
2025-08-25 09:43:57 info: ======= ENV: development =======
2025-08-25 09:43:57 info: 🚀 App listening on the port 3000
2025-08-25 09:43:57 info: =================================
2025-08-25 09:44:03 info: Connected to email server
2025-08-25 09:44:03 info: Connected to email server
2025-08-25 09:44:03 info: Connected to email server
2025-08-25 09:44:03 info: Connected to email server
2025-08-25 09:44:03 info: Connected to email server
2025-08-25 09:44:03 info: Connected to email server
2025-08-25 09:44:03 info: Connected to email server
2025-08-25 09:44:03 info: Connected to email server
2025-08-25 09:44:03 info: Connected to email server
2025-08-25 09:44:03 info: Connected to email server
2025-08-25 09:44:03 info: Connected to email server
2025-08-25 09:44:03 info: Connected to email server
2025-08-25 09:44:03 info: Connected to email server
2025-08-25 09:44:03 info: Connected to email server
2025-08-25 09:44:03 info: Connected to email server
2025-08-25 09:44:04 info: Connected to Database Successfully...
2025-08-25 09:44:11 info: [0mOPTIONS /service/paymentCallback [32m204[0m 2.067 ms - 0[0m
2025-08-25 09:44:14 error: [POST] /service/paymentCallback >> StatusCode:: 400, Message:: HireService validation failed: service_buyer: Path `service_buyer` is required.
2025-08-25 09:44:14 info: [0mPOST /service/paymentCallback [32m200[0m 3661.808 ms - 136[0m
2025-08-25 09:47:34 info: =================================
2025-08-25 09:47:34 info: ======= ENV: development =======
2025-08-25 09:47:34 info: 🚀 App listening on the port 3000
2025-08-25 09:47:34 info: =================================
2025-08-25 09:47:36 info: Connected to email server
2025-08-25 09:47:36 info: Connected to email server
2025-08-25 09:47:36 info: Connected to email server
2025-08-25 09:47:36 info: Connected to email server
2025-08-25 09:47:37 info: Connected to email server
2025-08-25 09:47:37 info: Connected to email server
2025-08-25 09:47:37 info: Connected to email server
2025-08-25 09:47:37 info: Connected to email server
2025-08-25 09:47:37 info: Connected to email server
2025-08-25 09:47:37 info: Connected to email server
2025-08-25 09:47:37 info: Connected to email server
2025-08-25 09:47:37 info: Connected to email server
2025-08-25 09:47:37 info: Connected to email server
2025-08-25 09:47:37 info: Connected to email server
2025-08-25 09:47:37 info: Connected to email server
2025-08-25 09:47:38 info: Connected to Database Successfully...
2025-08-25 09:47:42 info: [0mOPTIONS /service/paymentCallback [32m204[0m 20.413 ms - 0[0m
2025-08-25 09:47:46 error: [POST] /service/paymentCallback >> StatusCode:: 400, Message:: HireService validation failed: service_buyer: Path `service_buyer` is required.
2025-08-25 09:47:46 info: [0mPOST /service/paymentCallback [32m200[0m 3371.679 ms - 136[0m
2025-08-25 09:49:00 info: =================================
2025-08-25 09:49:00 info: ======= ENV: development =======
2025-08-25 09:49:00 info: 🚀 App listening on the port 3000
2025-08-25 09:49:00 info: =================================
2025-08-25 09:49:02 info: Connected to email server
2025-08-25 09:49:02 info: Connected to email server
2025-08-25 09:49:02 info: Connected to email server
2025-08-25 09:49:02 info: Connected to email server
2025-08-25 09:49:02 info: Connected to email server
2025-08-25 09:49:02 info: Connected to email server
2025-08-25 09:49:02 info: Connected to email server
2025-08-25 09:49:02 info: Connected to email server
2025-08-25 09:49:02 info: Connected to email server
2025-08-25 09:49:02 info: Connected to email server
2025-08-25 09:49:02 info: Connected to email server
2025-08-25 09:49:02 info: Connected to email server
2025-08-25 09:49:02 info: Connected to email server
2025-08-25 09:49:02 info: Connected to email server
2025-08-25 09:49:03 info: Connected to email server
2025-08-25 09:49:03 info: Connected to Database Successfully...
2025-08-25 09:49:13 info: [0mOPTIONS /service/paymentCallback [32m204[0m 2.250 ms - 0[0m
2025-08-25 09:49:19 error: [POST] /service/paymentCallback >> StatusCode:: 400, Message:: HireService validation failed: service_buyer: Path `service_buyer` is required.
2025-08-25 09:49:19 info: [0mPOST /service/paymentCallback [32m200[0m 5972.139 ms - 136[0m
2025-08-25 09:50:23 info: =================================
2025-08-25 09:50:23 info: ======= ENV: development =======
2025-08-25 09:50:23 info: 🚀 App listening on the port 3000
2025-08-25 09:50:23 info: =================================
2025-08-25 09:50:26 info: Connected to email server
2025-08-25 09:50:26 info: Connected to email server
2025-08-25 09:50:26 info: Connected to email server
2025-08-25 09:50:26 info: Connected to email server
2025-08-25 09:50:26 info: Connected to email server
2025-08-25 09:50:26 info: Connected to email server
2025-08-25 09:50:26 info: Connected to email server
2025-08-25 09:50:26 info: Connected to email server
2025-08-25 09:50:26 info: Connected to email server
2025-08-25 09:50:26 info: Connected to email server
2025-08-25 09:50:26 info: Connected to email server
2025-08-25 09:50:26 info: Connected to email server
2025-08-25 09:50:26 info: Connected to email server
2025-08-25 09:50:26 info: Connected to email server
2025-08-25 09:50:26 info: Connected to email server
2025-08-25 09:50:27 info: Connected to Database Successfully...
2025-08-25 09:50:29 info: [0mOPTIONS /service/paymentCallback [32m204[0m 1.625 ms - 0[0m
2025-08-25 09:50:38 error: [POST] /service/paymentCallback >> StatusCode:: 400, Message:: HireService validation failed: service_buyer: Path `service_buyer` is required.
2025-08-25 09:50:38 info: [0mPOST /service/paymentCallback [32m200[0m 8650.408 ms - 136[0m
2025-08-25 09:51:38 info: =================================
2025-08-25 09:51:38 info: ======= ENV: development =======
2025-08-25 09:51:38 info: 🚀 App listening on the port 3000
2025-08-25 09:51:38 info: =================================
2025-08-25 09:51:41 info: Connected to email server
2025-08-25 09:51:41 info: Connected to email server
2025-08-25 09:51:41 info: Connected to email server
2025-08-25 09:51:41 info: Connected to email server
2025-08-25 09:51:41 info: Connected to email server
2025-08-25 09:51:41 info: Connected to email server
2025-08-25 09:51:41 info: Connected to email server
2025-08-25 09:51:41 info: Connected to email server
2025-08-25 09:51:41 info: Connected to email server
2025-08-25 09:51:41 info: Connected to email server
2025-08-25 09:51:41 info: Connected to email server
2025-08-25 09:51:41 info: Connected to email server
2025-08-25 09:51:41 info: Connected to email server
2025-08-25 09:51:41 info: Connected to email server
2025-08-25 09:51:41 info: Connected to email server
2025-08-25 09:51:43 info: Connected to Database Successfully...
2025-08-25 09:51:46 info: [0mOPTIONS /service/paymentCallback [32m204[0m 1.140 ms - 0[0m
2025-08-25 09:51:50 error: [POST] /service/paymentCallback >> StatusCode:: 400, Message:: HireService validation failed: service_buyer: Path `service_buyer` is required.
2025-08-25 09:51:50 info: [0mPOST /service/paymentCallback [32m200[0m 4156.884 ms - 136[0m
2025-08-25 09:56:12 info: =================================
2025-08-25 09:56:12 info: ======= ENV: development =======
2025-08-25 09:56:12 info: 🚀 App listening on the port 3000
2025-08-25 09:56:12 info: =================================
2025-08-25 09:56:17 info: Connected to email server
2025-08-25 09:56:17 info: Connected to email server
2025-08-25 09:56:17 info: Connected to email server
2025-08-25 09:56:17 info: Connected to email server
2025-08-25 09:56:17 info: Connected to email server
2025-08-25 09:56:17 info: Connected to email server
2025-08-25 09:56:17 info: Connected to email server
2025-08-25 09:56:17 info: Connected to email server
2025-08-25 09:56:17 info: Connected to email server
2025-08-25 09:56:17 info: Connected to email server
2025-08-25 09:56:17 info: Connected to email server
2025-08-25 09:56:17 info: Connected to email server
2025-08-25 09:56:17 info: Connected to email server
2025-08-25 09:56:17 info: Connected to email server
2025-08-25 09:56:17 info: Connected to email server
2025-08-25 09:56:18 info: Connected to Database Successfully...
2025-08-25 09:56:27 info: [0mOPTIONS /service/paymentCallback [32m204[0m 0.822 ms - 0[0m
2025-08-25 09:56:31 info: [0mPOST /service/paymentCallback [32m200[0m 4256.617 ms - 647[0m
2025-08-25 09:56:31 info: [0mOPTIONS /service/getServiceById/6894cfa39956fd1d0fd46ade [32m204[0m 0.503 ms - 0[0m
2025-08-25 09:56:32 info: [0mGET /service/getServiceById/6894cfa39956fd1d0fd46ade [36m304[0m 1341.891 ms - -[0m
2025-08-25 09:56:54 info: [0mOPTIONS /service/getServiceByUserId/6894c9bd9956fd1d0fd46985 [32m204[0m 0.499 ms - 0[0m
2025-08-25 09:56:54 info: [0mOPTIONS /service/getAppliedServices [32m204[0m 0.084 ms - 0[0m
2025-08-25 09:56:54 info: [0mOPTIONS /service/getServiceByUserId/6894c9bd9956fd1d0fd46985 [32m204[0m 0.585 ms - 0[0m
2025-08-25 09:56:54 info: [0mOPTIONS /service/getAppliedServices [32m204[0m 0.078 ms - 0[0m
2025-08-25 09:56:55 info: [0mGET /service/getServiceByUserId/6894c9bd9956fd1d0fd46985 [32m200[0m 708.646 ms - 931[0m
2025-08-25 09:56:56 info: [0mGET /service/getAppliedServices [32m200[0m 1284.849 ms - 176[0m
2025-08-25 09:56:56 info: [0mGET /service/getServiceByUserId/6894c9bd9956fd1d0fd46985 [36m304[0m 604.126 ms - -[0m
2025-08-25 09:56:56 info: [0mGET /service/getAppliedServices [36m304[0m 636.771 ms - -[0m
2025-08-25 09:57:00 info: [0mOPTIONS /service/getServiceByUserId/6894c79f9956fd1d0fd46946 [32m204[0m 0.534 ms - 0[0m
2025-08-25 09:57:00 info: [0mOPTIONS /service/getServiceByUserId/6894c79f9956fd1d0fd46946 [32m204[0m 0.094 ms - 0[0m
2025-08-25 09:57:00 info: [0mGET /service/getServiceByUserId/6894c79f9956fd1d0fd46946 [32m200[0m 324.698 ms - 176[0m
2025-08-25 09:57:01 info: [0mGET /service/getServiceByUserId/6894c79f9956fd1d0fd46946 [36m304[0m 307.676 ms - -[0m
2025-08-25 09:57:01 info: [0mOPTIONS /service/getAppliedServices [32m204[0m 0.105 ms - 0[0m
2025-08-25 09:57:01 info: [0mOPTIONS /service/getAppliedServices [32m204[0m 0.480 ms - 0[0m
2025-08-25 09:57:02 info: [0mGET /service/getServiceByUserId/6894c79f9956fd1d0fd46946 [36m304[0m 302.017 ms - -[0m
2025-08-25 09:57:02 info: [0mGET /service/getServiceByUserId/6894c79f9956fd1d0fd46946 [36m304[0m 303.892 ms - -[0m
2025-08-25 09:57:02 info: [0mGET /service/getAppliedServices [32m200[0m 942.195 ms - -[0m
2025-08-25 09:57:03 info: [0mGET /service/getAppliedServices [36m304[0m 961.591 ms - -[0m
2025-08-25 09:57:11 info: [0mOPTIONS /service/proposals/6894cfa39956fd1d0fd46ade [32m204[0m 0.331 ms - 0[0m
2025-08-25 09:57:12 info: [0mGET /service/proposals/6894cfa39956fd1d0fd46ade [32m200[0m 893.938 ms - 488[0m
2025-08-25 09:57:18 info: [0mOPTIONS /service/paymentCallback [32m204[0m 0.922 ms - 0[0m
2025-08-25 09:57:18 info: [0mOPTIONS /service/paymentCallback [32m204[0m 0.163 ms - 0[0m
2025-08-25 09:57:19 info: [0mOPTIONS /service/getServiceByUserId/6894c9bd9956fd1d0fd46985 [32m204[0m 0.097 ms - 0[0m
2025-08-25 09:57:19 info: [0mOPTIONS /service/getAppliedServices [32m204[0m 0.434 ms - 0[0m
2025-08-25 09:57:19 info: [0mOPTIONS /service/getServiceByUserId/6894c9bd9956fd1d0fd46985 [32m204[0m 0.140 ms - 0[0m
2025-08-25 09:57:19 info: [0mOPTIONS /service/getAppliedServices [32m204[0m 0.063 ms - 0[0m
2025-08-25 09:57:19 info: [0mGET /service/getServiceByUserId/6894c9bd9956fd1d0fd46985 [36m304[0m 314.157 ms - -[0m
2025-08-25 09:57:20 info: [0mGET /service/getAppliedServices [36m304[0m 597.532 ms - -[0m
2025-08-25 09:57:20 info: [0mGET /service/getServiceByUserId/6894c9bd9956fd1d0fd46985 [36m304[0m 295.427 ms - -[0m
2025-08-25 09:57:20 info: [0mGET /service/getAppliedServices [36m304[0m 595.315 ms - -[0m
2025-08-25 09:57:20 error: [POST] /service/paymentCallback >> StatusCode:: 400, Message:: PAYMENT_ALREADY_VERIFIED
2025-08-25 09:57:20 info: [0mPOST /service/paymentCallback [32m200[0m 2612.210 ms - 82[0m
2025-08-25 09:57:21 error: [POST] /service/paymentCallback >> StatusCode:: 400, Message:: PAYMENT_ALREADY_VERIFIED
2025-08-25 09:57:21 info: [0mPOST /service/paymentCallback [32m200[0m 2807.028 ms - 82[0m
2025-08-25 09:57:21 info: [0mOPTIONS /service/proposals/6894cfa39956fd1d0fd46ade [32m204[0m 0.131 ms - 0[0m
2025-08-25 09:57:22 info: [0mGET /service/proposals/6894cfa39956fd1d0fd46ade [36m304[0m 1051.418 ms - -[0m
2025-08-25 09:57:26 info: [0mOPTIONS /service/getServiceProposalById/68ac1ed4d9b9341418a93a75 [32m204[0m 7.254 ms - 0[0m
2025-08-25 09:57:26 info: [0mOPTIONS /service/getServiceProposalById/68ac1ed4d9b9341418a93a75 [32m204[0m 0.180 ms - 0[0m
2025-08-25 09:57:27 info: [0mGET /service/getServiceProposalById/68ac1ed4d9b9341418a93a75 [32m200[0m 1565.024 ms - -[0m
2025-08-25 09:57:29 info: [0mGET /service/getServiceProposalById/68ac1ed4d9b9341418a93a75 [36m304[0m 1698.876 ms - -[0m
2025-08-25 09:57:35 info: [0mOPTIONS /service/getServiceProposalById/68ac1ed4d9b9341418a93a75 [32m204[0m 0.607 ms - 0[0m
2025-08-25 09:57:35 info: [0mOPTIONS /service/getServiceProposalById/68ac1ed4d9b9341418a93a75 [32m204[0m 0.135 ms - 0[0m
2025-08-25 09:57:37 info: [0mGET /service/getServiceProposalById/68ac1ed4d9b9341418a93a75 [32m200[0m 1727.954 ms - -[0m
2025-08-25 09:57:38 info: [0mGET /service/getServiceProposalById/68ac1ed4d9b9341418a93a75 [36m304[0m 1579.957 ms - -[0m
