2023-06-03 06:42:03 info: =================================
2023-06-03 06:42:03 info: ======= ENV: development =======
2023-06-03 06:42:03 info: 🚀 App listening on the port 3000
2023-06-03 06:42:03 info: =================================
2023-06-03 06:42:05 info: Connected to email server
2023-06-03 06:42:05 info: Connected to email server
2023-06-03 06:42:33 error: Error connecting to Database: MongooseServerSelectionError: Server selection timed out after 30000 ms
2023-06-03 06:43:12 info: =================================
2023-06-03 06:43:12 info: ======= ENV: development =======
2023-06-03 06:43:12 info: 🚀 App listening on the port 3000
2023-06-03 06:43:12 info: =================================
2023-06-03 06:43:14 info: Connected to email server
2023-06-03 06:43:14 info: Connected to email server
2023-06-03 06:43:14 info: Connected to email server
2023-06-03 06:43:14 info: Connected to email server
2023-06-03 06:43:14 info: Connected to email server
2023-06-03 06:43:43 error: Error connecting to Database: MongoNetworkTimeoutError: connection timed out
2023-06-03 06:47:58 info: =================================
2023-06-03 06:47:58 info: ======= ENV: development =======
2023-06-03 06:47:58 info: 🚀 App listening on the port 3000
2023-06-03 06:47:58 info: =================================
2023-06-03 06:48:00 info: Connected to email server
2023-06-03 06:48:00 info: Connected to email server
2023-06-03 06:48:00 info: Connected to email server
2023-06-03 06:48:01 info: Connected to Database Successfully...
2023-06-03 06:48:31 info: =================================
2023-06-03 06:48:31 info: ======= ENV: development =======
2023-06-03 06:48:31 info: 🚀 App listening on the port 3000
2023-06-03 06:48:31 info: =================================
2023-06-03 06:48:33 info: Connected to email server
2023-06-03 06:48:33 info: Connected to email server
2023-06-03 06:48:33 info: Connected to email server
2023-06-03 06:48:33 info: Connected to email server
2023-06-03 06:49:01 error: Error connecting to Database: MongooseServerSelectionError: Server selection timed out after 30000 ms
2023-06-03 06:49:21 error: [POST] /wallet >> StatusCode:: 400, Message:: AUTHENTICATION_TOKEN_MISSING
2023-06-03 06:49:21 info: [0mPOST /wallet [32m200[0m 38.158 ms - 86[0m
2023-06-03 06:49:44 info: =================================
2023-06-03 06:49:44 info: ======= ENV: development =======
2023-06-03 06:49:44 info: 🚀 App listening on the port 3000
2023-06-03 06:49:44 info: =================================
2023-06-03 06:49:46 info: Connected to email server
2023-06-03 06:49:46 info: Connected to email server
2023-06-03 06:50:14 error: Error connecting to Database: MongooseServerSelectionError: Server selection timed out after 30000 ms
2023-06-03 06:50:33 info: =================================
2023-06-03 06:50:33 info: ======= ENV: development =======
2023-06-03 06:50:33 info: 🚀 App listening on the port 3000
2023-06-03 06:50:33 info: =================================
2023-06-03 06:50:35 info: Connected to email server
2023-06-03 06:50:35 info: Connected to email server
2023-06-03 06:50:35 info: Connected to email server
2023-06-03 06:51:03 error: Error connecting to Database: MongooseServerSelectionError: Server selection timed out after 30000 ms
2023-06-03 06:51:48 warn: Unable to connect to email server. Make sure you have configured the SMTP options in .env
2023-06-03 06:51:48 warn: Unable to connect to email server. Make sure you have configured the SMTP options in .env
2023-06-03 08:15:24 info: =================================
2023-06-03 08:15:24 info: ======= ENV: development =======
2023-06-03 08:15:24 info: 🚀 App listening on the port 3000
2023-06-03 08:15:24 info: =================================
2023-06-03 08:15:29 info: Connected to email server
2023-06-03 08:15:29 info: Connected to email server
2023-06-03 08:15:29 info: Connected to email server
2023-06-03 08:15:29 info: Connected to email server
2023-06-03 08:15:29 info: Connected to email server
2023-06-03 08:15:29 info: Connected to Database Successfully...
2023-06-03 08:15:41 error: [POST] /wallet >> StatusCode:: 400, Message:: WALLET_ALREAD_CREATED
2023-06-03 08:15:41 info: [0mPOST /wallet [32m200[0m 813.469 ms - 79[0m
2023-06-03 08:16:42 info: =================================
2023-06-03 08:16:42 info: ======= ENV: development =======
2023-06-03 08:16:42 info: 🚀 App listening on the port 3000
2023-06-03 08:16:42 info: =================================
2023-06-03 08:16:45 info: Connected to email server
2023-06-03 08:16:45 info: Connected to email server
2023-06-03 08:16:45 info: Connected to email server
2023-06-03 08:16:45 info: Connected to email server
2023-06-03 08:16:45 info: Connected to email server
2023-06-03 08:16:45 info: Connected to Database Successfully...
2023-06-03 08:16:53 error: [POST] /wallet >> StatusCode:: 400, Message:: WALLET_ALREAD_CREATED
2023-06-03 08:16:53 info: [0mPOST /wallet [32m200[0m 741.795 ms - 79[0m
2023-06-03 08:17:32 info: =================================
2023-06-03 08:17:32 info: ======= ENV: development =======
2023-06-03 08:17:32 info: 🚀 App listening on the port 3000
2023-06-03 08:17:32 info: =================================
2023-06-03 08:17:34 info: Connected to email server
2023-06-03 08:17:35 info: Connected to email server
2023-06-03 08:17:35 info: Connected to email server
2023-06-03 08:17:35 info: Connected to email server
2023-06-03 08:17:35 info: Connected to email server
2023-06-03 08:17:35 info: Connected to Database Successfully...
2023-06-03 08:17:43 error: [POST] /wallet >> StatusCode:: 400, Message:: WALLET_ALREAD_CREATED
2023-06-03 08:17:43 info: [0mPOST /wallet [32m200[0m 1205.361 ms - 79[0m
2023-06-03 08:18:13 info: =================================
2023-06-03 08:18:13 info: ======= ENV: development =======
2023-06-03 08:18:13 info: 🚀 App listening on the port 3000
2023-06-03 08:18:13 info: =================================
2023-06-03 08:18:15 info: Connected to email server
2023-06-03 08:18:15 info: Connected to email server
2023-06-03 08:18:15 info: Connected to email server
2023-06-03 08:18:15 info: Connected to email server
2023-06-03 08:18:15 info: Connected to email server
2023-06-03 08:18:26 info: Connected to Database Successfully...
2023-06-03 08:19:33 error: [POST] /wallet >> StatusCode:: 400, Message:: "bvn" is required
2023-06-03 08:19:33 info: [0mPOST /wallet [32m200[0m 1090.921 ms - 76[0m
2023-06-03 08:20:50 info: =================================
2023-06-03 08:20:50 info: ======= ENV: development =======
2023-06-03 08:20:50 info: 🚀 App listening on the port 3000
2023-06-03 08:20:50 info: =================================
2023-06-03 08:20:52 info: Connected to email server
2023-06-03 08:20:53 info: Connected to email server
2023-06-03 08:20:53 info: Connected to email server
2023-06-03 08:20:53 info: Connected to email server
2023-06-03 08:20:53 info: Connected to email server
2023-06-03 08:20:58 info: Connected to Database Successfully...
2023-06-03 08:21:03 error: [POST] /wallet >> StatusCode:: 400, Message:: "currency" is not allowed
2023-06-03 08:21:03 info: [0mPOST /wallet [32m200[0m 766.020 ms - 84[0m
2023-06-03 08:21:13 error: [POST] /wallet >> StatusCode:: 400, Message:: "currency" is not allowed
2023-06-03 08:21:13 info: [0mPOST /wallet [32m200[0m 698.568 ms - 84[0m
2023-06-03 08:21:16 error: [POST] /wallet >> StatusCode:: 400, Message:: "currency" is not allowed
2023-06-03 08:21:16 info: [0mPOST /wallet [32m200[0m 685.881 ms - 84[0m
2023-06-03 08:21:50 info: =================================
2023-06-03 08:21:50 info: ======= ENV: development =======
2023-06-03 08:21:50 info: 🚀 App listening on the port 3000
2023-06-03 08:21:50 info: =================================
2023-06-03 08:21:52 info: Connected to email server
2023-06-03 08:21:52 info: Connected to Database Successfully...
2023-06-03 08:21:52 info: Connected to email server
2023-06-03 08:21:52 info: Connected to email server
2023-06-03 08:21:52 info: Connected to email server
2023-06-03 08:21:52 info: Connected to email server
2023-06-03 08:22:37 error: [POST] /wallet >> StatusCode:: 400, Message:: "firstname" is not allowed
2023-06-03 08:22:37 info: [0mPOST /wallet [32m200[0m 768.195 ms - 85[0m
2023-06-03 08:22:58 info: =================================
2023-06-03 08:22:58 info: ======= ENV: development =======
2023-06-03 08:22:58 info: 🚀 App listening on the port 3000
2023-06-03 08:22:58 info: =================================
2023-06-03 08:23:00 info: Connected to email server
2023-06-03 08:23:00 info: Connected to email server
2023-06-03 08:23:00 info: Connected to email server
2023-06-03 08:23:00 info: Connected to email server
2023-06-03 08:23:00 info: Connected to email server
2023-06-03 08:23:11 info: Connected to Database Successfully...
2023-06-03 08:23:16 error: [POST] /wallet >> StatusCode:: 400, Message:: "lastname" is not allowed
2023-06-03 08:23:16 info: [0mPOST /wallet [32m200[0m 806.889 ms - 84[0m
2023-06-03 08:23:35 info: =================================
2023-06-03 08:23:35 info: ======= ENV: development =======
2023-06-03 08:23:35 info: 🚀 App listening on the port 3000
2023-06-03 08:23:35 info: =================================
2023-06-03 08:23:37 info: Connected to email server
2023-06-03 08:23:37 info: Connected to email server
2023-06-03 08:23:37 info: Connected to email server
2023-06-03 08:23:37 info: Connected to email server
2023-06-03 08:23:37 info: Connected to email server
2023-06-03 08:23:37 info: Connected to Database Successfully...
2023-06-03 08:23:45 info: [0mPOST /wallet [32m200[0m 2478.481 ms - 179[0m
2023-06-03 08:33:01 info: =================================
2023-06-03 08:33:01 info: ======= ENV: development =======
2023-06-03 08:33:01 info: 🚀 App listening on the port 3000
2023-06-03 08:33:01 info: =================================
2023-06-03 08:33:04 info: Connected to email server
2023-06-03 08:33:04 info: Connected to email server
2023-06-03 08:33:04 info: Connected to email server
2023-06-03 08:33:04 info: Connected to email server
2023-06-03 08:33:04 info: Connected to email server
2023-06-03 08:33:14 info: Connected to Database Successfully...
2023-06-03 08:33:22 error: [POST] /wallet >> StatusCode:: 400, Message:: WALLET_ALREAD_CREATED
2023-06-03 08:33:22 info: [0mPOST /wallet [32m200[0m 786.250 ms - 79[0m
2023-06-03 08:33:35 info: [0mGET /reload_db [32m200[0m 3874.480 ms - 74[0m
2023-06-03 08:33:57 error: [POST] /auth/login >> StatusCode:: 400, Message:: Cannot read properties of undefined (reading 'status')
2023-06-03 08:33:57 info: [0mPOST /auth/login [32m200[0m 546.607 ms - 587[0m
2023-06-03 08:34:02 info: [0mPOST /wallet [32m200[0m 3358.711 ms - 369[0m
2023-06-03 08:35:00 info: [0mGET /wallet/getUserWallet [32m200[0m 541.121 ms - 369[0m
2023-06-03 08:35:36 info: [0mGET /wallet/getWalletById/647aeceaa05aa8c5ab9dc608 [32m200[0m 614.924 ms - 85[0m
2023-06-03 08:36:50 info: =================================
2023-06-03 08:36:50 info: ======= ENV: development =======
2023-06-03 08:36:50 info: 🚀 App listening on the port 3000
2023-06-03 08:36:50 info: =================================
2023-06-03 08:36:52 info: Connected to email server
2023-06-03 08:36:52 info: Connected to email server
2023-06-03 08:36:52 info: Connected to email server
2023-06-03 08:36:52 info: Connected to email server
2023-06-03 08:36:52 info: Connected to email server
2023-06-03 08:36:53 info: Connected to Database Successfully...
2023-06-03 08:37:09 info: =================================
2023-06-03 08:37:09 info: ======= ENV: development =======
2023-06-03 08:37:09 info: 🚀 App listening on the port 3000
2023-06-03 08:37:09 info: =================================
2023-06-03 08:37:11 info: Connected to email server
2023-06-03 08:37:11 info: Connected to email server
2023-06-03 08:37:11 info: Connected to email server
2023-06-03 08:37:11 info: Connected to email server
2023-06-03 08:37:11 info: Connected to email server
2023-06-03 08:37:17 info: Connected to Database Successfully...
2023-06-03 08:37:21 info: [0mGET /wallet/getWalletById/647aeceaa05aa8c5ab9dc608 [32m200[0m 493.881 ms - 369[0m
2023-06-03 09:07:46 info: =================================
2023-06-03 09:07:46 info: ======= ENV: development =======
2023-06-03 09:07:46 info: 🚀 App listening on the port 3000
2023-06-03 09:07:46 info: =================================
2023-06-03 09:07:48 info: Connected to email server
2023-06-03 09:07:49 info: Connected to email server
2023-06-03 09:07:49 info: Connected to email server
2023-06-03 09:07:49 info: Connected to email server
2023-06-03 09:07:49 info: Connected to email server
2023-06-03 09:07:59 info: Connected to Database Successfully...
2023-06-03 09:08:30 info: [0mGET /wallet/getWalletById/647aeceaa05aa8c5ab9dc608 [32m200[0m 467.052 ms - 369[0m
2023-06-03 09:08:33 error: [POST] /wallet >> StatusCode:: 400, Message:: WALLET_ALREAD_CREATED
2023-06-03 09:08:33 info: [0mPOST /wallet [32m200[0m 714.151 ms - 79[0m
2023-06-03 09:08:57 info: =================================
2023-06-03 09:08:57 info: ======= ENV: development =======
2023-06-03 09:08:57 info: 🚀 App listening on the port 3000
2023-06-03 09:08:57 info: =================================
2023-06-03 09:08:59 info: Connected to email server
2023-06-03 09:08:59 info: Connected to email server
2023-06-03 09:08:59 info: Connected to email server
2023-06-03 09:08:59 info: Connected to email server
2023-06-03 09:08:59 info: Connected to email server
2023-06-03 09:09:09 info: Connected to Database Successfully...
2023-06-03 09:09:14 error: [POST] /wallet >> StatusCode:: 400, Message:: WALLET_ALREAD_CREATED
2023-06-03 09:09:14 info: [0mPOST /wallet [32m200[0m 1223.335 ms - 79[0m
2023-06-03 09:21:12 info: =================================
2023-06-03 09:21:12 info: ======= ENV: development =======
2023-06-03 09:21:12 info: 🚀 App listening on the port 3000
2023-06-03 09:21:12 info: =================================
2023-06-03 09:21:14 info: Connected to email server
2023-06-03 09:21:14 info: Connected to email server
2023-06-03 09:21:14 info: Connected to email server
2023-06-03 09:21:14 info: Connected to email server
2023-06-03 09:21:14 info: Connected to email server
2023-06-03 09:21:24 info: Connected to Database Successfully...
2023-06-03 09:21:43 info: [0mGET /reload_db [32m200[0m 3528.374 ms - 74[0m
2023-06-03 09:21:47 error: [POST] /wallet >> StatusCode:: 400, Message:: INVALID_AUTHORIZATION
2023-06-03 09:21:47 info: [0mPOST /wallet [32m200[0m 269.470 ms - 79[0m
2023-06-03 09:21:51 error: [POST] /auth/login >> StatusCode:: 400, Message:: Cannot read properties of undefined (reading 'status')
2023-06-03 09:21:51 info: [0mPOST /auth/login [32m200[0m 522.942 ms - 587[0m
2023-06-03 09:21:55 error: [POST] /wallet >> StatusCode:: 400, Message:: "account_bank" is required
2023-06-03 09:21:55 info: [0mPOST /wallet [32m200[0m 676.960 ms - 85[0m
2023-06-03 09:24:31 info: =================================
2023-06-03 09:24:31 info: ======= ENV: development =======
2023-06-03 09:24:31 info: 🚀 App listening on the port 3000
2023-06-03 09:24:31 info: =================================
2023-06-03 09:24:33 info: Connected to email server
2023-06-03 09:24:33 info: Connected to email server
2023-06-03 09:24:33 info: Connected to email server
2023-06-03 09:24:33 info: Connected to email server
2023-06-03 09:24:33 info: Connected to email server
2023-06-03 09:24:34 info: Connected to Database Successfully...
2023-06-03 09:24:41 error: [POST] /wallet >> StatusCode:: 400, Message:: "account_bank" length must be 3 characters long
2023-06-03 09:24:41 info: [0mPOST /wallet [32m200[0m 826.130 ms - 106[0m
2023-06-03 09:25:08 info: =================================
2023-06-03 09:25:08 info: ======= ENV: development =======
2023-06-03 09:25:08 info: 🚀 App listening on the port 3000
2023-06-03 09:25:08 info: =================================
2023-06-03 09:25:10 info: Connected to email server
2023-06-03 09:25:10 info: Connected to email server
2023-06-03 09:25:10 info: Connected to email server
2023-06-03 09:25:10 info: Connected to email server
2023-06-03 09:25:11 info: Connected to email server
2023-06-03 09:25:11 info: Connected to Database Successfully...
2023-06-03 09:25:22 error: [POST] /wallet >> StatusCode:: 400, Message:: "account_number" is required
2023-06-03 09:25:22 info: [0mPOST /wallet [32m200[0m 770.329 ms - 87[0m
2023-06-03 09:30:15 info: =================================
2023-06-03 09:30:15 info: ======= ENV: development =======
2023-06-03 09:30:15 info: 🚀 App listening on the port 3000
2023-06-03 09:30:15 info: =================================
2023-06-03 09:30:17 info: Connected to email server
2023-06-03 09:30:17 info: Connected to email server
2023-06-03 09:30:17 info: Connected to email server
2023-06-03 09:30:17 info: Connected to email server
2023-06-03 09:30:17 info: Connected to email server
2023-06-03 09:30:17 info: Connected to Database Successfully...
2023-06-03 09:30:41 error: [POST] /wallet >> StatusCode:: 400, Message:: "account_number" is required
2023-06-03 09:30:41 info: [0mPOST /wallet [32m200[0m 747.538 ms - 87[0m
2023-06-03 09:31:14 info: =================================
2023-06-03 09:31:14 info: ======= ENV: development =======
2023-06-03 09:31:14 info: 🚀 App listening on the port 3000
2023-06-03 09:31:14 info: =================================
2023-06-03 09:31:16 info: Connected to Database Successfully...
2023-06-03 09:31:16 info: Connected to email server
2023-06-03 09:31:16 info: Connected to email server
2023-06-03 09:31:16 info: Connected to email server
2023-06-03 09:31:16 info: Connected to email server
2023-06-03 09:31:16 info: Connected to email server
2023-06-03 09:31:33 error: [POST] /wallet >> StatusCode:: 400, Message:: "account_number" is required
2023-06-03 09:31:33 info: [0mPOST /wallet [32m200[0m 750.655 ms - 87[0m
2023-06-03 09:32:57 info: =================================
2023-06-03 09:32:57 info: ======= ENV: development =======
2023-06-03 09:32:57 info: 🚀 App listening on the port 3000
2023-06-03 09:32:57 info: =================================
2023-06-03 09:32:59 info: Connected to email server
2023-06-03 09:32:59 info: Connected to email server
2023-06-03 09:32:59 info: Connected to email server
2023-06-03 09:32:59 info: Connected to email server
2023-06-03 09:32:59 info: Connected to email server
2023-06-03 09:32:59 info: Connected to Database Successfully...
2023-06-03 09:33:03 error: [POST] /wallet >> StatusCode:: 400, Message:: "account_number" is required
2023-06-03 09:33:03 info: [0mPOST /wallet [32m200[0m 775.030 ms - 87[0m
2023-06-03 09:47:49 info: =================================
2023-06-03 09:47:49 info: ======= ENV: development =======
2023-06-03 09:47:49 info: 🚀 App listening on the port 3000
2023-06-03 09:47:49 info: =================================
2023-06-03 09:47:51 info: Connected to email server
2023-06-03 09:47:51 info: Connected to email server
2023-06-03 09:47:51 info: Connected to email server
2023-06-03 09:47:51 info: Connected to email server
2023-06-03 09:47:51 info: Connected to email server
2023-06-03 09:48:03 info: Connected to Database Successfully...
2023-06-03 09:48:09 error: [POST] /wallet >> StatusCode:: 400, Message:: "account_bank" is required
2023-06-03 09:48:09 info: [0mPOST /wallet [32m200[0m 1051.259 ms - 85[0m
2023-06-03 09:48:49 info: =================================
2023-06-03 09:48:49 info: ======= ENV: development =======
2023-06-03 09:48:49 info: 🚀 App listening on the port 3000
2023-06-03 09:48:49 info: =================================
2023-06-03 09:48:51 info: Connected to Database Successfully...
2023-06-03 09:48:52 info: Connected to email server
2023-06-03 09:48:52 info: Connected to email server
2023-06-03 09:48:52 info: Connected to email server
2023-06-03 09:48:52 info: Connected to email server
2023-06-03 09:48:52 info: Connected to email server
2023-06-03 09:48:57 error: [POST] /wallet >> StatusCode:: 400, Message:: "account_bank" is required
2023-06-03 09:48:57 info: [0mPOST /wallet [32m200[0m 756.397 ms - 85[0m
2023-06-03 09:49:27 info: =================================
2023-06-03 09:49:27 info: ======= ENV: development =======
2023-06-03 09:49:27 info: 🚀 App listening on the port 3000
2023-06-03 09:49:27 info: =================================
2023-06-03 09:49:30 info: Connected to email server
2023-06-03 09:49:30 info: Connected to email server
2023-06-03 09:49:30 info: Connected to email server
2023-06-03 09:49:30 info: Connected to email server
2023-06-03 09:49:30 info: Connected to email server
2023-06-03 09:49:40 info: Connected to Database Successfully...
2023-06-03 09:49:46 error: [POST] /wallet >> StatusCode:: 400, Message:: Request failed with status code 401
2023-06-03 09:49:46 info: [0mPOST /wallet [32m200[0m 1515.438 ms - 92[0m
2023-06-03 09:50:24 info: =================================
2023-06-03 09:50:24 info: ======= ENV: development =======
2023-06-03 09:50:24 info: 🚀 App listening on the port 3000
2023-06-03 09:50:24 info: =================================
2023-06-03 09:50:26 info: Connected to email server
2023-06-03 09:50:26 info: Connected to email server
2023-06-03 09:50:26 info: Connected to email server
2023-06-03 09:50:26 info: Connected to email server
2023-06-03 09:50:26 info: Connected to Database Successfully...
2023-06-03 09:50:26 info: Connected to email server
2023-06-03 09:50:34 error: [POST] /wallet >> StatusCode:: 400, Message:: Request failed with status code 401
2023-06-03 09:50:34 info: [0mPOST /wallet [32m200[0m 1875.540 ms - 92[0m
2023-06-03 09:53:39 info: =================================
2023-06-03 09:53:39 info: ======= ENV: development =======
2023-06-03 09:53:39 info: 🚀 App listening on the port 3000
2023-06-03 09:53:39 info: =================================
2023-06-03 09:53:42 info: Connected to email server
2023-06-03 09:53:42 info: Connected to email server
2023-06-03 09:53:42 info: Connected to email server
2023-06-03 09:53:42 info: Connected to email server
2023-06-03 09:53:42 info: Connected to email server
2023-06-03 09:53:42 info: Connected to Database Successfully...
2023-06-03 09:53:48 info: [0mPOST /wallet [32m200[0m 2177.829 ms - 92[0m
2023-06-03 09:53:48 error: [POST] /wallet >> StatusCode:: 400, Message:: Request failed with status code 401
2023-06-03 10:27:58 info: =================================
2023-06-03 10:27:58 info: ======= ENV: development =======
2023-06-03 10:27:58 info: 🚀 App listening on the port 3000
2023-06-03 10:27:58 info: =================================
2023-06-03 10:29:13 error: Error connecting to Database: Error: querySrv ETIMEOUT _mongodb._tcp.niptrex.xzoqe5t.mongodb.net
2023-06-03 10:31:30 warn: Unable to connect to email server. Make sure you have configured the SMTP options in .env
2023-06-03 10:31:32 warn: Unable to connect to email server. Make sure you have configured the SMTP options in .env
2023-06-03 10:31:32 info: Connected to email server
2023-06-03 10:31:32 info: Connected to email server
2023-06-03 10:31:33 warn: Unable to connect to email server. Make sure you have configured the SMTP options in .env
2023-06-03 10:33:37 info: =================================
2023-06-03 10:33:37 info: ======= ENV: development =======
2023-06-03 10:33:37 info: 🚀 App listening on the port 3000
2023-06-03 10:33:37 info: =================================
2023-06-03 10:33:41 info: Connected to email server
2023-06-03 10:33:42 info: Connected to email server
2023-06-03 10:33:42 info: Connected to email server
2023-06-03 10:33:48 info: Connected to email server
2023-06-03 10:33:50 info: Connected to email server
2023-06-03 10:33:54 info: Connected to Database Successfully...
2023-06-03 10:34:03 info: [0mPOST /wallet [32m200[0m 3287.928 ms - 369[0m
2023-06-03 10:35:25 info: =================================
2023-06-03 10:35:25 info: ======= ENV: development =======
2023-06-03 10:35:25 info: 🚀 App listening on the port 3000
2023-06-03 10:35:25 info: =================================
2023-06-03 10:35:27 info: Connected to email server
2023-06-03 10:35:27 info: Connected to email server
2023-06-03 10:35:27 info: Connected to email server
2023-06-03 10:35:28 info: Connected to email server
2023-06-03 10:35:28 info: Connected to email server
2023-06-03 10:35:28 info: Connected to Database Successfully...
2023-06-03 10:37:03 info: [0mGET /reload_db [32m200[0m 31696.019 ms - 74[0m
2023-06-03 10:37:13 error: [POST] /wallet >> StatusCode:: 400, Message:: INVALID_AUTHORIZATION
2023-06-03 10:37:13 info: [0mPOST /wallet [32m200[0m 4603.126 ms - 79[0m
2023-06-03 10:37:20 error: [POST] /auth/login >> StatusCode:: 400, Message:: Cannot read properties of undefined (reading 'status')
2023-06-03 10:37:20 info: [0mPOST /auth/login [32m200[0m 2168.317 ms - 587[0m
2023-06-03 10:37:33 info: [0mPOST /wallet [32m200[0m 10240.287 ms - 369[0m
2023-06-03 10:38:08 info: =================================
2023-06-03 10:38:08 info: ======= ENV: development =======
2023-06-03 10:38:08 info: 🚀 App listening on the port 3000
2023-06-03 10:38:08 info: =================================
2023-06-03 10:38:22 info: Connected to email server
2023-06-03 10:38:23 info: Connected to email server
2023-06-03 10:38:23 info: Connected to email server
2023-06-03 10:38:27 info: Connected to email server
2023-06-03 10:38:30 info: Connected to Database Successfully...
2023-06-03 10:38:32 info: Connected to email server
2023-06-03 10:38:42 error: [POST] /wallet >> StatusCode:: 400, Message:: WALLET_ALREAD_CREATED
2023-06-03 10:38:42 info: [0mPOST /wallet [32m200[0m 1201.097 ms - 79[0m
2023-06-03 10:38:53 info: [0mGET /reload_db [32m200[0m 7298.858 ms - 74[0m
2023-06-03 10:38:59 error: [POST] /auth/login >> StatusCode:: 400, Message:: Cannot read properties of undefined (reading 'status')
2023-06-03 10:38:59 info: [0mPOST /auth/login [32m200[0m 644.277 ms - 587[0m
2023-06-03 10:39:04 info: [0mPOST /wallet [32m200[0m 2344.037 ms - 367[0m
2023-06-03 10:55:21 info: =================================
2023-06-03 10:55:21 info: ======= ENV: development =======
2023-06-03 10:55:21 info: 🚀 App listening on the port 3000
2023-06-03 10:55:21 info: =================================
2023-06-03 10:55:23 info: Connected to email server
2023-06-03 10:55:24 info: Connected to email server
2023-06-03 10:55:24 info: Connected to email server
2023-06-03 10:55:24 info: Connected to email server
2023-06-03 10:55:24 info: Connected to email server
2023-06-03 10:55:24 info: Connected to Database Successfully...
2023-06-03 10:55:40 info: [0mGET /reload_db [32m200[0m 5954.219 ms - 74[0m
2023-06-03 10:55:50 error: [POST] /auth/login >> StatusCode:: 400, Message:: Cannot read properties of undefined (reading 'status')
2023-06-03 10:55:50 info: [0mPOST /auth/login [32m200[0m 912.931 ms - 587[0m
2023-06-03 10:55:56 error: [POST] /wallet >> StatusCode:: 400, Message:: "currency" is not allowed
2023-06-03 10:55:56 info: [0mPOST /wallet [32m200[0m 910.595 ms - 84[0m
2023-06-03 10:56:36 info: =================================
2023-06-03 10:56:36 info: ======= ENV: development =======
2023-06-03 10:56:36 info: 🚀 App listening on the port 3000
2023-06-03 10:56:37 info: =================================
2023-06-03 10:56:40 info: Connected to email server
2023-06-03 10:56:41 info: Connected to email server
2023-06-03 10:56:41 info: Connected to email server
2023-06-03 10:56:41 info: Connected to email server
2023-06-03 10:56:41 info: Connected to email server
2023-06-03 10:56:43 info: Connected to Database Successfully...
2023-06-03 10:56:52 error: [POST] /wallet >> StatusCode:: 400, Message:: "currency" is not allowed
2023-06-03 10:56:52 info: [0mPOST /wallet [32m200[0m 2196.762 ms - 84[0m
2023-06-03 10:59:31 info: =================================
2023-06-03 10:59:31 info: ======= ENV: development =======
2023-06-03 10:59:31 info: 🚀 App listening on the port 3000
2023-06-03 10:59:31 info: =================================
2023-06-03 10:59:34 info: Connected to email server
2023-06-03 10:59:34 info: Connected to email server
2023-06-03 10:59:34 info: Connected to email server
2023-06-03 10:59:34 info: Connected to email server
2023-06-03 10:59:35 info: Connected to email server
2023-06-03 10:59:43 info: Connected to Database Successfully...
2023-06-03 10:59:51 error: [POST] /wallet >> StatusCode:: 400, Message:: Request failed with status code 401
2023-06-03 10:59:51 info: [0mPOST /wallet [32m200[0m 2642.248 ms - 92[0m
2023-06-03 11:02:23 info: =================================
2023-06-03 11:02:23 info: ======= ENV: development =======
2023-06-03 11:02:23 info: 🚀 App listening on the port 3000
2023-06-03 11:02:23 info: =================================
2023-06-03 11:02:26 info: Connected to email server
2023-06-03 11:02:26 info: Connected to email server
2023-06-03 11:02:26 info: Connected to email server
2023-06-03 11:02:27 info: Connected to email server
2023-06-03 11:02:27 info: Connected to email server
2023-06-03 11:02:27 info: Connected to Database Successfully...
2023-06-03 11:02:35 error: [POST] /wallet >> StatusCode:: 400, Message:: Request failed with status code 400
2023-06-03 11:02:35 info: [0mPOST /wallet [32m200[0m 2718.292 ms - 92[0m
2023-06-03 11:03:45 info: =================================
2023-06-03 11:03:45 info: ======= ENV: development =======
2023-06-03 11:03:45 info: 🚀 App listening on the port 3000
2023-06-03 11:03:45 info: =================================
2023-06-03 11:03:48 info: Connected to email server
2023-06-03 11:03:48 info: Connected to email server
2023-06-03 11:03:48 info: Connected to email server
2023-06-03 11:03:48 info: Connected to email server
2023-06-03 11:03:48 info: Connected to email server
2023-06-03 11:03:53 info: Connected to Database Successfully...
2023-06-03 11:04:03 error: [POST] /wallet >> StatusCode:: 400, Message:: Request failed with status code 400
2023-06-03 11:04:03 info: [0mPOST /wallet [32m200[0m 2210.699 ms - 92[0m
2023-06-03 11:06:26 info: =================================
2023-06-03 11:06:26 info: ======= ENV: development =======
2023-06-03 11:06:26 info: 🚀 App listening on the port 3000
2023-06-03 11:06:26 info: =================================
2023-06-03 11:06:29 info: Connected to email server
2023-06-03 11:06:29 info: Connected to email server
2023-06-03 11:06:29 info: Connected to email server
2023-06-03 11:06:29 info: Connected to email server
2023-06-03 11:06:29 info: Connected to email server
2023-06-03 11:06:35 info: Connected to Database Successfully...
2023-06-03 11:06:43 error: [POST] /wallet >> StatusCode:: 400, Message:: Request failed with status code 400
2023-06-03 11:06:43 info: [0mPOST /wallet [32m200[0m 3332.483 ms - 92[0m
2023-06-03 11:07:15 info: =================================
2023-06-03 11:07:15 info: ======= ENV: development =======
2023-06-03 11:07:15 info: 🚀 App listening on the port 3000
2023-06-03 11:07:15 info: =================================
2023-06-03 11:07:32 info: Connected to email server
2023-06-03 11:07:32 info: Connected to email server
2023-06-03 11:07:34 info: Connected to email server
2023-06-03 11:07:45 info: Connected to email server
2023-06-03 11:08:09 warn: Unable to connect to email server. Make sure you have configured the SMTP options in .env
