2023-04-24 07:38:39 info: =================================
2023-04-24 07:38:39 info: ======= ENV: development =======
2023-04-24 07:38:39 info: 🚀 App listening on the port 3000
2023-04-24 07:38:39 info: =================================
2023-04-24 07:38:41 info: Connected to email server
2023-04-24 07:38:52 info: Connected to Database Successfully...
2023-04-24 07:40:21 error: [POST] /profile/bio >> StatusCode:: 400, Message:: BIO_NOT_FOUND
2023-04-24 07:40:21 info: [0mPOST /profile/bio [32m200[0m 707.595 ms - 71[0m
2023-04-24 07:40:44 error: [POST] /profile/bio >> StatusCode:: 400, Message:: BIO_NOT_FOUND
2023-04-24 07:40:44 info: [0mPOST /profile/bio [32m200[0m 725.172 ms - 71[0m
2023-04-24 07:41:40 info: =================================
2023-04-24 07:41:40 info: ======= ENV: development =======
2023-04-24 07:41:40 info: 🚀 App listening on the port 3000
2023-04-24 07:41:40 info: =================================
2023-04-24 07:41:42 info: Connected to email server
2023-04-24 07:41:42 info: Connected to Database Successfully...
2023-04-24 07:42:20 error: [POST] /auth/login >> StatusCode:: 400, Message:: Cannot read properties of undefined (reading 'status')
2023-04-24 07:42:20 info: [0mPOST /auth/login [32m200[0m 536.838 ms - 587[0m
2023-04-24 07:42:25 error: [POST] /auth/login >> StatusCode:: 400, Message:: Cannot read properties of undefined (reading 'status')
2023-04-24 07:42:25 info: [0mPOST /auth/login [32m200[0m 615.079 ms - 587[0m
2023-04-24 07:42:29 error: [POST] /profile/bio >> StatusCode:: 400, Message:: BIO_NOT_FOUND
2023-04-24 07:42:29 info: [0mPOST /profile/bio [32m200[0m 633.803 ms - 71[0m
2023-04-24 07:45:25 info: =================================
2023-04-24 07:45:25 info: ======= ENV: development =======
2023-04-24 07:45:25 info: 🚀 App listening on the port 3000
2023-04-24 07:45:25 info: =================================
2023-04-24 07:45:27 info: Connected to email server
2023-04-24 07:45:38 info: Connected to Database Successfully...
2023-04-24 07:45:59 error: [POST] /profile/bio >> StatusCode:: 400, Message:: PROFILE_VALIDATION_ERROR
2023-04-24 07:45:59 info: [0mPOST /profile/bio [32m200[0m 700.646 ms - 116[0m
2023-04-24 07:48:23 info: =================================
2023-04-24 07:48:23 info: ======= ENV: development =======
2023-04-24 07:48:23 info: 🚀 App listening on the port 3000
2023-04-24 07:48:23 info: =================================
2023-04-24 07:48:25 info: Connected to email server
2023-04-24 07:48:31 info: Connected to Database Successfully...
2023-04-24 07:48:36 error: [POST] /profile/bio >> StatusCode:: 400, Message:: BIO_NOT_FOUND
2023-04-24 07:48:36 info: [0mPOST /profile/bio [32m200[0m 751.419 ms - 71[0m
2023-04-24 07:49:07 info: =================================
2023-04-24 07:49:07 info: ======= ENV: development =======
2023-04-24 07:49:07 info: 🚀 App listening on the port 3000
2023-04-24 07:49:07 info: =================================
2023-04-24 07:49:10 info: Connected to email server
2023-04-24 07:49:16 info: Connected to Database Successfully...
2023-04-24 07:49:33 error: [POST] /profile/bio >> StatusCode:: 400, Message:: PROFILE_VALIDATION_ERROR
2023-04-24 07:49:33 info: [0mPOST /profile/bio [32m200[0m 499.879 ms - 116[0m
2023-04-24 07:50:26 info: =================================
2023-04-24 07:50:26 info: ======= ENV: development =======
2023-04-24 07:50:26 info: 🚀 App listening on the port 3000
2023-04-24 07:50:26 info: =================================
2023-04-24 07:50:28 info: Connected to email server
2023-04-24 07:50:33 info: Connected to Database Successfully...
2023-04-24 07:51:31 info: =================================
2023-04-24 07:51:31 info: ======= ENV: development =======
2023-04-24 07:51:31 info: 🚀 App listening on the port 3000
2023-04-24 07:51:31 info: =================================
2023-04-24 07:51:33 info: Connected to email server
2023-04-24 07:51:38 info: Connected to Database Successfully...
2023-04-24 07:51:43 error: [POST] /profile/bio >> StatusCode:: 400, Message:: PROFILE_VALIDATION_ERROR
2023-04-24 07:51:43 info: [0mPOST /profile/bio [32m200[0m 881.783 ms - 110[0m
2023-04-24 07:52:23 info: =================================
2023-04-24 07:52:23 info: ======= ENV: development =======
2023-04-24 07:52:23 info: 🚀 App listening on the port 3000
2023-04-24 07:52:23 info: =================================
2023-04-24 07:52:25 info: Connected to email server
2023-04-24 07:52:25 info: Connected to Database Successfully...
2023-04-24 07:53:10 info: [0mPOST /profile/bio [32m200[0m 1176.785 ms - 332[0m
2023-04-24 07:53:15 error: [POST] /profile/bio >> StatusCode:: 400, Message:: BIO_ALREAD_ADDED
2023-04-24 07:53:15 info: [0mPOST /profile/bio [32m200[0m 798.592 ms - 74[0m
2023-04-24 07:53:53 info: [0mPUT /profile/bio [32m200[0m 769.661 ms - 332[0m
2023-04-24 07:54:11 info: [0mGET /profile/bio [32m200[0m 468.472 ms - 334[0m
2023-04-24 07:54:37 error: [DELETE] /profile/bio >> StatusCode:: 404, Message:: The requested path /profile/bio not found!
2023-04-24 07:54:37 info: [0mDELETE /profile/bio [32m200[0m 1.787 ms - 100[0m
2023-04-24 07:55:31 info: =================================
2023-04-24 07:55:31 info: ======= ENV: development =======
2023-04-24 07:55:31 info: 🚀 App listening on the port 3000
2023-04-24 07:55:31 info: =================================
2023-04-24 07:55:33 info: Connected to email server
2023-04-24 07:55:44 info: Connected to Database Successfully...
2023-04-24 07:55:46 info: [0mDELETE /profile/bio/6446275599f6698e1da5d870 [32m200[0m 4456.455 ms - 332[0m
2023-04-24 07:55:53 info: [0mGET /profile/bio [32m200[0m 497.905 ms - 84[0m
2023-04-24 07:59:16 info: =================================
2023-04-24 07:59:16 info: ======= ENV: development =======
2023-04-24 07:59:16 info: 🚀 App listening on the port 3000
2023-04-24 07:59:16 info: =================================
2023-04-24 07:59:18 info: Connected to email server
2023-04-24 07:59:29 info: Connected to Database Successfully...
2023-04-24 07:59:46 info: [0mGET /reload_db [32m200[0m 4049.752 ms - 74[0m
2023-04-24 07:59:52 error: [POST] /auth/login >> StatusCode:: 400, Message:: Cannot read properties of undefined (reading 'status')
2023-04-24 07:59:52 info: [0mPOST /auth/login [32m200[0m 659.819 ms - 587[0m
2023-04-24 08:00:05 error: [POST] /profile/about >> StatusCode:: 400, Message:: PROFILE_VALIDATION_ERROR
2023-04-24 08:00:05 info: [0mPOST /profile/about [32m200[0m 1265.621 ms - 128[0m
2023-04-24 08:00:25 info: [0mPOST /profile/about [32m200[0m 1902.516 ms - 951[0m
