2023-04-08 02:20:39 info: =================================
2023-04-08 02:20:39 info: ======= ENV: development =======
2023-04-08 02:20:39 info: 🚀 App listening on the port 3000
2023-04-08 02:20:39 info: =================================
2023-04-08 02:20:42 info: Connected to Database Successfully...
2023-04-08 02:20:44 info: Connected to email server
2023-04-08 02:31:28 info: =================================
2023-04-08 02:31:28 info: ======= ENV: development =======
2023-04-08 02:31:28 info: 🚀 App listening on the port 3000
2023-04-08 02:31:28 info: =================================
2023-04-08 02:31:30 info: Connected to email server
2023-04-08 02:31:35 info: Connected to Database Successfully...
2023-04-08 02:31:46 info: [0mGET /job/getAllJobs [32m200[0m 252.601 ms - 769[0m
2023-04-08 02:33:17 info: =================================
2023-04-08 02:33:17 info: ======= ENV: development =======
2023-04-08 02:33:17 info: 🚀 App listening on the port 3000
2023-04-08 02:33:17 info: =================================
2023-04-08 02:33:19 info: Connected to email server
2023-04-08 02:33:20 info: Connected to Database Successfully...
2023-04-08 02:33:25 info: [0mGET /job/getAllJobs [32m200[0m 280.523 ms - 659[0m
2023-04-08 02:33:59 info: =================================
2023-04-08 02:33:59 info: ======= ENV: development =======
2023-04-08 02:33:59 info: 🚀 App listening on the port 3000
2023-04-08 02:33:59 info: =================================
2023-04-08 02:34:01 info: Connected to email server
2023-04-08 02:34:02 info: Connected to Database Successfully...
2023-04-08 02:35:27 info: [0mGET /job/getAllJobs [32m200[0m 316.714 ms - 769[0m
2023-04-08 02:36:07 info: [0mGET /job/getAllJobs?status=active [32m200[0m 252.248 ms - 162[0m
2023-04-08 02:36:57 info: =================================
2023-04-08 02:36:57 info: ======= ENV: development =======
2023-04-08 02:36:57 info: 🚀 App listening on the port 3000
2023-04-08 02:36:57 info: =================================
2023-04-08 02:37:00 info: Connected to email server
2023-04-08 02:37:00 info: Connected to Database Successfully...
2023-04-08 02:37:09 info: [0mGET /job/getAllJobs?status=active [32m200[0m 256.298 ms - -[0m
2023-04-08 02:37:42 info: [0mGET /job/getAllJobs?status=active&id=64304ef82f4f2b8f8494f367 [32m200[0m 224.817 ms - -[0m
2023-04-08 02:37:48 info: [0mGET /job/getAllJobs?id=64304ef82f4f2b8f8494f367 [32m200[0m 214.248 ms - -[0m
2023-04-08 02:38:31 info: [0mGET /job/getAllJobs?status=inactive [32m200[0m 217.631 ms - -[0m
2023-04-08 02:38:56 info: [0mGET /job/getAllJobs?status=inactive&jobType=Remote [32m200[0m 223.518 ms - -[0m
2023-04-08 02:39:02 info: [0mGET /job/getAllJobs?jobType=Remote [32m200[0m 218.569 ms - -[0m
2023-04-08 02:40:49 info: [0mGET /reload_db [32m200[0m 2772.837 ms - 74[0m
2023-04-08 02:45:06 info: =================================
2023-04-08 02:45:06 info: ======= ENV: development =======
2023-04-08 02:45:06 info: 🚀 App listening on the port 3000
2023-04-08 02:45:06 info: =================================
2023-04-08 02:45:09 info: Connected to email server
2023-04-08 02:45:14 info: Connected to Database Successfully...
2023-04-08 02:45:23 error: [POST] /auth/login >> StatusCode:: 400, Message:: Cannot read properties of undefined (reading 'status')
2023-04-08 02:45:23 info: [0mPOST /auth/login [32m200[0m 1288.527 ms - 587[0m
2023-04-08 02:45:26 info: [0mPOST /job [32m200[0m 292.911 ms - -[0m
2023-04-08 02:45:32 info: [0mGET /job/getAllJobs?jobType=Remote [32m200[0m 224.152 ms - -[0m
2023-04-08 02:45:57 info: [0mGET /job/getAllJobs?status=inactive&jobType=Remote&location=india [32m200[0m 233.562 ms - 162[0m
2023-04-08 02:46:04 info: [0mGET /job/getAllJobs?jobType=Remote&location=india [32m200[0m 446.363 ms - 162[0m
2023-04-08 02:46:08 info: [0mGET /job/getAllJobs?location=india [32m200[0m 217.723 ms - 162[0m
2023-04-08 02:46:18 info: [0mGET /job/getAllJobs?location=India [32m200[0m 466.781 ms - 709[0m
2023-04-08 02:46:26 info: [0mGET /job/getAllJobs?jobType=Remote&location=India [32m200[0m 452.958 ms - 709[0m
2023-04-08 02:46:56 info: [0mGET /job/getAllJobs?status=inactive&jobType=Remote&location=India [32m200[0m 1398.198 ms - 162[0m
2023-04-08 02:47:03 info: [0mGET /job/getAllJobs?status=active&jobType=Remote&location=India [32m200[0m 226.690 ms - 709[0m
2023-04-08 02:47:35 info: [0mGET /job/getAllJobs?status=active&jobType=Remote&location=India&rating=5 [32m200[0m 270.110 ms - 162[0m
2023-04-08 02:47:40 info: [0mGET /job/getAllJobs?rating=5 [32m200[0m 240.132 ms - -[0m
2023-04-08 02:48:15 info: [0mGET /job/getAllJobs?rating=5&verified=true [32m200[0m 272.371 ms - -[0m
2023-04-08 02:48:23 info: [0mGET /job/getAllJobs?status=active&rating=5&verified=true [32m200[0m 265.403 ms - 751[0m
2023-04-08 02:54:17 info: =================================
2023-04-08 02:54:17 info: ======= ENV: development =======
2023-04-08 02:54:17 info: 🚀 App listening on the port 3000
2023-04-08 02:54:17 info: =================================
2023-04-08 02:54:20 info: Connected to email server
2023-04-08 02:54:20 info: Connected to Database Successfully...
2023-04-08 02:54:40 info: [0mGET /job/getAllJobs?status=active&rating=5&limit [32m200[0m 253.162 ms - 751[0m
2023-04-08 02:54:45 info: [0mGET /job/getAllJobs?rating=5&limit [32m200[0m 280.716 ms - -[0m
2023-04-08 02:54:54 info: [0mGET /job/getAllJobs?rating=5&limit=1 [32m200[0m 256.095 ms - 805[0m
2023-04-08 03:33:15 info: =================================
2023-04-08 03:33:15 info: ======= ENV: development =======
2023-04-08 03:33:15 info: 🚀 App listening on the port 3000
2023-04-08 03:33:15 info: =================================
2023-04-08 03:33:17 info: Connected to email server
2023-04-08 03:33:18 info: Connected to Database Successfully...
2023-04-08 03:33:32 info: [0mGET /reload_db [32m200[0m 2829.648 ms - 74[0m
2023-04-08 03:33:36 error: [POST] /auth/login >> StatusCode:: 400, Message:: Cannot read properties of undefined (reading 'status')
2023-04-08 03:33:36 info: [0mPOST /auth/login [32m200[0m 564.564 ms - 587[0m
2023-04-08 03:33:39 error: [POST] /job >> StatusCode:: 400, Message:: Job validation failed: hourly: Cast to Number failed for value "{ min: 40, max: 66 }" (type Object) at path "hourly"
2023-04-08 03:33:39 info: [0mPOST /job [32m200[0m 90.745 ms - 177[0m
2023-04-08 03:34:40 info: =================================
2023-04-08 03:34:40 info: ======= ENV: development =======
2023-04-08 03:34:40 info: 🚀 App listening on the port 3000
2023-04-08 03:34:40 info: =================================
2023-04-08 03:34:42 info: Connected to email server
2023-04-08 03:34:47 info: Connected to Database Successfully...
2023-04-08 03:34:57 error: [POST] /job >> StatusCode:: 400, Message:: Job validation failed: status: `ACTIVE` is not a valid enum value for path `status`.
2023-04-08 03:34:57 info: [0mPOST /job [32m200[0m 50.751 ms - 141[0m
2023-04-08 03:35:52 info: =================================
2023-04-08 03:35:52 info: ======= ENV: development =======
2023-04-08 03:35:52 info: 🚀 App listening on the port 3000
2023-04-08 03:35:52 info: =================================
2023-04-08 03:35:55 info: Connected to email server
2023-04-08 03:35:55 info: Connected to Database Successfully...
2023-04-08 03:36:04 info: [0mPOST /job [32m200[0m 311.743 ms - -[0m
2023-04-08 03:37:43 info: [0mGET /job/getAllJobs?rating=5&limit=1&page=2 [32m200[0m 269.582 ms - 1007[0m
2023-04-08 03:37:57 info: [0mGET /job/getAllJobs?rating=5&limit=3&page=2 [32m200[0m 229.896 ms - 162[0m
2023-04-08 03:38:11 info: [0mGET /job/getAllJobs?rating=5&limit=1&page=2 [32m200[0m 248.212 ms - 1007[0m
2023-04-08 03:38:19 info: [0mGET /job/getAllJobs?rating=5&limit=1&page=1 [32m200[0m 225.000 ms - -[0m
2023-04-08 03:38:26 info: [0mGET /job/getAllJobs?limit=1&page=1 [32m200[0m 220.105 ms - -[0m
2023-04-08 03:38:36 info: [0mGET /job/getAllJobs?limit=5&page=1 [32m200[0m 227.688 ms - -[0m
2023-04-08 03:42:34 info: =================================
2023-04-08 03:42:34 info: ======= ENV: development =======
2023-04-08 03:42:34 info: 🚀 App listening on the port 3000
2023-04-08 03:42:34 info: =================================
2023-04-08 03:42:36 info: Connected to email server
2023-04-08 03:42:36 info: Connected to Database Successfully...
2023-04-08 03:42:54 info: [0mGET /reload_db [32m200[0m 4145.915 ms - 74[0m
2023-04-08 03:44:45 info: [0mGET /job/getAllJobs?next=2 [32m200[0m 273.257 ms - 162[0m
2023-04-08 03:48:50 info: [0mGET /reload_db [32m200[0m 2953.035 ms - 74[0m
2023-04-08 03:48:56 info: [0mPOST /job [32m200[0m 622.748 ms - -[0m
2023-04-08 03:49:27 info: [0mGET /job/getAllJobs?next=2 [32m200[0m 304.707 ms - -[0m
2023-04-08 03:50:03 info: [0mGET /job/getAllJobs?limit=2 [32m200[0m 465.706 ms - -[0m
2023-04-08 04:01:51 info: =================================
2023-04-08 04:01:51 info: ======= ENV: development =======
2023-04-08 04:01:51 info: 🚀 App listening on the port 3000
2023-04-08 04:01:51 info: =================================
2023-04-08 04:01:54 info: Connected to email server
2023-04-08 04:02:00 info: Connected to Database Successfully...
2023-04-08 04:02:05 info: [0mGET /job/getAllJobs?limit=2 [32m200[0m 257.688 ms - -[0m
2023-04-08 04:02:25 info: [0mGET /job/getAllJobs?limit=2&skip=2 [32m200[0m 234.370 ms - -[0m
2023-04-08 04:06:34 info: =================================
2023-04-08 04:06:34 info: ======= ENV: development =======
2023-04-08 04:06:34 info: 🚀 App listening on the port 3000
2023-04-08 04:06:34 info: =================================
2023-04-08 04:06:36 info: Connected to email server
2023-04-08 04:06:36 info: Connected to Database Successfully...
2023-04-08 04:06:43 error: [GET] /job/getAllJobs >> StatusCode:: 400, Message:: BSON field 'skip' value must be >= 0, actual value '-2'
2023-04-08 04:06:43 info: [0mGET /job/getAllJobs?limit=2&skip=2 [32m200[0m 350.276 ms - 112[0m
2023-04-08 04:11:33 info: =================================
2023-04-08 04:11:33 info: ======= ENV: development =======
2023-04-08 04:11:33 info: 🚀 App listening on the port 3000
2023-04-08 04:11:33 info: =================================
2023-04-08 04:11:35 info: Connected to email server
2023-04-08 04:11:36 info: Connected to Database Successfully...
2023-04-08 04:11:56 info: [0mGET /job/getAllJobs?limit=2&skip=2 [32m200[0m 302.443 ms - -[0m
2023-04-08 04:12:15 info: [0mGET /job/getAllJobs?limit=&skip=2 [32m200[0m 360.932 ms - -[0m
2023-04-08 04:13:02 info: =================================
2023-04-08 04:13:02 info: ======= ENV: development =======
2023-04-08 04:13:02 info: 🚀 App listening on the port 3000
2023-04-08 04:13:02 info: =================================
2023-04-08 04:13:07 info: Connected to email server
2023-04-08 04:13:20 info: Connected to Database Successfully...
2023-04-08 04:13:40 info: [0mGET /reload_db [32m200[0m 3081.315 ms - 74[0m
2023-04-08 04:13:45 error: [POST] /auth/login >> StatusCode:: 400, Message:: Cannot read properties of undefined (reading 'status')
2023-04-08 04:13:45 info: [0mPOST /auth/login [32m200[0m 563.023 ms - 587[0m
2023-04-08 04:13:49 info: [0mPOST /job [32m200[0m 440.509 ms - -[0m
2023-04-08 04:15:48 info: =================================
2023-04-08 04:15:48 info: ======= ENV: development =======
2023-04-08 04:15:48 info: 🚀 App listening on the port 3000
2023-04-08 04:15:48 info: =================================
2023-04-08 04:15:50 info: Connected to email server
2023-04-08 04:15:52 info: Connected to Database Successfully...
2023-04-08 04:16:04 info: [0mGET /job/getAllJobs?limit=&skip=2 [32m200[0m 260.216 ms - -[0m
2023-04-08 04:42:57 info: =================================
2023-04-08 04:42:57 info: ======= ENV: development =======
2023-04-08 04:42:57 info: 🚀 App listening on the port 3000
2023-04-08 04:42:57 info: =================================
2023-04-08 04:43:00 info: Connected to email server
2023-04-08 04:43:00 info: Connected to Database Successfully...
2023-04-08 04:43:09 info: [0mGET /reload_db [32m200[0m 2782.725 ms - 74[0m
2023-04-08 04:43:17 error: [POST] /auth/login >> StatusCode:: 400, Message:: Cannot read properties of undefined (reading 'status')
2023-04-08 04:43:17 info: [0mPOST /auth/login [32m200[0m 976.447 ms - 587[0m
2023-04-08 04:43:22 info: [0mPOST /job [32m200[0m 389.791 ms - -[0m
2023-04-08 04:43:34 info: [0mGET /job/getAllJobs?limit=&skip=2 [32m200[0m 234.173 ms - -[0m
2023-04-08 04:56:48 info: [0mGET /profile [32m200[0m 2401.837 ms - 179[0m
2023-04-08 04:57:00 error: [POST] /profile/about >> StatusCode:: 400, Message:: Cannot read properties of undefined (reading 'lastViewed')
2023-04-08 04:57:00 info: [0mPOST /profile/about [32m200[0m 1354.876 ms - 115[0m
2023-04-08 05:09:07 info: =================================
2023-04-08 05:09:07 info: ======= ENV: development =======
2023-04-08 05:09:07 info: 🚀 App listening on the port 3000
2023-04-08 05:09:07 info: =================================
2023-04-08 05:09:09 info: Connected to email server
2023-04-08 05:09:09 info: Connected to Database Successfully...
2023-04-08 05:09:18 error: [POST] /profile/about >> StatusCode:: 400, Message:: ABOUT_ALREAD_ADDED
2023-04-08 05:09:18 info: [0mPOST /profile/about [32m200[0m 740.673 ms - 76[0m
2023-04-08 05:09:28 info: [0mGET /profile [32m200[0m 2487.249 ms - 865[0m
