2023-03-16 09:58:48 info: =================================
2023-03-16 09:58:48 info: ======= ENV: development =======
2023-03-16 09:58:48 info: 🚀 App listening on the port 3000
2023-03-16 09:58:48 info: =================================
2023-03-16 09:59:18 error: Error connecting to Database: MongooseServerSelectionError: connect ECONNREFUSED 127.0.0.1:27017
2023-03-16 10:09:51 info: =================================
2023-03-16 10:09:51 info: ======= ENV: development =======
2023-03-16 10:09:51 info: 🚀 App listening on the port 3000
2023-03-16 10:09:51 info: =================================
2023-03-16 10:10:21 error: Error connecting to Database: MongooseServerSelectionError: connect ECONNREFUSED 127.0.0.1:27017
2023-03-16 12:28:24 info: =================================
2023-03-16 12:28:24 info: ======= ENV: development =======
2023-03-16 12:28:24 info: 🚀 App listening on the port 3000
2023-03-16 12:28:24 info: =================================
2023-03-16 12:28:28 info: Connected to Database Successfully...
2023-03-16 12:28:32 info: [0mGET /api-docs/ [36m304[0m 7.092 ms - -[0m
2023-03-16 12:28:32 info: [0mGET /api-docs/swagger-ui.css [36m304[0m 8.431 ms - -[0m
2023-03-16 12:28:32 info: [0mGET /api-docs/swagger-ui-standalone-preset.js [36m304[0m 1.746 ms - -[0m
2023-03-16 12:28:33 info: [0mGET /api-docs/swagger-ui-bundle.js [32m200[0m 12.705 ms - -[0m
2023-03-16 12:28:33 info: [0mGET /api-docs/swagger-ui-init.js [32m200[0m 1.396 ms - -[0m
2023-03-16 12:28:34 info: [0mGET /api-docs/favicon-32x32.png [36m304[0m 1.774 ms - -[0m
2023-03-16 12:28:38 info: [0mGET /api-docs/favicon-32x32.png [36m304[0m 1.084 ms - -[0m
2023-03-16 12:28:51 info: [0mGET /api-docs/ [36m304[0m 1.348 ms - -[0m
2023-03-16 12:28:52 info: [0mGET /api-docs/swagger-ui-init.js [36m304[0m 0.550 ms - -[0m
2023-03-16 12:28:52 info: [0mGET /api-docs/swagger-ui-bundle.js [36m304[0m 26.169 ms - -[0m
2023-03-16 12:28:52 info: [0mGET /api-docs/swagger-ui.css [36m304[0m 11.296 ms - -[0m
2023-03-16 12:28:52 info: [0mGET /api-docs/swagger-ui-standalone-preset.js [36m304[0m 11.241 ms - -[0m
2023-03-16 12:28:52 info: [0mGET /api-docs/favicon-32x32.png [36m304[0m 1.198 ms - -[0m
2023-03-16 12:28:52 info: [0mGET /api-docs/favicon-32x32.png [36m304[0m 3.231 ms - -[0m
2023-03-16 12:28:55 info: [0mGET /api-docs/favicon-32x32.png [36m304[0m 5.814 ms - -[0m
2023-03-16 12:29:54 info: =================================
2023-03-16 12:29:54 info: ======= ENV: development =======
2023-03-16 12:29:54 info: 🚀 App listening on the port 3000
2023-03-16 12:29:54 info: =================================
2023-03-16 12:30:08 info: Connected to Database Successfully...
2023-03-16 12:32:21 info: [0mGET /api-docs/ [36m304[0m 13.548 ms - -[0m
2023-03-16 12:32:21 info: [0mGET /api-docs/swagger-ui.css [36m304[0m 8.136 ms - -[0m
2023-03-16 12:32:21 info: [0mGET /api-docs/swagger-ui-init.js [36m304[0m 1.398 ms - -[0m
2023-03-16 12:32:21 info: [0mGET /api-docs/swagger-ui-bundle.js [36m304[0m 31.604 ms - -[0m
2023-03-16 12:32:21 info: [0mGET /api-docs/swagger-ui-standalone-preset.js [36m304[0m 24.258 ms - -[0m
2023-03-16 12:32:22 info: [0mGET /api-docs/favicon-32x32.png [36m304[0m 0.994 ms - -[0m
2023-03-16 12:32:24 info: [0mGET /api-docs/favicon-32x32.png [36m304[0m 0.931 ms - -[0m
2023-03-16 12:32:38 info: [0mGET /api-docs/ [36m304[0m 0.963 ms - -[0m
2023-03-16 12:32:38 info: [0mGET /api-docs/swagger-ui.css [36m304[0m 5.550 ms - -[0m
2023-03-16 12:32:38 info: [0mGET /api-docs/swagger-ui-init.js [36m304[0m 0.722 ms - -[0m
2023-03-16 12:32:38 info: [0mGET /api-docs/swagger-ui-bundle.js [36m304[0m 7.739 ms - -[0m
2023-03-16 12:32:38 info: [0mGET /api-docs/swagger-ui-standalone-preset.js [36m304[0m 7.660 ms - -[0m
2023-03-16 12:32:38 info: [0mGET /api-docs/favicon-32x32.png [36m304[0m 0.984 ms - -[0m
2023-03-16 12:32:39 info: [0mGET /api-docs/favicon-32x32.png [36m304[0m 0.889 ms - -[0m
2023-03-16 12:32:44 info: [0mGET /api-docs/ [36m304[0m 1.053 ms - -[0m
2023-03-16 12:32:45 info: [0mGET /api-docs/swagger-ui.css [36m304[0m 9.898 ms - -[0m
2023-03-16 12:32:45 info: [0mGET /api-docs/swagger-ui-init.js [36m304[0m 0.542 ms - -[0m
2023-03-16 12:32:45 info: [0mGET /api-docs/swagger-ui-bundle.js [36m304[0m 3.325 ms - -[0m
2023-03-16 12:32:45 info: [0mGET /api-docs/swagger-ui-standalone-preset.js [36m304[0m 3.320 ms - -[0m
2023-03-16 12:32:45 info: [0mGET /api-docs/favicon-32x32.png [36m304[0m 6.540 ms - -[0m
2023-03-16 12:32:45 info: [0mGET /api-docs/favicon-32x32.png [36m304[0m 0.915 ms - -[0m
2023-03-16 12:32:56 info: [0mGET /api-docs/favicon-32x32.png [36m304[0m 2.762 ms - -[0m
2023-03-16 12:32:57 info: [0mGET /api-docs/favicon-32x32.png [36m304[0m 4.629 ms - -[0m
2023-03-16 12:35:49 info: [0mGET /api-docs/ [36m304[0m 3.561 ms - -[0m
2023-03-16 12:35:49 info: [0mGET /api-docs/swagger-ui-init.js [36m304[0m 0.502 ms - -[0m
2023-03-16 12:35:49 info: [0mGET /api-docs/swagger-ui.css [36m304[0m 13.350 ms - -[0m
2023-03-16 12:35:49 info: [0mGET /api-docs/swagger-ui-bundle.js [36m304[0m 12.272 ms - -[0m
2023-03-16 12:35:49 info: [0mGET /api-docs/swagger-ui-standalone-preset.js [36m304[0m 11.183 ms - -[0m
2023-03-16 12:35:49 info: [0mGET /api-docs/favicon-32x32.png [36m304[0m 0.828 ms - -[0m
2023-03-16 12:35:49 info: [0mGET /api-docs/favicon-32x32.png [36m304[0m 1.224 ms - -[0m
2023-03-16 12:35:52 info: [0mGET /api-docs/ [36m304[0m 1.129 ms - -[0m
2023-03-16 12:35:52 info: [0mGET /api-docs/swagger-ui-init.js [36m304[0m 0.613 ms - -[0m
2023-03-16 12:35:52 info: [0mGET /api-docs/swagger-ui.css [36m304[0m 13.585 ms - -[0m
2023-03-16 12:35:52 info: [0mGET /api-docs/swagger-ui-bundle.js [36m304[0m 13.535 ms - -[0m
2023-03-16 12:35:52 info: [0mGET /api-docs/swagger-ui-standalone-preset.js [36m304[0m 4.536 ms - -[0m
2023-03-16 12:35:52 info: [0mGET /api-docs/favicon-32x32.png [36m304[0m 0.846 ms - -[0m
2023-03-16 12:35:53 info: [0mGET /api-docs/favicon-32x32.png [36m304[0m 0.779 ms - -[0m
2023-03-16 12:36:00 info: [0mGET / [32m200[0m 10.916 ms - 115[0m
2023-03-16 12:36:04 error: [GET] /api >> StatusCode:: 404, Message:: The requested path /api not found!
2023-03-16 12:36:04 info: [0mGET /api [33m404[0m 12.026 ms - 63[0m
2023-03-16 12:36:11 error: [GET] /api/users >> StatusCode:: 404, Message:: The requested path /api/users not found!
2023-03-16 12:36:11 info: [0mGET /api/users [33m404[0m 1.562 ms - 69[0m
2023-03-16 12:36:18 error: [GET] /api/users >> StatusCode:: 404, Message:: The requested path /api/users not found!
2023-03-16 12:36:18 info: [0mGET /api/users [33m404[0m 0.985 ms - 69[0m
2023-03-16 12:36:24 error: [GET] /api/users >> StatusCode:: 404, Message:: The requested path /api/users not found!
2023-03-16 12:36:24 info: [0mGET /api/users [33m404[0m 0.993 ms - 69[0m
2023-03-16 12:37:32 info: [0mGET /users [32m200[0m 432.523 ms - 229[0m
2023-03-16 12:38:53 error: [Error] >> Channel closed
2023-03-16 12:38:58 info: =================================
2023-03-16 12:38:58 info: ======= ENV: development =======
2023-03-16 12:38:58 info: 🚀 App listening on the port 3000
2023-03-16 12:38:58 info: =================================
2023-03-16 12:39:01 info: Connected to Database Successfully...
2023-03-16 12:39:05 error: [POST] /signup >> StatusCode:: 400, Message:: user must be a string
2023-03-16 12:39:05 info: [0mPOST /signup [33m400[0m 152.082 ms - 73[0m
2023-03-16 12:39:22 error: [POST] /signup >> StatusCode:: 404, Message:: The requested path /signup not found!
2023-03-16 12:39:22 info: [0mPOST /signup [33m404[0m 13.700 ms - 66[0m
2023-03-16 12:39:48 error: [POST] /signup >> StatusCode:: 404, Message:: The requested path /signup not found!
2023-03-16 12:39:48 info: [0mPOST /signup [33m404[0m 5.495 ms - 66[0m
2023-03-16 12:40:23 info: [0mGET /users [32m200[0m 319.114 ms - 447[0m
2023-03-16 12:44:10 error: [POST] /login >> StatusCode:: 400, Message:: first_name must be shorter than or equal to 32 characters,first_name must be longer than or equal to 3 characters,first_name must match /^[a-zA-Z0-9-_.@]+$/ regular expression,first_name must be a string, last_name must be shorter than or equal to 32 characters,last_name must be longer than or equal to 3 characters,last_name must match /^[a-zA-Z0-9-_.@]+$/ regular expression,last_name must be a string, user must be a string
2023-03-16 12:44:10 info: [0mPOST /login [33m400[0m 5.992 ms - -[0m
2023-03-16 12:45:31 error: [POST] /login >> StatusCode:: 400, Message:: first_name must be shorter than or equal to 32 characters,first_name must be longer than or equal to 3 characters,first_name must match /^[a-zA-Z0-9-_.@]+$/ regular expression,first_name must be a string, last_name must be shorter than or equal to 32 characters,last_name must be longer than or equal to 3 characters,last_name must match /^[a-zA-Z0-9-_.@]+$/ regular expression,last_name must be a string, user must be a string
2023-03-16 12:45:31 info: [0mPOST /login [33m400[0m 2.266 ms - -[0m
2023-03-16 12:45:53 error: [POST] /login >> StatusCode:: 400, Message:: first_name must be shorter than or equal to 32 characters,first_name must be longer than or equal to 3 characters,first_name must match /^[a-zA-Z0-9-_.@]+$/ regular expression,first_name must be a string, last_name must be shorter than or equal to 32 characters,last_name must be longer than or equal to 3 characters,last_name must match /^[a-zA-Z0-9-_.@]+$/ regular expression,last_name must be a string, user must be a string
2023-03-16 12:45:53 info: [0mPOST /login [33m400[0m 2.060 ms - -[0m
2023-03-16 12:47:12 info: =================================
2023-03-16 12:47:12 info: ======= ENV: development =======
2023-03-16 12:47:12 info: 🚀 App listening on the port 3000
2023-03-16 12:47:12 info: =================================
2023-03-16 12:47:26 info: Connected to Database Successfully...
2023-03-16 12:48:54 error: [POST] /login >> StatusCode:: 400, Message:: first_name must be shorter than or equal to 32 characters,first_name must be longer than or equal to 3 characters,first_name must match /^[a-zA-Z0-9-_.@]+$/ regular expression,first_name must be a string, last_name must be shorter than or equal to 32 characters,last_name must be longer than or equal to 3 characters,last_name must match /^[a-zA-Z0-9-_.@]+$/ regular expression,last_name must be a string, user must be a string
2023-03-16 12:48:54 info: [0mPOST /login [33m400[0m 102.445 ms - -[0m
2023-03-16 12:54:45 error: [POST] /login >> StatusCode:: 400, Message:: first_name must be shorter than or equal to 32 characters,first_name must be longer than or equal to 3 characters,first_name must match /^[a-zA-Z0-9-_.@]+$/ regular expression,first_name must be a string, last_name must be shorter than or equal to 32 characters,last_name must be longer than or equal to 3 characters,last_name must match /^[a-zA-Z0-9-_.@]+$/ regular expression,last_name must be a string, user must be a string
2023-03-16 12:54:45 info: [0mPOST /login [33m400[0m 22.128 ms - -[0m
2023-03-16 12:57:34 error: [POST] /login >> StatusCode:: 400, Message:: first_name must be shorter than or equal to 32 characters,first_name must be longer than or equal to 3 characters,first_name must match /^[a-zA-Z0-9-_.@]+$/ regular expression,first_name must be a string, last_name must be shorter than or equal to 32 characters,last_name must be longer than or equal to 3 characters,last_name must match /^[a-zA-Z0-9-_.@]+$/ regular expression,last_name must be a string, user must be a string
2023-03-16 12:57:34 info: [0mPOST /login [33m400[0m 2.449 ms - -[0m
2023-03-16 12:57:46 info: =================================
2023-03-16 12:57:46 info: ======= ENV: development =======
2023-03-16 12:57:46 info: 🚀 App listening on the port 3000
2023-03-16 12:57:46 info: =================================
2023-03-16 12:57:49 info: Connected to Database Successfully...
2023-03-16 12:58:05 error: [POST] /login >> StatusCode:: 409, Message:: You're password not matching
2023-03-16 12:58:05 info: [0mPOST /login [33m409[0m 586.877 ms - 57[0m
2023-03-16 12:58:56 error: [POST] /login >> StatusCode:: 409, Message:: You're password not matching
2023-03-16 12:58:56 info: [0mPOST /login [33m409[0m 509.925 ms - 57[0m
2023-03-16 12:58:59 error: [POST] /login >> StatusCode:: 409, Message:: You're password not matching
2023-03-16 12:58:59 info: [0mPOST /login [33m409[0m 323.605 ms - 57[0m
2023-03-16 12:59:22 info: =================================
2023-03-16 12:59:22 info: ======= ENV: development =======
2023-03-16 12:59:22 info: 🚀 App listening on the port 3000
2023-03-16 12:59:22 info: =================================
2023-03-16 12:59:25 info: Connected to Database Successfully...
2023-03-16 12:59:28 error: [POST] /login >> StatusCode:: 409, Message:: email or password not correct
2023-03-16 12:59:28 info: [0mPOST /login [33m409[0m 368.116 ms - 58[0m
2023-03-16 12:59:47 error: [POST] /login >> StatusCode:: 409, Message:: email or password not correct
2023-03-16 12:59:47 info: [0mPOST /login [33m409[0m 335.574 ms - 58[0m
2023-03-16 13:01:06 info: =================================
2023-03-16 13:01:06 info: ======= ENV: development =======
2023-03-16 13:01:06 info: 🚀 App listening on the port 3000
2023-03-16 13:01:06 info: =================================
2023-03-16 13:01:09 info: Connected to Database Successfully...
2023-03-16 13:01:15 error: [POST] /login >> StatusCode:: 409, Message:: email or password not correct
2023-03-16 13:01:15 info: [0mPOST /login [33m409[0m 454.629 ms - 58[0m
2023-03-16 13:12:52 info: =================================
2023-03-16 13:12:52 info: ======= ENV: development =======
2023-03-16 13:12:52 info: 🚀 App listening on the port 3000
2023-03-16 13:12:52 info: =================================
2023-03-16 13:12:56 info: Connected to Database Successfully...
2023-03-16 13:13:02 error: [POST] /login >> StatusCode:: 401, Message:: Incorrect email or password
2023-03-16 13:13:02 info: [0mPOST /login [33m401[0m 465.344 ms - 56[0m
2023-03-16 13:24:30 error: [POST] /signup >> StatusCode:: 404, Message:: The requested path /signup not found!
2023-03-16 13:24:30 info: [0mPOST /signup [33m404[0m 174.738 ms - 66[0m
2023-03-16 17:31:28 info: =================================
2023-03-16 17:31:28 info: ======= ENV: development =======
2023-03-16 17:31:28 info: 🚀 App listening on the port 3000
2023-03-16 17:31:28 info: =================================
2023-03-16 17:31:31 info: Connected to Database Successfully...
2023-03-16 17:34:33 error: [POST] /signup >> StatusCode:: 404, Message:: The requested path /signup not found!
2023-03-16 17:34:33 info: [0mPOST /signup [33m404[0m 84.070 ms - 66[0m
2023-03-16 18:03:01 info: =================================
2023-03-16 18:03:01 info: ======= ENV: development =======
2023-03-16 18:03:01 info: 🚀 App listening on the port 3000
2023-03-16 18:03:01 info: =================================
2023-03-16 18:03:08 info: Connected to Database Successfully...
2023-03-16 18:04:16 error: [POST] /signup >> StatusCode:: 404, Message:: The requested path /signup not found!
2023-03-16 18:04:16 info: [0mPOST /signup [33m404[0m 154.063 ms - 66[0m
2023-03-16 18:05:08 error: [POST] /signup >> StatusCode:: 404, Message:: The requested path /signup not found!
2023-03-16 18:05:08 info: [0mPOST /signup [33m404[0m 5.220 ms - 66[0m
2023-03-16 18:05:55 info: =================================
2023-03-16 18:05:55 info: ======= ENV: development =======
2023-03-16 18:05:55 info: 🚀 App listening on the port 3000
2023-03-16 18:05:55 info: =================================
2023-03-16 18:06:06 info: Connected to Database Successfully...
2023-03-16 18:06:17 error: [POST] /signup >> StatusCode:: 404, Message:: The requested path /signup not found!
2023-03-16 18:06:17 info: [0mPOST /signup [33m404[0m 190.314 ms - 66[0m
2023-03-16 18:07:24 error: [POST] /signup >> StatusCode:: 404, Message:: The requested path /signup not found!
2023-03-16 18:07:24 info: [0mPOST /signup [33m404[0m 9.723 ms - 66[0m
2023-03-16 18:07:48 info: =================================
2023-03-16 18:07:48 info: ======= ENV: development =======
2023-03-16 18:07:48 info: 🚀 App listening on the port 3000
2023-03-16 18:07:48 info: =================================
2023-03-16 18:08:06 info: Connected to Database Successfully...
2023-03-16 18:09:24 error: [POST] /signup >> StatusCode:: 404, Message:: The requested path /signup not found!
2023-03-16 18:09:24 info: [0mPOST /signup [33m404[0m 71.591 ms - 66[0m
2023-03-16 18:17:11 info: =================================
2023-03-16 18:17:11 info: ======= ENV: development =======
2023-03-16 18:17:11 info: 🚀 App listening on the port 3000
2023-03-16 18:17:11 info: =================================
2023-03-16 18:17:33 info: Connected to Database Successfully...
2023-03-16 18:17:42 error: [POST] /signup >> StatusCode:: 404, Message:: The requested path /signup not found!
2023-03-16 18:17:42 info: [0mPOST /signup [33m404[0m 112.519 ms - 66[0m
2023-03-16 18:17:45 error: [Error] >> email quadri201@gmail.com already exists
2023-03-16 22:15:09 info: =================================
2023-03-16 22:15:09 info: ======= ENV: development =======
2023-03-16 22:15:09 info: 🚀 App listening on the port 3000
2023-03-16 22:15:09 info: =================================
2023-03-16 22:15:18 info: Connected to Database Successfully...
2023-03-16 22:15:51 error: [POST] /login >> StatusCode:: 401, Message:: Incorrect email or password
2023-03-16 22:15:51 info: [0mPOST /login [33m401[0m 439.172 ms - 56[0m
2023-03-16 22:17:38 error: [POST] /login >> StatusCode:: 401, Message:: Incorrect email or password
2023-03-16 22:17:38 info: [0mPOST /login [33m401[0m 520.595 ms - 56[0m
2023-03-16 22:18:02 info: =================================
2023-03-16 22:18:02 info: ======= ENV: development =======
2023-03-16 22:18:02 info: 🚀 App listening on the port 3000
2023-03-16 22:18:02 info: =================================
2023-03-16 22:18:05 info: Connected to Database Successfully...
2023-03-16 22:18:41 error: [POST] /login >> StatusCode:: 400, Message:: Incorrect email or password
2023-03-16 22:18:41 info: [0mPOST /login [33m400[0m 798.953 ms - 56[0m
2023-03-16 22:20:38 error: [POST] /logout >> StatusCode:: 404, Message:: Authentication token missing
2023-03-16 22:20:38 info: [0mPOST /logout [33m404[0m 7.117 ms - 57[0m
2023-03-16 22:22:25 error: [POST] /login >> StatusCode:: 400, Message:: Incorrect email or password
2023-03-16 22:22:25 info: [0mPOST /login [33m400[0m 342.001 ms - 56[0m
2023-03-16 22:22:53 error: [POST] /login >> StatusCode:: 400, Message:: Incorrect email or password
2023-03-16 22:22:53 info: [0mPOST /login [33m400[0m 337.556 ms - 56[0m
2023-03-16 22:23:22 error: [POST] /login >> StatusCode:: 400, Message:: Incorrect email or password
2023-03-16 22:23:22 info: [0mPOST /login [33m400[0m 321.340 ms - 56[0m
2023-03-16 22:23:40 info: =================================
2023-03-16 22:23:40 info: ======= ENV: development =======
2023-03-16 22:23:40 info: 🚀 App listening on the port 3000
2023-03-16 22:23:40 info: =================================
2023-03-16 22:23:50 info: Connected to Database Successfully...
2023-03-16 22:23:56 info: [0mPOST /login [32m204[0m 7356.930 ms - -[0m
2023-03-16 22:24:28 info: [0mPOST /login [32m204[0m 430.790 ms - -[0m
2023-03-16 22:24:32 info: [0mPOST /login [32m204[0m 353.635 ms - -[0m
2023-03-16 22:25:21 info: =================================
2023-03-16 22:25:21 info: ======= ENV: development =======
2023-03-16 22:25:21 info: 🚀 App listening on the port 3000
2023-03-16 22:25:21 info: =================================
2023-03-16 22:25:34 info: Connected to Database Successfully...
2023-03-16 22:25:38 info: [0mPOST /login [32m204[0m 474.718 ms - -[0m
2023-03-16 22:27:59 info: =================================
2023-03-16 22:27:59 info: ======= ENV: development =======
2023-03-16 22:27:59 info: 🚀 App listening on the port 3000
2023-03-16 22:27:59 info: =================================
2023-03-16 22:28:02 info: Connected to Database Successfully...
2023-03-16 22:28:23 info: [0mPOST /login [32m200[0m 503.999 ms - 452[0m
2023-03-16 22:30:51 info: =================================
2023-03-16 22:30:51 info: ======= ENV: development =======
2023-03-16 22:30:51 info: 🚀 App listening on the port 3000
2023-03-16 22:30:51 info: =================================
2023-03-16 22:31:22 error: [POST] /login >> StatusCode:: 500, Message:: Operation `users.findOne()` buffering timed out after 10000ms
2023-03-16 22:31:22 info: [0mPOST /login [31m500[0m 10131.042 ms - 90[0m
2023-03-16 22:31:31 error: Error connecting to Database: MongooseServerSelectionError: Could not connect to any servers in your MongoDB Atlas cluster. One common reason is that you're trying to access the database from an IP that isn't whitelisted. Make sure your current IP address is on your Atlas cluster's IP whitelist: https://docs.atlas.mongodb.com/security-whitelist/
2023-03-16 22:31:46 info: =================================
2023-03-16 22:31:46 info: ======= ENV: development =======
2023-03-16 22:31:46 info: 🚀 App listening on the port 3000
2023-03-16 22:31:46 info: =================================
2023-03-16 22:31:49 info: Connected to Database Successfully...
2023-03-16 22:32:17 info: [0mPOST /login [32m200[0m 509.191 ms - 223[0m
2023-03-16 22:33:20 info: [0mPOST /login [32m200[0m 361.307 ms - 223[0m
2023-03-16 22:33:33 info: [0mPOST /login [32m200[0m 319.420 ms - 223[0m
2023-03-16 22:34:26 info: =================================
2023-03-16 22:34:26 info: ======= ENV: development =======
2023-03-16 22:34:26 info: 🚀 App listening on the port 3000
2023-03-16 22:34:26 info: =================================
2023-03-16 22:35:07 error: Error connecting to Database: MongooseServerSelectionError: Could not connect to any servers in your MongoDB Atlas cluster. One common reason is that you're trying to access the database from an IP that isn't whitelisted. Make sure your current IP address is on your Atlas cluster's IP whitelist: https://docs.atlas.mongodb.com/security-whitelist/
2023-03-16 22:40:13 info: =================================
2023-03-16 22:40:13 info: ======= ENV: development =======
2023-03-16 22:40:13 info: 🚀 App listening on the port 3000
2023-03-16 22:40:13 info: =================================
2023-03-16 22:40:16 info: Connected to Database Successfully...
2023-03-16 22:40:19 info: [0mPOST /login [32m200[0m 533.912 ms - 448[0m
2023-03-16 22:41:57 info: [0mPOST /login [32m200[0m 436.729 ms - 448[0m
2023-03-16 22:42:43 info: [0mPOST /login [32m200[0m 307.564 ms - 448[0m
2023-03-16 22:43:11 info: [0mPOST /logout [32m200[0m 604.617 ms - 245[0m
