2023-10-27 17:33:51 info: =================================
2023-10-27 17:33:51 info: ======= ENV: development =======
2023-10-27 17:33:51 info: 🚀 App listening on the port 3000
2023-10-27 17:33:51 info: =================================
2023-10-27 17:33:53 info: Connected to email server
2023-10-27 17:33:53 info: Connected to email server
2023-10-27 17:33:53 info: Connected to email server
2023-10-27 17:33:53 info: Connected to email server
2023-10-27 17:33:53 info: Connected to email server
2023-10-27 17:33:53 info: Connected to email server
2023-10-27 17:33:53 info: Connected to email server
2023-10-27 17:33:53 info: Connected to email server
2023-10-27 17:33:53 info: Connected to email server
2023-10-27 17:33:53 info: Connected to email server
2023-10-27 17:33:53 info: Connected to email server
2023-10-27 17:33:53 info: Connected to email server
2023-10-27 17:33:54 info: Connected to email server
2023-10-27 17:33:54 info: Connected to email server
2023-10-27 17:33:54 info: Connected to Database Successfully...
2023-10-27 17:34:33 error: [POST] /auth/login >> StatusCode:: 400, Message:: Cannot read properties of undefined (reading 'status')
2023-10-27 17:34:33 info: [0mPOST /auth/login [32m200[0m 2950.782 ms - 587[0m
2023-10-27 17:34:41 info: [0mGET /job/getAllJobs [32m200[0m 798.775 ms - 88[0m
2023-10-27 17:36:25 info: =================================
2023-10-27 17:36:25 info: ======= ENV: development =======
2023-10-27 17:36:25 info: 🚀 App listening on the port 3000
2023-10-27 17:36:25 info: =================================
2023-10-27 17:36:27 info: Connected to email server
2023-10-27 17:36:27 info: Connected to email server
2023-10-27 17:36:27 info: Connected to email server
2023-10-27 17:36:27 info: Connected to email server
2023-10-27 17:36:27 info: Connected to email server
2023-10-27 17:36:27 info: Connected to email server
2023-10-27 17:36:27 info: Connected to email server
2023-10-27 17:36:27 info: Connected to email server
2023-10-27 17:36:27 info: Connected to email server
2023-10-27 17:36:27 info: Connected to email server
2023-10-27 17:36:27 info: Connected to email server
2023-10-27 17:36:27 info: Connected to email server
2023-10-27 17:36:27 info: Connected to email server
2023-10-27 17:36:27 info: Connected to email server
2023-10-27 17:36:28 info: Connected to Database Successfully...
2023-10-27 17:36:49 info: [0mGET /job/getAllJobs [32m200[0m 888.584 ms - -[0m
2023-10-27 17:49:35 info: =================================
2023-10-27 17:49:35 info: ======= ENV: development =======
2023-10-27 17:49:35 info: 🚀 App listening on the port 3000
2023-10-27 17:49:35 info: =================================
2023-10-27 17:49:37 info: Connected to email server
2023-10-27 17:49:37 info: Connected to email server
2023-10-27 17:49:37 info: Connected to email server
2023-10-27 17:49:37 info: Connected to email server
2023-10-27 17:49:37 info: Connected to email server
2023-10-27 17:49:37 info: Connected to email server
2023-10-27 17:49:37 info: Connected to email server
2023-10-27 17:49:37 info: Connected to email server
2023-10-27 17:49:37 info: Connected to email server
2023-10-27 17:49:37 info: Connected to email server
2023-10-27 17:49:37 info: Connected to email server
2023-10-27 17:49:37 info: Connected to email server
2023-10-27 17:49:37 info: Connected to email server
2023-10-27 17:49:37 info: Connected to email server
2023-10-27 17:49:38 info: Connected to Database Successfully...
2023-10-27 17:49:51 error: [POST] /auth/login >> StatusCode:: 400, Message:: Cannot read properties of undefined (reading 'status')
2023-10-27 17:49:51 info: [0mPOST /auth/login [32m200[0m 501.382 ms - 587[0m
2023-10-27 17:50:17 info: [0mPOST /job [32m200[0m 562.005 ms - 967[0m
2023-10-27 17:52:18 info: =================================
2023-10-27 17:52:18 info: ======= ENV: development =======
2023-10-27 17:52:18 info: 🚀 App listening on the port 3000
2023-10-27 17:52:18 info: =================================
2023-10-27 17:52:20 info: Connected to email server
2023-10-27 17:52:20 info: Connected to email server
2023-10-27 17:52:20 info: Connected to email server
2023-10-27 17:52:20 info: Connected to email server
2023-10-27 17:52:20 info: Connected to email server
2023-10-27 17:52:20 info: Connected to email server
2023-10-27 17:52:20 info: Connected to email server
2023-10-27 17:52:20 info: Connected to email server
2023-10-27 17:52:20 info: Connected to email server
2023-10-27 17:52:20 info: Connected to email server
2023-10-27 17:52:20 info: Connected to email server
2023-10-27 17:52:20 info: Connected to email server
2023-10-27 17:52:20 info: Connected to Database Successfully...
2023-10-27 17:52:20 info: Connected to email server
2023-10-27 17:52:21 info: Connected to email server
2023-10-27 17:52:34 info: [0mPOST /job [32m200[0m 856.589 ms - 977[0m
