2023-11-01 00:05:26 info: =================================
2023-11-01 00:05:26 info: ======= ENV: development =======
2023-11-01 00:05:26 info: 🚀 App listening on the port 3000
2023-11-01 00:05:26 info: =================================
2023-11-01 00:05:28 info: Connected to email server
2023-11-01 00:05:28 info: Connected to email server
2023-11-01 00:05:28 info: Connected to email server
2023-11-01 00:05:28 info: Connected to email server
2023-11-01 00:05:28 info: Connected to email server
2023-11-01 00:05:28 info: Connected to email server
2023-11-01 00:05:28 info: Connected to email server
2023-11-01 00:05:28 info: Connected to email server
2023-11-01 00:05:28 info: Connected to email server
2023-11-01 00:05:28 info: Connected to email server
2023-11-01 00:05:28 info: Connected to email server
2023-11-01 00:05:28 info: Connected to email server
2023-11-01 00:05:28 info: Connected to email server
2023-11-01 00:05:28 info: Connected to email server
2023-11-01 00:05:29 info: Connected to Database Successfully...
2023-11-01 00:05:51 error: [POST] /photography >> StatusCode:: 400, Message:: ERROR_UPLOADING_IMAGE
2023-11-01 00:05:51 info: [0mPOST /photography [32m200[0m 504.331 ms - 79[0m
2023-11-01 00:06:05 info: [0mPOST /photography [32m200[0m 6731.148 ms - 457[0m
2023-11-01 00:09:43 info: =================================
2023-11-01 00:09:43 info: ======= ENV: development =======
2023-11-01 00:09:43 info: 🚀 App listening on the port 3000
2023-11-01 00:09:43 info: =================================
2023-11-01 00:09:43 error: Error connecting to Database: Error: querySrv ECONNREFUSED _mongodb._tcp.niptrex.xzoqe5t.mongodb.net
2023-11-01 00:09:43 warn: Unable to connect to email server. Make sure you have configured the SMTP options in .env
2023-11-01 00:09:43 warn: Unable to connect to email server. Make sure you have configured the SMTP options in .env
2023-11-01 00:09:44 warn: Unable to connect to email server. Make sure you have configured the SMTP options in .env
2023-11-01 00:09:44 warn: Unable to connect to email server. Make sure you have configured the SMTP options in .env
2023-11-01 00:09:44 warn: Unable to connect to email server. Make sure you have configured the SMTP options in .env
2023-11-01 00:09:44 warn: Unable to connect to email server. Make sure you have configured the SMTP options in .env
2023-11-01 00:09:44 warn: Unable to connect to email server. Make sure you have configured the SMTP options in .env
2023-11-01 00:09:44 warn: Unable to connect to email server. Make sure you have configured the SMTP options in .env
2023-11-01 00:09:44 warn: Unable to connect to email server. Make sure you have configured the SMTP options in .env
2023-11-01 00:09:44 warn: Unable to connect to email server. Make sure you have configured the SMTP options in .env
2023-11-01 00:09:44 warn: Unable to connect to email server. Make sure you have configured the SMTP options in .env
2023-11-01 00:09:44 warn: Unable to connect to email server. Make sure you have configured the SMTP options in .env
2023-11-01 00:09:44 warn: Unable to connect to email server. Make sure you have configured the SMTP options in .env
2023-11-01 00:09:44 warn: Unable to connect to email server. Make sure you have configured the SMTP options in .env
2023-11-01 00:10:37 info: =================================
2023-11-01 00:10:37 info: ======= ENV: development =======
2023-11-01 00:10:37 info: 🚀 App listening on the port 3000
2023-11-01 00:10:37 info: =================================
2023-11-01 00:10:39 info: Connected to email server
2023-11-01 00:10:39 info: Connected to email server
2023-11-01 00:10:39 info: Connected to email server
2023-11-01 00:10:39 info: Connected to email server
2023-11-01 00:10:39 info: Connected to email server
2023-11-01 00:10:39 info: Connected to email server
2023-11-01 00:10:39 info: Connected to email server
2023-11-01 00:10:39 info: Connected to email server
2023-11-01 00:10:39 info: Connected to email server
2023-11-01 00:10:39 info: Connected to email server
2023-11-01 00:10:39 info: Connected to email server
2023-11-01 00:10:39 info: Connected to email server
2023-11-01 00:10:39 info: Connected to email server
2023-11-01 00:10:39 info: Connected to email server
2023-11-01 00:10:40 info: Connected to Database Successfully...
2023-11-01 00:11:21 info: =================================
2023-11-01 00:11:21 info: ======= ENV: development =======
2023-11-01 00:11:21 info: 🚀 App listening on the port 3000
2023-11-01 00:11:21 info: =================================
2023-11-01 00:11:23 info: Connected to email server
2023-11-01 00:11:23 info: Connected to email server
2023-11-01 00:11:23 info: Connected to email server
2023-11-01 00:11:23 info: Connected to email server
2023-11-01 00:11:23 info: Connected to email server
2023-11-01 00:11:23 info: Connected to email server
2023-11-01 00:11:23 info: Connected to email server
2023-11-01 00:11:23 info: Connected to email server
2023-11-01 00:11:23 info: Connected to email server
2023-11-01 00:11:23 info: Connected to email server
2023-11-01 00:11:23 info: Connected to email server
2023-11-01 00:11:23 info: Connected to email server
2023-11-01 00:11:23 info: Connected to email server
2023-11-01 00:11:23 info: Connected to email server
2023-11-01 00:11:23 info: Connected to Database Successfully...
2023-11-01 00:11:36 info: [0mPOST /photography [32m200[0m 8020.371 ms - 457[0m
2023-11-01 00:16:31 info: =================================
2023-11-01 00:16:31 info: ======= ENV: development =======
2023-11-01 00:16:31 info: 🚀 App listening on the port 3000
2023-11-01 00:16:31 info: =================================
2023-11-01 00:17:46 error: Error connecting to Database: Error: querySrv ETIMEOUT _mongodb._tcp.niptrex.xzoqe5t.mongodb.net
2023-11-01 00:20:04 info: Connected to email server
2023-11-01 00:20:04 info: Connected to email server
2023-11-01 00:20:04 info: Connected to email server
2023-11-01 00:20:04 info: Connected to email server
2023-11-01 00:20:04 info: Connected to email server
2023-11-01 00:20:04 info: Connected to email server
2023-11-01 00:20:04 info: Connected to email server
2023-11-01 00:20:04 info: Connected to email server
2023-11-01 00:24:01 warn: Unable to connect to email server. Make sure you have configured the SMTP options in .env
2023-11-01 00:24:01 warn: Unable to connect to email server. Make sure you have configured the SMTP options in .env
2023-11-01 00:24:01 warn: Unable to connect to email server. Make sure you have configured the SMTP options in .env
2023-11-01 00:24:01 warn: Unable to connect to email server. Make sure you have configured the SMTP options in .env
2023-11-01 00:24:01 warn: Unable to connect to email server. Make sure you have configured the SMTP options in .env
2023-11-01 00:24:01 warn: Unable to connect to email server. Make sure you have configured the SMTP options in .env
2023-11-01 00:27:40 info: =================================
2023-11-01 00:27:40 info: ======= ENV: development =======
2023-11-01 00:27:40 info: 🚀 App listening on the port 3000
2023-11-01 00:27:40 info: =================================
2023-11-01 00:27:42 info: Connected to email server
2023-11-01 00:27:42 info: Connected to email server
2023-11-01 00:27:42 info: Connected to email server
2023-11-01 00:27:42 info: Connected to email server
2023-11-01 00:27:42 info: Connected to email server
2023-11-01 00:27:42 info: Connected to email server
2023-11-01 00:27:42 info: Connected to email server
2023-11-01 00:27:42 info: Connected to email server
2023-11-01 00:27:42 info: Connected to email server
2023-11-01 00:27:42 info: Connected to email server
2023-11-01 00:27:42 info: Connected to email server
2023-11-01 00:27:42 info: Connected to email server
2023-11-01 00:27:43 info: Connected to email server
2023-11-01 00:27:43 info: Connected to email server
2023-11-01 00:27:44 info: Connected to Database Successfully...
2023-11-01 00:28:01 info: [0mPOST /photography [32m200[0m 8089.134 ms - 457[0m
2023-11-01 00:28:28 info: [0mPOST /photography [32m200[0m 5708.083 ms - 457[0m
2023-11-01 00:32:20 info: =================================
2023-11-01 00:32:20 info: ======= ENV: development =======
2023-11-01 00:32:20 info: 🚀 App listening on the port 3000
2023-11-01 00:32:20 info: =================================
2023-11-01 00:32:22 info: Connected to email server
2023-11-01 00:32:22 info: Connected to email server
2023-11-01 00:32:22 info: Connected to email server
2023-11-01 00:32:22 info: Connected to email server
2023-11-01 00:32:22 info: Connected to email server
2023-11-01 00:32:22 info: Connected to email server
2023-11-01 00:32:23 info: Connected to email server
2023-11-01 00:32:23 info: Connected to email server
2023-11-01 00:32:28 info: Connected to Database Successfully...
2023-11-01 00:32:52 info: Connected to email server
2023-11-01 00:32:52 info: Connected to email server
2023-11-01 00:32:52 info: Connected to email server
2023-11-01 00:32:52 info: Connected to email server
2023-11-01 00:32:52 info: Connected to email server
2023-11-01 00:32:52 info: Connected to email server
