2023-07-18 07:19:48 info: =================================
2023-07-18 07:19:48 info: ======= ENV: development =======
2023-07-18 07:19:48 info: 🚀 App listening on the port 3000
2023-07-18 07:19:48 info: =================================
2023-07-18 07:19:50 info: Connected to email server
2023-07-18 07:19:50 info: Connected to email server
2023-07-18 07:19:50 info: Connected to email server
2023-07-18 07:19:50 info: Connected to email server
2023-07-18 07:19:50 info: Connected to email server
2023-07-18 07:19:50 info: Connected to email server
2023-07-18 07:19:50 info: Connected to email server
2023-07-18 07:19:51 info: Connected to Database Successfully...
2023-07-18 07:20:14 error: [POST] /payment/disburse >> StatusCode:: 404, Message:: The requested path /payment/disburse not found!
2023-07-18 07:20:14 info: [0mPOST /payment/disburse [32m200[0m 32.500 ms - 105[0m
2023-07-18 07:20:20 info: Connected to email server
2023-07-18 07:21:25 info: =================================
2023-07-18 07:21:25 info: ======= ENV: development =======
2023-07-18 07:21:25 info: 🚀 App listening on the port 3000
2023-07-18 07:21:25 info: =================================
2023-07-18 07:21:28 info: Connected to email server
2023-07-18 07:21:28 info: Connected to email server
2023-07-18 07:21:28 info: Connected to email server
2023-07-18 07:21:28 info: Connected to email server
2023-07-18 07:21:28 info: Connected to email server
2023-07-18 07:21:28 info: Connected to email server
2023-07-18 07:21:28 info: Connected to email server
2023-07-18 07:21:28 info: Connected to email server
2023-07-18 07:21:33 info: Connected to Database Successfully...
2023-07-18 07:21:46 error: [POST] /payment/disburse >> StatusCode:: 404, Message:: The requested path /payment/disburse not found!
2023-07-18 07:21:46 info: [0mPOST /payment/disburse [32m200[0m 42.098 ms - 105[0m
2023-07-18 07:22:16 info: =================================
2023-07-18 07:22:16 info: ======= ENV: development =======
2023-07-18 07:22:16 info: 🚀 App listening on the port 3000
2023-07-18 07:22:16 info: =================================
2023-07-18 07:22:18 info: Connected to email server
2023-07-18 07:22:18 info: Connected to email server
2023-07-18 07:22:18 info: Connected to email server
2023-07-18 07:22:18 info: Connected to email server
2023-07-18 07:22:18 info: Connected to email server
2023-07-18 07:22:18 info: Connected to email server
2023-07-18 07:22:18 info: Connected to email server
2023-07-18 07:22:18 info: Connected to Database Successfully...
2023-07-18 07:22:18 info: Connected to email server
2023-07-18 07:22:35 error: [POST] /payment/disburse >> StatusCode:: 401, Message:: UNAUTHORIZED_USER
2023-07-18 07:22:35 info: [0mPOST /payment/disburse [32m200[0m 416.188 ms - 75[0m
2023-07-18 07:22:41 error: [POST] /auth/login >> StatusCode:: 400, Message:: Cannot read properties of undefined (reading 'status')
2023-07-18 07:22:41 info: [0mPOST /auth/login [32m200[0m 525.279 ms - 587[0m
2023-07-18 07:22:53 error: [POST] /payment/disburse >> StatusCode:: 400, Message:: Converting circular structure to JSON
    --> starting at object with constructor 'ClientRequest'
    |     property 'socket' -> object with constructor 'TLSSocket'
    --- property '_httpMessage' closes the circle
2023-07-18 07:22:53 info: [0mPOST /payment/disburse [32m200[0m 6914.840 ms - 274[0m
2023-07-18 07:23:40 info: =================================
2023-07-18 07:23:40 info: ======= ENV: development =======
2023-07-18 07:23:40 info: 🚀 App listening on the port 3000
2023-07-18 07:23:40 info: =================================
2023-07-18 07:23:43 info: Connected to email server
2023-07-18 07:23:43 info: Connected to email server
2023-07-18 07:23:43 info: Connected to email server
2023-07-18 07:23:43 info: Connected to email server
2023-07-18 07:23:43 info: Connected to email server
2023-07-18 07:23:43 info: Connected to email server
2023-07-18 07:23:43 info: Connected to email server
2023-07-18 07:23:43 info: Connected to email server
2023-07-18 07:23:44 info: Connected to Database Successfully...
2023-07-18 07:23:59 info: [0mPOST /payment/disburse [32m200[0m 6326.101 ms - 559[0m
2023-07-18 07:36:10 info: =================================
2023-07-18 07:36:10 info: ======= ENV: development =======
2023-07-18 07:36:10 info: 🚀 App listening on the port 3000
2023-07-18 07:36:10 info: =================================
2023-07-18 07:36:12 info: Connected to email server
2023-07-18 07:36:12 info: Connected to email server
2023-07-18 07:36:12 info: Connected to email server
2023-07-18 07:36:12 info: Connected to email server
2023-07-18 07:36:12 info: Connected to email server
2023-07-18 07:36:12 info: Connected to email server
2023-07-18 07:36:13 info: Connected to email server
2023-07-18 07:36:13 info: Connected to email server
2023-07-18 07:36:14 info: Connected to Database Successfully...
2023-07-18 07:36:38 info: [0mGET /job/getAllJobs [32m200[0m 289.947 ms - -[0m
2023-07-18 07:37:01 info: [0mGET /bid/proposals/64b51731c1c76d2eb4ef7c21 [32m200[0m 949.740 ms - -[0m
2023-07-18 07:37:48 error: [POST] /payment/disburse >> StatusCode:: 400, Message:: PAYMENT_VALIDATION_ERROR
2023-07-18 07:37:48 info: [0mPOST /payment/disburse [32m200[0m 6675.360 ms - 152[0m
2023-07-18 07:38:17 info: =================================
2023-07-18 07:38:17 info: ======= ENV: development =======
2023-07-18 07:38:17 info: 🚀 App listening on the port 3000
2023-07-18 07:38:17 info: =================================
2023-07-18 07:38:20 info: Connected to email server
2023-07-18 07:38:20 info: Connected to email server
2023-07-18 07:38:20 info: Connected to email server
2023-07-18 07:38:20 info: Connected to email server
2023-07-18 07:38:21 info: Connected to email server
2023-07-18 07:38:31 info: Connected to Database Successfully...
2023-07-18 07:38:49 info: Connected to email server
2023-07-18 07:38:49 info: Connected to email server
2023-07-18 07:38:49 info: Connected to email server
2023-07-18 07:38:54 error: [POST] /payment/disburse >> StatusCode:: 400, Message:: PAYMENT_VALIDATION_ERROR
2023-07-18 07:38:54 info: [0mPOST /payment/disburse [32m200[0m 6654.007 ms - 119[0m
2023-07-18 07:39:40 info: =================================
2023-07-18 07:39:40 info: ======= ENV: development =======
2023-07-18 07:39:40 info: 🚀 App listening on the port 3000
2023-07-18 07:39:40 info: =================================
2023-07-18 07:39:42 info: Connected to email server
2023-07-18 07:39:42 info: Connected to email server
2023-07-18 07:39:42 info: Connected to email server
2023-07-18 07:39:42 info: Connected to email server
2023-07-18 07:39:42 info: Connected to email server
2023-07-18 07:39:42 info: Connected to email server
2023-07-18 07:39:42 info: Connected to email server
2023-07-18 07:39:43 info: Connected to Database Successfully...
2023-07-18 07:39:43 info: Connected to email server
2023-07-18 07:40:04 error: [POST] /payment/disburse >> StatusCode:: 400, Message:: PAYMENT_VALIDATION_ERROR
2023-07-18 07:40:04 info: [0mPOST /payment/disburse [32m200[0m 6348.126 ms - 116[0m
2023-07-18 07:40:57 info: =================================
2023-07-18 07:40:57 info: ======= ENV: development =======
2023-07-18 07:40:57 info: 🚀 App listening on the port 3000
2023-07-18 07:40:57 info: =================================
2023-07-18 07:40:59 info: Connected to email server
2023-07-18 07:40:59 info: Connected to email server
2023-07-18 07:40:59 info: Connected to email server
2023-07-18 07:40:59 info: Connected to email server
2023-07-18 07:40:59 info: Connected to email server
2023-07-18 07:40:59 info: Connected to email server
2023-07-18 07:40:59 info: Connected to email server
2023-07-18 07:40:59 info: Connected to email server
2023-07-18 07:40:59 info: Connected to Database Successfully...
2023-07-18 07:41:14 error: [POST] /payment/disburse >> StatusCode:: 400, Message:: PAYMENT_VALIDATION_ERROR
2023-07-18 07:41:14 info: [0mPOST /payment/disburse [32m200[0m 6395.363 ms - 113[0m
2023-07-18 07:42:45 info: =================================
2023-07-18 07:42:45 info: ======= ENV: development =======
2023-07-18 07:42:45 info: 🚀 App listening on the port 3000
2023-07-18 07:42:45 info: =================================
2023-07-18 07:42:48 info: Connected to email server
2023-07-18 07:42:48 info: Connected to email server
2023-07-18 07:42:48 info: Connected to email server
2023-07-18 07:42:48 info: Connected to email server
2023-07-18 07:42:48 info: Connected to email server
2023-07-18 07:42:48 info: Connected to email server
2023-07-18 07:42:48 info: Connected to email server
2023-07-18 07:42:48 info: Connected to email server
2023-07-18 07:42:58 info: Connected to Database Successfully...
2023-07-18 07:43:10 error: [POST] /payment/disburse >> StatusCode:: 400, Message:: PAYMENT_VALIDATION_ERROR
2023-07-18 07:43:10 info: [0mPOST /payment/disburse [32m200[0m 7548.175 ms - 104[0m
2023-07-18 07:43:44 info: =================================
2023-07-18 07:43:44 info: ======= ENV: development =======
2023-07-18 07:43:44 info: 🚀 App listening on the port 3000
2023-07-18 07:43:44 info: =================================
2023-07-18 07:43:46 info: Connected to email server
2023-07-18 07:43:47 info: Connected to email server
2023-07-18 07:43:47 info: Connected to email server
2023-07-18 07:43:47 info: Connected to Database Successfully...
2023-07-18 07:43:47 info: Connected to email server
2023-07-18 07:43:47 info: Connected to email server
2023-07-18 07:43:47 info: Connected to email server
2023-07-18 07:43:47 info: Connected to email server
2023-07-18 07:43:47 info: Connected to email server
2023-07-18 07:44:04 error: [POST] /payment/disburse >> StatusCode:: 400, Message:: PAYMENT_VALIDATION_ERROR
2023-07-18 07:44:04 info: [0mPOST /payment/disburse [32m200[0m 7284.447 ms - 104[0m
2023-07-18 07:44:49 info: =================================
2023-07-18 07:44:49 info: ======= ENV: development =======
2023-07-18 07:44:49 info: 🚀 App listening on the port 3000
2023-07-18 07:44:49 info: =================================
2023-07-18 07:44:52 info: Connected to email server
2023-07-18 07:44:52 info: Connected to email server
2023-07-18 07:44:52 info: Connected to email server
2023-07-18 07:44:52 info: Connected to email server
2023-07-18 07:44:52 info: Connected to email server
2023-07-18 07:44:52 info: Connected to email server
2023-07-18 07:44:52 info: Connected to email server
2023-07-18 07:44:52 info: Connected to email server
2023-07-18 07:44:52 info: Connected to Database Successfully...
2023-07-18 07:45:06 error: [POST] /payment/disburse >> StatusCode:: 400, Message:: PAYMENT_VALIDATION_ERROR
2023-07-18 07:45:06 info: [0mPOST /payment/disburse [32m200[0m 6750.891 ms - 109[0m
2023-07-18 07:46:38 info: =================================
2023-07-18 07:46:38 info: ======= ENV: development =======
2023-07-18 07:46:38 info: 🚀 App listening on the port 3000
2023-07-18 07:46:38 info: =================================
2023-07-18 07:46:40 info: Connected to email server
2023-07-18 07:46:41 info: Connected to email server
2023-07-18 07:46:41 info: Connected to email server
2023-07-18 07:46:41 info: Connected to email server
2023-07-18 07:46:41 info: Connected to email server
2023-07-18 07:46:41 info: Connected to email server
2023-07-18 07:46:41 info: Connected to email server
2023-07-18 07:46:41 info: Connected to Database Successfully...
2023-07-18 07:46:41 info: Connected to email server
2023-07-18 07:46:56 error: [POST] /payment/disburse >> StatusCode:: 400, Message:: Transaction validation failed: customer_id: Cast to Number failed for value "64af766ed704ab63b3af876b" (type string) at path "customer_id"
2023-07-18 07:46:56 info: [0mPOST /payment/disburse [32m200[0m 6273.090 ms - 199[0m
2023-07-18 07:47:50 info: =================================
2023-07-18 07:47:50 info: ======= ENV: development =======
2023-07-18 07:47:50 info: 🚀 App listening on the port 3000
2023-07-18 07:47:50 info: =================================
2023-07-18 07:47:52 info: Connected to email server
2023-07-18 07:47:52 info: Connected to email server
2023-07-18 07:47:52 info: Connected to email server
2023-07-18 07:47:52 info: Connected to email server
2023-07-18 07:47:52 info: Connected to email server
2023-07-18 07:47:52 info: Connected to email server
2023-07-18 07:47:52 info: Connected to Database Successfully...
2023-07-18 07:47:52 info: Connected to email server
2023-07-18 07:47:52 info: Connected to email server
2023-07-18 07:48:14 info: [0mPOST /payment/disburse [32m200[0m 9063.918 ms - 558[0m
