2023-05-21 07:20:43 info: =================================
2023-05-21 07:20:43 info: ======= ENV: development =======
2023-05-21 07:20:43 info: 🚀 App listening on the port 3000
2023-05-21 07:20:43 info: =================================
2023-05-21 07:21:01 info: Connected to Database Successfully...
2023-05-21 07:21:17 info: Connected to email server
2023-05-21 07:21:27 info: [0mGET /reload_db [32m200[0m 9740.549 ms - 74[0m
2023-05-21 07:21:46 error: [POST] /auth/login >> StatusCode:: 400, Message:: Cannot read properties of undefined (reading 'status')
2023-05-21 07:21:46 info: [0mPOST /auth/login [32m200[0m 1741.331 ms - 587[0m
2023-05-21 07:21:55 info: [0mPOST /job [32m200[0m 2715.988 ms - 938[0m
2023-05-21 07:22:08 error: [POST] /auth/login >> StatusCode:: 400, Message:: Cannot read properties of undefined (reading 'status')
2023-05-21 07:22:08 info: [0mPOST /auth/login [32m200[0m 1233.221 ms - 587[0m
2023-05-21 07:23:02 error: [POST] /bid/6469b8821d48527e24fc9ef7 >> StatusCode:: 400, Message:: Cannot read properties of null (reading 'nips')
2023-05-21 07:23:02 info: [0mPOST /bid/6469b8821d48527e24fc9ef7 [32m200[0m 29780.587 ms - 104[0m
2023-05-21 07:24:10 info: [0mPOST /profile/about [32m200[0m 8875.188 ms - -[0m
2023-05-21 07:24:19 info: [0mPOST /bid/6469b8821d48527e24fc9ef7 [32m200[0m 3604.677 ms - -[0m
2023-05-21 07:25:36 error: [POST] /auth/login >> StatusCode:: 400, Message:: Cannot read properties of undefined (reading 'status')
2023-05-21 07:25:36 info: [0mPOST /auth/login [32m200[0m 24270.989 ms - 587[0m
2023-05-21 07:25:49 info: [0mGET /users/profile [32m200[0m 855.955 ms - 437[0m
2023-05-21 07:26:06 error: [POST] /chat >> StatusCode:: 400, Message:: Chat validation failed: milestone: Path `milestone` is required.
2023-05-21 07:26:06 info: [0mPOST /chat [32m200[0m 529.541 ms - 121[0m
2023-05-21 07:26:51 info: =================================
2023-05-21 07:26:51 info: ======= ENV: development =======
2023-05-21 07:26:51 info: 🚀 App listening on the port 3000
2023-05-21 07:26:51 info: =================================
2023-05-21 07:26:57 info: Connected to email server
2023-05-21 07:27:06 info: Connected to Database Successfully...
2023-05-21 07:27:12 error: [POST] /chat >> StatusCode:: 400, Message:: CHAT_VALIDATION_ERROR
2023-05-21 07:27:12 info: [0mPOST /chat [32m200[0m 1603.476 ms - 106[0m
2023-05-21 07:29:20 info: =================================
2023-05-21 07:29:20 info: ======= ENV: development =======
2023-05-21 07:29:20 info: 🚀 App listening on the port 3000
2023-05-21 07:29:20 info: =================================
2023-05-21 07:29:26 info: Connected to email server
2023-05-21 07:29:32 info: Connected to Database Successfully...
2023-05-21 07:29:41 error: [POST] /chat >> StatusCode:: 400, Message:: Chat validation failed: milestone: Path `milestone` is required.
2023-05-21 07:29:41 info: [0mPOST /chat [32m200[0m 408.202 ms - 121[0m
2023-05-21 07:30:51 info: =================================
2023-05-21 07:30:51 info: ======= ENV: development =======
2023-05-21 07:30:51 info: 🚀 App listening on the port 3000
2023-05-21 07:30:51 info: =================================
2023-05-21 07:30:56 info: Connected to email server
2023-05-21 07:31:12 info: Connected to Database Successfully...
2023-05-21 07:31:22 info: [0mPOST /chat [32m200[0m 5223.419 ms - 235[0m
2023-05-21 07:32:30 error: [POST] /chat/message >> StatusCode:: 400, Message:: Message validation failed: milestone: Path `milestone` is required.
2023-05-21 07:32:30 info: [0mPOST /chat/message [32m200[0m 1285.261 ms - 124[0m
2023-05-21 07:33:02 info: =================================
2023-05-21 07:33:02 info: ======= ENV: development =======
2023-05-21 07:33:02 info: 🚀 App listening on the port 3000
2023-05-21 07:33:02 info: =================================
2023-05-21 07:33:09 info: Connected to email server
2023-05-21 07:33:19 info: Connected to Database Successfully...
2023-05-21 07:33:35 info: [0mPOST /chat/message [32m200[0m 10829.691 ms - 274[0m
2023-05-21 07:34:54 error: [GET] /chat/user/ >> StatusCode:: 400, Message:: Cast to ObjectId failed for value "user" (type string) at path "_id" for model "Chat"
2023-05-21 07:34:54 info: [0mGET /chat/user/ [32m200[0m 425.173 ms - 148[0m
2023-05-21 07:35:18 info: [0mGET /chat/6469bab96663726e55c61264 [32m200[0m 1134.191 ms - 429[0m
2023-05-21 07:36:23 info: =================================
2023-05-21 07:36:23 info: ======= ENV: development =======
2023-05-21 07:36:23 info: 🚀 App listening on the port 3000
2023-05-21 07:36:23 info: =================================
2023-05-21 07:36:29 info: Connected to email server
2023-05-21 07:36:38 info: Connected to Database Successfully...
2023-05-21 07:36:42 info: [0mGET /chat/milestone/6469b9101d48527e24fc9f0e [32m200[0m 794.305 ms - 58[0m
2023-05-21 07:36:55 info: [0mGET /chat/646768d1eaadaccccc4644cb [32m200[0m 1470.069 ms - 532[0m
2023-05-21 07:37:37 info: [0mGET /chat/6469bab96663726e55c61264 [32m200[0m 1133.016 ms - 429[0m
2023-05-21 07:37:49 info: [0mGET /chat/milestone/6469b9101d48527e24fc9f0e [32m200[0m 1197.864 ms - 58[0m
