2025-04-29 00:12:02 info: [0mGET / [32m200[0m 34.498 ms - 115[0m
2025-04-29 00:12:04 info: [0mGET /favicon.ico [36m304[0m 13.070 ms - -[0m
2025-04-29 00:12:04 error: [GET] /favicon.ico >> StatusCode:: 404, Message:: The requested path /favicon.ico not found!
2025-04-29 00:12:37 error: [GET] /services >> StatusCode:: 404, Message:: The requested path /services not found!
2025-04-29 00:12:37 info: [0mGET /services [32m200[0m 5.817 ms - 97[0m
2025-04-29 00:12:38 error: [GET] /favicon.ico >> StatusCode:: 404, Message:: The requested path /favicon.ico not found!
2025-04-29 00:12:38 info: [0mGET /favicon.ico [36m304[0m 4.259 ms - -[0m
2025-04-29 00:15:57 info: [0mGET / [32m200[0m 13.783 ms - 115[0m
2025-04-29 00:22:20 info: =================================
2025-04-29 00:22:20 info: ======= ENV: development =======
2025-04-29 00:22:20 info: 🚀 App listening on the port 3000
2025-04-29 00:22:20 info: =================================
2025-04-29 00:22:22 info: Connected to email server
2025-04-29 00:22:22 info: Connected to email server
2025-04-29 00:22:22 info: Connected to email server
2025-04-29 00:22:22 info: Connected to email server
2025-04-29 00:22:22 info: Connected to email server
2025-04-29 00:22:22 info: Connected to email server
2025-04-29 00:22:22 info: Connected to email server
2025-04-29 00:22:22 info: Connected to email server
2025-04-29 00:22:22 info: Connected to email server
2025-04-29 00:22:22 info: Connected to email server
2025-04-29 00:22:22 info: Connected to email server
2025-04-29 00:22:22 info: Connected to email server
2025-04-29 00:22:22 info: Connected to email server
2025-04-29 00:22:22 info: Connected to email server
2025-04-29 00:22:22 info: Connected to email server
2025-04-29 00:22:25 info: Connected to Database Successfully...
2025-04-29 00:23:43 info: [0mOPTIONS /job/technicalTools [32m204[0m 1.516 ms - 0[0m
2025-04-29 00:23:43 info: [0mGET /job/technicalTools [36m304[0m 7.587 ms - -[0m
2025-04-29 00:24:41 info: [0mOPTIONS /auth/login [32m204[0m 0.504 ms - 0[0m
2025-04-29 00:24:41 error: [POST] /auth/login >> StatusCode:: 400, Message:: Cannot read properties of undefined (reading 'status')
2025-04-29 00:24:41 info: [0mPOST /auth/login [32m200[0m 735.535 ms - 587[0m
2025-04-29 00:24:41 info: [0mOPTIONS /profile [32m204[0m 0.137 ms - 0[0m
2025-04-29 00:24:42 info: [0mGET /profile [36m304[0m 749.228 ms - -[0m
2025-04-29 00:24:43 info: [0mOPTIONS /job/client/680684f099bd8d166bd766c3?page=1&limit=5 [32m204[0m 0.192 ms - 0[0m
2025-04-29 00:24:43 info: [0mOPTIONS /job/client/680684f099bd8d166bd766c3?page=1&limit=5 [32m204[0m 0.250 ms - 0[0m
2025-04-29 00:24:44 info: [0mGET /job/client/680684f099bd8d166bd766c3?page=1&limit=5 [36m304[0m 633.861 ms - -[0m
2025-04-29 00:24:44 info: [0mGET /job/client/680684f099bd8d166bd766c3?page=1&limit=5 [36m304[0m 646.354 ms - -[0m
2025-04-29 00:25:50 info: [0mOPTIONS /auth/login [32m204[0m 0.397 ms - 0[0m
2025-04-29 00:25:51 error: [POST] /auth/login >> StatusCode:: 400, Message:: Cannot read properties of undefined (reading 'status')
2025-04-29 00:25:51 info: [0mPOST /auth/login [32m200[0m 920.384 ms - 587[0m
2025-04-29 00:25:51 info: [0mOPTIONS /profile [32m204[0m 0.218 ms - 0[0m
2025-04-29 00:25:51 info: [0mGET /profile [32m200[0m 789.918 ms - 680[0m
2025-04-29 00:25:52 info: [0mOPTIONS /job/client/6806800e99bd8d166bd766ae?page=1&limit=5 [32m204[0m 0.514 ms - 0[0m
2025-04-29 00:25:52 info: [0mOPTIONS /job/client/6806800e99bd8d166bd766ae?page=1&limit=5 [32m204[0m 0.508 ms - 0[0m
2025-04-29 00:25:52 info: [0mGET /job/client/6806800e99bd8d166bd766ae?page=1&limit=5 [32m200[0m 657.652 ms - -[0m
2025-04-29 00:25:53 info: [0mGET /job/client/6806800e99bd8d166bd766ae?page=1&limit=5 [36m304[0m 761.716 ms - -[0m
2025-04-29 00:26:33 info: [0mOPTIONS /auth/login [32m204[0m 0.694 ms - 0[0m
2025-04-29 00:26:33 error: [POST] /auth/login >> StatusCode:: 400, Message:: Cannot read properties of undefined (reading 'status')
2025-04-29 00:26:33 info: [0mPOST /auth/login [32m200[0m 774.687 ms - 587[0m
2025-04-29 00:26:33 info: [0mOPTIONS /profile [32m204[0m 0.202 ms - 0[0m
2025-04-29 00:26:37 info: [0mGET /profile [32m200[0m 3828.877 ms - 411[0m
2025-04-29 00:26:38 error: [GET] /job >> StatusCode:: 404, Message:: The requested path /job not found!
2025-04-29 00:26:38 info: [0mGET /job?page=1&limit=5 [32m200[0m 4.667 ms - 92[0m
2025-04-29 00:26:38 error: [GET] /job >> StatusCode:: 404, Message:: The requested path /job not found!
2025-04-29 00:26:38 info: [0mGET /job?page=1&limit=5 [32m200[0m 2.547 ms - 92[0m
2025-04-29 00:27:05 info: [0mOPTIONS /profile [32m204[0m 0.457 ms - 0[0m
2025-04-29 00:27:05 info: [0mOPTIONS /payment/callback [32m204[0m 0.140 ms - 0[0m
2025-04-29 00:27:05 info: [0mOPTIONS /users/profile [32m204[0m 0.216 ms - 0[0m
2025-04-29 00:27:05 error: [POST] /payment/callback >> StatusCode:: 400, Message:: "id" must be a string
2025-04-29 00:27:05 info: [0mPOST /payment/callback [32m200[0m 16.069 ms - 80[0m
2025-04-29 00:27:06 info: [0mGET /profile [32m200[0m 783.545 ms - 670[0m
2025-04-29 00:27:06 info: [0mGET /users/profile [32m200[0m 756.698 ms - 667[0m
2025-04-29 00:27:06 info: [0mOPTIONS /job/client/680684f099bd8d166bd766c3 [32m204[0m 0.429 ms - 0[0m
2025-04-29 00:27:07 info: [0mGET /profile [36m304[0m 683.910 ms - -[0m
2025-04-29 00:27:07 info: [0mGET /job/client/680684f099bd8d166bd766c3 [32m200[0m 696.351 ms - -[0m
2025-04-29 00:27:34 info: [0mOPTIONS /auth/login [32m204[0m 0.692 ms - 0[0m
2025-04-29 00:27:35 error: [POST] /auth/login >> StatusCode:: 400, Message:: Cannot read properties of undefined (reading 'status')
2025-04-29 00:27:35 info: [0mPOST /auth/login [32m200[0m 830.939 ms - 587[0m
2025-04-29 00:27:35 info: [0mOPTIONS /profile [32m204[0m 0.187 ms - 0[0m
2025-04-29 00:27:39 info: [0mGET /profile [32m200[0m 3992.498 ms - 411[0m
2025-04-29 00:27:39 info: [0mOPTIONS /users/profile [32m204[0m 0.089 ms - 0[0m
2025-04-29 00:27:39 info: [0mGET /users/profile [32m200[0m 654.895 ms - 590[0m
2025-04-29 00:27:40 info: [0mOPTIONS /job/skillsCategory [32m204[0m 0.140 ms - 0[0m
2025-04-29 00:27:40 info: [0mGET /job/skillsCategory [36m304[0m 0.842 ms - -[0m
2025-04-29 00:27:40 info: [0mGET /users/profile [36m304[0m 830.790 ms - -[0m
2025-04-29 00:27:40 info: [0mOPTIONS /profile [32m204[0m 0.146 ms - 0[0m
2025-04-29 00:27:45 info: [0mGET /profile [36m304[0m 4147.514 ms - -[0m
2025-04-29 00:28:40 info: [0mOPTIONS /users/profile [32m204[0m 0.453 ms - 0[0m
2025-04-29 00:28:40 info: [0mOPTIONS /job/skillsCategory [32m204[0m 0.176 ms - 0[0m
2025-04-29 00:28:40 info: [0mGET /job/skillsCategory [36m304[0m 2.163 ms - -[0m
2025-04-29 00:28:41 info: [0mGET /users/profile [36m304[0m 799.188 ms - -[0m
2025-04-29 00:28:41 info: [0mOPTIONS /profile [32m204[0m 0.163 ms - 0[0m
2025-04-29 00:28:45 info: [0mGET /profile [36m304[0m 4395.676 ms - -[0m
2025-04-29 00:28:56 info: [0mOPTIONS /profile [32m204[0m 0.142 ms - 0[0m
2025-04-29 00:28:56 info: [0mOPTIONS /profile/bio [32m204[0m 0.087 ms - 0[0m
2025-04-29 00:28:56 info: [0mOPTIONS /profile/freelanceWorkHistory/ [32m204[0m 0.182 ms - 0[0m
2025-04-29 00:28:57 info: [0mGET /profile/bio [32m200[0m 837.242 ms - 84[0m
2025-04-29 00:28:57 info: [0mGET /profile/freelanceWorkHistory/ [32m200[0m 838.764 ms - 172[0m
2025-04-29 00:29:01 info: [0mGET /profile [36m304[0m 4818.371 ms - -[0m
2025-04-29 00:29:08 info: [0mOPTIONS /users/profile [32m204[0m 0.221 ms - 0[0m
2025-04-29 00:29:08 info: [0mOPTIONS /job/skillsCategory [32m204[0m 0.160 ms - 0[0m
2025-04-29 00:29:08 info: [0mOPTIONS /profile [32m204[0m 0.124 ms - 0[0m
2025-04-29 00:31:00 error: [POST] /auth/login >> StatusCode:: 400, Message:: Cannot read properties of undefined (reading 'status')
2025-04-29 00:31:00 info: [0mPOST /auth/login [32m200[0m 669.057 ms - 587[0m
2025-04-29 00:31:47 info: [0mGET /job/getAllJobs?search=Front%20End [32m200[0m 1588.404 ms - -[0m
2025-04-29 00:35:58 info: [0mGET /job/getUserJobBestMatches [32m200[0m 1368.024 ms - 172[0m
2025-04-29 00:37:36 info: [0mGET / [32m200[0m 14.217 ms - 115[0m
2025-04-29 00:37:57 info: [0mOPTIONS /auth/login [32m204[0m 0.463 ms - 0[0m
2025-04-29 00:37:57 error: [POST] /auth/login >> StatusCode:: 400, Message:: Incorrect email or password
2025-04-29 00:37:57 info: [0mPOST /auth/login [32m200[0m 363.114 ms - 85[0m
2025-04-29 00:38:03 info: [0mOPTIONS /auth/login [32m204[0m 0.820 ms - 0[0m
2025-04-29 00:38:04 error: [POST] /auth/login >> StatusCode:: 400, Message:: Cannot read properties of undefined (reading 'status')
2025-04-29 00:38:04 info: [0mPOST /auth/login [32m200[0m 751.235 ms - 587[0m
2025-04-29 00:38:04 info: [0mOPTIONS /profile [32m204[0m 0.149 ms - 0[0m
2025-04-29 00:38:04 info: [0mGET /profile [32m200[0m 737.711 ms - 670[0m
2025-04-29 00:38:04 info: [0mOPTIONS /job/client/680684f099bd8d166bd766c3?page=1&limit=5 [32m204[0m 0.123 ms - 0[0m
2025-04-29 00:38:04 info: [0mOPTIONS /job/client/680684f099bd8d166bd766c3?page=1&limit=5 [32m204[0m 0.073 ms - 0[0m
2025-04-29 00:38:05 info: [0mGET /job/client/680684f099bd8d166bd766c3?page=1&limit=5 [32m200[0m 724.376 ms - -[0m
2025-04-29 00:38:06 info: [0mGET /job/client/680684f099bd8d166bd766c3?page=1&limit=5 [36m304[0m 699.265 ms - -[0m
2025-04-29 00:38:12 info: [0mOPTIONS /profile/about [32m204[0m 3.213 ms - 0[0m
2025-04-29 00:38:12 info: [0mOPTIONS /profile/about [32m204[0m 0.155 ms - 0[0m
2025-04-29 00:38:12 info: [0mGET /job/skillsCategory [36m304[0m 6.491 ms - -[0m
2025-04-29 00:38:12 info: [0mGET /job/skillsCategory [36m304[0m 2.488 ms - -[0m
2025-04-29 00:38:13 error: [GET] /profile/about >> StatusCode:: 400, Message:: ABOUT_NOT_FOUND
2025-04-29 00:38:13 info: [0mGET /profile/about [32m200[0m 1107.734 ms - 73[0m
2025-04-29 00:38:14 error: [GET] /profile/about >> StatusCode:: 400, Message:: ABOUT_NOT_FOUND
2025-04-29 00:38:14 info: [0mGET /profile/about [36m304[0m 1004.233 ms - -[0m
2025-04-29 00:39:54 info: [0mOPTIONS /profile [32m204[0m 0.502 ms - 0[0m
2025-04-29 00:39:59 info: [0mGET /profile [36m304[0m 4488.253 ms - -[0m
2025-04-29 00:40:02 info: [0mOPTIONS /profile/about [32m204[0m 0.115 ms - 0[0m
2025-04-29 00:40:03 error: [POST] /profile/about >> StatusCode:: 400, Message:: PROFILE_VALIDATION_ERROR
2025-04-29 00:40:03 info: [0mPOST /profile/about [32m200[0m 1231.671 ms - 144[0m
2025-04-29 00:41:55 info: [0mOPTIONS /profile [32m204[0m 0.562 ms - 0[0m
2025-04-29 00:41:59 info: [0mGET /profile [36m304[0m 4055.788 ms - -[0m
2025-04-29 00:42:02 info: [0mOPTIONS /profile/about [32m204[0m 0.117 ms - 0[0m
2025-04-29 00:42:04 info: [0mPOST /profile/about [32m200[0m 1617.470 ms - -[0m
2025-04-29 00:42:09 info: [0mOPTIONS /profile/education [32m204[0m 0.687 ms - 0[0m
2025-04-29 00:42:09 info: [0mOPTIONS /profile/certificate [32m204[0m 0.230 ms - 0[0m
2025-04-29 00:42:09 info: [0mOPTIONS /profile/education [32m204[0m 0.106 ms - 0[0m
2025-04-29 00:42:09 info: [0mOPTIONS /profile/certificate [32m204[0m 0.143 ms - 0[0m
2025-04-29 00:42:10 info: [0mGET /profile/education [32m200[0m 1070.708 ms - 84[0m
2025-04-29 00:42:10 info: [0mGET /profile/certificate [32m200[0m 1047.686 ms - 84[0m
2025-04-29 00:42:11 info: [0mGET /profile/education [36m304[0m 1005.899 ms - -[0m
2025-04-29 00:42:11 info: [0mGET /profile/certificate [36m304[0m 1011.986 ms - -[0m
2025-04-29 00:42:37 info: [0mOPTIONS /profile/education [32m204[0m 0.339 ms - 0[0m
2025-04-29 00:42:38 info: [0mPOST /profile/education [32m200[0m 1447.773 ms - 384[0m
2025-04-29 00:43:34 info: [0mOPTIONS /profile/certificate [32m204[0m 0.221 ms - 0[0m
2025-04-29 00:43:35 error: [POST] /profile/certificate >> StatusCode:: 400, Message:: PROFILE_VALIDATION_ERROR
2025-04-29 00:43:35 info: [0mPOST /profile/certificate [32m200[0m 635.508 ms - 126[0m
2025-04-29 00:43:48 info: [0mOPTIONS /profile/certificate [32m204[0m 0.099 ms - 0[0m
2025-04-29 00:43:50 info: [0mPOST /profile/certificate [32m200[0m 1317.844 ms - 368[0m
2025-04-29 00:44:25 info: [0mOPTIONS /profile/certificate/681012b594d2c652ca3386a8 [32m204[0m 0.214 ms - 0[0m
2025-04-29 00:44:27 info: [0mPUT /profile/certificate/681012b594d2c652ca3386a8 [32m200[0m 1327.418 ms - 394[0m
2025-04-29 00:44:39 info: [0mOPTIONS /profile/experience [32m204[0m 0.591 ms - 0[0m
2025-04-29 00:44:39 info: [0mOPTIONS /profile/experience [32m204[0m 0.127 ms - 0[0m
2025-04-29 00:44:40 info: [0mGET /profile/experience [32m200[0m 1351.979 ms - 84[0m
2025-04-29 00:44:42 info: [0mGET /profile/experience [36m304[0m 1227.185 ms - -[0m
2025-04-29 00:45:13 info: [0mOPTIONS /profile/experience [32m204[0m 0.245 ms - 0[0m
2025-04-29 00:45:15 info: [0mPOST /profile/experience [32m200[0m 1402.887 ms - 421[0m
2025-04-29 00:45:19 info: [0mOPTIONS /profile/preference [32m204[0m 0.466 ms - 0[0m
2025-04-29 00:45:19 info: [0mOPTIONS /profile/preference [32m204[0m 1.522 ms - 0[0m
2025-04-29 00:45:20 info: [0mGET /profile/preference [32m200[0m 1002.372 ms - 84[0m
2025-04-29 00:45:21 info: [0mGET /profile/preference [36m304[0m 1090.192 ms - -[0m
2025-04-29 00:45:37 info: [0mOPTIONS /profile/preference [32m204[0m 0.278 ms - 0[0m
2025-04-29 00:45:39 info: [0mPOST /profile/preference [32m200[0m 1906.760 ms - 418[0m
2025-04-29 00:45:41 info: [0mOPTIONS /profile/billing [32m204[0m 29.645 ms - 0[0m
2025-04-29 00:45:41 info: [0mOPTIONS /profile/billing [32m204[0m 0.329 ms - 0[0m
2025-04-29 00:45:42 info: [0mGET /profile/billing [36m304[0m 988.433 ms - -[0m
2025-04-29 00:45:43 info: [0mOPTIONS /profile/preference [32m204[0m 0.288 ms - 0[0m
2025-04-29 00:45:43 info: [0mOPTIONS /profile/preference [32m204[0m 0.369 ms - 0[0m
2025-04-29 00:45:44 info: [0mGET /profile/billing [36m304[0m 1187.688 ms - -[0m
2025-04-29 00:45:44 info: [0mGET /profile/preference [32m200[0m 995.959 ms - 420[0m
2025-04-29 00:45:45 info: [0mGET /profile/preference [36m304[0m 1038.488 ms - -[0m
2025-04-29 00:45:47 info: [0mOPTIONS /profile/billing [32m204[0m 0.263 ms - 0[0m
2025-04-29 00:45:47 info: [0mOPTIONS /profile/billing [32m204[0m 0.102 ms - 0[0m
2025-04-29 00:45:48 info: [0mGET /profile/billing [36m304[0m 1210.666 ms - -[0m
2025-04-29 00:45:49 info: [0mGET /profile/billing [36m304[0m 1030.414 ms - -[0m
2025-04-29 00:46:08 info: [0mOPTIONS /profile/billing [32m204[0m 0.226 ms - 0[0m
2025-04-29 00:46:10 info: [0mPOST /profile/billing [32m200[0m 1942.516 ms - 369[0m
2025-04-29 00:46:12 info: [0mOPTIONS /profile/identity [32m204[0m 0.460 ms - 0[0m
2025-04-29 00:46:12 info: [0mOPTIONS /profile/identity [32m204[0m 0.131 ms - 0[0m
2025-04-29 00:46:14 info: [0mGET /profile/identity [32m200[0m 1142.502 ms - 84[0m
2025-04-29 00:46:15 info: [0mGET /profile/identity [36m304[0m 1017.727 ms - -[0m
2025-04-29 00:46:29 info: [0mOPTIONS /profile/identity [32m204[0m 0.268 ms - 0[0m
2025-04-29 00:46:31 info: [0mPOST /profile/identity [32m200[0m 1593.004 ms - 464[0m
2025-04-29 00:46:35 info: [0mGET /profile/identity [32m200[0m 958.616 ms - 466[0m
2025-04-29 00:46:36 info: [0mGET /profile/identity [36m304[0m 926.228 ms - -[0m
2025-04-29 00:46:37 info: [0mOPTIONS /profile/about [32m204[0m 5.059 ms - 0[0m
2025-04-29 00:46:37 info: [0mOPTIONS /profile/about [32m204[0m 0.213 ms - 0[0m
2025-04-29 00:46:37 info: [0mGET /job/skillsCategory [36m304[0m 2.888 ms - -[0m
2025-04-29 00:46:37 info: [0mGET /job/skillsCategory [36m304[0m 0.716 ms - -[0m
2025-04-29 00:46:38 info: [0mGET /profile/about [32m200[0m 1164.154 ms - -[0m
2025-04-29 00:46:40 info: [0mGET /profile/about [36m304[0m 1238.257 ms - -[0m
2025-04-29 00:46:41 info: [0mOPTIONS /profile/education [32m204[0m 0.376 ms - 0[0m
2025-04-29 00:46:41 info: [0mOPTIONS /profile/certificate [32m204[0m 0.256 ms - 0[0m
2025-04-29 00:46:41 info: [0mOPTIONS /profile/education [32m204[0m 0.247 ms - 0[0m
2025-04-29 00:46:41 info: [0mOPTIONS /profile/certificate [32m204[0m 0.166 ms - 0[0m
2025-04-29 00:46:42 info: [0mGET /profile/certificate [32m200[0m 980.356 ms - 396[0m
2025-04-29 00:46:42 info: [0mGET /profile/education [32m200[0m 1015.067 ms - 386[0m
2025-04-29 00:46:43 info: [0mGET /profile/certificate [36m304[0m 1225.844 ms - -[0m
2025-04-29 00:46:43 info: [0mGET /profile/education [36m304[0m 1168.175 ms - -[0m
2025-04-29 00:46:43 info: [0mOPTIONS /profile/experience [32m204[0m 0.173 ms - 0[0m
2025-04-29 00:46:43 info: [0mOPTIONS /profile/experience [32m204[0m 0.173 ms - 0[0m
2025-04-29 00:46:44 info: [0mGET /profile/experience [32m200[0m 1168.698 ms - 423[0m
2025-04-29 00:46:45 info: [0mGET /profile/experience [36m304[0m 1030.280 ms - -[0m
2025-04-29 00:46:46 info: [0mOPTIONS /profile/preference [32m204[0m 0.202 ms - 0[0m
2025-04-29 00:46:46 info: [0mOPTIONS /profile/preference [32m204[0m 0.242 ms - 0[0m
2025-04-29 00:46:47 info: [0mGET /profile/preference [36m304[0m 1195.343 ms - -[0m
2025-04-29 00:46:48 info: [0mOPTIONS /profile/billing [32m204[0m 0.207 ms - 0[0m
2025-04-29 00:46:48 info: [0mOPTIONS /profile/billing [32m204[0m 0.487 ms - 0[0m
2025-04-29 00:46:48 info: [0mGET /profile/preference [36m304[0m 1093.449 ms - -[0m
2025-04-29 00:46:49 info: [0mGET /profile/billing [32m200[0m 1132.417 ms - 371[0m
2025-04-29 00:46:50 info: [0mGET /profile/billing [36m304[0m 1000.728 ms - -[0m
2025-04-29 00:46:50 info: [0mOPTIONS /profile/identity [32m204[0m 0.175 ms - 0[0m
2025-04-29 00:46:50 info: [0mOPTIONS /profile/identity [32m204[0m 0.170 ms - 0[0m
2025-04-29 00:46:51 info: [0mGET /profile/identity [36m304[0m 1062.217 ms - -[0m
2025-04-29 00:46:52 info: [0mGET /profile/identity [36m304[0m 1068.523 ms - -[0m
2025-04-29 00:47:00 info: [0mOPTIONS /auth/login [32m204[0m 0.320 ms - 0[0m
2025-04-29 00:47:01 error: [POST] /auth/login >> StatusCode:: 400, Message:: Cannot read properties of undefined (reading 'status')
2025-04-29 00:47:01 info: [0mPOST /auth/login [32m200[0m 682.250 ms - 587[0m
2025-04-29 00:47:01 info: [0mOPTIONS /profile [32m204[0m 0.073 ms - 0[0m
2025-04-29 00:47:05 info: [0mGET /profile [32m200[0m 3631.115 ms - -[0m
2025-04-29 00:47:05 error: [GET] /job >> StatusCode:: 404, Message:: The requested path /job not found!
2025-04-29 00:47:05 info: [0mGET /job?page=1&limit=5 [32m200[0m 4.303 ms - 92[0m
2025-04-29 00:47:05 error: [GET] /job >> StatusCode:: 404, Message:: The requested path /job not found!
2025-04-29 00:47:05 info: [0mGET /job?page=1&limit=5 [32m200[0m 0.555 ms - 92[0m
2025-04-29 00:47:10 info: [0mOPTIONS /profile/about [32m204[0m 0.170 ms - 0[0m
2025-04-29 00:47:10 info: [0mOPTIONS /profile/about [32m204[0m 0.987 ms - 0[0m
2025-04-29 00:47:10 info: [0mGET /job/skillsCategory [36m304[0m 1.510 ms - -[0m
2025-04-29 00:47:10 info: [0mGET /job/skillsCategory [36m304[0m 0.698 ms - -[0m
2025-04-29 00:47:11 info: [0mGET /profile/about [36m304[0m 1170.900 ms - -[0m
2025-04-29 00:47:12 info: [0mGET /profile/about [36m304[0m 1125.282 ms - -[0m
2025-04-29 00:47:28 error: [GET] /job >> StatusCode:: 404, Message:: The requested path /job not found!
2025-04-29 00:47:28 info: [0mGET /job?page=1&limit=5 [32m200[0m 2.334 ms - 92[0m
2025-04-29 00:47:28 error: [GET] /job >> StatusCode:: 404, Message:: The requested path /job not found!
2025-04-29 00:47:28 info: [0mGET /job?page=1&limit=5 [32m200[0m 1.153 ms - 92[0m
2025-04-29 00:48:16 error: [GET] /job >> StatusCode:: 404, Message:: The requested path /job not found!
2025-04-29 00:48:16 info: [0mGET /job?page=1&limit=5 [32m200[0m 2.826 ms - 92[0m
2025-04-29 00:48:16 error: [GET] /job >> StatusCode:: 404, Message:: The requested path /job not found!
2025-04-29 00:48:16 info: [0mGET /job?page=1&limit=5 [32m200[0m 0.631 ms - 92[0m
2025-04-29 00:48:19 info: [0mOPTIONS /profile/about [32m204[0m 0.348 ms - 0[0m
2025-04-29 00:48:19 info: [0mOPTIONS /profile/about [32m204[0m 1.433 ms - 0[0m
2025-04-29 00:48:19 info: [0mGET /job/skillsCategory [36m304[0m 0.425 ms - -[0m
2025-04-29 00:48:19 info: [0mGET /job/skillsCategory [36m304[0m 0.714 ms - -[0m
2025-04-29 00:48:20 info: [0mGET /profile/about [36m304[0m 1045.973 ms - -[0m
2025-04-29 00:48:21 info: [0mGET /profile/about [36m304[0m 946.265 ms - -[0m
2025-04-29 00:48:23 error: [GET] /job >> StatusCode:: 404, Message:: The requested path /job not found!
2025-04-29 00:48:23 info: [0mGET /job?page=1&limit=5 [32m200[0m 0.793 ms - 92[0m
2025-04-29 00:48:23 error: [GET] /job >> StatusCode:: 404, Message:: The requested path /job not found!
2025-04-29 00:48:23 info: [0mGET /job?page=1&limit=5 [32m200[0m 1.472 ms - 92[0m
2025-04-29 00:48:31 info: [0mOPTIONS /profile/about [32m204[0m 0.153 ms - 0[0m
2025-04-29 00:48:31 info: [0mOPTIONS /profile/about [32m204[0m 0.192 ms - 0[0m
2025-04-29 00:48:31 info: [0mGET /job/skillsCategory [36m304[0m 1.568 ms - -[0m
2025-04-29 00:48:31 info: [0mGET /job/skillsCategory [36m304[0m 2.701 ms - -[0m
2025-04-29 00:48:32 info: [0mGET /profile/about [36m304[0m 1045.926 ms - -[0m
2025-04-29 00:48:33 info: [0mGET /profile/about [36m304[0m 1045.122 ms - -[0m
2025-04-29 00:48:42 info: [0mOPTIONS /auth/login [32m204[0m 0.190 ms - 0[0m
2025-04-29 00:48:43 error: [POST] /auth/login >> StatusCode:: 400, Message:: Cannot read properties of undefined (reading 'status')
2025-04-29 00:48:43 info: [0mPOST /auth/login [32m200[0m 700.492 ms - 587[0m
2025-04-29 00:48:43 info: [0mOPTIONS /profile [32m204[0m 0.068 ms - 0[0m
2025-04-29 00:48:44 info: [0mGET /profile [32m200[0m 648.801 ms - 680[0m
2025-04-29 00:48:44 info: [0mOPTIONS /job/client/6806800e99bd8d166bd766ae?page=1&limit=5 [32m204[0m 0.117 ms - 0[0m
2025-04-29 00:48:44 info: [0mOPTIONS /job/client/6806800e99bd8d166bd766ae?page=1&limit=5 [32m204[0m 0.455 ms - 0[0m
2025-04-29 00:48:45 info: [0mGET /job/client/6806800e99bd8d166bd766ae?page=1&limit=5 [36m304[0m 710.105 ms - -[0m
2025-04-29 00:48:45 info: [0mGET /job/client/6806800e99bd8d166bd766ae?page=1&limit=5 [36m304[0m 665.469 ms - -[0m
2025-04-29 00:48:54 info: [0mOPTIONS /auth/login [32m204[0m 0.287 ms - 0[0m
2025-04-29 00:48:55 error: [POST] /auth/login >> StatusCode:: 400, Message:: Cannot read properties of undefined (reading 'status')
2025-04-29 00:48:55 info: [0mPOST /auth/login [32m200[0m 659.396 ms - 587[0m
2025-04-29 00:48:55 info: [0mOPTIONS /profile [32m204[0m 0.079 ms - 0[0m
2025-04-29 00:48:59 info: [0mGET /profile [32m200[0m 4148.730 ms - -[0m
2025-04-29 00:48:59 error: [GET] /job >> StatusCode:: 404, Message:: The requested path /job not found!
2025-04-29 00:48:59 info: [0mGET /job?page=1&limit=5 [32m200[0m 1.237 ms - 92[0m
2025-04-29 00:48:59 error: [GET] /job >> StatusCode:: 404, Message:: The requested path /job not found!
2025-04-29 00:48:59 info: [0mGET /job?page=1&limit=5 [32m200[0m 0.803 ms - 92[0m
2025-04-29 00:49:23 info: [0mOPTIONS /profile/about [32m204[0m 0.373 ms - 0[0m
2025-04-29 00:49:23 info: [0mOPTIONS /profile/about [32m204[0m 0.111 ms - 0[0m
2025-04-29 00:49:23 info: [0mGET /job/skillsCategory [32m200[0m 1.041 ms - -[0m
2025-04-29 00:49:23 info: [0mGET /job/skillsCategory [36m304[0m 0.560 ms - -[0m
2025-04-29 00:49:24 info: [0mGET /profile/about [32m200[0m 1010.389 ms - -[0m
2025-04-29 00:49:25 info: [0mGET /profile/about [36m304[0m 1159.467 ms - -[0m
2025-04-29 00:50:45 info: [0mOPTIONS /auth/login [32m204[0m 1.080 ms - 0[0m
2025-04-29 00:50:46 error: [POST] /auth/login >> StatusCode:: 400, Message:: Cannot read properties of undefined (reading 'status')
2025-04-29 00:50:46 info: [0mPOST /auth/login [32m200[0m 671.484 ms - 587[0m
2025-04-29 00:50:46 info: [0mOPTIONS /profile [32m204[0m 0.106 ms - 0[0m
2025-04-29 00:50:50 info: [0mGET /profile [36m304[0m 3546.068 ms - -[0m
2025-04-29 00:50:50 error: [GET] /job >> StatusCode:: 404, Message:: The requested path /job not found!
2025-04-29 00:50:50 info: [0mGET /job?page=1&limit=5 [32m200[0m 1.862 ms - 92[0m
2025-04-29 00:50:50 error: [GET] /job >> StatusCode:: 404, Message:: The requested path /job not found!
2025-04-29 00:50:50 info: [0mGET /job?page=1&limit=5 [32m200[0m 1.694 ms - 92[0m
2025-04-29 00:51:08 info: [0mOPTIONS /auth/login [32m204[0m 0.678 ms - 0[0m
2025-04-29 00:51:08 error: [POST] /auth/login >> StatusCode:: 400, Message:: Cannot read properties of undefined (reading 'status')
2025-04-29 00:51:08 info: [0mPOST /auth/login [32m200[0m 677.746 ms - 587[0m
2025-04-29 00:51:08 info: [0mOPTIONS /profile [32m204[0m 0.090 ms - 0[0m
2025-04-29 00:51:09 info: [0mGET /profile [36m304[0m 849.710 ms - -[0m
2025-04-29 00:51:09 info: [0mOPTIONS /job/client/680684f099bd8d166bd766c3?page=1&limit=5 [32m204[0m 0.195 ms - 0[0m
2025-04-29 00:51:09 info: [0mOPTIONS /job/client/680684f099bd8d166bd766c3?page=1&limit=5 [32m204[0m 0.323 ms - 0[0m
2025-04-29 00:51:10 info: [0mGET /job/client/680684f099bd8d166bd766c3?page=1&limit=5 [36m304[0m 626.669 ms - -[0m
2025-04-29 00:51:11 info: [0mGET /job/client/680684f099bd8d166bd766c3?page=1&limit=5 [36m304[0m 670.848 ms - -[0m
2025-04-29 00:59:15 info: [0mGET /profile [32m200[0m 3802.653 ms - -[0m
2025-04-29 00:59:30 info: [0mGET /profile/getProfileByUserId?id=680a2c92cd739f43478e66e4 [32m200[0m 3909.234 ms - -[0m
2025-04-29 01:08:13 info: [0mOPTIONS /profile/about [32m204[0m 0.632 ms - 0[0m
2025-04-29 01:08:13 info: [0mOPTIONS /profile/about [32m204[0m 0.112 ms - 0[0m
2025-04-29 01:08:13 info: [0mGET /job/skillsCategory [36m304[0m 1.214 ms - -[0m
2025-04-29 01:08:13 info: [0mGET /job/skillsCategory [36m304[0m 1.205 ms - -[0m
2025-04-29 01:08:14 info: [0mGET /profile/about [36m304[0m 1212.832 ms - -[0m
2025-04-29 01:08:15 info: [0mGET /profile/about [36m304[0m 1083.907 ms - -[0m
2025-04-29 01:08:33 info: [0mOPTIONS /auth/login [32m204[0m 0.787 ms - 0[0m
2025-04-29 01:08:34 error: [POST] /auth/login >> StatusCode:: 400, Message:: Cannot read properties of undefined (reading 'status')
2025-04-29 01:08:34 info: [0mPOST /auth/login [32m200[0m 666.804 ms - 587[0m
2025-04-29 01:08:34 info: [0mOPTIONS /profile [32m204[0m 0.326 ms - 0[0m
2025-04-29 01:08:39 info: [0mGET /profile [36m304[0m 4663.826 ms - -[0m
2025-04-29 01:08:40 error: [GET] /job >> StatusCode:: 404, Message:: The requested path /job not found!
2025-04-29 01:08:40 info: [0mGET /job?page=1&limit=5 [32m200[0m 3.375 ms - 92[0m
2025-04-29 01:08:40 error: [GET] /job >> StatusCode:: 404, Message:: The requested path /job not found!
2025-04-29 01:08:40 info: [0mGET /job?page=1&limit=5 [32m200[0m 0.834 ms - 92[0m
2025-04-29 01:10:09 info: [0mGET /profile [32m200[0m 3871.761 ms - -[0m
2025-04-29 01:10:39 info: [0mGET /profile [32m200[0m 4142.070 ms - -[0m
2025-04-29 01:11:16 info: [0mGET /profile [32m200[0m 3874.273 ms - -[0m
2025-04-29 01:18:40 info: =================================
2025-04-29 01:18:40 info: ======= ENV: development =======
2025-04-29 01:18:40 info: 🚀 App listening on the port 3000
2025-04-29 01:18:40 info: =================================
2025-04-29 01:18:42 info: Connected to email server
2025-04-29 01:18:42 info: Connected to email server
2025-04-29 01:18:42 info: Connected to email server
2025-04-29 01:18:42 info: Connected to email server
2025-04-29 01:18:42 info: Connected to email server
2025-04-29 01:18:42 info: Connected to email server
2025-04-29 01:18:42 info: Connected to email server
2025-04-29 01:18:42 info: Connected to email server
2025-04-29 01:18:42 info: Connected to email server
2025-04-29 01:18:42 info: Connected to email server
2025-04-29 01:18:42 info: Connected to email server
2025-04-29 01:18:42 info: Connected to email server
2025-04-29 01:18:42 info: Connected to email server
2025-04-29 01:18:42 info: Connected to email server
2025-04-29 01:18:42 info: Connected to email server
2025-04-29 01:18:44 info: Connected to Database Successfully...
2025-04-29 01:18:50 info: [0mGET /profile [32m200[0m 707.642 ms - 679[0m
2025-04-29 01:19:07 error: [GET] /job >> StatusCode:: 404, Message:: The requested path /job not found!
2025-04-29 01:19:07 info: [0mGET /job?page=1&limit=5 [32m200[0m 7.693 ms - 92[0m
2025-04-29 01:19:07 error: [GET] /job >> StatusCode:: 404, Message:: The requested path /job not found!
2025-04-29 01:19:07 info: [0mGET /job?page=1&limit=5 [32m200[0m 3.789 ms - 92[0m
2025-04-29 01:19:13 info: [0mOPTIONS /auth/login [32m204[0m 0.230 ms - 0[0m
2025-04-29 01:19:14 error: [POST] /auth/login >> StatusCode:: 400, Message:: Cannot read properties of undefined (reading 'status')
2025-04-29 01:19:14 info: [0mPOST /auth/login [32m200[0m 723.059 ms - 587[0m
2025-04-29 01:19:14 info: [0mOPTIONS /profile [32m204[0m 0.168 ms - 0[0m
2025-04-29 01:19:14 info: [0mGET /profile [32m200[0m 648.903 ms - 679[0m
2025-04-29 01:19:15 error: [GET] /job >> StatusCode:: 404, Message:: The requested path /job not found!
2025-04-29 01:19:15 info: [0mGET /job?page=1&limit=5 [32m200[0m 0.758 ms - 92[0m
2025-04-29 01:19:15 error: [GET] /job >> StatusCode:: 404, Message:: The requested path /job not found!
2025-04-29 01:19:15 info: [0mGET /job?page=1&limit=5 [32m200[0m 1.016 ms - 92[0m
2025-04-29 01:19:23 info: [0mOPTIONS /profile/about [32m204[0m 0.347 ms - 0[0m
2025-04-29 01:19:23 info: [0mOPTIONS /profile/about [32m204[0m 0.282 ms - 0[0m
2025-04-29 01:19:23 info: [0mGET /job/skillsCategory [36m304[0m 0.982 ms - -[0m
2025-04-29 01:19:23 info: [0mGET /job/skillsCategory [36m304[0m 1.046 ms - -[0m
2025-04-29 01:19:24 info: [0mGET /profile/about [36m304[0m 1157.557 ms - -[0m
2025-04-29 01:19:25 info: [0mGET /profile/about [36m304[0m 1122.031 ms - -[0m
2025-04-29 01:19:26 info: [0mOPTIONS /profile/education [32m204[0m 0.413 ms - 0[0m
2025-04-29 01:19:26 info: [0mOPTIONS /profile/certificate [32m204[0m 0.109 ms - 0[0m
2025-04-29 01:19:26 info: [0mOPTIONS /profile/education [32m204[0m 0.155 ms - 0[0m
2025-04-29 01:19:26 info: [0mOPTIONS /profile/certificate [32m204[0m 0.203 ms - 0[0m
2025-04-29 01:19:28 info: [0mGET /profile/education [36m304[0m 1203.378 ms - -[0m
2025-04-29 01:19:28 info: [0mGET /profile/certificate [36m304[0m 1196.619 ms - -[0m
2025-04-29 01:19:29 info: [0mGET /profile/education [36m304[0m 1021.076 ms - -[0m
2025-04-29 01:19:29 info: [0mGET /profile/certificate [36m304[0m 1020.395 ms - -[0m
2025-04-29 01:19:30 info: [0mOPTIONS /profile/about [32m204[0m 1.169 ms - 0[0m
2025-04-29 01:19:30 info: [0mOPTIONS /profile/about [32m204[0m 0.139 ms - 0[0m
2025-04-29 01:19:30 info: [0mGET /job/skillsCategory [36m304[0m 1.730 ms - -[0m
2025-04-29 01:19:30 info: [0mGET /job/skillsCategory [36m304[0m 1.930 ms - -[0m
2025-04-29 01:19:31 info: [0mGET /profile/about [36m304[0m 1067.488 ms - -[0m
2025-04-29 01:19:33 info: [0mGET /profile/about [36m304[0m 1149.993 ms - -[0m
2025-04-29 01:19:37 error: [GET] /job >> StatusCode:: 404, Message:: The requested path /job not found!
2025-04-29 01:19:37 info: [0mGET /job?page=1&limit=5 [32m200[0m 0.966 ms - 92[0m
2025-04-29 01:19:37 error: [GET] /job >> StatusCode:: 404, Message:: The requested path /job not found!
2025-04-29 01:19:37 info: [0mGET /job?page=1&limit=5 [32m200[0m 1.297 ms - 92[0m
2025-04-29 01:19:53 info: [0mOPTIONS /job/client/680684f099bd8d166bd766c3?page=1&limit=5 [32m204[0m 0.271 ms - 0[0m
2025-04-29 01:19:53 info: [0mOPTIONS /job/client/680684f099bd8d166bd766c3?page=1&limit=5 [32m204[0m 0.065 ms - 0[0m
2025-04-29 01:19:54 info: [0mGET /job/client/680684f099bd8d166bd766c3?page=1&limit=5 [36m304[0m 830.334 ms - -[0m
2025-04-29 01:19:55 info: [0mGET /job/client/680684f099bd8d166bd766c3?page=1&limit=5 [36m304[0m 714.727 ms - -[0m
2025-04-29 01:20:35 info: [0mGET /job/skillsCategory [36m304[0m 12.481 ms - -[0m
2025-04-29 01:20:35 info: [0mGET /job/skillsCategory [36m304[0m 0.989 ms - -[0m
2025-04-29 01:20:38 info: [0mGET / [32m200[0m 7.576 ms - 115[0m
2025-04-29 01:22:59 info: [0mOPTIONS /profile/about [32m204[0m 0.797 ms - 0[0m
2025-04-29 01:22:59 info: [0mOPTIONS /profile/about [32m204[0m 0.192 ms - 0[0m
2025-04-29 01:22:59 info: [0mGET /job/skillsCategory [36m304[0m 0.649 ms - -[0m
2025-04-29 01:22:59 info: [0mGET /job/skillsCategory [36m304[0m 0.476 ms - -[0m
2025-04-29 01:23:00 info: [0mGET /profile/about [36m304[0m 1068.998 ms - -[0m
2025-04-29 01:23:01 info: [0mGET /profile/about [36m304[0m 979.133 ms - -[0m
2025-04-29 01:23:03 info: [0mOPTIONS /profile/preference [32m204[0m 35.243 ms - 0[0m
2025-04-29 01:23:03 info: [0mOPTIONS /profile/preference [32m204[0m 0.498 ms - 0[0m
2025-04-29 01:23:04 info: [0mGET /profile/preference [36m304[0m 1168.408 ms - -[0m
2025-04-29 01:23:05 info: [0mGET /profile/preference [36m304[0m 1161.123 ms - -[0m
2025-04-29 01:23:42 info: [0mOPTIONS /profile/billing [32m204[0m 0.871 ms - 0[0m
2025-04-29 01:23:42 info: [0mOPTIONS /profile/billing [32m204[0m 0.559 ms - 0[0m
2025-04-29 01:23:43 info: [0mGET /profile/billing [36m304[0m 1208.655 ms - -[0m
2025-04-29 01:23:44 info: [0mGET /profile/billing [36m304[0m 1087.931 ms - -[0m
2025-04-29 01:23:54 info: [0mOPTIONS /job/ [32m204[0m 0.208 ms - 0[0m
2025-04-29 01:23:55 info: [0mPOST /job/ [32m200[0m 1204.064 ms - -[0m
2025-04-29 01:23:57 info: [0mOPTIONS /job/client/680684f099bd8d166bd766c3?page=1&limit=5 [32m204[0m 0.123 ms - 0[0m
2025-04-29 01:23:57 info: [0mOPTIONS /job/client/680684f099bd8d166bd766c3?page=1&limit=5 [32m204[0m 0.587 ms - 0[0m
2025-04-29 01:23:58 info: [0mGET /job/client/680684f099bd8d166bd766c3?page=1&limit=5 [32m200[0m 942.656 ms - -[0m
2025-04-29 01:23:59 info: [0mGET /job/client/680684f099bd8d166bd766c3?page=1&limit=5 [36m304[0m 700.376 ms - -[0m
2025-04-29 01:24:10 info: [0mGET /job/getUserJobBestMatches [32m200[0m 1940.154 ms - -[0m
2025-04-29 01:24:35 error: [GET] /job >> StatusCode:: 404, Message:: The requested path /job not found!
2025-04-29 01:24:35 info: [0mGET /job?page=1&limit=5 [32m200[0m 24.213 ms - 92[0m
2025-04-29 01:24:35 error: [GET] /job >> StatusCode:: 404, Message:: The requested path /job not found!
2025-04-29 01:24:35 info: [0mGET /job?page=1&limit=5 [32m200[0m 1.760 ms - 92[0m
2025-04-29 01:25:52 info: [0mGET /job/mostRecents?skip=2&limit=4 [32m200[0m 1616.066 ms - -[0m
2025-04-29 01:28:02 info: [0mGET /job/savedJobs [32m200[0m 947.169 ms - 92[0m
2025-04-29 01:35:23 info: [0mOPTIONS /job/client/680684f099bd8d166bd766c3?page=1&limit=5 [32m204[0m 0.818 ms - 0[0m
2025-04-29 01:35:23 info: [0mOPTIONS /job/client/680684f099bd8d166bd766c3?page=1&limit=5 [32m204[0m 0.072 ms - 0[0m
2025-04-29 01:35:24 info: [0mGET /job/client/680684f099bd8d166bd766c3?page=1&limit=5 [36m304[0m 671.718 ms - -[0m
2025-04-29 01:35:25 info: [0mGET /job/client/680684f099bd8d166bd766c3?page=1&limit=5 [36m304[0m 658.761 ms - -[0m
2025-04-29 01:38:46 info: [0mPOST /job/saveJob/680a38bccd739f43478e6770 [32m200[0m 1503.854 ms - 260[0m
2025-04-29 01:42:07 info: [0mPOST /job/unSaveJob/680a38bccd739f43478e6770 [32m200[0m 802.446 ms - 70[0m
2025-04-29 01:50:03 info: [0mGET /profile/details [32m200[0m 3761.812 ms - -[0m
2025-04-29 01:55:05 info: [0mGET /job/getFeaturedJobs [32m200[0m 1016.889 ms - 172[0m
2025-04-29 01:55:37 info: [0mGET /job/getFeaturedJobs [32m200[0m 1193.730 ms - 172[0m
2025-04-29 01:57:04 info: [0mGET /job/getAllJobs?search=Front%20End [32m200[0m 1654.771 ms - -[0m
2025-04-29 01:57:49 info: [0mGET /job/getUserJobBestMatches?status=active&jobType=Remote&location=India&rating=5&verified=true&page=2&skip=2&limit=3&search=Front%20End [32m200[0m 1471.231 ms - 171[0m
2025-04-29 01:58:00 info: [0mGET /job/getUserJobBestMatches?search=Front%20End [32m200[0m 1587.318 ms - -[0m
2025-04-29 02:06:39 info: [0mGET /job/680a38bccd739f43478e6770 [32m200[0m 2415.322 ms - -[0m
2025-04-29 02:10:03 info: [0mGET /job/getSimilarJobs/680a38bccd739f43478e6770 [32m200[0m 1096.124 ms - -[0m
2025-04-29 02:12:18 info: [0mOPTIONS /job/client/680684f099bd8d166bd766c3?page=1&limit=5 [32m204[0m 0.308 ms - 0[0m
2025-04-29 02:12:18 info: [0mOPTIONS /job/client/680684f099bd8d166bd766c3?page=1&limit=5 [32m204[0m 0.102 ms - 0[0m
2025-04-29 02:12:19 info: [0mGET /job/client/680684f099bd8d166bd766c3?page=1&limit=5 [36m304[0m 871.411 ms - -[0m
2025-04-29 02:12:20 info: [0mGET /job/client/680684f099bd8d166bd766c3?page=1&limit=5 [36m304[0m 1139.459 ms - -[0m
2025-04-29 02:13:51 info: [0mOPTIONS /job/technicalTools?skip=&page=&search= [32m204[0m 0.525 ms - 0[0m
2025-04-29 02:13:51 info: [0mGET /job/technicalTools?skip=&page=&search= [32m200[0m 1.521 ms - -[0m
2025-04-29 02:14:22 info: [0mOPTIONS /job/technicalTools [32m204[0m 0.668 ms - 0[0m
2025-04-29 02:14:22 info: [0mGET /job/technicalTools [36m304[0m 3.688 ms - -[0m
2025-04-29 02:14:26 info: [0mOPTIONS /profile [32m204[0m 0.418 ms - 0[0m
2025-04-29 02:14:26 info: [0mOPTIONS /profile/bio [32m204[0m 0.090 ms - 0[0m
2025-04-29 02:14:26 info: [0mOPTIONS /profile/freelanceWorkHistory/ [32m204[0m 0.321 ms - 0[0m
2025-04-29 02:14:27 info: [0mGET /profile [36m304[0m 840.179 ms - -[0m
2025-04-29 02:14:27 info: [0mGET /profile/bio [36m304[0m 858.594 ms - -[0m
2025-04-29 02:14:27 info: [0mGET /profile/freelanceWorkHistory/ [36m304[0m 859.175 ms - -[0m
2025-04-29 02:15:14 info: [0mOPTIONS /users/profile [32m204[0m 1.189 ms - 0[0m
2025-04-29 02:15:14 info: [0mOPTIONS /job/getUserJobBestMatches?limit=10&skip=&page= [32m204[0m 0.209 ms - 0[0m
2025-04-29 02:15:14 info: [0mOPTIONS /profile [32m204[0m 0.115 ms - 0[0m
2025-04-29 02:15:14 info: [0mOPTIONS /job/savedJobs? [32m204[0m 0.080 ms - 0[0m
2025-04-29 02:15:15 info: [0mGET /users/profile [32m200[0m 1093.158 ms - 676[0m
2025-04-29 02:15:15 info: [0mGET /profile [36m304[0m 1085.649 ms - -[0m
2025-04-29 02:15:15 info: [0mGET /job/savedJobs? [32m200[0m 1437.773 ms - 92[0m
2025-04-29 02:15:15 info: [0mGET /profile [36m304[0m 626.615 ms - -[0m
2025-04-29 02:15:16 info: [0mGET /job/getUserJobBestMatches?limit=10&skip=&page= [32m200[0m 2069.417 ms - -[0m
2025-04-29 02:15:23 info: [0mOPTIONS /job/getAllJobs?limit=10&skip=&page=0&search= [32m204[0m 0.313 ms - 0[0m
2025-04-29 02:15:24 info: [0mGET /job/getAllJobs?limit=10&skip=&page=0&search= [32m200[0m 1415.442 ms - -[0m
2025-04-29 02:15:47 info: [0mOPTIONS /job/getAllJobs?limit=10&skip=&page=0&search= [32m204[0m 1.589 ms - 0[0m
2025-04-29 02:15:48 info: [0mGET /job/getAllJobs?limit=10&skip=&page=0&search= [36m304[0m 1282.905 ms - -[0m
2025-04-29 02:18:48 info: [0mOPTIONS /job/getFreelancerContracts?limit=10&skip=&page=1 [32m204[0m 19.356 ms - 0[0m
2025-04-29 02:18:49 info: [0mGET /job/getFreelancerContracts?limit=10&skip=&page=1 [32m200[0m 1183.368 ms - 172[0m
2025-04-29 02:18:50 info: [0mOPTIONS /users/profile [32m204[0m 1.145 ms - 0[0m
2025-04-29 02:18:50 info: [0mOPTIONS /job/getUserJobBestMatches?limit=10&skip=&page= [32m204[0m 0.168 ms - 0[0m
2025-04-29 02:18:50 info: [0mOPTIONS /profile [32m204[0m 2.414 ms - 0[0m
2025-04-29 02:18:50 info: [0mOPTIONS /job/savedJobs? [32m204[0m 0.244 ms - 0[0m
2025-04-29 02:18:51 info: [0mGET /users/profile [36m304[0m 866.304 ms - -[0m
2025-04-29 02:18:51 info: [0mGET /profile [36m304[0m 836.688 ms - -[0m
2025-04-29 02:18:51 info: [0mGET /job/savedJobs? [36m304[0m 1166.538 ms - -[0m
2025-04-29 02:18:52 info: [0mGET /profile [36m304[0m 693.822 ms - -[0m
2025-04-29 02:18:52 info: [0mGET /job/getUserJobBestMatches?limit=10&skip=&page= [36m304[0m 1968.993 ms - -[0m
2025-04-29 02:19:21 info: [0mOPTIONS /job/68101c1b191d80b5fd7f069a [32m204[0m 4.611 ms - 0[0m
2025-04-29 02:19:21 info: [0mOPTIONS /job/getSimilarJobs/68101c1b191d80b5fd7f069a [32m204[0m 0.081 ms - 0[0m
2025-04-29 02:19:22 info: [0mGET /job/getSimilarJobs/68101c1b191d80b5fd7f069a [32m200[0m 971.821 ms - -[0m
2025-04-29 02:19:23 info: [0mGET /job/68101c1b191d80b5fd7f069a [32m200[0m 2077.683 ms - -[0m
2025-04-29 02:19:48 info: [0mOPTIONS /job/68101c1b191d80b5fd7f069a [32m204[0m 0.970 ms - 0[0m
2025-04-29 02:19:48 info: [0mOPTIONS /job/getSimilarJobs/68101c1b191d80b5fd7f069a [32m204[0m 0.102 ms - 0[0m
2025-04-29 02:19:49 info: [0mGET /job/getSimilarJobs/68101c1b191d80b5fd7f069a [36m304[0m 1183.149 ms - -[0m
2025-04-29 02:19:51 info: [0mGET /job/68101c1b191d80b5fd7f069a [36m304[0m 2477.086 ms - -[0m
2025-04-29 02:21:07 info: [0mOPTIONS /job/68101c1b191d80b5fd7f069a [32m204[0m 1.000 ms - 0[0m
2025-04-29 02:21:07 info: [0mOPTIONS /profile [32m204[0m 0.122 ms - 0[0m
2025-04-29 02:21:07 info: [0mOPTIONS /bid/getTopBidders/68101c1b191d80b5fd7f069a [32m204[0m 0.116 ms - 0[0m
2025-04-29 02:21:07 info: [0mGET /bid/getTopBidders/68101c1b191d80b5fd7f069a [32m200[0m 489.582 ms - 80[0m
2025-04-29 02:21:08 info: [0mGET /profile [36m304[0m 833.438 ms - -[0m
2025-04-29 02:21:09 info: [0mGET /job/68101c1b191d80b5fd7f069a [36m304[0m 2553.914 ms - -[0m
2025-04-29 02:21:40 info: [0mOPTIONS /users/profile [32m204[0m 0.247 ms - 0[0m
2025-04-29 02:21:40 info: [0mOPTIONS /job/getUserJobBestMatches?limit=10&skip=&page= [32m204[0m 0.075 ms - 0[0m
2025-04-29 02:21:40 info: [0mOPTIONS /profile [32m204[0m 0.075 ms - 0[0m
2025-04-29 02:21:40 info: [0mOPTIONS /job/savedJobs? [32m204[0m 0.064 ms - 0[0m
2025-04-29 02:21:41 info: [0mGET /users/profile [36m304[0m 615.188 ms - -[0m
2025-04-29 02:21:41 info: [0mGET /profile [36m304[0m 608.405 ms - -[0m
2025-04-29 02:21:41 info: [0mGET /job/savedJobs? [36m304[0m 906.664 ms - -[0m
2025-04-29 02:21:41 info: [0mGET /profile [36m304[0m 660.519 ms - -[0m
2025-04-29 02:21:42 info: [0mGET /job/getUserJobBestMatches?limit=10&skip=&page= [36m304[0m 1674.346 ms - -[0m
2025-04-29 02:21:46 info: [0mOPTIONS /users/profile [32m204[0m 0.299 ms - 0[0m
2025-04-29 02:21:46 info: [0mOPTIONS /job/getUserJobBestMatches?limit=10&skip=&page= [32m204[0m 0.346 ms - 0[0m
2025-04-29 02:21:46 info: [0mOPTIONS /profile [32m204[0m 0.151 ms - 0[0m
2025-04-29 02:21:46 info: [0mOPTIONS /job/savedJobs? [32m204[0m 0.125 ms - 0[0m
2025-04-29 02:21:47 info: [0mGET /profile [36m304[0m 739.039 ms - -[0m
2025-04-29 02:21:47 info: [0mGET /users/profile [36m304[0m 728.768 ms - -[0m
2025-04-29 02:21:47 info: [0mGET /job/savedJobs? [36m304[0m 1070.763 ms - -[0m
2025-04-29 02:21:48 info: [0mGET /profile [36m304[0m 697.729 ms - -[0m
2025-04-29 02:21:48 info: [0mGET /job/getUserJobBestMatches?limit=10&skip=&page= [36m304[0m 1842.259 ms - -[0m
2025-04-29 02:21:56 info: [0mOPTIONS /job/mostRecents?limit=10&skip=&page=0 [32m204[0m 0.639 ms - 0[0m
2025-04-29 02:21:58 info: [0mGET /job/mostRecents?limit=10&skip=&page=0 [32m200[0m 2157.011 ms - -[0m
2025-04-29 02:21:58 info: [0mOPTIONS /job/savedJobs? [32m204[0m 0.117 ms - 0[0m
2025-04-29 02:21:59 info: [0mGET /job/savedJobs? [36m304[0m 958.092 ms - -[0m
2025-04-29 02:22:00 info: [0mOPTIONS /job/getAllJobs?limit=10&skip=&page=0&search= [32m204[0m 0.076 ms - 0[0m
2025-04-29 02:22:01 info: [0mGET /job/getAllJobs?limit=10&skip=&page=0&search= [36m304[0m 1336.015 ms - -[0m
2025-04-29 02:47:41 info: [0mOPTIONS /profile/details [32m204[0m 5.569 ms - 0[0m
2025-04-29 02:47:41 info: [0mOPTIONS /job/getUserJobBestMatches?page=1&limit=5 [32m204[0m 0.108 ms - 0[0m
2025-04-29 02:47:43 info: [0mGET /job/getUserJobBestMatches?page=1&limit=5 [32m200[0m 1561.188 ms - -[0m
2025-04-29 02:47:44 info: [0mGET /profile/details [32m200[0m 3401.059 ms - -[0m
2025-04-29 02:54:06 info: [0mOPTIONS /job/getAllJobs?page=1&limit=5 [32m204[0m 0.973 ms - 0[0m
2025-04-29 02:54:08 info: [0mGET /job/getAllJobs?page=1&limit=5 [32m200[0m 1897.753 ms - -[0m
2025-04-29 02:54:10 info: [0mOPTIONS /job/mostRecents?page=1&limit=5 [32m204[0m 0.080 ms - 0[0m
2025-04-29 02:54:12 info: [0mGET /job/mostRecents?page=1&limit=5 [32m200[0m 1945.219 ms - -[0m
2025-04-29 02:54:15 info: [0mOPTIONS /job/savedJobs?page=1&limit=5 [32m204[0m 0.088 ms - 0[0m
2025-04-29 02:54:16 info: [0mGET /job/savedJobs?page=1&limit=5 [32m200[0m 1177.185 ms - 92[0m
2025-04-29 02:54:18 info: [0mOPTIONS /job/mostRecents?page=1&limit=5 [32m204[0m 0.080 ms - 0[0m
2025-04-29 02:54:20 info: [0mGET /job/mostRecents?page=1&limit=5 [36m304[0m 2097.063 ms - -[0m
2025-04-29 02:54:21 info: [0mOPTIONS /job/getAllJobs?page=1&limit=5 [32m204[0m 0.096 ms - 0[0m
2025-04-29 02:54:23 info: [0mGET /job/getAllJobs?page=1&limit=5 [36m304[0m 1650.472 ms - -[0m
2025-04-29 02:54:27 info: [0mOPTIONS /job/saveJob/68101c1b191d80b5fd7f069a [32m204[0m 0.102 ms - 0[0m
2025-04-29 02:54:28 info: [0mPOST /job/saveJob/68101c1b191d80b5fd7f069a [32m200[0m 1444.300 ms - 260[0m
2025-04-29 02:54:30 info: [0mOPTIONS /job/savedJobs?page=1&limit=5 [32m204[0m 0.082 ms - 0[0m
2025-04-29 02:54:32 info: [0mGET /job/savedJobs?page=1&limit=5 [32m200[0m 1588.664 ms - -[0m
2025-04-29 02:54:41 info: [0mOPTIONS /profile/billing [32m204[0m 0.969 ms - 0[0m
2025-04-29 02:54:42 info: [0mGET /profile/billing [36m304[0m 980.956 ms - -[0m
2025-04-29 02:54:43 info: [0mGET /profile/billing [36m304[0m 1225.921 ms - -[0m
2025-04-29 02:54:44 info: [0mOPTIONS /profile/details [32m204[0m 1.796 ms - 0[0m
2025-04-29 02:54:44 info: [0mOPTIONS /profile/details [32m204[0m 0.288 ms - 0[0m
2025-04-29 02:54:45 info: [0mOPTIONS /job/getUserJobBestMatches?page=1&limit=5 [32m204[0m 0.103 ms - 0[0m
2025-04-29 02:54:46 info: [0mGET /job/getUserJobBestMatches?page=1&limit=5 [32m200[0m 1910.620 ms - -[0m
2025-04-29 02:54:48 info: [0mGET /profile/details [36m304[0m 4201.374 ms - -[0m
2025-04-29 02:54:51 info: [0mOPTIONS /profile/preference [32m204[0m 0.570 ms - 0[0m
2025-04-29 02:54:51 info: [0mOPTIONS /profile/preference [32m204[0m 3.152 ms - 0[0m
2025-04-29 02:54:52 info: [0mGET /profile/preference [36m304[0m 930.204 ms - -[0m
2025-04-29 02:54:52 info: [0mGET /profile/details [36m304[0m 3711.129 ms - -[0m
2025-04-29 02:54:53 info: [0mGET /profile/preference [36m304[0m 1053.651 ms - -[0m
2025-04-29 02:54:53 info: [0mOPTIONS /profile/details [32m204[0m 0.434 ms - 0[0m
2025-04-29 02:54:53 info: [0mOPTIONS /profile/details [32m204[0m 0.173 ms - 0[0m
2025-04-29 02:54:53 info: [0mOPTIONS /job/getUserJobBestMatches?page=1&limit=5 [32m204[0m 0.405 ms - 0[0m
2025-04-29 02:54:55 info: [0mGET /job/getUserJobBestMatches?page=1&limit=5 [36m304[0m 2089.205 ms - -[0m
2025-04-29 02:54:57 info: [0mGET /profile/details [36m304[0m 4473.958 ms - -[0m
2025-04-29 02:55:01 info: [0mGET /profile/details [36m304[0m 3586.063 ms - -[0m
2025-04-29 02:55:06 info: [0mOPTIONS /profile/experience [32m204[0m 9.830 ms - 0[0m
2025-04-29 02:55:06 info: [0mOPTIONS /profile/experience [32m204[0m 0.339 ms - 0[0m
2025-04-29 02:55:07 info: [0mGET /profile/experience [36m304[0m 953.928 ms - -[0m
2025-04-29 02:55:08 info: [0mGET /profile/experience [36m304[0m 952.188 ms - -[0m
2025-04-29 02:55:08 info: [0mOPTIONS /profile/details [32m204[0m 0.113 ms - 0[0m
2025-04-29 02:55:08 info: [0mOPTIONS /profile/details [32m204[0m 0.065 ms - 0[0m
2025-04-29 02:55:08 info: [0mOPTIONS /job/getUserJobBestMatches?page=1&limit=5 [32m204[0m 0.136 ms - 0[0m
2025-04-29 02:55:10 info: [0mGET /job/getUserJobBestMatches?page=1&limit=5 [36m304[0m 1520.877 ms - -[0m
2025-04-29 02:55:11 info: [0mGET /profile/details [36m304[0m 3525.859 ms - -[0m
2025-04-29 02:55:15 info: [0mGET /profile/details [36m304[0m 3739.356 ms - -[0m
2025-04-29 02:55:27 info: [0mOPTIONS /job/getUserJobBestMatches?page=1&limit=5&search=react+ [32m204[0m 0.096 ms - 0[0m
2025-04-29 02:55:29 info: [0mOPTIONS /job/getUserJobBestMatches?page=1&limit=5&search=react+na [32m204[0m 0.094 ms - 0[0m
2025-04-29 02:55:29 info: [0mGET /job/getUserJobBestMatches?page=1&limit=5&search=react+ [32m200[0m 1645.756 ms - -[0m
2025-04-29 02:55:30 info: [0mOPTIONS /job/getUserJobBestMatches?page=1&limit=5&search=react+native [32m204[0m 0.076 ms - 0[0m
2025-04-29 02:55:31 info: [0mGET /job/getUserJobBestMatches?page=1&limit=5&search=react+na [32m200[0m 1897.709 ms - -[0m
2025-04-29 02:55:32 info: [0mGET /job/getUserJobBestMatches?page=1&limit=5&search=react+native [32m200[0m 1845.418 ms - -[0m
2025-04-29 02:55:38 info: [0mOPTIONS /job/getUserJobBestMatches?page=1&limit=5&search=react+native&location=Nigeria [32m204[0m 0.142 ms - 0[0m
2025-04-29 02:55:40 info: [0mGET /job/getUserJobBestMatches?page=1&limit=5&search=react+native&location=Nigeria [32m200[0m 2041.432 ms - -[0m
2025-04-29 02:55:44 info: [0mOPTIONS /job/getUserJobBestMatches?page=1&limit=5&search=react+native&location=Nigeria&jobType=Remote [32m204[0m 0.103 ms - 0[0m
2025-04-29 02:55:46 info: [0mGET /job/getUserJobBestMatches?page=1&limit=5&search=react+native&location=Nigeria&jobType=Remote [32m200[0m 1763.540 ms - -[0m
2025-04-29 02:56:15 info: [0mOPTIONS /job/68101c1b191d80b5fd7f069a [32m204[0m 2.770 ms - 0[0m
2025-04-29 02:56:15 info: [0mOPTIONS /job/getSimilarJobs/68101c1b191d80b5fd7f069a [32m204[0m 0.118 ms - 0[0m
2025-04-29 02:56:15 info: [0mOPTIONS /job/68101c1b191d80b5fd7f069a [32m204[0m 0.230 ms - 0[0m
2025-04-29 02:56:15 info: [0mOPTIONS /job/getSimilarJobs/68101c1b191d80b5fd7f069a [32m204[0m 0.085 ms - 0[0m
2025-04-29 02:56:16 info: [0mGET /job/getSimilarJobs/68101c1b191d80b5fd7f069a [36m304[0m 1186.299 ms - -[0m
2025-04-29 02:56:17 info: [0mGET /job/getSimilarJobs/68101c1b191d80b5fd7f069a [36m304[0m 1168.940 ms - -[0m
2025-04-29 02:56:17 info: [0mGET /job/68101c1b191d80b5fd7f069a [32m200[0m 2386.288 ms - -[0m
2025-04-29 02:56:20 info: [0mGET /job/68101c1b191d80b5fd7f069a [36m304[0m 2400.554 ms - -[0m
2025-04-29 02:56:33 info: [0mOPTIONS /job/unSaveJob/68101c1b191d80b5fd7f069a [32m204[0m 0.182 ms - 0[0m
2025-04-29 02:56:34 info: [0mPOST /job/unSaveJob/68101c1b191d80b5fd7f069a [32m200[0m 778.079 ms - 70[0m
2025-04-29 02:56:37 info: [0mOPTIONS /job/68101c1b191d80b5fd7f069a [32m204[0m 0.375 ms - 0[0m
2025-04-29 02:56:37 info: [0mOPTIONS /job/68101c1b191d80b5fd7f069a [32m204[0m 1.593 ms - 0[0m
2025-04-29 02:56:40 info: [0mGET /job/68101c1b191d80b5fd7f069a [32m200[0m 2407.091 ms - -[0m
2025-04-29 02:56:42 info: [0mGET /job/68101c1b191d80b5fd7f069a [36m304[0m 2326.367 ms - -[0m
2025-04-29 02:56:45 info: [0mOPTIONS /job/68101c1b191d80b5fd7f069a [32m204[0m 0.523 ms - 0[0m
2025-04-29 02:56:45 info: [0mOPTIONS /job/getSimilarJobs/68101c1b191d80b5fd7f069a [32m204[0m 0.422 ms - 0[0m
2025-04-29 02:56:45 info: [0mOPTIONS /job/68101c1b191d80b5fd7f069a [32m204[0m 0.110 ms - 0[0m
2025-04-29 02:56:45 info: [0mOPTIONS /job/getSimilarJobs/68101c1b191d80b5fd7f069a [32m204[0m 0.130 ms - 0[0m
2025-04-29 02:56:46 info: [0mGET /job/getSimilarJobs/68101c1b191d80b5fd7f069a [36m304[0m 1039.570 ms - -[0m
2025-04-29 02:56:47 info: [0mGET /job/getSimilarJobs/68101c1b191d80b5fd7f069a [36m304[0m 1167.170 ms - -[0m
2025-04-29 02:56:47 info: [0mGET /job/68101c1b191d80b5fd7f069a [36m304[0m 2251.121 ms - -[0m
2025-04-29 02:56:50 info: [0mGET /job/68101c1b191d80b5fd7f069a [36m304[0m 2411.761 ms - -[0m
2025-04-29 02:56:56 info: [0mOPTIONS /job/68101c1b191d80b5fd7f069a [32m204[0m 0.763 ms - 0[0m
2025-04-29 02:56:56 info: [0mOPTIONS /job/68101c1b191d80b5fd7f069a [32m204[0m 0.111 ms - 0[0m
2025-04-29 02:56:58 info: [0mGET /job/68101c1b191d80b5fd7f069a [36m304[0m 2213.552 ms - -[0m
2025-04-29 02:57:00 info: [0mGET /job/68101c1b191d80b5fd7f069a [36m304[0m 2030.080 ms - -[0m
2025-04-29 02:57:03 info: [0mOPTIONS /profile/details [32m204[0m 1.017 ms - 0[0m
2025-04-29 02:57:03 info: [0mOPTIONS /profile/details [32m204[0m 0.257 ms - 0[0m
2025-04-29 02:57:04 info: [0mOPTIONS /job/getUserJobBestMatches?page=1&limit=5 [32m204[0m 0.117 ms - 0[0m
2025-04-29 02:57:05 info: [0mGET /job/getUserJobBestMatches?page=1&limit=5 [32m200[0m 1866.601 ms - -[0m
2025-04-29 02:57:07 info: [0mGET /profile/details [36m304[0m 4068.626 ms - -[0m
2025-04-29 02:57:12 info: [0mGET /profile/details [36m304[0m 4506.878 ms - -[0m
2025-04-29 02:58:22 info: [0mOPTIONS /job/68101c1b191d80b5fd7f069a [32m204[0m 0.951 ms - 0[0m
2025-04-29 02:58:22 info: [0mOPTIONS /job/getSimilarJobs/68101c1b191d80b5fd7f069a [32m204[0m 0.203 ms - 0[0m
2025-04-29 02:58:22 info: [0mOPTIONS /job/68101c1b191d80b5fd7f069a [32m204[0m 0.069 ms - 0[0m
2025-04-29 02:58:22 info: [0mOPTIONS /job/getSimilarJobs/68101c1b191d80b5fd7f069a [32m204[0m 0.449 ms - 0[0m
2025-04-29 02:58:23 info: [0mGET /job/getSimilarJobs/68101c1b191d80b5fd7f069a [36m304[0m 1167.248 ms - -[0m
2025-04-29 02:58:24 info: [0mGET /job/getSimilarJobs/68101c1b191d80b5fd7f069a [36m304[0m 1124.598 ms - -[0m
2025-04-29 02:58:24 info: [0mGET /job/68101c1b191d80b5fd7f069a [36m304[0m 2329.990 ms - -[0m
2025-04-29 02:58:27 info: [0mGET /job/68101c1b191d80b5fd7f069a [36m304[0m 2104.438 ms - -[0m
2025-04-29 02:59:14 info: [0mOPTIONS /profile/details [32m204[0m 0.704 ms - 0[0m
2025-04-29 02:59:14 info: [0mOPTIONS /profile/details [32m204[0m 0.113 ms - 0[0m
2025-04-29 02:59:15 info: [0mOPTIONS /job/getUserJobBestMatches?page=1&limit=5 [32m204[0m 0.084 ms - 0[0m
2025-04-29 02:59:17 info: [0mGET /job/getUserJobBestMatches?page=1&limit=5 [36m304[0m 1837.253 ms - -[0m
2025-04-29 02:59:19 info: [0mGET /profile/details [36m304[0m 4133.133 ms - -[0m
2025-04-29 02:59:23 info: [0mGET /profile/details [36m304[0m 4401.893 ms - -[0m
2025-04-29 02:59:24 info: [0mOPTIONS /job/savedJobs?page=1&limit=5 [32m204[0m 0.096 ms - 0[0m
2025-04-29 02:59:25 info: [0mGET /job/savedJobs?page=1&limit=5 [32m200[0m 1174.159 ms - 92[0m
2025-04-29 02:59:28 info: [0mOPTIONS /job/getUserJobBestMatches?page=1&limit=5 [32m204[0m 0.139 ms - 0[0m
2025-04-29 02:59:30 info: [0mGET /job/getUserJobBestMatches?page=1&limit=5 [36m304[0m 1927.068 ms - -[0m
2025-04-29 02:59:32 info: [0mOPTIONS /job/saveJob/68101c1b191d80b5fd7f069a [32m204[0m 0.103 ms - 0[0m
2025-04-29 02:59:34 info: [0mPOST /job/saveJob/68101c1b191d80b5fd7f069a [32m200[0m 1595.954 ms - 260[0m
2025-04-29 02:59:36 info: [0mOPTIONS /job/savedJobs?page=1&limit=5 [32m204[0m 0.096 ms - 0[0m
2025-04-29 02:59:37 info: [0mGET /job/savedJobs?page=1&limit=5 [32m200[0m 1435.089 ms - -[0m
2025-04-29 02:59:54 info: [0mOPTIONS /profile/details [32m204[0m 8.271 ms - 0[0m
2025-04-29 02:59:54 info: [0mOPTIONS /profile/details [32m204[0m 0.076 ms - 0[0m
2025-04-29 02:59:55 info: [0mGET /profile/details [0m-[0m - ms - -[0m
2025-04-29 02:59:55 info: [0mGET /profile/details [0m-[0m - ms - -[0m
2025-04-29 02:59:56 info: [0mOPTIONS /job/getUserJobBestMatches?page=1&limit=5 [32m204[0m 0.125 ms - 0[0m
2025-04-29 02:59:58 info: [0mGET /job/getUserJobBestMatches?page=1&limit=5 [32m200[0m 1989.825 ms - -[0m
2025-04-29 03:00:00 info: [0mGET /profile/details [32m200[0m 3897.898 ms - -[0m
2025-04-29 03:00:04 info: [0mGET /profile/details [36m304[0m 3929.482 ms - -[0m
2025-04-29 03:00:18 info: [0mOPTIONS /job/savedJobs?page=1&limit=5 [32m204[0m 0.769 ms - 0[0m
2025-04-29 03:00:19 info: [0mGET /job/savedJobs?page=1&limit=5 [36m304[0m 1241.538 ms - -[0m
2025-04-29 03:00:53 info: [0mGET /job/savedJobs [32m200[0m 1385.306 ms - -[0m
2025-04-29 03:01:36 info: [0mGET /job/savedJobs [32m200[0m 1319.046 ms - -[0m
2025-04-29 03:02:19 info: [0mOPTIONS /profile/details [32m204[0m 2.543 ms - 0[0m
2025-04-29 03:02:19 info: [0mOPTIONS /profile/details [32m204[0m 0.223 ms - 0[0m
2025-04-29 03:02:19 info: [0mOPTIONS /job/getUserJobBestMatches?page=1&limit=5 [32m204[0m 0.081 ms - 0[0m
2025-04-29 03:02:21 info: [0mGET /job/getUserJobBestMatches?page=1&limit=5 [36m304[0m 1874.650 ms - -[0m
2025-04-29 03:02:23 info: [0mGET /profile/details [36m304[0m 3837.778 ms - -[0m
2025-04-29 03:02:27 info: [0mGET /profile/details [36m304[0m 3991.682 ms - -[0m
2025-04-29 03:11:59 info: [0mOPTIONS /job/savedJobs?page=1&limit=5 [32m204[0m 0.855 ms - 0[0m
2025-04-29 03:12:01 info: [0mGET /job/savedJobs?page=1&limit=5 [36m304[0m 1323.202 ms - -[0m
2025-04-29 03:13:52 info: =================================
2025-04-29 03:13:52 info: ======= ENV: development =======
2025-04-29 03:13:52 info: 🚀 App listening on the port 3000
2025-04-29 03:13:52 info: =================================
2025-04-29 03:13:54 info: Connected to email server
2025-04-29 03:13:54 info: Connected to email server
2025-04-29 03:13:54 info: Connected to email server
2025-04-29 03:13:54 info: Connected to email server
2025-04-29 03:13:54 info: Connected to email server
2025-04-29 03:13:54 info: Connected to email server
2025-04-29 03:13:54 info: Connected to email server
2025-04-29 03:13:54 info: Connected to email server
2025-04-29 03:13:54 info: Connected to email server
2025-04-29 03:13:54 info: Connected to email server
2025-04-29 03:13:54 info: Connected to email server
2025-04-29 03:13:54 info: Connected to email server
2025-04-29 03:13:54 info: Connected to email server
2025-04-29 03:13:54 info: Connected to email server
2025-04-29 03:13:54 info: Connected to email server
2025-04-29 03:13:56 info: Connected to Database Successfully...
2025-04-29 03:14:21 info: [0mOPTIONS /profile/details [32m204[0m 2.386 ms - 0[0m
2025-04-29 03:14:21 info: [0mOPTIONS /profile/details [32m204[0m 0.323 ms - 0[0m
2025-04-29 03:14:22 info: [0mOPTIONS /job/getUserJobBestMatches?page=1&limit=5 [32m204[0m 0.102 ms - 0[0m
2025-04-29 03:14:24 info: [0mGET /job/getUserJobBestMatches?page=1&limit=5 [36m304[0m 1889.394 ms - -[0m
2025-04-29 03:14:26 info: [0mGET /profile/details [36m304[0m 4391.091 ms - -[0m
2025-04-29 03:14:28 info: [0mOPTIONS /job/savedJobs?page=1&limit=5 [32m204[0m 0.100 ms - 0[0m
2025-04-29 03:14:29 info: [0mGET /job/savedJobs?page=1&limit=5 [32m200[0m 1549.710 ms - -[0m
2025-04-29 03:14:30 info: [0mGET /profile/details [36m304[0m 4096.430 ms - -[0m
2025-04-29 03:14:40 info: [0mOPTIONS /job/68101c1b191d80b5fd7f069a [32m204[0m 0.413 ms - 0[0m
2025-04-29 03:14:40 info: [0mOPTIONS /job/getSimilarJobs/68101c1b191d80b5fd7f069a [32m204[0m 0.198 ms - 0[0m
2025-04-29 03:14:41 info: [0mGET /job/getSimilarJobs/68101c1b191d80b5fd7f069a [36m304[0m 1237.958 ms - -[0m
2025-04-29 03:14:42 info: [0mGET /job/68101c1b191d80b5fd7f069a [32m200[0m 2493.365 ms - -[0m
2025-04-29 03:14:45 info: [0mOPTIONS /auth/login [32m204[0m 0.323 ms - 0[0m
2025-04-29 03:14:46 error: [POST] /auth/login >> StatusCode:: 400, Message:: Cannot read properties of undefined (reading 'status')
2025-04-29 03:14:46 info: [0mPOST /auth/login [32m200[0m 856.317 ms - 587[0m
2025-04-29 03:14:46 info: [0mOPTIONS /profile [32m204[0m 0.089 ms - 0[0m
2025-04-29 03:14:47 info: [0mGET /profile [36m304[0m 810.708 ms - -[0m
2025-04-29 03:14:47 info: [0mOPTIONS /profile/details [32m204[0m 9.805 ms - 0[0m
2025-04-29 03:14:47 info: [0mOPTIONS /profile/details [32m204[0m 37.838 ms - 0[0m
2025-04-29 03:14:48 info: [0mOPTIONS /job/getUserJobBestMatches?page=1&limit=5 [32m204[0m 0.163 ms - 0[0m
2025-04-29 03:14:50 info: [0mGET /job/getUserJobBestMatches?page=1&limit=5 [36m304[0m 2147.500 ms - -[0m
2025-04-29 03:14:52 info: [0mGET /profile/details [36m304[0m 4768.784 ms - -[0m
2025-04-29 03:14:53 info: [0mOPTIONS /job/savedJobs?page=1&limit=5 [32m204[0m 0.120 ms - 0[0m
2025-04-29 03:14:54 info: [0mGET /job/savedJobs?page=1&limit=5 [36m304[0m 1235.056 ms - -[0m
2025-04-29 03:14:56 info: [0mGET /profile/details [36m304[0m 3968.675 ms - -[0m
2025-04-29 03:16:01 info: [0mOPTIONS /profile/details [32m204[0m 1.374 ms - 0[0m
2025-04-29 03:16:01 info: [0mOPTIONS /profile/details [32m204[0m 0.112 ms - 0[0m
2025-04-29 03:16:02 info: [0mOPTIONS /job/getUserJobBestMatches?page=1&limit=5 [32m204[0m 0.459 ms - 0[0m
2025-04-29 03:16:04 info: [0mGET /job/getUserJobBestMatches?page=1&limit=5 [36m304[0m 1838.693 ms - -[0m
2025-04-29 03:16:05 info: [0mOPTIONS /job/savedJobs?page=1&limit=5 [32m204[0m 0.119 ms - 0[0m
2025-04-29 03:16:06 info: [0mGET /profile/details [36m304[0m 4385.704 ms - -[0m
2025-04-29 03:16:06 info: [0mGET /job/savedJobs?page=1&limit=5 [36m304[0m 1567.028 ms - -[0m
2025-04-29 03:16:10 info: [0mGET /profile/details [36m304[0m 4401.690 ms - -[0m
2025-04-29 03:16:21 info: =================================
2025-04-29 03:16:21 info: ======= ENV: development =======
2025-04-29 03:16:21 info: 🚀 App listening on the port 3000
2025-04-29 03:16:21 info: =================================
2025-04-29 03:16:23 info: Connected to email server
2025-04-29 03:16:23 info: Connected to email server
2025-04-29 03:16:23 info: Connected to email server
2025-04-29 03:16:23 info: Connected to email server
2025-04-29 03:16:23 info: Connected to email server
2025-04-29 03:16:23 info: Connected to email server
2025-04-29 03:16:23 info: Connected to email server
2025-04-29 03:16:23 info: Connected to email server
2025-04-29 03:16:23 info: Connected to email server
2025-04-29 03:16:23 info: Connected to email server
2025-04-29 03:16:23 info: Connected to email server
2025-04-29 03:16:23 info: Connected to email server
2025-04-29 03:16:23 info: Connected to email server
2025-04-29 03:16:23 info: Connected to email server
2025-04-29 03:16:23 info: Connected to email server
2025-04-29 03:16:25 info: Connected to Database Successfully...
2025-04-29 03:16:50 info: [0mOPTIONS /profile/details [32m204[0m 1.240 ms - 0[0m
2025-04-29 03:16:50 info: [0mOPTIONS /profile/details [32m204[0m 0.194 ms - 0[0m
2025-04-29 03:16:50 info: [0mOPTIONS /job/getUserJobBestMatches?page=1&limit=5 [32m204[0m 0.095 ms - 0[0m
2025-04-29 03:16:52 info: [0mGET /job/getUserJobBestMatches?page=1&limit=5 [36m304[0m 1965.453 ms - -[0m
2025-04-29 03:16:54 info: [0mGET /profile/details [36m304[0m 4373.700 ms - -[0m
2025-04-29 03:16:56 info: [0mOPTIONS /job/savedJobs?page=1&limit=5 [32m204[0m 0.100 ms - 0[0m
2025-04-29 03:16:58 info: [0mGET /job/savedJobs?page=1&limit=5 [32m200[0m 1574.054 ms - -[0m
2025-04-29 03:16:58 info: [0mGET /profile/details [36m304[0m 4502.975 ms - -[0m
2025-04-29 03:22:03 info: [0mOPTIONS /profile/details [32m204[0m 1.074 ms - 0[0m
2025-04-29 03:22:03 info: [0mOPTIONS /profile/details [32m204[0m 0.163 ms - 0[0m
2025-04-29 03:22:03 info: [0mOPTIONS /job/getUserJobBestMatches?page=1&limit=5 [32m204[0m 0.103 ms - 0[0m
2025-04-29 03:22:05 info: [0mGET /job/getUserJobBestMatches?page=1&limit=5 [36m304[0m 1581.633 ms - -[0m
2025-04-29 03:22:06 info: [0mGET /profile/details [36m304[0m 3712.342 ms - -[0m
2025-04-29 03:22:08 info: [0mOPTIONS /job/getAllJobs?page=1&limit=5 [32m204[0m 0.130 ms - 0[0m
2025-04-29 03:22:10 info: [0mGET /job/getAllJobs?page=1&limit=5 [32m200[0m 1495.255 ms - -[0m
2025-04-29 03:22:11 info: [0mGET /profile/details [36m304[0m 4203.741 ms - -[0m
2025-04-29 03:22:16 info: [0mOPTIONS /job/mostRecents?page=1&limit=5 [32m204[0m 0.112 ms - 0[0m
2025-04-29 03:22:17 info: [0mGET /job/mostRecents?page=1&limit=5 [32m200[0m 1918.713 ms - -[0m
2025-04-29 03:22:20 info: [0mOPTIONS /job/savedJobs?page=1&limit=5 [32m204[0m 0.126 ms - 0[0m
2025-04-29 03:22:22 info: [0mGET /job/savedJobs?page=1&limit=5 [36m304[0m 1476.533 ms - -[0m
2025-04-29 03:22:26 info: [0mOPTIONS /job/getUserJobBestMatches?page=1&limit=5 [32m204[0m 0.184 ms - 0[0m
2025-04-29 03:22:28 info: [0mGET /job/getUserJobBestMatches?page=1&limit=5 [36m304[0m 1733.255 ms - -[0m
2025-04-29 03:22:30 info: [0mOPTIONS /job/saveJob/680a38bccd739f43478e6770 [32m204[0m 0.094 ms - 0[0m
2025-04-29 03:22:30 error: [Error] >> Channel closed
2025-04-29 03:22:32 info: =================================
2025-04-29 03:22:32 info: ======= ENV: development =======
2025-04-29 03:22:32 info: 🚀 App listening on the port 3000
2025-04-29 03:22:32 info: =================================
2025-04-29 03:22:34 info: [0mOPTIONS /job/unSaveJob/68101c1b191d80b5fd7f069a [32m204[0m 0.886 ms - 0[0m
2025-04-29 03:22:34 info: Connected to email server
2025-04-29 03:22:34 info: Connected to email server
2025-04-29 03:22:34 info: Connected to email server
2025-04-29 03:22:34 info: Connected to email server
2025-04-29 03:22:34 info: Connected to email server
2025-04-29 03:22:34 info: Connected to email server
2025-04-29 03:22:34 info: Connected to email server
2025-04-29 03:22:34 info: Connected to email server
2025-04-29 03:22:34 info: Connected to email server
2025-04-29 03:22:34 info: Connected to email server
2025-04-29 03:22:34 info: Connected to email server
2025-04-29 03:22:34 info: Connected to email server
2025-04-29 03:22:34 info: Connected to email server
2025-04-29 03:22:34 info: Connected to email server
2025-04-29 03:22:35 info: Connected to email server
2025-04-29 03:22:36 info: Connected to Database Successfully...
2025-04-29 03:22:42 info: [0mPOST /job/unSaveJob/68101c1b191d80b5fd7f069a [32m200[0m 7945.685 ms - 70[0m
2025-04-29 03:23:24 info: [0mOPTIONS /job/getAllJobs?page=1&limit=5 [32m204[0m 0.848 ms - 0[0m
2025-04-29 03:23:25 info: [0mGET /job/getAllJobs?page=1&limit=5 [32m200[0m 1272.904 ms - -[0m
2025-04-29 03:23:27 info: [0mOPTIONS /job/mostRecents?page=1&limit=5 [32m204[0m 0.120 ms - 0[0m
2025-04-29 03:23:29 info: [0mGET /job/mostRecents?page=1&limit=5 [32m200[0m 1868.043 ms - -[0m
2025-04-29 03:23:51 info: [0mOPTIONS /job/savedJobs?page=1&limit=5 [32m204[0m 0.377 ms - 0[0m
2025-04-29 03:23:52 info: [0mGET /job/savedJobs?page=1&limit=5 [32m200[0m 987.817 ms - 92[0m
2025-04-29 03:23:55 info: [0mOPTIONS /profile/details [32m204[0m 0.428 ms - 0[0m
2025-04-29 03:23:55 info: [0mOPTIONS /profile/details [32m204[0m 0.110 ms - 0[0m
2025-04-29 03:23:56 info: [0mOPTIONS /job/getUserJobBestMatches?page=1&limit=5 [32m204[0m 0.117 ms - 0[0m
2025-04-29 03:23:58 info: [0mGET /job/getUserJobBestMatches?page=1&limit=5 [32m200[0m 1595.708 ms - -[0m
2025-04-29 03:23:59 info: [0mGET /profile/details [36m304[0m 3486.340 ms - -[0m
2025-04-29 03:24:01 info: [0mOPTIONS /job/saveJob/68101c1b191d80b5fd7f069a [32m204[0m 0.126 ms - 0[0m
2025-04-29 03:24:02 info: [0mPOST /job/saveJob/68101c1b191d80b5fd7f069a [32m200[0m 1553.739 ms - 260[0m
2025-04-29 03:24:03 info: [0mGET /profile/details [36m304[0m 4031.382 ms - -[0m
2025-04-29 03:24:05 info: [0mOPTIONS /job/saveJob/680a38bccd739f43478e6770 [32m204[0m 0.133 ms - 0[0m
2025-04-29 03:24:06 info: [0mPOST /job/saveJob/680a38bccd739f43478e6770 [32m200[0m 1749.452 ms - 260[0m
2025-04-29 03:24:09 info: [0mOPTIONS /job/savedJobs?page=1&limit=5 [32m204[0m 0.261 ms - 0[0m
2025-04-29 03:24:10 info: [0mGET /job/savedJobs?page=1&limit=5 [32m200[0m 1305.004 ms - -[0m
2025-04-29 03:24:26 info: [0mOPTIONS /profile/details [32m204[0m 0.443 ms - 0[0m
2025-04-29 03:24:26 info: [0mOPTIONS /profile/details [32m204[0m 0.317 ms - 0[0m
2025-04-29 03:24:27 info: [0mOPTIONS /job/getUserJobBestMatches?page=1&limit=5 [32m204[0m 0.104 ms - 0[0m
2025-04-29 03:24:28 info: [0mGET /job/getUserJobBestMatches?page=1&limit=5 [32m200[0m 1648.666 ms - -[0m
2025-04-29 03:24:30 info: [0mGET /profile/details [36m304[0m 3426.098 ms - -[0m
2025-04-29 03:24:34 info: [0mGET /profile/details [36m304[0m 3946.040 ms - -[0m
2025-04-29 03:24:41 info: [0mOPTIONS /profile/details [32m204[0m 1.088 ms - 0[0m
2025-04-29 03:24:41 info: [0mOPTIONS /profile/details [32m204[0m 0.272 ms - 0[0m
2025-04-29 03:24:42 info: [0mOPTIONS /job/getUserJobBestMatches?page=1&limit=5 [32m204[0m 0.091 ms - 0[0m
2025-04-29 03:24:44 info: [0mGET /job/getUserJobBestMatches?page=1&limit=5 [36m304[0m 1745.520 ms - -[0m
2025-04-29 03:24:46 info: [0mGET /profile/details [36m304[0m 4353.307 ms - -[0m
2025-04-29 03:24:50 info: [0mGET /profile/details [36m304[0m 3797.257 ms - -[0m
2025-04-29 03:24:51 info: [0mOPTIONS /job/savedJobs?page=1&limit=5 [32m204[0m 0.281 ms - 0[0m
2025-04-29 03:24:52 info: [0mGET /job/savedJobs?page=1&limit=5 [36m304[0m 1511.164 ms - -[0m
2025-04-29 03:25:53 info: =================================
2025-04-29 03:25:53 info: ======= ENV: development =======
2025-04-29 03:25:53 info: 🚀 App listening on the port 3000
2025-04-29 03:25:53 info: =================================
2025-04-29 03:25:55 info: Connected to email server
2025-04-29 03:25:55 info: Connected to email server
2025-04-29 03:25:55 info: Connected to email server
2025-04-29 03:25:55 info: Connected to email server
2025-04-29 03:25:55 info: Connected to email server
2025-04-29 03:25:56 info: Connected to email server
2025-04-29 03:25:56 info: Connected to email server
2025-04-29 03:25:56 info: Connected to email server
2025-04-29 03:25:56 info: Connected to email server
2025-04-29 03:25:56 info: Connected to email server
2025-04-29 03:25:56 info: Connected to email server
2025-04-29 03:25:56 info: Connected to email server
2025-04-29 03:25:56 info: Connected to email server
2025-04-29 03:25:56 info: Connected to email server
2025-04-29 03:25:56 info: Connected to email server
2025-04-29 03:25:57 info: Connected to Database Successfully...
2025-04-29 03:26:08 info: [0mOPTIONS /profile/details [32m204[0m 3.486 ms - 0[0m
2025-04-29 03:26:08 info: [0mOPTIONS /profile/details [32m204[0m 0.242 ms - 0[0m
2025-04-29 03:26:08 info: [0mOPTIONS /job/getUserJobBestMatches?page=1&limit=5 [32m204[0m 0.103 ms - 0[0m
2025-04-29 03:26:10 info: [0mGET /job/getUserJobBestMatches?page=1&limit=5 [36m304[0m 1606.296 ms - -[0m
2025-04-29 03:26:11 info: [0mGET /profile/details [36m304[0m 3574.854 ms - -[0m
2025-04-29 03:26:11 info: [0mOPTIONS /job/savedJobs?page=1&limit=5 [32m204[0m 0.095 ms - 0[0m
2025-04-29 03:26:13 info: [0mGET /job/savedJobs?page=1&limit=5 [36m304[0m 1463.354 ms - -[0m
2025-04-29 03:26:16 info: [0mGET /profile/details [36m304[0m 4474.227 ms - -[0m
2025-04-29 03:26:27 info: [0mOPTIONS /profile/details [32m204[0m 0.698 ms - 0[0m
2025-04-29 03:26:27 info: [0mOPTIONS /profile/details [32m204[0m 0.127 ms - 0[0m
2025-04-29 03:26:27 info: [0mOPTIONS /job/getUserJobBestMatches?page=1&limit=5 [32m204[0m 0.114 ms - 0[0m
2025-04-29 03:26:29 info: [0mGET /job/getUserJobBestMatches?page=1&limit=5 [36m304[0m 1798.233 ms - -[0m
2025-04-29 03:26:30 info: [0mGET /profile/details [36m304[0m 3985.115 ms - -[0m
2025-04-29 03:26:32 info: [0mOPTIONS /job/savedJobs?page=1&limit=5 [32m204[0m 0.149 ms - 0[0m
2025-04-29 03:26:33 info: [0mGET /job/savedJobs?page=1&limit=5 [36m304[0m 1345.474 ms - -[0m
2025-04-29 03:26:34 info: [0mGET /profile/details [36m304[0m 3949.413 ms - -[0m
2025-04-29 03:28:40 info: [0mOPTIONS /profile/details [32m204[0m 0.325 ms - 0[0m
2025-04-29 03:28:40 info: [0mOPTIONS /profile/details [32m204[0m 0.803 ms - 0[0m
2025-04-29 03:28:41 info: [0mOPTIONS /job/getUserJobBestMatches?page=1&limit=5 [32m204[0m 0.101 ms - 0[0m
2025-04-29 03:28:43 info: [0mGET /job/getUserJobBestMatches?page=1&limit=5 [36m304[0m 2345.694 ms - -[0m
2025-04-29 03:28:44 info: [0mGET /profile/details [36m304[0m 4333.158 ms - -[0m
2025-04-29 03:28:49 info: [0mGET /profile/details [36m304[0m 4550.316 ms - -[0m
2025-04-29 03:28:51 info: [0mOPTIONS /job/68101c1b191d80b5fd7f069a [32m204[0m 17.421 ms - 0[0m
2025-04-29 03:28:51 info: [0mOPTIONS /job/getSimilarJobs/68101c1b191d80b5fd7f069a [32m204[0m 0.121 ms - 0[0m
2025-04-29 03:28:51 info: [0mOPTIONS /job/68101c1b191d80b5fd7f069a [32m204[0m 0.141 ms - 0[0m
2025-04-29 03:28:51 info: [0mOPTIONS /job/getSimilarJobs/68101c1b191d80b5fd7f069a [32m204[0m 0.298 ms - 0[0m
2025-04-29 03:28:52 info: [0mGET /job/getSimilarJobs/68101c1b191d80b5fd7f069a [36m304[0m 1138.496 ms - -[0m
2025-04-29 03:28:53 info: [0mGET /job/getSimilarJobs/68101c1b191d80b5fd7f069a [36m304[0m 1221.999 ms - -[0m
2025-04-29 03:28:53 info: [0mGET /job/68101c1b191d80b5fd7f069a [36m304[0m 2382.367 ms - -[0m
2025-04-29 03:28:56 info: [0mGET /job/68101c1b191d80b5fd7f069a [36m304[0m 2349.022 ms - -[0m
2025-04-29 03:29:02 info: [0mOPTIONS /job/68101c1b191d80b5fd7f069a [32m204[0m 1.017 ms - 0[0m
2025-04-29 03:29:02 info: [0mOPTIONS /job/68101c1b191d80b5fd7f069a [32m204[0m 0.214 ms - 0[0m
2025-04-29 03:29:05 info: [0mGET /job/68101c1b191d80b5fd7f069a [36m304[0m 2355.294 ms - -[0m
2025-04-29 03:29:07 info: [0mGET /job/68101c1b191d80b5fd7f069a [36m304[0m 2149.224 ms - -[0m
2025-04-29 03:29:07 info: [0mOPTIONS /job/getSimilarJobs/68101c1b191d80b5fd7f069a [32m204[0m 0.144 ms - 0[0m
2025-04-29 03:29:07 info: [0mOPTIONS /job/getSimilarJobs/68101c1b191d80b5fd7f069a [32m204[0m 0.271 ms - 0[0m
2025-04-29 03:29:09 info: [0mGET /job/getSimilarJobs/68101c1b191d80b5fd7f069a [36m304[0m 1258.824 ms - -[0m
2025-04-29 03:29:10 info: [0mGET /job/getSimilarJobs/68101c1b191d80b5fd7f069a [36m304[0m 1124.020 ms - -[0m
2025-04-29 03:29:10 info: [0mGET /job/68101c1b191d80b5fd7f069a [36m304[0m 2395.856 ms - -[0m
2025-04-29 03:29:12 info: [0mGET /job/68101c1b191d80b5fd7f069a [36m304[0m 2202.908 ms - -[0m
2025-04-29 03:35:04 info: [0mOPTIONS /job/68101c1b191d80b5fd7f069a [32m204[0m 4.530 ms - 0[0m
2025-04-29 03:35:04 info: [0mOPTIONS /job/getSimilarJobs/68101c1b191d80b5fd7f069a [32m204[0m 0.319 ms - 0[0m
2025-04-29 03:35:05 info: [0mGET /job/getSimilarJobs/68101c1b191d80b5fd7f069a [36m304[0m 1141.014 ms - -[0m
2025-04-29 03:35:06 info: [0mGET /job/68101c1b191d80b5fd7f069a [36m304[0m 2111.474 ms - -[0m
2025-04-29 03:36:41 info: [0mOPTIONS /auth/login [32m204[0m 1.032 ms - 0[0m
2025-04-29 03:36:42 error: [POST] /auth/login >> StatusCode:: 400, Message:: Cannot read properties of undefined (reading 'status')
2025-04-29 03:36:42 info: [0mPOST /auth/login [32m200[0m 995.805 ms - 587[0m
2025-04-29 03:36:42 info: [0mOPTIONS /profile [32m204[0m 0.110 ms - 0[0m
2025-04-29 03:36:43 info: [0mGET /profile [36m304[0m 621.357 ms - -[0m
2025-04-29 03:36:43 info: [0mOPTIONS /profile/details [32m204[0m 0.382 ms - 0[0m
2025-04-29 03:36:43 info: [0mOPTIONS /profile/details [32m204[0m 0.091 ms - 0[0m
2025-04-29 03:36:43 info: [0mOPTIONS /job/getUserJobBestMatches?page=1&limit=5 [32m204[0m 0.081 ms - 0[0m
2025-04-29 03:36:45 info: [0mGET /job/getUserJobBestMatches?page=1&limit=5 [36m304[0m 1702.907 ms - -[0m
2025-04-29 03:36:48 info: [0mGET /profile/details [36m304[0m 4857.505 ms - -[0m
2025-04-29 03:36:49 info: [0mOPTIONS /job/savedJobs?page=1&limit=5 [32m204[0m 0.110 ms - 0[0m
2025-04-29 03:36:51 info: [0mGET /job/savedJobs?page=1&limit=5 [36m304[0m 1803.786 ms - -[0m
2025-04-29 03:36:52 info: [0mGET /profile/details [36m304[0m 4525.208 ms - -[0m
2025-04-29 03:41:57 info: [0mOPTIONS /auth/login [32m204[0m 0.355 ms - 0[0m
2025-04-29 03:41:58 error: [POST] /auth/login >> StatusCode:: 400, Message:: Cannot read properties of undefined (reading 'status')
2025-04-29 03:41:58 info: [0mPOST /auth/login [32m200[0m 854.479 ms - 587[0m
2025-04-29 03:41:58 info: [0mOPTIONS /profile [32m204[0m 0.075 ms - 0[0m
2025-04-29 03:41:59 info: [0mGET /profile [36m304[0m 635.709 ms - -[0m
2025-04-29 03:41:59 info: [0mOPTIONS /profile/details [32m204[0m 0.086 ms - 0[0m
2025-04-29 03:41:59 info: [0mOPTIONS /profile/details [32m204[0m 0.098 ms - 0[0m
2025-04-29 03:42:00 info: [0mOPTIONS /job/getUserJobBestMatches?page=1&limit=5 [32m204[0m 0.728 ms - 0[0m
2025-04-29 03:42:02 info: [0mGET /job/getUserJobBestMatches?page=1&limit=5 [36m304[0m 2073.804 ms - -[0m
2025-04-29 03:42:04 info: [0mGET /profile/details [36m304[0m 4605.361 ms - -[0m
2025-04-29 03:42:05 info: [0mOPTIONS /job/savedJobs?page=1&limit=5 [32m204[0m 0.083 ms - 0[0m
2025-04-29 03:42:07 info: [0mGET /job/savedJobs?page=1&limit=5 [36m304[0m 1542.899 ms - -[0m
2025-04-29 03:42:08 info: [0mGET /profile/details [36m304[0m 4400.403 ms - -[0m
2025-04-29 03:42:10 info: [0mOPTIONS /job/unSaveJob/68101c1b191d80b5fd7f069a [32m204[0m 0.085 ms - 0[0m
2025-04-29 03:42:11 info: [0mPOST /job/unSaveJob/68101c1b191d80b5fd7f069a [32m200[0m 973.240 ms - 70[0m
2025-04-29 03:42:14 info: [0mOPTIONS /job/getAllJobs?page=1&limit=5 [32m204[0m 0.320 ms - 0[0m
2025-04-29 03:42:16 info: [0mGET /job/getAllJobs?page=1&limit=5 [32m200[0m 2034.870 ms - -[0m
2025-04-29 03:42:17 info: [0mOPTIONS /job/savedJobs?page=1&limit=5 [32m204[0m 0.084 ms - 0[0m
2025-04-29 03:42:19 info: [0mGET /job/savedJobs?page=1&limit=5 [32m200[0m 1495.595 ms - -[0m
2025-04-29 03:42:24 info: [0mOPTIONS /job/680a38bccd739f43478e6770 [32m204[0m 0.391 ms - 0[0m
2025-04-29 03:42:24 info: [0mOPTIONS /job/getSimilarJobs/680a38bccd739f43478e6770 [32m204[0m 0.117 ms - 0[0m
2025-04-29 03:42:24 info: [0mOPTIONS /job/680a38bccd739f43478e6770 [32m204[0m 0.178 ms - 0[0m
2025-04-29 03:42:24 info: [0mOPTIONS /job/getSimilarJobs/680a38bccd739f43478e6770 [32m204[0m 0.193 ms - 0[0m
2025-04-29 03:42:25 info: [0mGET /job/getSimilarJobs/680a38bccd739f43478e6770 [32m200[0m 1144.637 ms - -[0m
2025-04-29 03:42:26 info: [0mGET /job/getSimilarJobs/680a38bccd739f43478e6770 [36m304[0m 1121.148 ms - -[0m
2025-04-29 03:42:26 info: [0mGET /job/680a38bccd739f43478e6770 [32m200[0m 2280.733 ms - -[0m
2025-04-29 03:42:29 info: [0mGET /job/680a38bccd739f43478e6770 [36m304[0m 2251.841 ms - -[0m
2025-04-29 03:42:40 info: [0mOPTIONS /job/680a38bccd739f43478e6770 [32m204[0m 4.483 ms - 0[0m
2025-04-29 03:42:40 info: [0mOPTIONS /job/getSimilarJobs/680a38bccd739f43478e6770 [32m204[0m 0.285 ms - 0[0m
2025-04-29 03:42:42 info: [0mGET /job/getSimilarJobs/680a38bccd739f43478e6770 [36m304[0m 1617.748 ms - -[0m
2025-04-29 03:42:43 info: [0mGET /job/680a38bccd739f43478e6770 [36m304[0m 2783.887 ms - -[0m
2025-04-29 03:42:46 info: [0mOPTIONS /job/unSaveJob/680a38bccd739f43478e6770 [32m204[0m 0.215 ms - 0[0m
2025-04-29 03:42:47 info: [0mPOST /job/unSaveJob/680a38bccd739f43478e6770 [32m200[0m 895.852 ms - 70[0m
2025-04-29 03:42:49 info: [0mOPTIONS /profile/details [32m204[0m 0.453 ms - 0[0m
2025-04-29 03:42:49 info: [0mOPTIONS /profile/details [32m204[0m 0.139 ms - 0[0m
2025-04-29 03:42:49 info: [0mOPTIONS /job/getUserJobBestMatches?page=1&limit=5 [32m204[0m 8.405 ms - 0[0m
2025-04-29 03:42:51 info: [0mGET /job/getUserJobBestMatches?page=1&limit=5 [32m200[0m 1812.088 ms - -[0m
2025-04-29 03:42:52 info: [0mOPTIONS /job/savedJobs?page=1&limit=5 [32m204[0m 0.296 ms - 0[0m
2025-04-29 03:42:53 info: [0mGET /profile/details [36m304[0m 4277.284 ms - -[0m
2025-04-29 03:42:53 info: [0mGET /job/savedJobs?page=1&limit=5 [32m200[0m 1157.741 ms - 92[0m
2025-04-29 03:42:57 info: [0mGET /profile/details [36m304[0m 3741.135 ms - -[0m
2025-04-29 03:43:01 info: [0mOPTIONS /job/getUserJobBestMatches?page=1&limit=5 [32m204[0m 0.093 ms - 0[0m
2025-04-29 03:43:03 info: [0mGET /job/getUserJobBestMatches?page=1&limit=5 [36m304[0m 1820.751 ms - -[0m
2025-04-29 03:43:04 info: [0mOPTIONS /job/68101c1b191d80b5fd7f069a [32m204[0m 0.449 ms - 0[0m
2025-04-29 03:43:04 info: [0mOPTIONS /job/getSimilarJobs/68101c1b191d80b5fd7f069a [32m204[0m 0.105 ms - 0[0m
2025-04-29 03:43:04 info: [0mOPTIONS /job/68101c1b191d80b5fd7f069a [32m204[0m 0.294 ms - 0[0m
2025-04-29 03:43:04 info: [0mOPTIONS /job/getSimilarJobs/68101c1b191d80b5fd7f069a [32m204[0m 0.229 ms - 0[0m
2025-04-29 03:43:05 info: [0mGET /job/getSimilarJobs/68101c1b191d80b5fd7f069a [36m304[0m 1160.322 ms - -[0m
2025-04-29 03:43:06 info: [0mGET /job/68101c1b191d80b5fd7f069a [32m200[0m 2145.306 ms - -[0m
2025-04-29 03:43:06 info: [0mGET /job/getSimilarJobs/68101c1b191d80b5fd7f069a [36m304[0m 960.308 ms - -[0m
2025-04-29 03:43:08 info: [0mGET /job/68101c1b191d80b5fd7f069a [36m304[0m 2399.981 ms - -[0m
2025-04-29 03:44:12 info: [0mOPTIONS /job/68101c1b191d80b5fd7f069a [32m204[0m 0.735 ms - 0[0m
2025-04-29 03:44:12 info: [0mOPTIONS /job/getSimilarJobs/68101c1b191d80b5fd7f069a [32m204[0m 0.286 ms - 0[0m
2025-04-29 03:44:13 info: [0mGET /job/getSimilarJobs/68101c1b191d80b5fd7f069a [36m304[0m 1057.017 ms - -[0m
2025-04-29 03:44:14 info: [0mGET /job/68101c1b191d80b5fd7f069a [36m304[0m 2232.484 ms - -[0m
2025-04-29 03:44:15 info: [0mOPTIONS /auth/login [32m204[0m 0.507 ms - 0[0m
2025-04-29 03:44:15 error: [POST] /auth/login >> StatusCode:: 400, Message:: Cannot read properties of undefined (reading 'status')
2025-04-29 03:44:15 info: [0mPOST /auth/login [32m200[0m 755.565 ms - 587[0m
2025-04-29 03:44:15 info: [0mOPTIONS /profile [32m204[0m 0.220 ms - 0[0m
2025-04-29 03:44:16 info: [0mGET /profile [36m304[0m 913.762 ms - -[0m
2025-04-29 03:44:17 info: [0mOPTIONS /profile/details [32m204[0m 0.216 ms - 0[0m
2025-04-29 03:44:17 info: [0mOPTIONS /profile/details [32m204[0m 0.157 ms - 0[0m
2025-04-29 03:44:17 info: [0mOPTIONS /job/getUserJobBestMatches?page=1&limit=5 [32m204[0m 0.216 ms - 0[0m
2025-04-29 03:44:20 info: [0mGET /job/getUserJobBestMatches?page=1&limit=5 [36m304[0m 2501.040 ms - -[0m
2025-04-29 03:44:22 info: [0mGET /profile/details [36m304[0m 4953.749 ms - -[0m
2025-04-29 03:44:26 info: [0mGET /profile/details [36m304[0m 4502.909 ms - -[0m
2025-04-29 03:44:50 info: [0mOPTIONS /profile/about [32m204[0m 0.820 ms - 0[0m
2025-04-29 03:44:50 info: [0mOPTIONS /profile/about [32m204[0m 0.211 ms - 0[0m
2025-04-29 03:44:50 info: [0mGET /job/skillsCategory [36m304[0m 19.072 ms - -[0m
2025-04-29 03:44:50 info: [0mGET /job/skillsCategory [36m304[0m 1.214 ms - -[0m
2025-04-29 03:44:52 info: [0mGET /profile/about [36m304[0m 1550.117 ms - -[0m
2025-04-29 03:44:53 info: [0mGET /profile/about [36m304[0m 1416.909 ms - -[0m
2025-04-29 03:44:54 info: [0mOPTIONS /profile/education [32m204[0m 0.276 ms - 0[0m
2025-04-29 03:44:54 info: [0mOPTIONS /profile/certificate [32m204[0m 0.708 ms - 0[0m
2025-04-29 03:44:54 info: [0mOPTIONS /profile/education [32m204[0m 0.257 ms - 0[0m
2025-04-29 03:44:54 info: [0mOPTIONS /profile/certificate [32m204[0m 0.079 ms - 0[0m
2025-04-29 03:44:56 info: [0mGET /profile/certificate [36m304[0m 1389.421 ms - -[0m
2025-04-29 03:44:56 info: [0mGET /profile/education [36m304[0m 1405.956 ms - -[0m
2025-04-29 03:44:57 info: [0mGET /profile/certificate [36m304[0m 1224.745 ms - -[0m
2025-04-29 03:44:57 info: [0mGET /profile/education [36m304[0m 1222.403 ms - -[0m
2025-04-29 03:45:03 info: [0mOPTIONS /profile/about [32m204[0m 0.927 ms - 0[0m
2025-04-29 03:45:03 info: [0mOPTIONS /profile/about [32m204[0m 0.311 ms - 0[0m
2025-04-29 03:45:03 info: [0mGET /job/skillsCategory [36m304[0m 1.814 ms - -[0m
2025-04-29 03:45:03 info: [0mGET /job/skillsCategory [36m304[0m 0.456 ms - -[0m
2025-04-29 03:45:04 info: [0mGET /profile/about [36m304[0m 1213.713 ms - -[0m
2025-04-29 03:45:05 info: [0mGET /profile/about [0m-[0m - ms - -[0m
2025-04-29 03:45:08 info: [0mGET /job/skillsCategory [36m304[0m 0.787 ms - -[0m
2025-04-29 03:45:09 info: [0mGET /profile/about [32m200[0m 1159.495 ms - -[0m
2025-04-29 12:03:37 info: [0mOPTIONS /profile/education [32m204[0m 1.025 ms - 0[0m
2025-04-29 12:03:37 info: [0mOPTIONS /profile/certificate [32m204[0m 0.090 ms - 0[0m
2025-04-29 12:03:37 info: [0mOPTIONS /profile/education [32m204[0m 0.252 ms - 0[0m
2025-04-29 12:03:37 info: [0mOPTIONS /profile/certificate [32m204[0m 0.159 ms - 0[0m
2025-04-29 12:03:41 info: [0mOPTIONS /profile/details [32m204[0m 0.177 ms - 0[0m
2025-04-29 12:03:41 info: [0mOPTIONS /profile/details [32m204[0m 0.342 ms - 0[0m
2025-04-29 12:03:41 info: [0mOPTIONS /job/getUserJobBestMatches?page=1&limit=5 [32m204[0m 0.084 ms - 0[0m
2025-04-29 12:03:55 info: [0mOPTIONS /job/getAllJobs?page=1&limit=5 [32m204[0m 0.224 ms - 0[0m
2025-04-29 12:04:07 error: [GET] /profile/education >> StatusCode:: 400, Message:: INVALID_AUTHORIZATION
2025-04-29 12:04:07 info: [0mGET /profile/education [32m200[0m 30039.749 ms - 79[0m
2025-04-29 12:04:07 error: [GET] /profile/certificate >> StatusCode:: 400, Message:: INVALID_AUTHORIZATION
2025-04-29 12:04:07 info: [0mGET /profile/certificate [32m200[0m 30001.754 ms - 79[0m
2025-04-29 12:04:07 info: [0mOPTIONS /job/mostRecents?page=1&limit=5 [32m204[0m 0.068 ms - 0[0m
2025-04-29 12:04:07 info: [0mOPTIONS /job/savedJobs?page=1&limit=5 [32m204[0m 0.062 ms - 0[0m
2025-04-29 12:04:11 error: [GET] /profile/details >> StatusCode:: 400, Message:: INVALID_AUTHORIZATION
2025-04-29 12:04:11 info: [0mGET /profile/details [32m200[0m 30003.713 ms - 79[0m
2025-04-29 12:04:11 error: [GET] /job/getUserJobBestMatches >> StatusCode:: 400, Message:: INVALID_AUTHORIZATION
2025-04-29 12:04:11 info: [0mGET /job/getUserJobBestMatches?page=1&limit=5 [32m200[0m 30002.496 ms - 79[0m
2025-04-29 12:04:25 error: [GET] /job/getAllJobs >> StatusCode:: 400, Message:: INVALID_AUTHORIZATION
2025-04-29 12:04:25 info: [0mGET /job/getAllJobs?page=1&limit=5 [32m200[0m 30006.670 ms - 79[0m
2025-04-29 12:04:27 error: [GET] /profile/education >> StatusCode:: 400, Message:: INVALID_AUTHORIZATION
2025-04-29 12:04:27 info: [0mGET /profile/education [32m200[0m 30002.367 ms - 79[0m
2025-04-29 12:04:34 info: [0mOPTIONS /profile/about [32m204[0m 0.460 ms - 0[0m
2025-04-29 12:04:34 info: [0mOPTIONS /profile/about [32m204[0m 0.376 ms - 0[0m
2025-04-29 12:04:34 info: [0mGET /job/skillsCategory [36m304[0m 1.544 ms - -[0m
2025-04-29 12:04:34 info: [0mGET /job/skillsCategory [36m304[0m 1.160 ms - -[0m
2025-04-29 12:04:37 info: [0mOPTIONS /profile/details [32m204[0m 0.913 ms - 0[0m
2025-04-29 12:04:37 info: [0mOPTIONS /profile/details [32m204[0m 0.231 ms - 0[0m
2025-04-29 12:04:37 error: [GET] /profile/certificate >> StatusCode:: 400, Message:: INVALID_AUTHORIZATION
2025-04-29 12:04:37 info: [0mGET /profile/certificate [32m200[0m 30005.928 ms - 79[0m
2025-04-29 12:04:37 error: [GET] /profile/details >> StatusCode:: 400, Message:: INVALID_AUTHORIZATION
2025-04-29 12:04:37 info: [0mGET /profile/details [32m200[0m 30003.207 ms - 79[0m
2025-04-29 12:04:37 info: [0mOPTIONS /job/getUserJobBestMatches?page=1&limit=5 [32m204[0m 0.092 ms - 0[0m
2025-04-29 12:04:41 error: [GET] /job/mostRecents >> StatusCode:: 400, Message:: INVALID_AUTHORIZATION
2025-04-29 12:04:41 info: [0mGET /job/mostRecents?page=1&limit=5 [32m200[0m 30003.536 ms - 79[0m
2025-04-29 12:04:41 error: [GET] /job/savedJobs >> StatusCode:: 400, Message:: INVALID_AUTHORIZATION
2025-04-29 12:04:41 info: [0mGET /job/savedJobs?page=1&limit=5 [32m200[0m 30003.469 ms - 79[0m
2025-04-29 12:04:42 info: [0mOPTIONS /job/getAllJobs?page=1&limit=5 [32m204[0m 0.131 ms - 0[0m
2025-04-29 12:05:04 error: [GET] /profile/about >> StatusCode:: 400, Message:: INVALID_AUTHORIZATION
2025-04-29 12:05:04 info: [0mGET /profile/about [32m200[0m 30031.851 ms - 79[0m
2025-04-29 12:05:07 error: [GET] /profile/details >> StatusCode:: 400, Message:: INVALID_AUTHORIZATION
2025-04-29 12:05:07 info: [0mGET /profile/details [36m304[0m 30006.659 ms - -[0m
2025-04-29 12:05:07 error: [GET] /job/getUserJobBestMatches >> StatusCode:: 400, Message:: INVALID_AUTHORIZATION
2025-04-29 12:05:07 info: [0mGET /job/getUserJobBestMatches?page=1&limit=5 [36m304[0m 30002.172 ms - -[0m
2025-04-29 12:05:12 error: [GET] /job/getAllJobs >> StatusCode:: 400, Message:: INVALID_AUTHORIZATION
2025-04-29 12:05:12 info: [0mGET /job/getAllJobs?page=1&limit=5 [36m304[0m 30003.341 ms - -[0m
2025-04-29 12:05:24 error: [GET] /profile/about >> StatusCode:: 400, Message:: INVALID_AUTHORIZATION
2025-04-29 12:05:24 info: [0mGET /profile/about [32m200[0m 30003.428 ms - 79[0m
2025-04-29 12:05:27 error: [GET] /profile/details >> StatusCode:: 400, Message:: INVALID_AUTHORIZATION
2025-04-29 12:05:27 info: [0mGET /profile/details [32m200[0m 30002.759 ms - 79[0m
2025-04-29 12:29:34 info: [0mOPTIONS /job/getAllJobs?page=1&limit=5 [32m204[0m 2.806 ms - 0[0m
2025-04-29 12:29:43 info: [0mGET /job/getAllJobs?page=1&limit=5 [32m200[0m 8957.093 ms - -[0m
2025-04-29 12:29:51 info: [0mOPTIONS /job/getUserJobBestMatches?page=1&limit=5 [32m204[0m 0.138 ms - 0[0m
2025-04-29 12:29:53 info: [0mGET /job/getUserJobBestMatches?page=1&limit=5 [32m200[0m 1799.339 ms - -[0m
2025-04-29 12:29:56 info: [0mOPTIONS /job/68101c1b191d80b5fd7f069a [32m204[0m 4.256 ms - 0[0m
2025-04-29 12:29:56 info: [0mOPTIONS /job/getSimilarJobs/68101c1b191d80b5fd7f069a [32m204[0m 0.151 ms - 0[0m
2025-04-29 12:29:56 info: [0mOPTIONS /job/68101c1b191d80b5fd7f069a [32m204[0m 0.400 ms - 0[0m
2025-04-29 12:29:56 info: [0mOPTIONS /job/getSimilarJobs/68101c1b191d80b5fd7f069a [32m204[0m 0.077 ms - 0[0m
2025-04-29 12:29:57 info: [0mGET /job/getSimilarJobs/68101c1b191d80b5fd7f069a [36m304[0m 1078.457 ms - -[0m
2025-04-29 12:29:58 info: [0mGET /job/getSimilarJobs/68101c1b191d80b5fd7f069a [36m304[0m 1031.058 ms - -[0m
2025-04-29 12:29:58 info: [0mGET /job/68101c1b191d80b5fd7f069a [36m304[0m 2143.857 ms - -[0m
2025-04-29 12:30:01 info: [0mGET /job/68101c1b191d80b5fd7f069a [36m304[0m 2531.870 ms - -[0m
2025-04-29 12:30:13 info: [0mOPTIONS /job/680a38bccd739f43478e6770 [32m204[0m 0.327 ms - 0[0m
2025-04-29 12:30:13 info: [0mOPTIONS /job/getSimilarJobs/680a38bccd739f43478e6770 [32m204[0m 0.098 ms - 0[0m
2025-04-29 12:30:13 info: [0mOPTIONS /job/680a38bccd739f43478e6770 [32m204[0m 0.058 ms - 0[0m
2025-04-29 12:30:13 info: [0mOPTIONS /job/getSimilarJobs/680a38bccd739f43478e6770 [32m204[0m 0.120 ms - 0[0m
2025-04-29 12:30:15 info: [0mGET /job/getSimilarJobs/680a38bccd739f43478e6770 [36m304[0m 2064.918 ms - -[0m
2025-04-29 12:30:17 info: [0mGET /job/getSimilarJobs/680a38bccd739f43478e6770 [36m304[0m 2342.590 ms - -[0m
2025-04-29 12:30:17 info: [0mGET /job/680a38bccd739f43478e6770 [32m200[0m 4437.209 ms - -[0m
2025-04-29 12:30:21 info: [0mGET /job/680a38bccd739f43478e6770 [36m304[0m 3886.957 ms - -[0m
2025-04-29 12:30:22 info: [0mOPTIONS /profile/details [32m204[0m 0.872 ms - 0[0m
2025-04-29 12:30:22 info: [0mOPTIONS /profile/details [32m204[0m 0.152 ms - 0[0m
2025-04-29 12:30:22 info: [0mOPTIONS /job/getUserJobBestMatches?page=1&limit=5 [32m204[0m 0.059 ms - 0[0m
2025-04-29 12:30:25 info: [0mGET /job/getUserJobBestMatches?page=1&limit=5 [36m304[0m 3313.581 ms - -[0m
2025-04-29 12:30:28 info: [0mGET /profile/details [32m200[0m 6640.780 ms - -[0m
2025-04-29 12:30:29 info: [0mOPTIONS /profile/about [32m204[0m 0.427 ms - 0[0m
2025-04-29 12:30:29 info: [0mGET /job/skillsCategory [36m304[0m 0.773 ms - -[0m
2025-04-29 12:30:29 info: [0mGET /job/skillsCategory [36m304[0m 0.244 ms - -[0m
2025-04-29 12:30:29 info: [0mOPTIONS /profile/about [32m204[0m 0.337 ms - 0[0m
2025-04-29 12:30:31 info: [0mGET /profile/about [32m200[0m 2061.262 ms - -[0m
2025-04-29 12:30:33 info: [0mGET /profile/about [36m304[0m 2010.607 ms - -[0m
2025-04-29 12:30:34 info: [0mOPTIONS /profile/details [32m204[0m 0.939 ms - 0[0m
2025-04-29 12:30:34 info: [0mOPTIONS /profile/details [32m204[0m 0.449 ms - 0[0m
2025-04-29 12:30:35 info: [0mOPTIONS /job/getUserJobBestMatches?page=1&limit=5 [32m204[0m 0.073 ms - 0[0m
2025-04-29 12:30:35 info: [0mGET /profile/details [36m304[0m 7026.189 ms - -[0m
2025-04-29 12:30:37 info: [0mGET /job/getUserJobBestMatches?page=1&limit=5 [36m304[0m 2256.222 ms - -[0m
2025-04-29 12:30:41 info: [0mGET /profile/details [36m304[0m 6133.752 ms - -[0m
2025-04-29 12:30:48 info: [0mGET /profile/details [36m304[0m 6313.577 ms - -[0m
