2023-03-20 15:49:21 info: =================================
2023-03-20 15:49:21 info: ======= ENV: development =======
2023-03-20 15:49:21 info: 🚀 App listening on the port 3000
2023-03-20 15:49:21 info: =================================
2023-03-20 15:49:24 info: Connected to email server
2023-03-20 15:49:29 info: Connected to Database Successfully...
2023-03-20 18:00:10 info: =================================
2023-03-20 18:00:10 info: ======= ENV: development =======
2023-03-20 18:00:10 info: 🚀 App listening on the port 3000
2023-03-20 18:00:10 info: =================================
2023-03-20 18:00:10 error: Error connecting to Database: Error: querySrv ECONNREFUSED _mongodb._tcp.niptrex.xzoqe5t.mongodb.net
2023-03-20 18:00:10 warn: Unable to connect to email server. Make sure you have configured the SMTP options in .env
2023-03-20 18:02:36 info: =================================
2023-03-20 18:02:36 info: ======= ENV: development =======
2023-03-20 18:02:36 info: 🚀 App listening on the port 3000
2023-03-20 18:02:36 info: =================================
2023-03-20 18:02:39 info: Connected to email server
2023-03-20 18:02:39 info: Connected to Database Successfully...
2023-03-20 18:05:06 info: =================================
2023-03-20 18:05:06 info: ======= ENV: development =======
2023-03-20 18:05:06 info: 🚀 App listening on the port 3000
2023-03-20 18:05:06 info: =================================
2023-03-20 18:05:08 info: Connected to email server
2023-03-20 18:05:08 info: Connected to Database Successfully...
2023-03-20 18:05:32 error: [POST] /auth/login >> StatusCode:: 500, Message:: Cannot read properties of undefined (reading 'status')
2023-03-20 18:05:32 info: [0mPOST /auth/login [31m500[0m 656.597 ms - 564[0m
2023-03-20 18:05:54 error: [POST] /auth/login >> StatusCode:: 500, Message:: responseMessage is not defined
2023-03-20 18:05:54 info: [0mPOST /auth/login [31m500[0m 255.170 ms - 75[0m
2023-03-20 18:15:12 info: =================================
2023-03-20 18:15:12 info: ======= ENV: development =======
2023-03-20 18:15:12 info: 🚀 App listening on the port 3000
2023-03-20 18:15:12 info: =================================
2023-03-20 18:15:15 info: Connected to email server
2023-03-20 18:15:20 info: Connected to Database Successfully...
2023-03-20 18:15:29 error: [POST] /auth/login >> StatusCode:: 401, Message:: Incorrect email or password
2023-03-20 18:15:29 info: [0mPOST /auth/login [33m401[0m 420.787 ms - 72[0m
2023-03-20 18:16:11 error: [POST] /auth/login >> StatusCode:: 401, Message:: Incorrect email or password
2023-03-20 18:16:11 info: [0mPOST /auth/login [33m401[0m 232.617 ms - 72[0m
2023-03-20 18:16:22 info: =================================
2023-03-20 18:16:22 info: ======= ENV: development =======
2023-03-20 18:16:22 info: 🚀 App listening on the port 3000
2023-03-20 18:16:22 info: =================================
2023-03-20 18:16:24 info: Connected to email server
2023-03-20 18:16:24 info: Connected to Database Successfully...
2023-03-20 18:16:49 error: [POST] /auth/login >> StatusCode:: 400, Message:: Incorrect email or password
2023-03-20 18:16:49 info: [0mPOST /auth/login [33m400[0m 366.605 ms - 72[0m
2023-03-20 18:16:54 error: [POST] /auth/login >> StatusCode:: 400, Message:: Incorrect email or password
2023-03-20 18:16:54 info: [0mPOST /auth/login [33m400[0m 427.704 ms - 72[0m
2023-03-20 18:18:52 info: =================================
2023-03-20 18:18:52 info: ======= ENV: development =======
2023-03-20 18:18:52 info: 🚀 App listening on the port 3000
2023-03-20 18:18:52 info: =================================
2023-03-20 18:18:54 info: Connected to email server
2023-03-20 18:18:55 info: Connected to Database Successfully...
2023-03-20 18:19:06 error: [POST] /auth/login >> StatusCode:: 500, Message:: Something went wrong
2023-03-20 18:19:06 info: [0mPOST /auth/login [31m500[0m 331.134 ms - 65[0m
2023-03-20 18:19:32 error: [POST] /auth/login >> StatusCode:: 500, Message:: Cannot read properties of undefined (reading 'status')
2023-03-20 18:19:32 info: [0mPOST /auth/login [31m500[0m 501.046 ms - 564[0m
2023-03-20 18:19:39 error: [POST] /auth/login >> StatusCode:: 500, Message:: Something went wrong
2023-03-20 18:19:39 info: [0mPOST /auth/login [31m500[0m 247.026 ms - 65[0m
2023-03-20 18:20:13 info: =================================
2023-03-20 18:20:13 info: ======= ENV: development =======
2023-03-20 18:20:13 info: 🚀 App listening on the port 3000
2023-03-20 18:20:13 info: =================================
2023-03-20 18:20:15 info: Connected to email server
2023-03-20 18:20:16 info: Connected to Database Successfully...
2023-03-20 18:20:22 error: [POST] /auth/login >> StatusCode:: 500, Message:: Incorrect email or password
2023-03-20 18:20:22 info: [0mPOST /auth/login [31m500[0m 392.652 ms - 72[0m
2023-03-20 18:21:15 info: =================================
2023-03-20 18:21:15 info: ======= ENV: development =======
2023-03-20 18:21:15 info: 🚀 App listening on the port 3000
2023-03-20 18:21:15 info: =================================
2023-03-20 18:21:18 info: Connected to email server
2023-03-20 18:21:18 info: Connected to Database Successfully...
2023-03-20 18:21:32 info: =================================
2023-03-20 18:21:32 info: ======= ENV: development =======
2023-03-20 18:21:32 info: 🚀 App listening on the port 3000
2023-03-20 18:21:32 info: =================================
2023-03-20 18:21:34 info: Connected to email server
2023-03-20 18:21:35 info: Connected to Database Successfully...
2023-03-20 18:21:50 error: [POST] /auth/login >> StatusCode:: 401, Message:: Incorrect email or password
2023-03-20 18:21:50 info: [0mPOST /auth/login [33m401[0m 513.046 ms - 72[0m
2023-03-20 18:22:11 error: [POST] /auth/login >> StatusCode:: 401, Message:: Incorrect email or password
2023-03-20 18:22:11 info: [0mPOST /auth/login [33m401[0m 263.609 ms - 72[0m
