2023-04-29 00:53:50 info: =================================
2023-04-29 00:53:50 info: ======= ENV: development =======
2023-04-29 00:53:50 info: 🚀 App listening on the port 3000
2023-04-29 00:53:50 info: =================================
2023-04-29 00:53:52 info: Connected to email server
2023-04-29 00:54:02 info: Connected to Database Successfully...
2023-04-29 00:54:19 info: [0mGET /reload_db [32m200[0m 3567.581 ms - 74[0m
2023-04-29 00:54:23 error: [POST] /auth/login >> StatusCode:: 400, Message:: Cannot read properties of undefined (reading 'status')
2023-04-29 00:54:23 info: [0mPOST /auth/login [32m200[0m 513.134 ms - 587[0m
2023-04-29 00:54:29 info: [0mPOST /job [32m200[0m 767.685 ms - 927[0m
2023-04-29 00:54:48 error: [POST] /auth/login >> StatusCode:: 400, Message:: Cannot read properties of undefined (reading 'status')
2023-04-29 00:54:48 info: [0mPOST /auth/login [32m200[0m 505.809 ms - 587[0m
2023-04-29 00:54:51 error: [POST] /auth/login >> StatusCode:: 400, Message:: Cannot read properties of undefined (reading 'status')
2023-04-29 00:54:51 info: [0mPOST /auth/login [32m200[0m 568.823 ms - 587[0m
2023-04-29 00:55:00 error: [POST] /bid/644c5cb559f937da2f783b2f >> StatusCode:: 400, Message:: Cannot read properties of null (reading 'nips')
2023-04-29 00:55:00 info: [0mPOST /bid/644c5cb559f937da2f783b2f [32m200[0m 1259.223 ms - 104[0m
2023-04-29 00:55:25 info: [0mPOST /profile/about [32m200[0m 1266.513 ms - 967[0m
2023-04-29 00:55:34 info: [0mPOST /bid/644c5cb559f937da2f783b2f [32m200[0m 2267.334 ms - -[0m
2023-04-29 00:55:54 error: [POST] /auth/login >> StatusCode:: 400, Message:: Cannot read properties of undefined (reading 'status')
2023-04-29 00:55:54 info: [0mPOST /auth/login [32m200[0m 528.853 ms - 587[0m
2023-04-29 00:55:58 info: [0mGET /bid/getTopBidders/6446671bb75c302107beb742 [32m200[0m 450.808 ms - -[0m
