2023-07-23 10:23:08 info: =================================
2023-07-23 10:23:08 info: ======= ENV: development =======
2023-07-23 10:23:09 info: 🚀 App listening on the port 3000
2023-07-23 10:23:09 info: =================================
2023-07-23 10:23:11 info: Connected to email server
2023-07-23 10:23:11 info: Connected to email server
2023-07-23 10:23:11 info: Connected to email server
2023-07-23 10:23:11 info: Connected to email server
2023-07-23 10:23:11 info: Connected to email server
2023-07-23 10:23:18 info: Connected to Database Successfully...
2023-07-23 10:23:27 error: [POST] /auth/login >> StatusCode:: 400, Message:: Cannot read properties of undefined (reading 'status')
2023-07-23 10:23:27 info: [0mPOST /auth/login [32m200[0m 825.829 ms - 587[0m
2023-07-23 10:23:35 info: [0mGET /service?category=mobile%20development [32m200[0m 260.668 ms - 175[0m
2023-07-23 10:23:40 info: [0mGET /service [32m200[0m 270.876 ms - -[0m
2023-07-23 10:23:41 info: Connected to email server
2023-07-23 10:23:41 info: Connected to email server
2023-07-23 10:23:41 info: Connected to email server
2023-07-23 10:23:41 info: Connected to email server
2023-07-23 10:23:41 info: Connected to email server
2023-07-23 10:24:06 info: [0mGET /service?category=Web%20Development [32m200[0m 235.855 ms - -[0m
2023-07-23 10:26:33 info: =================================
2023-07-23 10:26:33 info: ======= ENV: development =======
2023-07-23 10:26:33 info: 🚀 App listening on the port 3000
2023-07-23 10:26:33 info: =================================
2023-07-23 10:26:35 info: Connected to email server
2023-07-23 10:26:35 info: Connected to email server
2023-07-23 10:26:35 info: Connected to email server
2023-07-23 10:26:35 info: Connected to email server
2023-07-23 10:26:35 info: Connected to email server
2023-07-23 10:26:35 info: Connected to email server
2023-07-23 10:26:35 info: Connected to email server
2023-07-23 10:26:35 info: Connected to email server
2023-07-23 10:26:35 info: Connected to email server
2023-07-23 10:26:35 info: Connected to Database Successfully...
2023-07-23 10:26:36 info: Connected to email server
2023-07-23 10:26:52 error: [GET] /service >> StatusCode:: 400, Message:: Cannot populate path `user_id.users` because it is not in your schema. Set the `strictPopulate` option to false to override.
2023-07-23 10:26:52 info: [0mGET /service?category=Web%20Development [32m200[0m 608.362 ms - 181[0m
2023-07-23 10:27:13 info: =================================
2023-07-23 10:27:13 info: ======= ENV: development =======
2023-07-23 10:27:13 info: 🚀 App listening on the port 3000
2023-07-23 10:27:13 info: =================================
2023-07-23 10:27:15 info: Connected to email server
2023-07-23 10:27:15 info: Connected to email server
2023-07-23 10:27:15 info: Connected to email server
2023-07-23 10:27:15 info: Connected to email server
2023-07-23 10:27:15 info: Connected to email server
2023-07-23 10:27:15 info: Connected to email server
2023-07-23 10:27:15 info: Connected to email server
2023-07-23 10:27:15 info: Connected to email server
2023-07-23 10:27:15 info: Connected to email server
2023-07-23 10:27:15 info: Connected to email server
2023-07-23 10:27:25 info: Connected to Database Successfully...
2023-07-23 10:27:44 info: [0mGET /service?category=Web%20Development [32m200[0m 605.123 ms - -[0m
2023-07-23 10:27:59 info: [0mGET /service/getAppliedServices [32m200[0m 728.366 ms - -[0m
2023-07-23 10:39:57 info: =================================
2023-07-23 10:39:57 info: ======= ENV: development =======
2023-07-23 10:39:57 info: 🚀 App listening on the port 3000
2023-07-23 10:39:57 info: =================================
2023-07-23 10:40:00 info: Connected to email server
2023-07-23 10:40:00 info: Connected to email server
2023-07-23 10:40:01 info: Connected to email server
2023-07-23 10:40:01 info: Connected to email server
2023-07-23 10:40:01 info: Connected to email server
2023-07-23 10:40:01 info: Connected to email server
2023-07-23 10:40:01 info: Connected to email server
2023-07-23 10:40:01 info: Connected to email server
2023-07-23 10:40:11 info: Connected to Database Successfully...
2023-07-23 10:40:30 info: Connected to email server
2023-07-23 10:40:30 info: Connected to email server
2023-07-23 10:41:17 error: [GET] /job/getFreelancerContracts >> StatusCode:: 401, Message:: UNAUTHORIZED_USER
2023-07-23 10:41:17 info: [0mGET /job/getFreelancerContracts [32m200[0m 286.089 ms - 75[0m
2023-07-23 10:41:30 error: [POST] /auth/login >> StatusCode:: 400, Message:: Cannot read properties of undefined (reading 'status')
2023-07-23 10:41:30 info: [0mPOST /auth/login [32m200[0m 733.695 ms - 587[0m
2023-07-23 10:41:36 info: [0mGET /job/getFreelancerContracts [32m200[0m 1236.738 ms - -[0m
2023-07-23 10:42:48 error: [GET] /bid/proposals/64b51731c1c76d2eb4ef7c21 >> StatusCode:: 401, Message:: UNAUTHORIZED_USER
2023-07-23 10:42:48 info: [0mGET /bid/proposals/64b51731c1c76d2eb4ef7c21 [32m200[0m 336.757 ms - 75[0m
2023-07-23 10:43:20 error: [POST] /auth/login >> StatusCode:: 400, Message:: Cannot read properties of undefined (reading 'status')
2023-07-23 10:43:20 info: [0mPOST /auth/login [32m200[0m 658.136 ms - 587[0m
2023-07-23 10:43:27 info: [0mGET /bid/proposals/64b51731c1c76d2eb4ef7c21 [32m200[0m 991.718 ms - -[0m
2023-07-23 10:46:30 info: [0mGET /service?category=Web%20Development [32m200[0m 541.416 ms - -[0m
2023-07-23 10:46:34 info: [0mGET /service [32m200[0m 871.388 ms - -[0m
2023-07-23 10:47:26 info: [0mPOST /service/proposal/64b0a5c514d977cdba9bb72a [32m200[0m 1672.121 ms - 334[0m
2023-07-23 10:47:31 info: [0mPOST /service/proposal/64b0a5c514d977cdba9bb72a [32m200[0m 1574.562 ms - 334[0m
2023-07-23 10:48:35 info: =================================
2023-07-23 10:48:35 info: ======= ENV: development =======
2023-07-23 10:48:35 info: 🚀 App listening on the port 3000
2023-07-23 10:48:35 info: =================================
2023-07-23 10:48:38 info: Connected to email server
2023-07-23 10:48:38 info: Connected to email server
2023-07-23 10:48:38 info: Connected to email server
2023-07-23 10:48:38 info: Connected to email server
2023-07-23 10:48:38 info: Connected to email server
2023-07-23 10:48:38 info: Connected to Database Successfully...
2023-07-23 10:48:38 info: Connected to email server
2023-07-23 10:48:55 info: [0mPOST /service/proposal/64b0a5c514d977cdba9bb72a [32m200[0m 1703.693 ms - 334[0m
2023-07-23 10:49:08 info: Connected to email server
2023-07-23 10:49:08 info: Connected to email server
2023-07-23 10:49:08 info: Connected to email server
2023-07-23 10:49:08 info: Connected to email server
2023-07-23 10:51:30 info: [0mGET /service/getAppliedServices [32m200[0m 1100.229 ms - -[0m
2023-07-23 10:59:12 info: [0mGET /users/profile [32m200[0m 762.297 ms - 509[0m
2023-07-23 14:02:39 info: =================================
2023-07-23 14:02:39 info: ======= ENV: development =======
2023-07-23 14:02:39 info: 🚀 App listening on the port 3000
2023-07-23 14:02:39 info: =================================
2023-07-23 14:02:42 info: Connected to email server
2023-07-23 14:02:42 info: Connected to email server
2023-07-23 14:02:43 info: Connected to email server
2023-07-23 14:02:43 info: Connected to email server
2023-07-23 14:02:43 info: Connected to email server
2023-07-23 14:02:43 info: Connected to email server
2023-07-23 14:02:43 info: Connected to email server
2023-07-23 14:02:43 info: Connected to Database Successfully...
2023-07-23 14:03:01 info: [0mGET /users/profile [32m200[0m 3307.820 ms - 509[0m
2023-07-23 14:03:12 info: Connected to email server
2023-07-23 14:03:12 info: Connected to email server
2023-07-23 14:03:12 info: Connected to email server
2023-07-23 14:03:34 error: [POST] /auth/login >> StatusCode:: 400, Message:: Cannot read properties of undefined (reading 'status')
2023-07-23 14:03:34 info: [0mPOST /auth/login [32m200[0m 545.471 ms - 587[0m
2023-07-23 14:03:39 info: [0mGET /users/profile [32m200[0m 1362.168 ms - 520[0m
2023-07-23 14:03:47 error: [POST] /auth/login >> StatusCode:: 400, Message:: Cannot read properties of undefined (reading 'status')
2023-07-23 14:03:47 info: [0mPOST /auth/login [32m200[0m 495.884 ms - 587[0m
2023-07-23 14:04:01 info: [0mPOST /rate/64af766fd704ab63b3af876d [32m200[0m 818.485 ms - 297[0m
2023-07-23 14:04:10 info: [0mGET /rate/getRatingByUserId/64af766fd704ab63b3af876d [32m200[0m 1174.630 ms - 434[0m
2023-07-23 14:04:20 info: [0mPOST /rate/64af766fd704ab63b3af876d [32m200[0m 1372.434 ms - 297[0m
2023-07-23 14:04:26 info: [0mGET /rate/getRatingByUserId/64af766fd704ab63b3af876d [32m200[0m 1739.944 ms - 786[0m
2023-07-23 14:04:47 info: [0mGET /users/profile [32m200[0m 1571.179 ms - 509[0m
2023-07-23 14:05:07 error: [POST] /auth/login >> StatusCode:: 400, Message:: Cannot read properties of undefined (reading 'status')
2023-07-23 14:05:07 info: [0mPOST /auth/login [32m200[0m 1124.934 ms - 587[0m
2023-07-23 14:05:13 info: [0mGET /users/profile [32m200[0m 491.016 ms - 520[0m
2023-07-23 14:15:44 info: =================================
2023-07-23 14:15:44 info: ======= ENV: development =======
2023-07-23 14:15:44 info: 🚀 App listening on the port 3000
2023-07-23 14:15:44 info: =================================
2023-07-23 14:15:47 info: Connected to email server
2023-07-23 14:15:47 info: Connected to email server
2023-07-23 14:15:47 info: Connected to email server
2023-07-23 14:15:47 info: Connected to email server
2023-07-23 14:15:47 info: Connected to email server
2023-07-23 14:15:47 info: Connected to email server
2023-07-23 14:15:47 info: Connected to email server
2023-07-23 14:15:47 info: Connected to email server
2023-07-23 14:15:47 info: Connected to email server
2023-07-23 14:15:47 info: Connected to email server
2023-07-23 14:15:47 info: Connected to Database Successfully...
2023-07-23 14:16:06 error: [POST] /auth/login >> StatusCode:: 400, Message:: Cannot read properties of undefined (reading 'status')
2023-07-23 14:16:06 info: [0mPOST /auth/login [32m200[0m 852.784 ms - 587[0m
2023-07-23 14:16:10 info: [0mPOST /rate/64af766fd704ab63b3af876d [32m200[0m 689.920 ms - 297[0m
2023-07-23 14:16:15 error: [POST] /auth/login >> StatusCode:: 400, Message:: Cannot read properties of undefined (reading 'status')
2023-07-23 14:16:15 info: [0mPOST /auth/login [32m200[0m 710.734 ms - 587[0m
2023-07-23 14:16:30 info: [0mPOST /rate/64af766fd704ab63b3af876d [32m200[0m 742.143 ms - 297[0m
2023-07-23 14:16:37 info: [0mGET /rate/getRatingByUserId/64af766fd704ab63b3af876d [32m200[0m 786.720 ms - -[0m
2023-07-23 14:17:41 error: [POST] /auth/login >> StatusCode:: 400, Message:: Cannot read properties of undefined (reading 'status')
2023-07-23 14:17:41 info: [0mPOST /auth/login [32m200[0m 505.230 ms - 587[0m
2023-07-23 14:17:45 error: [POST] /auth/login >> StatusCode:: 400, Message:: Cannot read properties of undefined (reading 'status')
2023-07-23 14:17:45 info: [0mPOST /auth/login [32m200[0m 772.023 ms - 587[0m
2023-07-23 14:17:50 error: [POST] /auth/login >> StatusCode:: 400, Message:: Cannot read properties of undefined (reading 'status')
2023-07-23 14:17:50 info: [0mPOST /auth/login [32m200[0m 709.535 ms - 587[0m
2023-07-23 14:17:54 info: [0mGET /users/profile [32m200[0m 464.263 ms - 520[0m
2023-07-23 14:18:51 info: =================================
2023-07-23 14:18:51 info: ======= ENV: development =======
2023-07-23 14:18:51 info: 🚀 App listening on the port 3000
2023-07-23 14:18:51 info: =================================
2023-07-23 14:18:53 info: Connected to email server
2023-07-23 14:18:53 info: Connected to email server
2023-07-23 14:18:53 info: Connected to email server
2023-07-23 14:18:53 info: Connected to email server
2023-07-23 14:18:53 info: Connected to email server
2023-07-23 14:18:53 info: Connected to email server
2023-07-23 14:18:53 info: Connected to email server
2023-07-23 14:18:53 info: Connected to email server
2023-07-23 14:18:53 info: Connected to email server
2023-07-23 14:18:53 info: Connected to email server
2023-07-23 14:18:54 info: Connected to Database Successfully...
2023-07-23 14:19:02 error: [POST] /auth/login >> StatusCode:: 400, Message:: Cannot read properties of undefined (reading 'status')
2023-07-23 14:19:02 info: [0mPOST /auth/login [32m200[0m 630.125 ms - 587[0m
2023-07-23 14:19:05 error: [POST] /rate/64af766fd704ab63b3af876d >> StatusCode:: 400, Message:: this.rating.save is not a function
2023-07-23 14:19:05 info: [0mPOST /rate/64af766fd704ab63b3af876d [32m200[0m 705.260 ms - 91[0m
2023-07-23 14:20:17 info: =================================
2023-07-23 14:20:17 info: ======= ENV: development =======
2023-07-23 14:20:17 info: 🚀 App listening on the port 3000
2023-07-23 14:20:17 info: =================================
2023-07-23 14:20:29 info: =================================
2023-07-23 14:20:29 info: ======= ENV: development =======
2023-07-23 14:20:29 info: 🚀 App listening on the port 3000
2023-07-23 14:20:29 info: =================================
2023-07-23 14:20:31 info: Connected to email server
2023-07-23 14:20:31 info: Connected to email server
2023-07-23 14:20:31 info: Connected to email server
2023-07-23 14:20:31 info: Connected to email server
2023-07-23 14:20:31 info: Connected to email server
2023-07-23 14:20:31 info: Connected to email server
2023-07-23 14:20:31 info: Connected to email server
2023-07-23 14:20:36 info: Connected to Database Successfully...
2023-07-23 14:20:53 info: [0mPOST /rate/64af766fd704ab63b3af876d [32m200[0m 1002.030 ms - 297[0m
2023-07-23 14:20:58 error: [POST] /auth/login >> StatusCode:: 400, Message:: Cannot read properties of undefined (reading 'status')
2023-07-23 14:20:58 info: [0mPOST /auth/login [32m200[0m 579.701 ms - 587[0m
2023-07-23 14:21:01 info: Connected to email server
2023-07-23 14:21:01 info: Connected to email server
2023-07-23 14:21:01 info: Connected to email server
2023-07-23 14:21:02 info: [0mGET /users/profile [32m200[0m 445.346 ms - 520[0m
2023-07-23 14:25:32 info: =================================
2023-07-23 14:25:32 info: ======= ENV: development =======
2023-07-23 14:25:32 info: 🚀 App listening on the port 3000
2023-07-23 14:25:32 info: =================================
2023-07-23 14:25:34 info: Connected to email server
2023-07-23 14:25:34 info: Connected to email server
2023-07-23 14:25:34 info: Connected to email server
2023-07-23 14:25:34 info: Connected to email server
2023-07-23 14:25:34 info: Connected to email server
2023-07-23 14:25:35 info: Connected to email server
2023-07-23 14:25:35 info: Connected to email server
2023-07-23 14:25:35 info: Connected to email server
2023-07-23 14:25:35 info: Connected to email server
2023-07-23 14:25:35 info: Connected to email server
2023-07-23 14:25:35 info: Connected to Database Successfully...
2023-07-23 14:25:39 error: [POST] /auth/login >> StatusCode:: 400, Message:: Cannot read properties of undefined (reading 'status')
2023-07-23 14:25:39 info: [0mPOST /auth/login [32m200[0m 1126.023 ms - 587[0m
2023-07-23 14:25:51 error: [POST] /service/proposal/64b0a5c514d977cdba9bb72a >> StatusCode:: 400, Message:: HAS_ONGOING_SERVICE
2023-07-23 14:25:51 info: [0mPOST /service/proposal/64b0a5c514d977cdba9bb72a [32m200[0m 1510.250 ms - 77[0m
2023-07-23 14:26:00 error: [POST] /auth/login >> StatusCode:: 400, Message:: Cannot read properties of undefined (reading 'status')
2023-07-23 14:26:00 info: [0mPOST /auth/login [32m200[0m 505.833 ms - 587[0m
2023-07-23 14:26:03 error: [POST] /service/proposal/64b0a5c514d977cdba9bb72a >> StatusCode:: 400, Message:: HAS_ONGOING_SERVICE
2023-07-23 14:26:03 info: [0mPOST /service/proposal/64b0a5c514d977cdba9bb72a [32m200[0m 1281.064 ms - 77[0m
2023-07-23 14:30:41 info: =================================
2023-07-23 14:30:41 info: ======= ENV: development =======
2023-07-23 14:30:41 info: 🚀 App listening on the port 3000
2023-07-23 14:30:41 info: =================================
2023-07-23 14:30:43 info: Connected to email server
2023-07-23 14:30:43 info: Connected to email server
2023-07-23 14:30:43 info: Connected to email server
2023-07-23 14:30:43 info: Connected to email server
2023-07-23 14:30:43 info: Connected to email server
2023-07-23 14:30:43 info: Connected to email server
2023-07-23 14:30:43 info: Connected to email server
2023-07-23 14:30:43 info: Connected to email server
2023-07-23 14:30:49 info: Connected to Database Successfully...
2023-07-23 14:31:13 info: Connected to email server
2023-07-23 14:31:13 info: Connected to email server
2023-07-23 14:31:39 error: [POST] /auth/login >> StatusCode:: 400, Message:: Cannot read properties of undefined (reading 'status')
2023-07-23 14:31:39 info: [0mPOST /auth/login [32m200[0m 625.110 ms - 587[0m
2023-07-23 14:31:44 info: [0mPOST /rate/64af766fd704ab63b3af876d [32m200[0m 1053.966 ms - 297[0m
2023-07-23 14:31:50 error: [POST] /auth/login >> StatusCode:: 400, Message:: Cannot read properties of undefined (reading 'status')
2023-07-23 14:31:50 info: [0mPOST /auth/login [32m200[0m 497.729 ms - 587[0m
2023-07-23 14:31:54 info: [0mGET /users/profile [32m200[0m 529.289 ms - 520[0m
