2023-04-27 15:19:07 info: =================================
2023-04-27 15:19:07 info: ======= ENV: development =======
2023-04-27 15:19:07 info: 🚀 App listening on the port 3000
2023-04-27 15:19:07 info: =================================
2023-04-27 15:19:11 info: Connected to email server
2023-04-27 15:19:13 info: Connected to Database Successfully...
2023-04-27 15:30:07 info: =================================
2023-04-27 15:30:07 info: ======= ENV: development =======
2023-04-27 15:30:07 info: 🚀 App listening on the port 3000
2023-04-27 15:30:07 info: =================================
2023-04-27 15:30:10 info: Connected to email server
2023-04-27 15:30:11 info: Connected to Database Successfully...
2023-04-27 15:31:52 info: [0mGET /reload_db [32m200[0m 3569.894 ms - 74[0m
2023-04-27 15:32:00 error: [POST] /auth/login >> StatusCode:: 400, Message:: Cannot read properties of undefined (reading 'status')
2023-04-27 15:32:00 info: [0mPOST /auth/login [32m200[0m 591.031 ms - 587[0m
2023-04-27 15:32:13 info: [0mGET /profile [32m200[0m 1818.991 ms - 216[0m
2023-04-27 15:32:27 info: [0mPOST /profile/about [32m200[0m 1167.759 ms - 961[0m
2023-04-27 15:32:36 error: [POST] /auth/login >> StatusCode:: 400, Message:: Cannot read properties of undefined (reading 'status')
2023-04-27 15:32:36 info: [0mPOST /auth/login [32m200[0m 505.439 ms - 587[0m
2023-04-27 15:32:45 info: [0mGET /job/getAllJobs [32m200[0m 236.516 ms - 171[0m
2023-04-27 15:32:51 info: [0mPOST /job [32m200[0m 691.202 ms - 927[0m
2023-04-27 15:33:10 error: [POST] /auth/login >> StatusCode:: 400, Message:: Cannot read properties of undefined (reading 'status')
2023-04-27 15:33:10 info: [0mPOST /auth/login [32m200[0m 599.529 ms - 587[0m
2023-04-27 15:33:20 error: [POST] /bid/644a87930b26b7a064f3ea8a >> StatusCode:: 400, Message:: Cannot read properties of null (reading 'user_id')
2023-04-27 15:33:20 info: [0mPOST /bid/644a87930b26b7a064f3ea8a [32m200[0m 632.411 ms - 107[0m
2023-04-27 15:35:33 info: =================================
2023-04-27 15:35:33 info: ======= ENV: development =======
2023-04-27 15:35:33 info: 🚀 App listening on the port 3000
2023-04-27 15:35:33 info: =================================
2023-04-27 15:35:38 info: Connected to Database Successfully...
2023-04-27 15:35:40 info: Connected to email server
2023-04-27 15:35:45 error: [POST] /auth/login >> StatusCode:: 400, Message:: Cannot read properties of undefined (reading 'status')
2023-04-27 15:35:45 info: [0mPOST /auth/login [32m200[0m 598.180 ms - 587[0m
2023-04-27 15:35:57 error: [POST] /bid/644a87930b26b7a064f3ea8a >> StatusCode:: 400, Message:: Cannot read properties of null (reading 'user_id')
2023-04-27 15:35:57 info: [0mPOST /bid/644a87930b26b7a064f3ea8a [32m200[0m 701.449 ms - 107[0m
2023-04-27 15:36:39 info: =================================
2023-04-27 15:36:39 info: ======= ENV: development =======
2023-04-27 15:36:39 info: 🚀 App listening on the port 3000
2023-04-27 15:36:39 info: =================================
2023-04-27 15:36:42 info: Connected to Database Successfully...
2023-04-27 15:36:43 info: Connected to email server
2023-04-27 15:36:47 error: [POST] /bid/644a87930b26b7a064f3ea8a >> StatusCode:: 400, Message:: Cannot read properties of null (reading 'length')
2023-04-27 15:36:47 info: [0mPOST /bid/644a87930b26b7a064f3ea8a [32m200[0m 1126.363 ms - 106[0m
2023-04-27 15:37:45 info: =================================
2023-04-27 15:37:45 info: ======= ENV: development =======
2023-04-27 15:37:45 info: 🚀 App listening on the port 3000
2023-04-27 15:37:45 info: =================================
2023-04-27 15:37:47 info: Connected to email server
2023-04-27 15:37:53 info: Connected to Database Successfully...
2023-04-27 15:37:58 error: [POST] /bid/644a87930b26b7a064f3ea8a >> StatusCode:: 400, Message:: BID_NOT_FOUND
2023-04-27 15:37:58 info: [0mPOST /bid/644a87930b26b7a064f3ea8a [32m200[0m 816.786 ms - 71[0m
2023-04-27 15:38:22 info: =================================
2023-04-27 15:38:22 info: ======= ENV: development =======
2023-04-27 15:38:22 info: 🚀 App listening on the port 3000
2023-04-27 15:38:22 info: =================================
2023-04-27 15:38:24 info: Connected to Database Successfully...
2023-04-27 15:38:24 info: Connected to email server
2023-04-27 15:38:49 info: =================================
2023-04-27 15:38:49 info: ======= ENV: development =======
2023-04-27 15:38:49 info: 🚀 App listening on the port 3000
2023-04-27 15:38:49 info: =================================
2023-04-27 15:38:51 info: Connected to email server
2023-04-27 15:38:51 info: Connected to Database Successfully...
2023-04-27 15:39:02 error: [POST] /bid/644a87930b26b7a064f3ea8a >> StatusCode:: 400, Message:: Cannot read properties of null (reading 'user_id')
2023-04-27 15:39:02 info: [0mPOST /bid/644a87930b26b7a064f3ea8a [32m200[0m 848.198 ms - 107[0m
2023-04-27 15:39:51 info: =================================
2023-04-27 15:39:51 info: ======= ENV: development =======
2023-04-27 15:39:51 info: 🚀 App listening on the port 3000
2023-04-27 15:39:51 info: =================================
2023-04-27 15:39:53 info: Connected to email server
2023-04-27 15:40:10 info: Connected to Database Successfully...
2023-04-27 15:40:15 error: [POST] /bid/644a87930b26b7a064f3ea8a >> StatusCode:: 400, Message:: User id can not be empty
2023-04-27 15:40:15 info: [0mPOST /bid/644a87930b26b7a064f3ea8a [32m200[0m 1032.441 ms - 82[0m
2023-04-27 15:40:55 error: [POST] /bid/644a87930b26b7a064f3ea8a >> StatusCode:: 400, Message:: User id can not be empty
2023-04-27 15:40:55 info: [0mPOST /bid/644a87930b26b7a064f3ea8a [32m200[0m 909.257 ms - 82[0m
2023-04-27 15:42:21 info: =================================
2023-04-27 15:42:21 info: ======= ENV: development =======
2023-04-27 15:42:21 info: 🚀 App listening on the port 3000
2023-04-27 15:42:21 info: =================================
2023-04-27 15:42:24 info: Connected to email server
2023-04-27 15:42:39 info: Connected to Database Successfully...
2023-04-27 15:42:51 error: [POST] /bid/644a87930b26b7a064f3ea8a >> StatusCode:: 400, Message:: User id can not be empty
2023-04-27 15:42:51 info: [0mPOST /bid/644a87930b26b7a064f3ea8a [32m200[0m 1032.838 ms - 82[0m
2023-04-27 15:43:26 info: =================================
2023-04-27 15:43:26 info: ======= ENV: development =======
2023-04-27 15:43:26 info: 🚀 App listening on the port 3000
2023-04-27 15:43:26 info: =================================
2023-04-27 15:43:28 info: Connected to Database Successfully...
2023-04-27 15:43:37 info: Connected to email server
2023-04-27 15:43:41 error: [POST] /bid/644a87930b26b7a064f3ea8a >> StatusCode:: 400, Message:: User id can not be empty
2023-04-27 15:43:41 info: [0mPOST /bid/644a87930b26b7a064f3ea8a [32m200[0m 1345.597 ms - 82[0m
2023-04-27 15:44:27 info: =================================
2023-04-27 15:44:27 info: ======= ENV: development =======
2023-04-27 15:44:27 info: 🚀 App listening on the port 3000
2023-04-27 15:44:27 info: =================================
2023-04-27 15:44:29 info: Connected to email server
2023-04-27 15:44:38 info: Connected to Database Successfully...
2023-04-27 15:44:47 error: [POST] /bid/644a87930b26b7a064f3ea8a >> StatusCode:: 400, Message:: id can not be empty
2023-04-27 15:44:47 info: [0mPOST /bid/644a87930b26b7a064f3ea8a [32m200[0m 1346.916 ms - 77[0m
2023-04-27 15:44:58 error: [POST] /bid/644a87930b26b7a064f3ea8a >> StatusCode:: 400, Message:: id can not be empty
2023-04-27 15:44:58 info: [0mPOST /bid/644a87930b26b7a064f3ea8a [32m200[0m 1151.624 ms - 77[0m
2023-04-27 15:49:51 info: =================================
2023-04-27 15:49:51 info: ======= ENV: development =======
2023-04-27 15:49:51 info: 🚀 App listening on the port 3000
2023-04-27 15:49:51 info: =================================
2023-04-27 15:49:51 error: Error connecting to Database: Error: querySrv ECONNREFUSED _mongodb._tcp.niptrex.xzoqe5t.mongodb.net
2023-04-27 15:49:51 warn: Unable to connect to email server. Make sure you have configured the SMTP options in .env
2023-04-27 15:50:03 info: =================================
2023-04-27 15:50:03 info: ======= ENV: development =======
2023-04-27 15:50:03 info: 🚀 App listening on the port 3000
2023-04-27 15:50:03 info: =================================
2023-04-27 15:50:03 error: Error connecting to Database: Error: querySrv ECONNREFUSED _mongodb._tcp.niptrex.xzoqe5t.mongodb.net
2023-04-27 15:50:03 warn: Unable to connect to email server. Make sure you have configured the SMTP options in .env
2023-04-27 15:53:33 info: =================================
2023-04-27 15:53:33 info: ======= ENV: development =======
2023-04-27 15:53:33 info: 🚀 App listening on the port 3000
2023-04-27 15:53:33 info: =================================
2023-04-27 15:53:38 info: Connected to email server
2023-04-27 15:54:02 info: Connected to Database Successfully...
2023-04-27 15:54:25 error: [POST] /bid/644a87930b26b7a064f3ea8a >> StatusCode:: 400, Message:: id can not be empty
2023-04-27 15:54:25 info: [0mPOST /bid/644a87930b26b7a064f3ea8a [32m200[0m 1198.435 ms - 77[0m
2023-04-27 15:55:07 info: =================================
2023-04-27 15:55:07 info: ======= ENV: development =======
2023-04-27 15:55:07 info: 🚀 App listening on the port 3000
2023-04-27 15:55:07 info: =================================
2023-04-27 15:55:09 info: Connected to email server
2023-04-27 15:55:11 info: Connected to Database Successfully...
2023-04-27 15:55:35 info: =================================
2023-04-27 15:55:35 info: ======= ENV: development =======
2023-04-27 15:55:35 info: 🚀 App listening on the port 3000
2023-04-27 15:55:35 info: =================================
2023-04-27 15:55:37 info: Connected to email server
2023-04-27 15:55:37 info: Connected to Database Successfully...
2023-04-27 15:55:43 error: [POST] /bid/644a87930b26b7a064f3ea8a >> StatusCode:: 400, Message:: PROFILE_VALIDATION_ERROR
2023-04-27 15:55:43 info: [0mPOST /bid/644a87930b26b7a064f3ea8a [32m200[0m 1680.511 ms - 107[0m
2023-04-27 16:03:23 info: =================================
2023-04-27 16:03:23 info: ======= ENV: development =======
2023-04-27 16:03:23 info: 🚀 App listening on the port 3000
2023-04-27 16:03:23 info: =================================
2023-04-27 16:03:26 info: Connected to email server
2023-04-27 16:03:33 info: Connected to Database Successfully...
2023-04-27 16:04:03 error: [POST] /bid/644a87930b26b7a064f3ea8a >> StatusCode:: 400, Message:: PROFILE_VALIDATION_ERROR
2023-04-27 16:04:03 info: [0mPOST /bid/644a87930b26b7a064f3ea8a [32m200[0m 1378.606 ms - 109[0m
2023-04-27 16:04:53 info: =================================
2023-04-27 16:04:53 info: ======= ENV: development =======
2023-04-27 16:04:53 info: 🚀 App listening on the port 3000
2023-04-27 16:04:53 info: =================================
2023-04-27 16:04:55 info: Connected to email server
2023-04-27 16:04:59 info: Connected to Database Successfully...
2023-04-27 16:05:15 error: [POST] /bid/644a87930b26b7a064f3ea8a >> StatusCode:: 400, Message:: PROFILE_VALIDATION_ERROR
2023-04-27 16:05:15 info: [0mPOST /bid/644a87930b26b7a064f3ea8a [32m200[0m 1648.760 ms - 109[0m
2023-04-27 16:05:39 info: =================================
2023-04-27 16:05:39 info: ======= ENV: development =======
2023-04-27 16:05:39 info: 🚀 App listening on the port 3000
2023-04-27 16:05:39 info: =================================
2023-04-27 16:05:41 info: Connected to email server
2023-04-27 16:05:42 info: Connected to Database Successfully...
2023-04-27 16:05:49 error: [POST] /bid/644a87930b26b7a064f3ea8a >> StatusCode:: 400, Message:: PROFILE_VALIDATION_ERROR
2023-04-27 16:05:49 info: [0mPOST /bid/644a87930b26b7a064f3ea8a [32m200[0m 1928.605 ms - 109[0m
2023-04-27 16:06:08 info: =================================
2023-04-27 16:06:08 info: ======= ENV: development =======
2023-04-27 16:06:08 info: 🚀 App listening on the port 3000
2023-04-27 16:06:08 info: =================================
2023-04-27 16:06:10 info: Connected to Database Successfully...
2023-04-27 16:06:11 info: Connected to email server
2023-04-27 16:06:20 error: [POST] /bid/644a87930b26b7a064f3ea8a >> StatusCode:: 400, Message:: PROFILE_VALIDATION_ERROR
2023-04-27 16:06:20 info: [0mPOST /bid/644a87930b26b7a064f3ea8a [32m200[0m 1391.260 ms - 109[0m
2023-04-27 16:07:03 info: =================================
2023-04-27 16:07:03 info: ======= ENV: development =======
2023-04-27 16:07:03 info: 🚀 App listening on the port 3000
2023-04-27 16:07:03 info: =================================
2023-04-27 16:07:06 info: Connected to email server
2023-04-27 16:07:12 info: Connected to Database Successfully...
2023-04-27 16:07:26 error: [POST] /bid/644a87930b26b7a064f3ea8a >> StatusCode:: 400, Message:: PROFILE_VALIDATION_ERROR
2023-04-27 16:07:26 info: [0mPOST /bid/644a87930b26b7a064f3ea8a [32m200[0m 1403.988 ms - 109[0m
2023-04-27 16:10:38 info: =================================
2023-04-27 16:10:38 info: ======= ENV: development =======
2023-04-27 16:10:38 info: 🚀 App listening on the port 3000
2023-04-27 16:10:38 info: =================================
2023-04-27 16:10:41 info: Connected to email server
2023-04-27 16:10:42 info: Connected to Database Successfully...
2023-04-27 16:10:48 info: [0mPOST /bid/644a87930b26b7a064f3ea8a [32m200[0m 1903.052 ms - -[0m
2023-04-27 16:11:02 info: [0mGET /profile [32m200[0m 1862.386 ms - 946[0m
2023-04-27 16:11:13 info: [0mGET /profile/about [32m200[0m 734.595 ms - 963[0m
2023-04-27 16:15:36 info: =================================
2023-04-27 16:15:36 info: ======= ENV: development =======
2023-04-27 16:15:36 info: 🚀 App listening on the port 3000
2023-04-27 16:15:36 info: =================================
2023-04-27 16:15:38 info: Connected to email server
2023-04-27 16:15:46 info: Connected to Database Successfully...
2023-04-27 16:15:50 info: [0mGET /profile/about [32m200[0m 709.679 ms - 963[0m
2023-04-27 16:15:57 info: [0mPOST /bid/644a87930b26b7a064f3ea8a [32m200[0m 1975.115 ms - -[0m
2023-04-27 16:16:06 info: [0mGET /profile/about [32m200[0m 764.226 ms - 963[0m
2023-04-27 16:17:15 info: =================================
2023-04-27 16:17:15 info: ======= ENV: development =======
2023-04-27 16:17:15 info: 🚀 App listening on the port 3000
2023-04-27 16:17:15 info: =================================
2023-04-27 16:17:20 info: Connected to email server
2023-04-27 16:17:28 info: Connected to Database Successfully...
2023-04-27 16:17:34 info: [0mGET /profile/about [32m200[0m 972.879 ms - 963[0m
2023-04-27 16:17:42 error: [POST] /bid/644a87930b26b7a064f3ea8a >> StatusCode:: 400, Message:: JOB_ALREAD_BIDDED
2023-04-27 16:17:42 info: [0mPOST /bid/644a87930b26b7a064f3ea8a [32m200[0m 777.568 ms - 75[0m
2023-04-27 16:17:53 error: [POST] /auth/login >> StatusCode:: 400, Message:: Cannot read properties of undefined (reading 'status')
2023-04-27 16:17:53 info: [0mPOST /auth/login [32m200[0m 674.165 ms - 587[0m
2023-04-27 16:19:20 info: =================================
2023-04-27 16:19:20 info: ======= ENV: development =======
2023-04-27 16:19:20 info: 🚀 App listening on the port 3000
2023-04-27 16:19:20 info: =================================
2023-04-27 16:19:26 info: Connected to Database Successfully...
2023-04-27 16:19:35 error: [POST] /auth/login >> StatusCode:: 400, Message:: Cannot read properties of undefined (reading 'status')
2023-04-27 16:19:35 info: [0mPOST /auth/login [32m200[0m 709.126 ms - 587[0m
2023-04-27 16:19:45 info: [0mGET /profile [32m200[0m 2132.746 ms - 1004[0m
2023-04-27 16:19:53 error: [POST] /auth/login >> StatusCode:: 400, Message:: Cannot read properties of undefined (reading 'status')
2023-04-27 16:19:53 info: [0mPOST /auth/login [32m200[0m 511.567 ms - 587[0m
2023-04-27 16:20:05 info: Connected to email server
2023-04-27 16:20:08 error: [POST] /auth/login >> StatusCode:: 400, Message:: Cannot read properties of undefined (reading 'status')
2023-04-27 16:20:08 info: [0mPOST /auth/login [32m200[0m 531.187 ms - 587[0m
2023-04-27 16:20:14 info: [0mPOST /job [32m200[0m 774.010 ms - 927[0m
2023-04-27 16:20:24 error: [POST] /auth/login >> StatusCode:: 400, Message:: Cannot read properties of undefined (reading 'status')
2023-04-27 16:20:24 info: [0mPOST /auth/login [32m200[0m 555.667 ms - 587[0m
2023-04-27 16:20:34 error: [POST] /bid/644a92ae9a207e237fe8b6e8 >> StatusCode:: 400, Message:: INSUFFICIENT_NIPS_TO_BID
2023-04-27 16:20:34 info: [0mPOST /bid/644a92ae9a207e237fe8b6e8 [32m200[0m 878.933 ms - 82[0m
2023-04-27 16:20:46 info: [0mPOST /bid/644a92ae9a207e237fe8b6e8 [32m200[0m 1624.788 ms - -[0m
2023-04-27 16:20:52 info: [0mGET /profile [32m200[0m 2014.107 ms - 1004[0m
2023-04-27 16:27:28 info: =================================
2023-04-27 16:27:28 info: ======= ENV: development =======
2023-04-27 16:27:28 info: 🚀 App listening on the port 3000
2023-04-27 16:27:28 info: =================================
2023-04-27 16:27:31 info: Connected to email server
2023-04-27 16:27:38 info: Connected to Database Successfully...
2023-04-27 16:28:10 error: [GET] /users/getAllFreelancer >> StatusCode:: 401, Message:: UNAUTHORIZED_USER
2023-04-27 16:28:10 info: [0mGET /users/getAllFreelancer [32m200[0m 324.049 ms - 75[0m
2023-04-27 16:28:17 error: [POST] /auth/login >> StatusCode:: 400, Message:: Cannot read properties of undefined (reading 'status')
2023-04-27 16:28:17 info: [0mPOST /auth/login [32m200[0m 711.015 ms - 587[0m
2023-04-27 16:28:21 info: [0mGET /users/getAllFreelancer [32m200[0m 992.692 ms - 518[0m
2023-04-27 16:40:46 info: =================================
2023-04-27 16:40:46 info: ======= ENV: development =======
2023-04-27 16:40:46 info: 🚀 App listening on the port 3000
2023-04-27 16:40:46 info: =================================
2023-04-27 16:40:49 info: Connected to email server
2023-04-27 16:40:52 info: Connected to Database Successfully...
2023-04-27 16:41:02 error: [POST] /auth/login >> StatusCode:: 400, Message:: Cannot read properties of undefined (reading 'status')
2023-04-27 16:41:02 info: [0mPOST /auth/login [32m200[0m 643.482 ms - 587[0m
2023-04-27 16:41:10 error: [GET] /users/getAllFreelancer >> StatusCode:: 401, Message:: UNAUTHORIZED_USER
2023-04-27 16:41:10 info: [0mGET /users/getAllFreelancer [32m200[0m 241.811 ms - 75[0m
2023-04-27 16:41:17 info: [0mGET /profile/about [32m200[0m 694.153 ms - 963[0m
2023-04-27 16:41:52 info: =================================
2023-04-27 16:41:52 info: ======= ENV: development =======
2023-04-27 16:41:52 info: 🚀 App listening on the port 3000
2023-04-27 16:41:52 info: =================================
2023-04-27 16:41:54 info: Connected to email server
2023-04-27 16:41:54 info: Connected to Database Successfully...
2023-04-27 16:42:00 info: [0mGET /profile/about [32m200[0m 828.512 ms - 961[0m
