2023-06-29 09:44:34 info: =================================
2023-06-29 09:44:34 info: ======= ENV: development =======
2023-06-29 09:44:34 info: 🚀 App listening on the port 3000
2023-06-29 09:44:34 info: =================================
2023-06-29 09:44:39 info: Connected to email server
2023-06-29 09:44:39 info: Connected to email server
2023-06-29 09:44:39 info: Connected to email server
2023-06-29 09:44:39 info: Connected to email server
2023-06-29 09:44:39 info: Connected to email server
2023-06-29 09:44:39 info: Connected to email server
2023-06-29 09:44:40 info: Connected to email server
2023-06-29 09:44:47 info: Connected to Database Successfully...
2023-06-29 09:44:55 error: [POST] /rate >> StatusCode:: 400, Message:: AUTHENTICATION_TOKEN_MISSING
2023-06-29 09:44:55 info: [0mPOST /rate [32m200[0m 9.995 ms - 86[0m
2023-06-29 09:45:03 error: [POST] /rate >> StatusCode:: 400, Message:: RATING_VALIDATION_ERROR
2023-06-29 09:45:03 info: [0mPOST /rate [32m200[0m 634.046 ms - 105[0m
2023-06-29 09:48:04 info: =================================
2023-06-29 09:48:04 info: ======= ENV: development =======
2023-06-29 09:48:04 info: 🚀 App listening on the port 3000
2023-06-29 09:48:04 info: =================================
2023-06-29 09:48:07 info: Connected to email server
2023-06-29 09:48:07 info: Connected to email server
2023-06-29 09:48:08 info: Connected to email server
2023-06-29 09:48:08 info: Connected to email server
2023-06-29 09:48:09 info: Connected to email server
2023-06-29 09:48:09 info: Connected to email server
2023-06-29 09:48:09 info: Connected to email server
2023-06-29 09:48:11 info: Connected to Database Successfully...
2023-06-29 09:48:15 error: [POST] /rate >> StatusCode:: 404, Message:: The requested path /rate not found!
2023-06-29 09:48:15 info: [0mPOST /rate [32m200[0m 50.788 ms - 93[0m
2023-06-29 09:48:43 info: [0mGET /users/profile [32m200[0m 685.303 ms - 625[0m
2023-06-29 09:49:01 error: [POST] /auth/login >> StatusCode:: 400, Message:: Cannot read properties of undefined (reading 'status')
2023-06-29 09:49:01 info: [0mPOST /auth/login [32m200[0m 1791.934 ms - 587[0m
2023-06-29 09:49:06 info: [0mGET /users/profile [32m200[0m 588.872 ms - 552[0m
2023-06-29 09:49:34 info: [0mPOST /rate/647dce3a5fab941b6eff394e [0m-[0m - ms - -[0m
2023-06-29 09:49:51 info: =================================
2023-06-29 09:49:51 info: ======= ENV: development =======
2023-06-29 09:49:51 info: 🚀 App listening on the port 3000
2023-06-29 09:49:51 info: =================================
2023-06-29 09:50:55 info: Connected to Database Successfully...
2023-06-29 09:51:19 error: [POST] /rate/647dce3a5fab941b6eff394e >> StatusCode:: 400, Message:: RATING_VALIDATION_ERROR
2023-06-29 09:51:19 info: [0mPOST /rate/647dce3a5fab941b6eff394e [32m200[0m 999.767 ms - 110[0m
2023-06-29 09:51:31 info: Connected to email server
2023-06-29 09:51:31 info: Connected to email server
2023-06-29 09:51:31 info: Connected to email server
2023-06-29 09:51:31 info: Connected to email server
2023-06-29 09:51:32 info: Connected to email server
2023-06-29 09:51:34 info: Connected to email server
2023-06-29 09:51:43 info: [0mPOST /rate/647dce3a5fab941b6eff394e [32m200[0m 1751.016 ms - 226[0m
2023-06-29 09:53:26 info: Connected to email server
2023-06-29 10:43:46 info: [0mPOST /rate/647dce3a5fab941b6eff394e [32m200[0m 2668.610 ms - 226[0m
2023-06-29 11:29:58 info: =================================
2023-06-29 11:29:58 info: ======= ENV: development =======
2023-06-29 11:29:58 info: 🚀 App listening on the port 3000
2023-06-29 11:29:58 info: =================================
2023-06-29 11:31:13 error: Error connecting to Database: Error: querySrv ETIMEOUT _mongodb._tcp.niptrex.xzoqe5t.mongodb.net
2023-06-29 11:31:44 info: =================================
2023-06-29 11:31:44 info: ======= ENV: development =======
2023-06-29 11:31:44 info: 🚀 App listening on the port 3000
2023-06-29 11:31:44 info: =================================
2023-06-29 11:31:49 info: Connected to email server
2023-06-29 11:31:49 info: Connected to email server
2023-06-29 11:31:49 info: Connected to email server
2023-06-29 11:31:49 info: Connected to email server
2023-06-29 11:31:50 info: Connected to email server
2023-06-29 11:31:50 info: Connected to email server
2023-06-29 11:31:51 info: Connected to email server
2023-06-29 11:32:02 info: Connected to Database Successfully...
2023-06-29 11:32:08 info: [0mPOST /rate/647dce3a5fab941b6eff394e [32m200[0m 965.920 ms - 226[0m
2023-06-29 11:32:15 error: [POST] /auth/login >> StatusCode:: 400, Message:: Cannot read properties of undefined (reading 'status')
2023-06-29 11:32:15 info: [0mPOST /auth/login [32m200[0m 660.737 ms - 587[0m
2023-06-29 11:32:19 info: [0mGET /users/profile [32m200[0m 460.245 ms - 636[0m
2023-06-29 11:33:02 info: =================================
2023-06-29 11:33:02 info: ======= ENV: development =======
2023-06-29 11:33:02 info: 🚀 App listening on the port 3000
2023-06-29 11:33:02 info: =================================
2023-06-29 11:33:05 info: Connected to email server
2023-06-29 11:33:05 info: Connected to email server
2023-06-29 11:33:05 info: Connected to email server
2023-06-29 11:33:05 info: Connected to email server
2023-06-29 11:33:06 info: Connected to email server
2023-06-29 11:33:08 info: Connected to email server
2023-06-29 11:33:18 info: Connected to Database Successfully...
2023-06-29 11:33:27 info: [0mPOST /rate/647dce3a5fab941b6eff394e [32m200[0m 1340.127 ms - 226[0m
2023-06-29 11:33:35 info: [0mGET /users/profile [32m200[0m 3434.609 ms - 636[0m
2023-06-29 11:33:37 info: Connected to email server
2023-06-29 11:36:28 info: =================================
2023-06-29 11:36:28 info: ======= ENV: development =======
2023-06-29 11:36:28 info: 🚀 App listening on the port 3000
2023-06-29 11:36:28 info: =================================
2023-06-29 11:36:31 info: Connected to email server
2023-06-29 11:36:31 info: Connected to email server
2023-06-29 11:36:31 info: Connected to email server
2023-06-29 11:36:31 info: Connected to email server
2023-06-29 11:36:31 info: Connected to email server
2023-06-29 11:36:31 info: Connected to email server
2023-06-29 11:36:34 info: Connected to Database Successfully...
2023-06-29 11:36:38 info: [0mGET /users/profile [32m200[0m 564.621 ms - 636[0m
2023-06-29 11:36:41 info: [0mGET /users/profile [32m200[0m 510.981 ms - 636[0m
2023-06-29 11:36:53 error: [POST] /auth/login >> StatusCode:: 400, Message:: Cannot read properties of undefined (reading 'status')
2023-06-29 11:36:53 info: [0mPOST /auth/login [32m200[0m 1145.592 ms - 587[0m
2023-06-29 11:37:01 info: [0mPOST /rate/647dce3a5fab941b6eff394e [32m200[0m 1229.508 ms - 226[0m
2023-06-29 11:37:04 info: Connected to email server
2023-06-29 11:37:08 error: [POST] /auth/login >> StatusCode:: 400, Message:: Cannot read properties of undefined (reading 'status')
2023-06-29 11:37:08 info: [0mPOST /auth/login [32m200[0m 1564.019 ms - 587[0m
2023-06-29 11:37:12 info: [0mGET /users/profile [32m200[0m 716.039 ms - 636[0m
2023-06-29 11:38:18 info: =================================
2023-06-29 11:38:18 info: ======= ENV: development =======
2023-06-29 11:38:18 info: 🚀 App listening on the port 3000
2023-06-29 11:38:18 info: =================================
2023-06-29 11:38:21 info: Connected to email server
2023-06-29 11:38:21 info: Connected to email server
2023-06-29 11:38:21 info: Connected to email server
2023-06-29 11:38:22 info: Connected to email server
2023-06-29 11:38:22 info: Connected to email server
2023-06-29 11:38:23 info: Connected to email server
2023-06-29 11:38:24 info: Connected to email server
2023-06-29 11:38:26 info: Connected to Database Successfully...
2023-06-29 11:38:33 info: [0mGET /users/profile [32m200[0m 531.158 ms - 636[0m
2023-06-29 11:38:41 error: [POST] /auth/login >> StatusCode:: 400, Message:: Cannot read properties of undefined (reading 'status')
2023-06-29 11:38:41 info: [0mPOST /auth/login [32m200[0m 1163.922 ms - 587[0m
2023-06-29 11:38:48 info: [0mPOST /rate/647dce3a5fab941b6eff394e [32m200[0m 2531.520 ms - 226[0m
2023-06-29 11:39:17 info: [0mGET /users/profile [32m200[0m 968.811 ms - 563[0m
2023-06-29 11:39:24 error: [POST] /auth/login >> StatusCode:: 400, Message:: Cannot read properties of undefined (reading 'status')
2023-06-29 11:39:24 info: [0mPOST /auth/login [32m200[0m 1096.690 ms - 587[0m
2023-06-29 11:39:27 info: [0mGET /users/profile [32m200[0m 501.000 ms - 636[0m
2023-06-29 11:42:01 info: =================================
2023-06-29 11:42:01 info: ======= ENV: development =======
2023-06-29 11:42:01 info: 🚀 App listening on the port 3000
2023-06-29 11:42:01 info: =================================
2023-06-29 11:42:04 info: Connected to email server
2023-06-29 11:42:05 info: Connected to email server
2023-06-29 11:42:06 info: Connected to email server
2023-06-29 11:42:06 info: Connected to email server
2023-06-29 11:42:07 info: Connected to email server
2023-06-29 11:42:09 info: Connected to email server
2023-06-29 11:42:11 info: Connected to Database Successfully...
2023-06-29 11:42:34 info: Connected to email server
2023-06-29 11:42:34 error: [POST] /auth/login >> StatusCode:: 400, Message:: Cannot read properties of undefined (reading 'status')
2023-06-29 11:42:34 info: [0mPOST /auth/login [32m200[0m 1220.857 ms - 587[0m
2023-06-29 11:42:39 info: [0mPOST /rate/647dce3a5fab941b6eff394e [32m200[0m 1159.394 ms - 226[0m
2023-06-29 11:42:46 error: [POST] /auth/login >> StatusCode:: 400, Message:: Cannot read properties of undefined (reading 'status')
2023-06-29 11:42:46 info: [0mPOST /auth/login [32m200[0m 580.136 ms - 587[0m
2023-06-29 11:42:49 info: [0mGET /users/profile [32m200[0m 550.431 ms - 625[0m
2023-06-29 11:43:21 info: [0mGET /reload_db [32m200[0m 8529.389 ms - 74[0m
2023-06-29 11:43:32 error: [POST] /auth/login >> StatusCode:: 400, Message:: Cannot read properties of undefined (reading 'status')
2023-06-29 11:43:32 info: [0mPOST /auth/login [32m200[0m 582.204 ms - 587[0m
2023-06-29 11:43:37 info: [0mGET /users/profile [32m200[0m 965.087 ms - 437[0m
2023-06-29 11:44:20 info: =================================
2023-06-29 11:44:20 info: ======= ENV: development =======
2023-06-29 11:44:20 info: 🚀 App listening on the port 3000
2023-06-29 11:44:20 info: =================================
2023-06-29 11:44:22 info: Connected to email server
2023-06-29 11:44:23 info: Connected to email server
2023-06-29 11:44:24 info: Connected to email server
2023-06-29 11:44:24 info: Connected to email server
2023-06-29 11:44:25 info: Connected to Database Successfully...
2023-06-29 11:44:25 info: Connected to email server
2023-06-29 11:44:26 info: Connected to email server
2023-06-29 11:44:27 info: Connected to email server
2023-06-29 11:44:54 info: [0mGET /reload_db [32m200[0m 6468.460 ms - 74[0m
2023-06-29 11:45:01 error: [POST] /auth/login >> StatusCode:: 400, Message:: Cannot read properties of undefined (reading 'status')
2023-06-29 11:45:01 info: [0mPOST /auth/login [32m200[0m 654.896 ms - 587[0m
2023-06-29 11:45:05 error: [POST] /auth/login >> StatusCode:: 400, Message:: Cannot read properties of undefined (reading 'status')
2023-06-29 11:45:05 info: [0mPOST /auth/login [32m200[0m 1145.530 ms - 587[0m
2023-06-29 11:45:08 info: [0mGET /users/profile [32m200[0m 665.403 ms - 455[0m
2023-06-29 11:45:21 error: [POST] /auth/login >> StatusCode:: 400, Message:: Cannot read properties of undefined (reading 'status')
2023-06-29 11:45:21 info: [0mPOST /auth/login [32m200[0m 510.247 ms - 587[0m
2023-06-29 11:45:28 info: [0mPOST /rate/649d60a4f52b2a785e5d896c [32m200[0m 1758.103 ms - 226[0m
2023-06-29 11:45:36 error: [POST] /auth/login >> StatusCode:: 400, Message:: Cannot read properties of undefined (reading 'status')
2023-06-29 11:45:36 info: [0mPOST /auth/login [32m200[0m 517.366 ms - 587[0m
2023-06-29 11:45:40 info: [0mGET /users/profile [32m200[0m 496.568 ms - 455[0m
2023-06-29 11:46:08 error: [POST] /auth/login >> StatusCode:: 400, Message:: Cannot read properties of undefined (reading 'status')
2023-06-29 11:46:08 info: [0mPOST /auth/login [32m200[0m 514.799 ms - 587[0m
2023-06-29 11:46:12 info: [0mGET /users/profile [32m200[0m 528.934 ms - 448[0m
2023-06-29 11:47:01 info: =================================
2023-06-29 11:47:01 info: ======= ENV: development =======
2023-06-29 11:47:01 info: 🚀 App listening on the port 3000
2023-06-29 11:47:01 info: =================================
2023-06-29 11:47:04 info: Connected to email server
2023-06-29 11:47:05 info: Connected to Database Successfully...
2023-06-29 11:47:05 info: Connected to email server
2023-06-29 11:47:07 info: Connected to email server
2023-06-29 11:47:07 info: Connected to email server
2023-06-29 11:47:16 error: [POST] /auth/login >> StatusCode:: 400, Message:: Cannot read properties of undefined (reading 'status')
2023-06-29 11:47:16 info: [0mPOST /auth/login [32m200[0m 586.458 ms - 587[0m
2023-06-29 11:47:21 info: [0mPOST /rate/649d60a4f52b2a785e5d896c [32m200[0m 1017.412 ms - 226[0m
2023-06-29 11:47:26 error: [POST] /auth/login >> StatusCode:: 400, Message:: Cannot read properties of undefined (reading 'status')
2023-06-29 11:47:26 info: [0mPOST /auth/login [32m200[0m 533.253 ms - 587[0m
2023-06-29 11:47:30 info: [0mGET /users/profile [32m200[0m 923.178 ms - 455[0m
2023-06-29 11:47:35 info: Connected to email server
2023-06-29 11:47:35 info: Connected to email server
2023-06-29 11:47:36 info: Connected to email server
2023-06-29 11:48:30 info: =================================
2023-06-29 11:48:30 info: ======= ENV: development =======
2023-06-29 11:48:30 info: 🚀 App listening on the port 3000
2023-06-29 11:48:30 info: =================================
2023-06-29 11:48:33 info: Connected to email server
2023-06-29 11:48:33 info: Connected to email server
2023-06-29 11:48:34 info: Connected to email server
2023-06-29 11:48:34 info: Connected to email server
2023-06-29 11:48:35 info: Connected to email server
2023-06-29 11:48:35 info: Connected to email server
2023-06-29 11:48:35 info: Connected to email server
2023-06-29 11:48:36 info: Connected to Database Successfully...
2023-06-29 11:48:43 info: [0mGET /users/profile [32m200[0m 756.166 ms - 455[0m
2023-06-29 11:48:51 error: [POST] /auth/login >> StatusCode:: 400, Message:: Cannot read properties of undefined (reading 'status')
2023-06-29 11:48:51 info: [0mPOST /auth/login [32m200[0m 811.171 ms - 587[0m
2023-06-29 11:49:03 error: [POST] /auth/login >> StatusCode:: 400, Message:: Cannot read properties of undefined (reading 'status')
2023-06-29 11:49:03 info: [0mPOST /auth/login [32m200[0m 550.450 ms - 587[0m
2023-06-29 11:49:08 info: [0mPOST /rate/649d60a4f52b2a785e5d896c [32m200[0m 2347.645 ms - 226[0m
2023-06-29 12:08:17 info: =================================
2023-06-29 12:08:17 info: ======= ENV: development =======
2023-06-29 12:08:17 info: 🚀 App listening on the port 3000
2023-06-29 12:08:17 info: =================================
2023-06-29 12:08:20 info: Connected to email server
2023-06-29 12:08:20 info: Connected to email server
2023-06-29 12:08:21 info: Connected to email server
2023-06-29 12:08:21 info: Connected to email server
2023-06-29 12:08:21 info: Connected to email server
2023-06-29 12:08:21 info: Connected to email server
2023-06-29 12:08:24 info: Connected to email server
2023-06-29 12:08:26 info: Connected to Database Successfully...
2023-06-29 12:08:41 error: [POST] /auth/login >> StatusCode:: 400, Message:: Cannot read properties of undefined (reading 'status')
2023-06-29 12:08:41 info: [0mPOST /auth/login [32m200[0m 1386.414 ms - 587[0m
2023-06-29 12:10:12 error: [POST] /rate/649d60a4f52b2a785e5d896a >> StatusCode:: 400, Message:: YOU_CANT_RATE_YOURSELF
2023-06-29 12:10:12 info: [0mPOST /rate/649d60a4f52b2a785e5d896a [32m200[0m 279.831 ms - 80[0m
2023-06-29 12:10:52 info: [0mPOST /rate/649d60a4f52b2a785e5d896c [32m200[0m 3721.202 ms - 226[0m
2023-06-29 12:10:57 info: [0mPOST /rate/649d60a4f52b2a785e5d896c [32m200[0m 2221.188 ms - 226[0m
2023-06-29 12:12:09 info: =================================
2023-06-29 12:12:09 info: ======= ENV: development =======
2023-06-29 12:12:09 info: 🚀 App listening on the port 3000
2023-06-29 12:12:09 info: =================================
2023-06-29 12:12:42 info: Connected to email server
2023-06-29 12:12:42 info: Connected to email server
2023-06-29 12:12:42 info: Connected to email server
2023-06-29 12:12:42 info: Connected to email server
2023-06-29 12:12:43 info: Connected to email server
2023-06-29 12:12:43 info: Connected to email server
2023-06-29 12:12:44 info: Connected to email server
2023-06-29 12:13:21 error: Error connecting to Database: MongoNetworkTimeoutError: connection timed out
2023-06-29 12:15:43 info: =================================
2023-06-29 12:15:43 info: ======= ENV: development =======
2023-06-29 12:15:43 info: 🚀 App listening on the port 3000
2023-06-29 12:15:43 info: =================================
2023-06-29 12:15:47 info: Connected to email server
2023-06-29 12:15:47 info: Connected to email server
2023-06-29 12:16:16 info: Connected to email server
2023-06-29 12:16:16 info: Connected to email server
2023-06-29 12:16:16 info: Connected to email server
2023-06-29 12:16:17 info: Connected to Database Successfully...
2023-06-29 12:16:17 info: Connected to email server
2023-06-29 12:16:17 info: Connected to email server
2023-06-29 12:16:34 info: [0mPOST /rate/649d60a4f52b2a785e5d896c [32m200[0m 10250.872 ms - 226[0m
2023-06-29 12:16:41 info: [0mPOST /rate/649d60a4f52b2a785e5d896c [32m200[0m 2180.093 ms - 226[0m
2023-06-29 13:36:57 info: =================================
2023-06-29 13:36:57 info: ======= ENV: development =======
2023-06-29 13:36:57 info: 🚀 App listening on the port 3000
2023-06-29 13:36:57 info: =================================
2023-06-29 13:37:04 info: Connected to email server
2023-06-29 13:37:04 info: Connected to email server
2023-06-29 13:37:04 info: Connected to email server
2023-06-29 13:37:04 info: Connected to email server
2023-06-29 13:37:04 info: Connected to email server
2023-06-29 13:37:04 info: Connected to email server
2023-06-29 13:37:17 info: Connected to Database Successfully...
2023-06-29 13:37:40 info: Connected to email server
2023-06-29 13:37:42 info: [0mPOST /rate/649d60a4f52b2a785e5d896c [32m200[0m 18554.907 ms - 226[0m
2023-06-29 13:37:49 info: [0mPOST /rate/649d60a4f52b2a785e5d896c [32m200[0m 4265.276 ms - 226[0m
2023-06-29 13:39:11 info: =================================
2023-06-29 13:39:11 info: ======= ENV: development =======
2023-06-29 13:39:11 info: 🚀 App listening on the port 3000
2023-06-29 13:39:11 info: =================================
2023-06-29 13:39:13 info: Connected to email server
2023-06-29 13:39:13 info: Connected to email server
2023-06-29 13:39:13 info: Connected to email server
2023-06-29 13:39:14 info: Connected to email server
2023-06-29 13:39:14 info: Connected to email server
2023-06-29 13:39:14 info: Connected to email server
2023-06-29 13:39:14 info: Connected to email server
2023-06-29 13:39:17 info: Connected to Database Successfully...
2023-06-29 13:39:33 error: [POST] /rate/649d60a4f52b2a785e5d896c >> StatusCode:: 400, Message:: ENTITY_ALREADY_RATED
2023-06-29 13:39:33 info: [0mPOST /rate/649d60a4f52b2a785e5d896c [32m200[0m 619.483 ms - 78[0m
2023-06-29 13:54:37 info: =================================
2023-06-29 13:54:37 info: ======= ENV: development =======
2023-06-29 13:54:37 info: 🚀 App listening on the port 3000
2023-06-29 13:54:37 info: =================================
2023-06-29 13:54:41 info: Connected to email server
2023-06-29 13:54:41 info: Connected to email server
2023-06-29 13:54:41 info: Connected to email server
2023-06-29 13:54:41 info: Connected to email server
2023-06-29 13:54:41 info: Connected to email server
2023-06-29 13:54:41 info: Connected to email server
2023-06-29 13:54:41 info: Connected to email server
2023-06-29 13:54:43 info: Connected to Database Successfully...
2023-06-29 13:54:56 error: [POST] /auth/login >> StatusCode:: 400, Message:: Cannot read properties of undefined (reading 'status')
2023-06-29 13:54:56 info: [0mPOST /auth/login [32m200[0m 764.494 ms - 587[0m
2023-06-29 13:55:00 info: [0mPOST /job [32m200[0m 1925.034 ms - 938[0m
2023-06-29 13:55:28 error: [POST] /auth/login >> StatusCode:: 400, Message:: Cannot read properties of undefined (reading 'status')
2023-06-29 13:55:28 info: [0mPOST /auth/login [32m200[0m 1005.964 ms - 587[0m
2023-06-29 13:55:42 error: [POST] /rate/649d7f244ef42487f7f97459 >> StatusCode:: 400, Message:: JOB_VALIDATION_ERROR
2023-06-29 13:55:42 info: [0mPOST /rate/649d7f244ef42487f7f97459 [32m200[0m 826.207 ms - 107[0m
2023-06-29 13:56:26 info: =================================
2023-06-29 13:56:26 info: ======= ENV: development =======
2023-06-29 13:56:26 info: 🚀 App listening on the port 3000
2023-06-29 13:56:26 info: =================================
2023-06-29 13:56:29 info: Connected to email server
2023-06-29 13:56:30 info: Connected to email server
2023-06-29 13:56:30 info: Connected to email server
2023-06-29 13:56:30 info: Connected to email server
2023-06-29 13:56:30 info: Connected to email server
2023-06-29 13:56:31 info: Connected to email server
2023-06-29 13:56:33 info: Connected to email server
2023-06-29 13:56:44 info: Connected to Database Successfully...
2023-06-29 13:56:51 error: [POST] /rate/649d7f244ef42487f7f97459 >> StatusCode:: 400, Message:: ENTITY_ALREADY_RATED
2023-06-29 13:56:51 info: [0mPOST /rate/649d7f244ef42487f7f97459 [32m200[0m 2406.303 ms - 78[0m
2023-06-29 13:57:51 info: =================================
2023-06-29 13:57:51 info: ======= ENV: development =======
2023-06-29 13:57:51 info: 🚀 App listening on the port 3000
2023-06-29 13:57:51 info: =================================
2023-06-29 13:57:54 info: Connected to email server
2023-06-29 13:57:54 info: Connected to email server
2023-06-29 13:57:54 info: Connected to email server
2023-06-29 13:57:54 info: Connected to email server
2023-06-29 13:57:54 info: Connected to email server
2023-06-29 13:57:57 info: Connected to email server
2023-06-29 13:57:57 info: Connected to Database Successfully...
2023-06-29 13:57:57 info: Connected to email server
2023-06-29 13:58:02 error: [POST] /rate/649d7f244ef42487f7f97459 >> StatusCode:: 400, Message:: ENTITY_ALREADY_RATED
2023-06-29 13:58:02 info: [0mPOST /rate/649d7f244ef42487f7f97459 [32m200[0m 1530.779 ms - 78[0m
2023-06-29 13:58:31 info: [0mGET /job/getAllJobs [32m200[0m 501.897 ms - -[0m
2023-06-29 13:59:45 info: [0mGET /reload_db [32m200[0m 8375.400 ms - 74[0m
2023-06-29 14:00:00 error: [POST] /auth/login >> StatusCode:: 400, Message:: Cannot read properties of undefined (reading 'status')
2023-06-29 14:00:00 info: [0mPOST /auth/login [32m200[0m 632.745 ms - 587[0m
2023-06-29 14:00:06 info: [0mGET /job/getAllJobs [32m200[0m 959.930 ms - 171[0m
2023-06-29 14:00:11 error: [POST] /job >> StatusCode:: 400, Message:: JOB_VALIDATION_ERROR
2023-06-29 14:00:11 info: [0mPOST /job [32m200[0m 1836.462 ms - 102[0m
2023-06-29 14:01:01 info: =================================
2023-06-29 14:01:01 info: ======= ENV: development =======
2023-06-29 14:01:01 info: 🚀 App listening on the port 3000
2023-06-29 14:01:01 info: =================================
2023-06-29 14:01:04 info: Connected to email server
2023-06-29 14:01:04 info: Connected to email server
2023-06-29 14:01:04 info: Connected to email server
2023-06-29 14:01:04 info: Connected to email server
2023-06-29 14:01:04 info: Connected to email server
2023-06-29 14:01:04 info: Connected to Database Successfully...
2023-06-29 14:01:04 info: Connected to email server
2023-06-29 14:01:04 info: Connected to email server
2023-06-29 14:01:13 info: [0mPOST /job [32m200[0m 1846.819 ms - 936[0m
2023-06-29 14:01:22 error: [POST] /auth/login >> StatusCode:: 400, Message:: Cannot read properties of undefined (reading 'status')
2023-06-29 14:01:22 info: [0mPOST /auth/login [32m200[0m 545.682 ms - 587[0m
2023-06-29 14:01:31 info: [0mPOST /rate/649d8098710df4ac8c134d0e [32m200[0m 1778.818 ms - 225[0m
2023-06-29 14:01:34 error: [POST] /rate/649d8098710df4ac8c134d0e >> StatusCode:: 400, Message:: ENTITY_ALREADY_RATED
2023-06-29 14:01:34 info: [0mPOST /rate/649d8098710df4ac8c134d0e [32m200[0m 460.767 ms - 78[0m
2023-06-29 14:01:52 info: [0mGET /job/getAllJobs [32m200[0m 797.129 ms - -[0m
2023-06-29 14:02:33 info: [0mGET /job/getAllJobs [32m200[0m 427.669 ms - -[0m
2023-06-29 14:03:36 error: [POST] /auth/login >> StatusCode:: 400, Message:: Cannot read properties of undefined (reading 'status')
2023-06-29 14:03:36 info: [0mPOST /auth/login [32m200[0m 1350.385 ms - 587[0m
2023-06-29 14:03:40 info: [0mGET /users/profile [32m200[0m 1272.061 ms - 455[0m
2023-06-29 14:03:49 error: [POST] /auth/login >> StatusCode:: 400, Message:: Cannot read properties of undefined (reading 'status')
2023-06-29 14:03:49 info: [0mPOST /auth/login [32m200[0m 557.478 ms - 587[0m
2023-06-29 14:03:58 error: [POST] /rate/649d803f8b814d386d033956 >> StatusCode:: 400, Message:: JOB_NOT_FOUND
2023-06-29 14:03:58 info: [0mPOST /rate/649d803f8b814d386d033956 [32m200[0m 3741.431 ms - 71[0m
2023-06-29 14:04:19 error: [POST] /rate/649d803f8b814d386d033956 >> StatusCode:: 400, Message:: ENTITY_ALREADY_RATED
2023-06-29 14:04:19 info: [0mPOST /rate/649d803f8b814d386d033956 [32m200[0m 6348.030 ms - 78[0m
2023-06-29 14:04:32 error: [POST] /auth/login >> StatusCode:: 400, Message:: Cannot read properties of undefined (reading 'status')
2023-06-29 14:04:32 info: [0mPOST /auth/login [32m200[0m 682.131 ms - 587[0m
2023-06-29 14:04:38 info: [0mGET /users/profile [32m200[0m 2676.542 ms - 455[0m
2023-06-29 14:05:16 info: =================================
2023-06-29 14:05:16 info: ======= ENV: development =======
2023-06-29 14:05:16 info: 🚀 App listening on the port 3000
2023-06-29 14:05:16 info: =================================
2023-06-29 14:05:20 info: Connected to email server
2023-06-29 14:05:20 info: Connected to email server
2023-06-29 14:05:20 info: Connected to email server
2023-06-29 14:05:20 info: Connected to email server
2023-06-29 14:05:20 info: Connected to Database Successfully...
2023-06-29 14:05:21 info: Connected to email server
2023-06-29 14:05:23 info: Connected to email server
2023-06-29 14:05:33 error: [POST] /rate/649d803f8b814d386d033956 >> StatusCode:: 400, Message:: YOU_CANT_RATE_YOURSELF
2023-06-29 14:05:33 info: [0mPOST /rate/649d803f8b814d386d033956 [32m200[0m 793.755 ms - 80[0m
2023-06-29 14:05:43 error: [POST] /auth/login >> StatusCode:: 400, Message:: Cannot read properties of undefined (reading 'status')
2023-06-29 14:05:43 info: [0mPOST /auth/login [32m200[0m 2308.754 ms - 587[0m
2023-06-29 14:05:49 info: Connected to email server
2023-06-29 14:05:49 info: [0mGET /users/profile [32m200[0m 785.389 ms - 455[0m
2023-06-29 14:06:04 error: [POST] /auth/login >> StatusCode:: 400, Message:: Cannot read properties of undefined (reading 'status')
2023-06-29 14:06:04 info: [0mPOST /auth/login [32m200[0m 1493.599 ms - 587[0m
2023-06-29 14:06:10 info: [0mPOST /rate/649d803f8b814d386d033956 [32m200[0m 1028.616 ms - 226[0m
2023-06-29 14:06:24 error: [POST] /auth/login >> StatusCode:: 400, Message:: Cannot read properties of undefined (reading 'status')
2023-06-29 14:06:24 info: [0mPOST /auth/login [32m200[0m 1196.754 ms - 587[0m
2023-06-29 14:06:27 info: [0mGET /users/profile [32m200[0m 692.246 ms - 455[0m
2023-06-29 14:06:48 info: [0mGET /job/getAllJobs [32m200[0m 285.288 ms - -[0m
2023-06-29 14:07:07 info: [0mPOST /rate/649d8098710df4ac8c134d0e [32m200[0m 3381.920 ms - 225[0m
2023-06-29 14:07:15 info: [0mGET /job/getAllJobs [32m200[0m 308.937 ms - -[0m
2023-06-29 14:13:26 info: =================================
2023-06-29 14:13:26 info: ======= ENV: development =======
2023-06-29 14:13:26 info: 🚀 App listening on the port 3000
2023-06-29 14:13:26 info: =================================
2023-06-29 14:13:29 info: Connected to email server
2023-06-29 14:13:29 info: Connected to email server
2023-06-29 14:13:30 info: Connected to email server
2023-06-29 14:13:30 info: Connected to email server
2023-06-29 14:13:31 info: Connected to email server
2023-06-29 14:13:31 info: Connected to email server
2023-06-29 14:13:32 info: Connected to email server
2023-06-29 14:13:42 info: Connected to Database Successfully...
2023-06-29 14:14:04 error: [POST] /auth/login >> StatusCode:: 400, Message:: Cannot read properties of undefined (reading 'status')
2023-06-29 14:14:04 info: [0mPOST /auth/login [32m200[0m 730.533 ms - 587[0m
2023-06-29 14:14:14 info: [0mGET /service?tools=Tool%201 [32m200[0m 3069.211 ms - 175[0m
2023-06-29 14:14:19 info: [0mGET /service [32m200[0m 1434.956 ms - 175[0m
2023-06-29 14:14:24 error: [POST] /auth/login >> StatusCode:: 400, Message:: Cannot read properties of undefined (reading 'status')
2023-06-29 14:14:24 info: [0mPOST /auth/login [32m200[0m 702.185 ms - 587[0m
2023-06-29 14:14:28 info: [0mPOST /service [32m200[0m 1316.432 ms - 786[0m
2023-06-29 14:14:43 error: [POST] /auth/login >> StatusCode:: 400, Message:: Cannot read properties of undefined (reading 'status')
2023-06-29 14:14:43 info: [0mPOST /auth/login [32m200[0m 596.386 ms - 587[0m
2023-06-29 14:14:56 info: [0mGET /service [32m200[0m 5533.615 ms - -[0m
2023-06-29 14:16:18 info: =================================
2023-06-29 14:16:18 info: ======= ENV: development =======
2023-06-29 14:16:18 info: 🚀 App listening on the port 3000
2023-06-29 14:16:18 info: =================================
2023-06-29 14:16:21 info: Connected to email server
2023-06-29 14:16:21 info: Connected to email server
2023-06-29 14:16:22 info: Connected to email server
2023-06-29 14:16:22 info: Connected to email server
2023-06-29 14:16:22 info: Connected to email server
2023-06-29 14:16:22 info: Connected to email server
2023-06-29 14:16:37 info: Connected to Database Successfully...
2023-06-29 14:16:43 info: [0mGET /service [32m200[0m 1277.630 ms - -[0m
2023-06-29 14:16:49 info: [0mGET /service [32m200[0m 704.852 ms - -[0m
2023-06-29 14:16:53 info: Connected to email server
