2023-07-15 10:08:44 info: =================================
2023-07-15 10:08:44 info: ======= ENV: development =======
2023-07-15 10:08:44 info: 🚀 App listening on the port 3000
2023-07-15 10:08:44 info: =================================
2023-07-15 10:08:47 info: Connected to email server
2023-07-15 10:08:47 info: Connected to email server
2023-07-15 10:08:47 info: Connected to email server
2023-07-15 10:08:47 info: Connected to email server
2023-07-15 10:08:47 info: Connected to email server
2023-07-15 10:08:47 info: Connected to email server
2023-07-15 10:08:47 info: Connected to Database Successfully...
2023-07-15 10:08:47 info: Connected to email server
2023-07-15 10:09:03 info: [0mGET /reload_db [32m200[0m 551.659 ms - 74[0m
2023-07-15 10:09:16 info: Connected to email server
2023-07-15 10:41:48 error: [GET] /service/getAppliedServices >> StatusCode:: 404, Message:: The requested path /service/getAppliedServices not found!
2023-07-15 10:41:48 info: [0mGET /service/getAppliedServices [32m200[0m 77.202 ms - 115[0m
2023-07-15 10:42:29 info: =================================
2023-07-15 10:42:29 info: ======= ENV: development =======
2023-07-15 10:42:29 info: 🚀 App listening on the port 3000
2023-07-15 10:42:29 info: =================================
2023-07-15 10:42:32 info: Connected to email server
2023-07-15 10:42:32 info: Connected to email server
2023-07-15 10:42:32 info: Connected to email server
2023-07-15 10:42:32 info: Connected to email server
2023-07-15 10:42:32 info: Connected to email server
2023-07-15 10:42:32 info: Connected to email server
2023-07-15 10:42:32 info: Connected to email server
2023-07-15 10:42:33 info: Connected to email server
2023-07-15 10:42:43 info: Connected to Database Successfully...
2023-07-15 10:49:50 info: =================================
2023-07-15 10:49:50 info: ======= ENV: development =======
2023-07-15 10:49:50 info: 🚀 App listening on the port 3000
2023-07-15 10:49:50 info: =================================
2023-07-15 10:49:53 info: Connected to email server
2023-07-15 10:49:53 info: Connected to email server
2023-07-15 10:49:53 info: Connected to email server
2023-07-15 10:49:53 info: Connected to email server
2023-07-15 10:49:53 info: Connected to email server
2023-07-15 10:49:53 info: Connected to email server
2023-07-15 10:49:53 info: Connected to email server
2023-07-15 10:49:53 info: Connected to email server
2023-07-15 10:50:19 info: Connected to Database Successfully...
2023-07-15 10:51:21 info: [0mGET /reload_db [32m200[0m 47700.960 ms - 74[0m
