2023-06-24 15:39:29 info: =================================
2023-06-24 15:39:29 info: ======= ENV: development =======
2023-06-24 15:39:29 info: 🚀 App listening on the port 3000
2023-06-24 15:39:29 info: =================================
2023-06-24 15:39:31 info: Connected to email server
2023-06-24 15:39:31 info: Connected to email server
2023-06-24 15:39:31 info: Connected to email server
2023-06-24 15:39:31 info: Connected to email server
2023-06-24 15:39:31 info: Connected to email server
2023-06-24 15:39:31 info: Connected to email server
2023-06-24 15:39:31 info: Connected to email server
2023-06-24 15:39:37 info: Connected to Database Successfully...
2023-06-24 15:40:51 info: =================================
2023-06-24 15:40:51 info: ======= ENV: development =======
2023-06-24 15:40:51 info: 🚀 App listening on the port 3000
2023-06-24 15:40:51 info: =================================
2023-06-24 15:40:53 info: Connected to email server
2023-06-24 15:40:53 info: Connected to email server
2023-06-24 15:40:54 info: Connected to email server
2023-06-24 15:40:54 info: Connected to email server
2023-06-24 15:40:54 info: Connected to email server
2023-06-24 15:40:54 info: Connected to email server
2023-06-24 15:40:54 info: Connected to email server
2023-06-24 15:41:04 info: Connected to Database Successfully...
2023-06-24 15:41:17 error: [POST] /auth/login >> StatusCode:: 400, Message:: Cannot read properties of undefined (reading 'status')
2023-06-24 15:41:17 info: [0mPOST /auth/login [32m200[0m 607.723 ms - 587[0m
2023-06-24 15:41:22 info: [0mPOST /service [32m200[0m 523.979 ms - 736[0m
2023-06-24 15:41:43 info: [0mGET /service [32m200[0m 1503.091 ms - -[0m
2023-06-24 15:42:16 info: [0mGET /service?tools=Tool%201 [32m200[0m 469.599 ms - -[0m
