2023-07-17 12:18:50 info: =================================
2023-07-17 12:18:50 info: ======= ENV: development =======
2023-07-17 12:18:50 info: 🚀 App listening on the port 3000
2023-07-17 12:18:50 info: =================================
2023-07-17 12:18:53 info: Connected to email server
2023-07-17 12:18:53 info: Connected to email server
2023-07-17 12:18:54 info: Connected to email server
2023-07-17 12:18:54 info: Connected to email server
2023-07-17 12:18:54 info: Connected to email server
2023-07-17 12:18:55 info: Connected to email server
2023-07-17 12:18:55 info: Connected to email server
2023-07-17 12:18:55 info: Connected to email server
2023-07-17 12:19:06 info: Connected to Database Successfully...
2023-07-17 12:19:49 error: [POST] /auth/login >> StatusCode:: 400, Message:: Cannot read properties of undefined (reading 'status')
2023-07-17 12:19:49 info: [0mPOST /auth/login [32m200[0m 1143.287 ms - 587[0m
2023-07-17 12:19:56 info: [0mGET /chat/user [32m200[0m 474.668 ms - 436[0m
2023-07-17 12:20:32 error: [POST] /chat/message >> StatusCode:: 400, Message:: MESSAGE_VALIDATION_ERROR
2023-07-17 12:20:32 info: [0mPOST /chat/message [32m200[0m 329.346 ms - 119[0m
2023-07-17 12:22:19 error: [ValidationError] >> Chat validation failed: messages.3.content: Path `content` is required.
2023-07-17 12:22:46 info: =================================
2023-07-17 12:22:46 info: ======= ENV: development =======
2023-07-17 12:22:46 info: 🚀 App listening on the port 3000
2023-07-17 12:22:46 info: =================================
2023-07-17 12:22:48 info: Connected to email server
2023-07-17 12:22:48 info: Connected to email server
2023-07-17 12:22:48 info: Connected to email server
2023-07-17 12:22:48 info: Connected to email server
2023-07-17 12:22:48 info: Connected to email server
2023-07-17 12:22:48 info: Connected to email server
2023-07-17 12:22:49 info: Connected to email server
2023-07-17 12:22:50 info: Connected to email server
2023-07-17 12:23:19 info: Connected to Database Successfully...
2023-07-17 12:23:49 error: [ValidationError] >> Chat validation failed: messages.3.content: Path `content` is required.
2023-07-17 12:24:38 info: =================================
2023-07-17 12:24:38 info: ======= ENV: development =======
2023-07-17 12:24:38 info: 🚀 App listening on the port 3000
2023-07-17 12:24:38 info: =================================
2023-07-17 12:24:40 info: Connected to email server
2023-07-17 12:24:40 info: Connected to email server
2023-07-17 12:24:40 info: Connected to email server
2023-07-17 12:24:40 info: Connected to email server
2023-07-17 12:24:40 info: Connected to email server
2023-07-17 12:24:40 info: Connected to email server
2023-07-17 12:24:40 info: Connected to email server
2023-07-17 12:24:40 info: Connected to Database Successfully...
2023-07-17 12:24:41 info: Connected to email server
2023-07-17 12:24:46 info: [0mPOST /chat/message [32m200[0m 1440.138 ms - 318[0m
2023-07-17 12:59:59 info: =================================
2023-07-17 12:59:59 info: ======= ENV: development =======
2023-07-17 12:59:59 info: 🚀 App listening on the port 3000
2023-07-17 12:59:59 info: =================================
2023-07-17 13:00:01 info: Connected to email server
2023-07-17 13:00:01 info: Connected to email server
2023-07-17 13:00:01 info: Connected to email server
2023-07-17 13:00:01 info: Connected to email server
2023-07-17 13:00:01 info: Connected to email server
2023-07-17 13:00:01 info: Connected to email server
2023-07-17 13:00:01 info: Connected to email server
2023-07-17 13:00:01 info: Connected to email server
2023-07-17 13:00:02 info: Connected to Database Successfully...
