2023-11-24 22:18:26 info: =================================
2023-11-24 22:18:26 info: ======= ENV: development =======
2023-11-24 22:18:26 info: 🚀 App listening on the port 3000
2023-11-24 22:18:26 info: =================================
2023-11-24 22:18:28 info: Connected to email server
2023-11-24 22:18:28 info: Connected to email server
2023-11-24 22:18:28 info: Connected to email server
2023-11-24 22:18:28 info: Connected to email server
2023-11-24 22:18:28 info: Connected to email server
2023-11-24 22:18:28 info: Connected to email server
2023-11-24 22:18:28 info: Connected to email server
2023-11-24 22:18:28 info: Connected to email server
2023-11-24 22:18:33 info: Connected to Database Successfully...
2023-11-24 22:18:58 info: Connected to email server
2023-11-24 22:18:58 info: Connected to email server
2023-11-24 22:18:58 info: Connected to email server
2023-11-24 22:18:58 info: Connected to email server
2023-11-24 22:18:58 info: Connected to email server
2023-11-24 22:18:58 info: Connected to email server
2023-11-24 22:21:36 info: =================================
2023-11-24 22:21:36 info: ======= ENV: development =======
2023-11-24 22:21:36 info: 🚀 App listening on the port 3000
2023-11-24 22:21:36 info: =================================
2023-11-24 22:21:40 info: Connected to email server
2023-11-24 22:21:40 info: Connected to email server
2023-11-24 22:21:40 info: Connected to email server
2023-11-24 22:21:40 info: Connected to email server
2023-11-24 22:21:40 info: Connected to email server
2023-11-24 22:21:40 info: Connected to email server
2023-11-24 22:21:41 info: Connected to email server
2023-11-24 22:21:41 info: Connected to email server
2023-11-24 22:21:49 info: Connected to Database Successfully...
