2023-10-26 07:26:31 info: =================================
2023-10-26 07:26:31 info: ======= ENV: development =======
2023-10-26 07:26:31 info: 🚀 App listening on the port 3000
2023-10-26 07:26:31 info: =================================
2023-10-26 07:26:33 info: Connected to email server
2023-10-26 07:26:33 info: Connected to email server
2023-10-26 07:26:33 info: Connected to email server
2023-10-26 07:26:33 info: Connected to email server
2023-10-26 07:26:33 info: Connected to email server
2023-10-26 07:26:34 info: Connected to email server
2023-10-26 07:26:34 info: Connected to email server
2023-10-26 07:26:34 info: Connected to email server
2023-10-26 07:26:34 info: Connected to email server
2023-10-26 07:26:34 info: Connected to email server
2023-10-26 07:26:34 info: Connected to email server
2023-10-26 07:26:34 info: Connected to email server
2023-10-26 07:26:34 info: Connected to email server
2023-10-26 07:26:34 info: Connected to email server
2023-10-26 07:26:34 info: Connected to Database Successfully...
2023-10-26 07:27:01 info: =================================
2023-10-26 07:27:01 info: ======= ENV: development =======
2023-10-26 07:27:01 info: 🚀 App listening on the port 3000
2023-10-26 07:27:01 info: =================================
2023-10-26 07:27:03 info: Connected to email server
2023-10-26 07:27:03 info: Connected to email server
2023-10-26 07:27:03 info: Connected to email server
2023-10-26 07:27:03 info: Connected to email server
2023-10-26 07:27:03 info: Connected to email server
2023-10-26 07:27:03 info: Connected to email server
2023-10-26 07:27:03 info: Connected to email server
2023-10-26 07:27:03 info: Connected to email server
2023-10-26 07:27:03 info: Connected to Database Successfully...
2023-10-26 07:27:26 info: [0mGET /reload_db [32m200[0m 4981.600 ms - 74[0m
2023-10-26 07:27:33 info: Connected to email server
2023-10-26 07:27:33 info: Connected to email server
2023-10-26 07:27:33 info: Connected to email server
2023-10-26 07:27:33 info: Connected to email server
2023-10-26 07:27:33 info: Connected to email server
2023-10-26 07:27:33 info: Connected to email server
2023-10-26 15:59:48 info: =================================
2023-10-26 15:59:48 info: ======= ENV: development =======
2023-10-26 15:59:48 info: 🚀 App listening on the port 3000
2023-10-26 15:59:48 info: =================================
2023-10-26 15:59:50 info: Connected to email server
2023-10-26 15:59:50 info: Connected to email server
2023-10-26 15:59:50 info: Connected to email server
2023-10-26 15:59:50 info: Connected to email server
2023-10-26 15:59:50 info: Connected to email server
2023-10-26 15:59:50 info: Connected to email server
2023-10-26 15:59:50 info: Connected to email server
2023-10-26 15:59:50 info: Connected to email server
2023-10-26 15:59:50 info: Connected to email server
2023-10-26 15:59:50 info: Connected to email server
2023-10-26 15:59:50 info: Connected to email server
2023-10-26 15:59:50 info: Connected to email server
2023-10-26 15:59:50 info: Connected to email server
2023-10-26 15:59:51 info: Connected to email server
2023-10-26 15:59:51 info: Connected to Database Successfully...
2023-10-26 16:00:00 error: [POST] /auth/login >> StatusCode:: 400, Message:: Cannot read properties of undefined (reading 'status')
2023-10-26 16:00:00 info: [0mPOST /auth/login [32m200[0m 852.308 ms - 587[0m
2023-10-26 16:00:24 error: [POST] /profile/about >> StatusCode:: 400, Message:: ABOUT_ALREADY_ADDED
2023-10-26 16:00:24 info: [0mPOST /profile/about [32m200[0m 3656.239 ms - 77[0m
2023-10-26 16:00:30 info: [0mGET /profile/about [32m200[0m 777.807 ms - 826[0m
2023-10-26 16:01:28 error: [PUT] /profile/about >> StatusCode:: 400, Message:: Unexpected token } in JSON at position 61
2023-10-26 16:01:28 info: [0mPUT /profile/about [32m200[0m 6.814 ms - 98[0m
2023-10-26 16:01:36 info: [0mPUT /profile/about [32m200[0m 3728.564 ms - 876[0m
2023-10-26 16:13:06 info: =================================
2023-10-26 16:13:06 info: ======= ENV: development =======
2023-10-26 16:13:06 info: 🚀 App listening on the port 3000
2023-10-26 16:13:06 info: =================================
2023-10-26 16:13:09 info: Connected to email server
2023-10-26 16:13:09 info: Connected to email server
2023-10-26 16:13:09 info: Connected to email server
2023-10-26 16:13:09 info: Connected to email server
2023-10-26 16:13:09 info: Connected to email server
2023-10-26 16:13:09 info: Connected to email server
2023-10-26 16:13:10 info: Connected to email server
2023-10-26 16:13:10 info: Connected to email server
2023-10-26 16:13:11 info: Connected to email server
2023-10-26 16:13:11 info: Connected to email server
2023-10-26 16:13:11 info: Connected to email server
2023-10-26 16:13:13 info: Connected to email server
2023-10-26 16:13:15 info: [0mGET /reload_db [0m-[0m - ms - -[0m
2023-10-26 16:13:15 info: Connected to Database Successfully...
2023-10-26 16:13:24 info: [0mGET /reload_db [32m200[0m 6081.483 ms - 74[0m
2023-10-26 16:13:29 error: [POST] /auth/login >> StatusCode:: 400, Message:: Cannot read properties of undefined (reading 'status')
2023-10-26 16:13:29 info: [0mPOST /auth/login [32m200[0m 681.115 ms - 587[0m
2023-10-26 16:13:38 info: Connected to email server
2023-10-26 16:13:42 info: [0mPOST /profile/about [32m200[0m 1514.656 ms - -[0m
2023-10-26 16:15:08 info: =================================
2023-10-26 16:15:08 info: ======= ENV: development =======
2023-10-26 16:15:08 info: 🚀 App listening on the port 3000
2023-10-26 16:15:08 info: =================================
2023-10-26 16:15:11 info: Connected to email server
2023-10-26 16:15:11 info: Connected to email server
2023-10-26 16:15:11 info: Connected to email server
2023-10-26 16:15:11 info: Connected to email server
2023-10-26 16:15:11 info: Connected to email server
2023-10-26 16:15:11 info: Connected to email server
2023-10-26 16:15:11 info: Connected to email server
2023-10-26 16:15:11 info: Connected to email server
2023-10-26 16:15:11 info: Connected to email server
2023-10-26 16:15:11 info: Connected to email server
2023-10-26 16:15:11 info: Connected to email server
2023-10-26 16:15:11 info: Connected to email server
2023-10-26 16:15:11 info: Connected to email server
2023-10-26 16:15:11 info: Connected to email server
2023-10-26 16:15:11 info: Connected to Database Successfully...
2023-10-26 16:15:27 info: [0mGET /reload_db [32m200[0m 5381.571 ms - 74[0m
2023-10-26 16:15:33 error: [POST] /auth/login >> StatusCode:: 400, Message:: Cannot read properties of undefined (reading 'status')
2023-10-26 16:15:33 info: [0mPOST /auth/login [32m200[0m 860.789 ms - 587[0m
2023-10-26 16:15:45 info: [0mPOST /profile/about [32m200[0m 1398.968 ms - -[0m
