2023-05-18 22:25:03 info: Connected to email server
2023-05-18 22:25:08 info: Connected to Database Successfully...
2023-05-18 22:25:51 info: =================================
2023-05-18 22:25:51 info: ======= ENV: development =======
2023-05-18 22:25:51 info: 🚀 App listening on the port 3000
2023-05-18 22:25:51 info: =================================
2023-05-18 22:25:53 info: Connected to email server
2023-05-18 22:25:53 info: Connected to Database Successfully...
2023-05-18 22:27:33 info: =================================
2023-05-18 22:27:33 info: ======= ENV: development =======
2023-05-18 22:27:33 info: 🚀 App listening on the port 3000
2023-05-18 22:27:33 info: =================================
2023-05-18 22:27:36 info: Connected to Database Successfully...
2023-05-18 22:27:36 info: Connected to email server
2023-05-18 22:28:24 info: =================================
2023-05-18 22:28:24 info: ======= ENV: development =======
2023-05-18 22:28:24 info: 🚀 App listening on the port 3000
2023-05-18 22:28:24 info: =================================
2023-05-18 22:28:26 info: Connected to email server
2023-05-18 22:28:31 info: Connected to Database Successfully...
2023-05-18 22:31:33 info: =================================
2023-05-18 22:31:33 info: ======= ENV: development =======
2023-05-18 22:31:33 info: 🚀 App listening on the port 3000
2023-05-18 22:31:33 info: =================================
2023-05-18 22:31:38 info: Connected to email server
2023-05-18 22:31:46 info: Connected to Database Successfully...
