2023-07-09 11:48:28 info: =================================
2023-07-09 11:48:28 info: ======= ENV: development =======
2023-07-09 11:48:28 info: 🚀 App listening on the port 3000
2023-07-09 11:48:28 info: =================================
2023-07-09 11:48:31 info: Connected to email server
2023-07-09 11:48:31 info: Connected to email server
2023-07-09 11:48:31 info: Connected to email server
2023-07-09 11:48:31 info: Connected to email server
2023-07-09 11:48:31 info: Connected to email server
2023-07-09 11:48:31 info: Connected to email server
2023-07-09 11:48:31 info: Connected to email server
2023-07-09 11:48:33 info: Connected to Database Successfully...
2023-07-09 11:48:45 error: [POST] /auth/login >> StatusCode:: 400, Message:: Cannot read properties of undefined (reading 'status')
2023-07-09 11:48:45 info: [0mPOST /auth/login [32m200[0m 927.129 ms - 587[0m
2023-07-09 11:49:15 info: [0mGET /chat [32m200[0m 17239.410 ms - -[0m
2023-07-09 11:54:24 info: [0mGET /bid/proposals/64a60cb821a20c178c54e9b1 [32m200[0m 1035.480 ms - -[0m
2023-07-09 12:08:58 info: =================================
2023-07-09 12:08:58 info: ======= ENV: development =======
2023-07-09 12:08:58 info: 🚀 App listening on the port 3000
2023-07-09 12:08:58 info: =================================
2023-07-09 12:09:00 info: Connected to email server
2023-07-09 12:09:00 info: Connected to email server
2023-07-09 12:09:00 info: Connected to email server
2023-07-09 12:09:00 info: Connected to email server
2023-07-09 12:09:00 info: Connected to email server
2023-07-09 12:09:00 info: Connected to email server
2023-07-09 12:09:00 info: Connected to email server
2023-07-09 12:09:01 info: Connected to Database Successfully...
2023-07-09 12:09:09 info: [0mGET /bid/proposals/64a60cb821a20c178c54e9b1 [32m200[0m 1372.378 ms - -[0m
2023-07-09 13:45:46 info: =================================
2023-07-09 13:45:46 info: ======= ENV: development =======
2023-07-09 13:45:46 info: 🚀 App listening on the port 3000
2023-07-09 13:45:46 info: =================================
2023-07-09 13:45:48 info: Connected to email server
2023-07-09 13:45:48 info: Connected to email server
2023-07-09 13:45:48 info: Connected to email server
2023-07-09 13:45:48 info: Connected to email server
2023-07-09 13:45:48 info: Connected to email server
2023-07-09 13:45:48 info: Connected to email server
2023-07-09 13:45:48 info: Connected to email server
2023-07-09 13:46:01 info: Connected to Database Successfully...
2023-07-09 13:46:28 error: [POST] /auth/login >> StatusCode:: 400, Message:: Cannot read properties of undefined (reading 'status')
2023-07-09 13:46:28 info: [0mPOST /auth/login [32m200[0m 795.396 ms - 587[0m
2023-07-09 13:46:34 info: [0mPOST /job [32m200[0m 948.657 ms - 927[0m
2023-07-09 13:46:49 error: [POST] /auth/login >> StatusCode:: 400, Message:: Cannot read properties of undefined (reading 'status')
2023-07-09 13:46:49 info: [0mPOST /auth/login [32m200[0m 568.147 ms - 587[0m
2023-07-09 13:47:20 info: [0mPOST /bid/64aaac296bdc9c669af6200b [32m200[0m 3212.481 ms - 807[0m
2023-07-09 13:52:24 info: =================================
2023-07-09 13:52:24 info: ======= ENV: development =======
2023-07-09 13:52:24 info: 🚀 App listening on the port 3000
2023-07-09 13:52:24 info: =================================
2023-07-09 13:52:26 info: Connected to email server
2023-07-09 13:52:26 info: Connected to email server
2023-07-09 13:52:26 info: Connected to email server
2023-07-09 13:52:26 info: Connected to email server
2023-07-09 13:52:26 info: Connected to email server
2023-07-09 13:52:26 info: Connected to email server
2023-07-09 13:52:26 info: Connected to email server
2023-07-09 13:52:26 info: Connected to Database Successfully...
2023-07-09 13:52:43 error: [POST] /auth/login >> StatusCode:: 400, Message:: Cannot read properties of undefined (reading 'status')
2023-07-09 13:52:43 info: [0mPOST /auth/login [32m200[0m 701.579 ms - 587[0m
2023-07-09 13:52:52 info: [0mPOST /bid/64aaac296bdc9c669af6200b [32m200[0m 3442.117 ms - 807[0m
2023-07-09 13:53:32 info: [0mGET /reload_db [32m200[0m 4366.638 ms - 74[0m
2023-07-09 13:53:46 error: [POST] /auth/login >> StatusCode:: 400, Message:: Cannot read properties of undefined (reading 'status')
2023-07-09 13:53:46 info: [0mPOST /auth/login [32m200[0m 546.301 ms - 587[0m
2023-07-09 13:54:25 info: [0mPOST /job [32m200[0m 1900.713 ms - 927[0m
2023-07-09 13:55:14 error: [POST] /auth/login >> StatusCode:: 400, Message:: Cannot read properties of undefined (reading 'status')
2023-07-09 13:55:14 info: [0mPOST /auth/login [32m200[0m 548.372 ms - 587[0m
2023-07-09 13:55:21 error: [POST] /bid/64aaac296bdc9c669af6200b >> StatusCode:: 400, Message:: PROFILE_NOT_COMPLETED
2023-07-09 13:55:21 info: [0mPOST /bid/64aaac296bdc9c669af6200b [32m200[0m 891.630 ms - 79[0m
2023-07-09 13:55:39 info: [0mPOST /profile/about [32m200[0m 2280.461 ms - -[0m
2023-07-09 13:55:45 error: [POST] /bid/64aaac296bdc9c669af6200b >> StatusCode:: 400, Message:: JOB_NOT_FOUND
2023-07-09 13:55:45 info: [0mPOST /bid/64aaac296bdc9c669af6200b [32m200[0m 4040.647 ms - 71[0m
2023-07-09 13:55:54 info: [0mPOST /bid/64aaadffc177231fa41a85db [32m200[0m 3177.156 ms - 807[0m
2023-07-09 13:57:45 info: =================================
2023-07-09 13:57:45 info: ======= ENV: development =======
2023-07-09 13:57:45 info: 🚀 App listening on the port 3000
2023-07-09 13:57:45 info: =================================
2023-07-09 13:57:48 info: Connected to email server
2023-07-09 13:57:48 info: Connected to email server
2023-07-09 13:57:48 info: Connected to email server
2023-07-09 13:57:48 info: Connected to email server
2023-07-09 13:57:48 info: Connected to email server
2023-07-09 13:57:48 info: Connected to email server
2023-07-09 13:57:48 info: Connected to email server
2023-07-09 13:57:48 info: Connected to Database Successfully...
2023-07-09 13:57:55 error: [POST] /bid/64aaadffc177231fa41a85db >> StatusCode:: 400, Message:: JOB_ALREAD_BIDDED
2023-07-09 13:57:55 info: [0mPOST /bid/64aaadffc177231fa41a85db [32m200[0m 992.332 ms - 75[0m
2023-07-09 13:58:03 error: [POST] /auth/login >> StatusCode:: 400, Message:: Cannot read properties of undefined (reading 'status')
2023-07-09 13:58:03 info: [0mPOST /auth/login [32m200[0m 963.066 ms - 587[0m
2023-07-09 13:58:14 error: [POST] /bid/64aaadffc177231fa41a85db >> StatusCode:: 400, Message:: PROFILE_NOT_COMPLETED
2023-07-09 13:58:14 info: [0mPOST /bid/64aaadffc177231fa41a85db [32m200[0m 3105.414 ms - 79[0m
2023-07-09 13:58:21 info: [0mPOST /profile/about [32m200[0m 1686.012 ms - -[0m
2023-07-09 13:58:31 error: [POST] /bid/64aaadffc177231fa41a85db >> StatusCode:: 400, Message:: Bidding validation failed: outright_status: Path `outright_status` is required.
2023-07-09 13:58:31 info: [0mPOST /bid/64aaadffc177231fa41a85db [32m200[0m 1269.988 ms - 136[0m
2023-07-09 14:01:07 info: =================================
2023-07-09 14:01:07 info: ======= ENV: development =======
2023-07-09 14:01:07 info: 🚀 App listening on the port 3000
2023-07-09 14:01:08 info: =================================
2023-07-09 14:01:10 info: Connected to email server
2023-07-09 14:01:10 info: Connected to email server
2023-07-09 14:01:10 info: Connected to email server
2023-07-09 14:01:10 info: Connected to email server
2023-07-09 14:01:10 info: Connected to email server
2023-07-09 14:01:10 info: Connected to email server
2023-07-09 14:01:10 info: Connected to email server
2023-07-09 14:01:10 info: Connected to Database Successfully...
2023-07-09 14:01:20 info: [0mPOST /bid/64aaadffc177231fa41a85db [32m200[0m 3102.836 ms - 835[0m
2023-07-09 14:03:01 info: =================================
2023-07-09 14:03:01 info: ======= ENV: development =======
2023-07-09 14:03:01 info: 🚀 App listening on the port 3000
2023-07-09 14:03:01 info: =================================
2023-07-09 14:03:03 info: Connected to email server
2023-07-09 14:03:03 info: Connected to email server
2023-07-09 14:03:03 info: Connected to email server
2023-07-09 14:03:03 info: Connected to email server
2023-07-09 14:03:03 info: Connected to email server
2023-07-09 14:03:03 info: Connected to email server
2023-07-09 14:03:03 info: Connected to Database Successfully...
2023-07-09 14:03:23 error: [PUT] /bid/updateOutrightStatus/64aaaf9fd885e6cec5da624d >> StatusCode:: 401, Message:: UNAUTHORIZED_USER
2023-07-09 14:03:23 info: [0mPUT /bid/updateOutrightStatus/64aaaf9fd885e6cec5da624d [32m200[0m 295.353 ms - 75[0m
2023-07-09 14:03:33 info: Connected to email server
2023-07-09 14:03:34 error: [POST] /auth/login >> StatusCode:: 400, Message:: Cannot read properties of undefined (reading 'status')
2023-07-09 14:03:34 info: [0mPOST /auth/login [32m200[0m 559.938 ms - 587[0m
2023-07-09 14:03:39 error: [PUT] /bid/updateOutrightStatus/64aaaf9fd885e6cec5da624d >> StatusCode:: 400, Message:: BID_VALIDATION_ERROR
2023-07-09 14:03:39 info: [0mPUT /bid/updateOutrightStatus/64aaaf9fd885e6cec5da624d [32m200[0m 365.501 ms - 105[0m
2023-07-09 14:03:51 error: [PUT] /bid/updateOutrightStatus/64aaaf9fd885e6cec5da624d >> StatusCode:: 400, Message:: BID_VALIDATION_ERROR
2023-07-09 14:03:51 info: [0mPUT /bid/updateOutrightStatus/64aaaf9fd885e6cec5da624d [32m200[0m 1678.341 ms - 154[0m
2023-07-09 14:03:59 error: [PUT] /bid/updateOutrightStatus/64aaaf9fd885e6cec5da624d >> StatusCode:: 400, Message:: Cast to string failed for value "{ outright_status: 'completed' }" (type Object) at path "outright_status"
2023-07-09 14:03:59 info: [0mPUT /bid/updateOutrightStatus/64aaaf9fd885e6cec5da624d [32m200[0m 519.521 ms - 167[0m
2023-07-09 14:05:01 info: =================================
2023-07-09 14:05:01 info: ======= ENV: development =======
2023-07-09 14:05:01 info: 🚀 App listening on the port 3000
2023-07-09 14:05:01 info: =================================
2023-07-09 14:05:03 info: Connected to email server
2023-07-09 14:05:03 info: Connected to email server
2023-07-09 14:05:04 info: Connected to email server
2023-07-09 14:05:04 info: Connected to email server
2023-07-09 14:05:04 info: Connected to email server
2023-07-09 14:05:04 info: Connected to email server
2023-07-09 14:05:04 info: Connected to email server
2023-07-09 14:05:04 info: Connected to Database Successfully...
2023-07-09 14:05:10 info: [0mPUT /bid/updateOutrightStatus/64aaaf9fd885e6cec5da624d [32m200[0m 954.881 ms - 837[0m
2023-07-09 14:16:55 info: =================================
2023-07-09 14:16:55 info: ======= ENV: development =======
2023-07-09 14:16:55 info: 🚀 App listening on the port 3000
2023-07-09 14:16:55 info: =================================
2023-07-09 14:16:57 info: Connected to email server
2023-07-09 14:16:57 info: Connected to email server
2023-07-09 14:16:57 info: Connected to email server
2023-07-09 14:16:57 info: Connected to email server
2023-07-09 14:16:58 info: Connected to email server
2023-07-09 14:16:58 info: Connected to email server
2023-07-09 14:16:58 info: Connected to email server
2023-07-09 14:16:58 info: Connected to Database Successfully...
2023-07-09 14:17:02 error: [POST] /bid/requestMilestoneReview >> StatusCode:: 400, Message:: BID_NOT_FOUND
2023-07-09 14:17:03 info: [0mPOST /bid/requestMilestoneReview [32m200[0m 620.624 ms - 71[0m
2023-07-09 14:17:51 error: [POST] /auth/login >> StatusCode:: 400, Message:: Cannot read properties of undefined (reading 'status')
2023-07-09 14:17:51 info: [0mPOST /auth/login [32m200[0m 1177.123 ms - 587[0m
2023-07-09 14:17:59 info: [0mGET /users/profile [32m200[0m 575.723 ms - 469[0m
2023-07-09 14:18:07 error: [POST] /auth/login >> StatusCode:: 400, Message:: Cannot read properties of undefined (reading 'status')
2023-07-09 14:18:07 info: [0mPOST /auth/login [32m200[0m 540.533 ms - 587[0m
2023-07-09 14:18:22 info: [0mPOST /bid/requestMilestoneReview [32m200[0m 5119.005 ms - 80[0m
2023-07-09 14:20:04 info: =================================
2023-07-09 14:20:04 info: ======= ENV: development =======
2023-07-09 14:20:04 info: 🚀 App listening on the port 3000
2023-07-09 14:20:04 info: =================================
2023-07-09 14:20:06 info: Connected to email server
2023-07-09 14:20:06 info: Connected to email server
2023-07-09 14:20:06 info: Connected to email server
2023-07-09 14:20:06 info: Connected to email server
2023-07-09 14:20:06 info: Connected to email server
2023-07-09 14:20:06 info: Connected to email server
2023-07-09 14:20:06 info: Connected to email server
2023-07-09 14:20:06 info: Connected to Database Successfully...
2023-07-09 14:20:20 info: [0mPOST /bid/requestMilestoneReview [32m200[0m 4758.281 ms - 80[0m
2023-07-09 14:21:18 info: =================================
2023-07-09 14:21:18 info: ======= ENV: development =======
2023-07-09 14:21:18 info: 🚀 App listening on the port 3000
2023-07-09 14:21:18 info: =================================
2023-07-09 14:21:20 info: Connected to email server
2023-07-09 14:21:20 info: Connected to email server
2023-07-09 14:21:20 info: Connected to email server
2023-07-09 14:21:21 info: Connected to email server
2023-07-09 14:21:21 info: Connected to email server
2023-07-09 14:21:21 info: Connected to email server
2023-07-09 14:21:21 info: Connected to email server
2023-07-09 14:21:31 info: Connected to Database Successfully...
2023-07-09 14:21:41 info: [0mPOST /bid/requestMilestoneReview [32m200[0m 3985.288 ms - 80[0m
2023-07-09 14:22:31 info: =================================
2023-07-09 14:22:31 info: ======= ENV: development =======
2023-07-09 14:22:31 info: 🚀 App listening on the port 3000
2023-07-09 14:22:31 info: =================================
2023-07-09 14:22:33 info: Connected to email server
2023-07-09 14:22:33 info: Connected to email server
2023-07-09 14:22:33 info: Connected to email server
2023-07-09 14:22:33 info: Connected to email server
2023-07-09 14:22:33 info: Connected to email server
2023-07-09 14:22:34 info: Connected to email server
2023-07-09 14:22:34 info: Connected to Database Successfully...
2023-07-09 14:22:34 info: Connected to email server
2023-07-09 14:22:42 info: [0mPOST /bid/requestMilestoneReview [32m200[0m 4958.474 ms - 80[0m
2023-07-09 14:32:37 info: =================================
2023-07-09 14:32:37 info: ======= ENV: development =======
2023-07-09 14:32:37 info: 🚀 App listening on the port 3000
2023-07-09 14:32:37 info: =================================
2023-07-09 14:32:39 info: Connected to email server
2023-07-09 14:32:39 info: Connected to email server
2023-07-09 14:32:40 info: Connected to email server
2023-07-09 14:32:40 info: Connected to email server
2023-07-09 14:32:40 info: Connected to email server
2023-07-09 14:32:40 info: Connected to email server
2023-07-09 14:32:40 info: Connected to email server
2023-07-09 14:32:40 info: Connected to Database Successfully...
2023-07-09 14:34:02 error: [POST] /profile/billing >> StatusCode:: 400, Message:: Unexpected token a in JSON at position 175
2023-07-09 14:34:02 info: [0mPOST /profile/billing [32m200[0m 29.165 ms - 99[0m
2023-07-09 14:34:10 info: [0mPOST /profile/billing [32m200[0m 1314.177 ms - 285[0m
2023-07-09 14:43:15 info: =================================
2023-07-09 14:43:15 info: ======= ENV: development =======
2023-07-09 14:43:15 info: 🚀 App listening on the port 3000
2023-07-09 14:43:15 info: =================================
2023-07-09 14:43:17 info: Connected to email server
2023-07-09 14:43:17 info: Connected to email server
2023-07-09 14:43:17 info: Connected to email server
2023-07-09 14:43:17 info: Connected to email server
2023-07-09 14:43:17 info: Connected to email server
2023-07-09 14:43:17 info: Connected to email server
2023-07-09 14:43:17 info: Connected to email server
2023-07-09 14:43:17 info: Connected to Database Successfully...
2023-07-09 14:43:48 error: [POST] /rate/649d8098710df4ac8c134d0e >> StatusCode:: 400, Message:: RATING_VALIDATION_ERROR
2023-07-09 14:43:48 info: [0mPOST /rate/649d8098710df4ac8c134d0e [32m200[0m 415.672 ms - 111[0m
2023-07-09 14:44:02 error: [POST] /rate/649d8098710df4ac8c134d0e >> StatusCode:: 400, Message:: RATING_VALIDATION_ERROR
2023-07-09 14:44:02 info: [0mPOST /rate/649d8098710df4ac8c134d0e [32m200[0m 399.917 ms - 106[0m
2023-07-09 14:44:16 info: [0mPOST /rate/649d8098710df4ac8c134d0e [32m200[0m 583.472 ms - 227[0m
2023-07-09 14:46:08 info: =================================
2023-07-09 14:46:08 info: ======= ENV: development =======
2023-07-09 14:46:08 info: 🚀 App listening on the port 3000
2023-07-09 14:46:08 info: =================================
2023-07-09 14:46:10 info: Connected to email server
2023-07-09 14:46:10 info: Connected to email server
2023-07-09 14:46:10 info: Connected to email server
2023-07-09 14:46:10 info: Connected to email server
2023-07-09 14:46:10 info: Connected to email server
2023-07-09 14:46:10 info: Connected to email server
2023-07-09 14:46:10 info: Connected to email server
2023-07-09 14:46:10 info: Connected to Database Successfully...
2023-07-09 14:46:19 error: [POST] /rate/649d8098710df4ac8c134d0e >> StatusCode:: 400, Message:: USER_NOT_FOUND
2023-07-09 14:46:19 info: [0mPOST /rate/649d8098710df4ac8c134d0e [32m200[0m 482.400 ms - 72[0m
2023-07-09 14:46:40 error: [POST] /auth/login >> StatusCode:: 400, Message:: Cannot read properties of undefined (reading 'status')
2023-07-09 14:46:40 info: [0mPOST /auth/login [32m200[0m 816.890 ms - 587[0m
2023-07-09 14:46:44 info: [0mGET /users/profile [32m200[0m 432.113 ms - 505[0m
2023-07-09 14:47:00 error: [POST] /auth/login >> StatusCode:: 400, Message:: Cannot read properties of undefined (reading 'status')
2023-07-09 14:47:00 info: [0mPOST /auth/login [32m200[0m 673.380 ms - 587[0m
2023-07-09 14:47:08 info: [0mPOST /rate/64aaadcbc177231fa41a85d2 [32m200[0m 660.387 ms - 227[0m
2023-07-09 14:48:41 info: =================================
2023-07-09 14:48:41 info: ======= ENV: development =======
2023-07-09 14:48:41 info: 🚀 App listening on the port 3000
2023-07-09 14:48:41 info: =================================
2023-07-09 14:48:43 info: Connected to email server
2023-07-09 14:48:43 info: Connected to email server
2023-07-09 14:48:43 info: Connected to email server
2023-07-09 14:48:43 info: Connected to email server
2023-07-09 14:48:43 info: Connected to email server
2023-07-09 14:48:43 info: Connected to email server
2023-07-09 14:48:43 info: Connected to Database Successfully...
2023-07-09 14:48:57 error: [GET] /rate/64aaadcbc177231fa41a85d2 >> StatusCode:: 404, Message:: The requested path /rate/64aaadcbc177231fa41a85d2 not found!
2023-07-09 14:48:57 info: [0mGET /rate/64aaadcbc177231fa41a85d2 [32m200[0m 20.059 ms - 118[0m
2023-07-09 14:49:14 info: Connected to email server
2023-07-09 14:49:21 info: [0mGET /rate/getRatingByUserId/64aaadcbc177231fa41a85d2 [32m200[0m 486.589 ms - 229[0m
2023-07-09 15:31:16 info: =================================
2023-07-09 15:31:16 info: ======= ENV: development =======
2023-07-09 15:31:16 info: 🚀 App listening on the port 3000
2023-07-09 15:31:16 info: =================================
2023-07-09 15:31:18 info: Connected to email server
2023-07-09 15:31:18 info: Connected to email server
2023-07-09 15:31:18 info: Connected to email server
2023-07-09 15:31:18 info: Connected to email server
2023-07-09 15:31:18 info: Connected to email server
2023-07-09 15:31:18 info: Connected to email server
2023-07-09 15:31:18 info: Connected to email server
2023-07-09 15:31:30 info: Connected to Database Successfully...
2023-07-09 15:33:09 info: =================================
2023-07-09 15:33:09 info: ======= ENV: development =======
2023-07-09 15:33:09 info: 🚀 App listening on the port 3000
2023-07-09 15:33:09 info: =================================
2023-07-09 15:33:12 info: Connected to email server
2023-07-09 15:33:12 info: Connected to email server
2023-07-09 15:33:12 info: Connected to email server
2023-07-09 15:33:12 info: Connected to email server
2023-07-09 15:33:12 info: Connected to email server
2023-07-09 15:33:12 info: Connected to email server
2023-07-09 15:33:12 info: Connected to email server
2023-07-09 15:33:13 info: Connected to Database Successfully...
2023-07-09 15:33:19 error: [POST] /service/proposal/647dce3a5fab941b6eff394e >> StatusCode:: 401, Message:: UNAUTHORIZED_USER
2023-07-09 15:33:19 info: [0mPOST /service/proposal/647dce3a5fab941b6eff394e [32m200[0m 301.431 ms - 75[0m
2023-07-09 15:33:28 error: [POST] /auth/login >> StatusCode:: 400, Message:: Cannot read properties of undefined (reading 'status')
2023-07-09 15:33:28 info: [0mPOST /auth/login [32m200[0m 714.708 ms - 587[0m
2023-07-09 15:33:36 info: [0mGET /service [32m200[0m 230.822 ms - 175[0m
2023-07-09 15:33:45 error: [POST] /auth/login >> StatusCode:: 400, Message:: Cannot read properties of undefined (reading 'status')
2023-07-09 15:33:45 info: [0mPOST /auth/login [32m200[0m 2447.878 ms - 587[0m
2023-07-09 15:33:49 info: [0mPOST /service [32m200[0m 886.561 ms - 786[0m
2023-07-09 15:33:56 error: [POST] /auth/login >> StatusCode:: 400, Message:: Cannot read properties of undefined (reading 'status')
2023-07-09 15:33:56 info: [0mPOST /auth/login [32m200[0m 741.522 ms - 587[0m
2023-07-09 15:34:01 info: [0mGET /service [32m200[0m 530.128 ms - -[0m
2023-07-09 15:34:20 info: [0mPOST /service/proposal/647dce3a5fab941b6eff394e [32m200[0m 981.344 ms - 294[0m
2023-07-09 15:36:07 info: =================================
2023-07-09 15:36:07 info: ======= ENV: development =======
2023-07-09 15:36:07 info: 🚀 App listening on the port 3000
2023-07-09 15:36:07 info: =================================
2023-07-09 15:36:09 info: Connected to email server
2023-07-09 15:36:09 info: Connected to email server
2023-07-09 15:36:09 info: Connected to email server
2023-07-09 15:36:09 info: Connected to email server
2023-07-09 15:36:09 info: Connected to email server
2023-07-09 15:36:09 info: Connected to email server
2023-07-09 15:36:09 info: Connected to email server
2023-07-09 15:36:10 info: Connected to Database Successfully...
2023-07-09 15:36:18 error: [POST] /service/proposal/647dce3a5fab941b6eff394e >> StatusCode:: 400, Message:: SERVICE_NOT_FOUND
2023-07-09 15:36:18 info: [0mPOST /service/proposal/647dce3a5fab941b6eff394e [32m200[0m 581.722 ms - 75[0m
2023-07-09 15:36:26 info: [0mPOST /service/proposal/64aac54cc073a28e1d44ec93 [32m200[0m 2328.325 ms - 294[0m
2023-07-09 15:43:32 info: =================================
2023-07-09 15:43:32 info: ======= ENV: development =======
2023-07-09 15:43:32 info: 🚀 App listening on the port 3000
2023-07-09 15:43:32 info: =================================
2023-07-09 15:43:34 info: Connected to email server
2023-07-09 15:43:34 info: Connected to email server
2023-07-09 15:43:34 info: Connected to email server
2023-07-09 15:43:34 info: Connected to email server
2023-07-09 15:43:34 info: Connected to email server
2023-07-09 15:43:34 info: Connected to email server
2023-07-09 15:43:34 info: Connected to email server
2023-07-09 15:43:35 info: Connected to Database Successfully...
2023-07-09 15:43:46 error: [GET] /service/proposals >> StatusCode:: 400, Message:: id can not be empty
2023-07-09 15:43:46 info: [0mGET /service/proposals [32m200[0m 555.183 ms - 77[0m
2023-07-09 15:43:53 error: [GET] /service/proposals/ >> StatusCode:: 400, Message:: id can not be empty
2023-07-09 15:43:53 info: [0mGET /service/proposals/ [32m200[0m 285.200 ms - 77[0m
2023-07-09 15:44:03 error: [GET] /service/proposals/64aac54cc073a28e1d44ec93 >> StatusCode:: 404, Message:: The requested path /service/proposals/64aac54cc073a28e1d44ec93 not found!
2023-07-09 15:44:03 info: [0mGET /service/proposals/64aac54cc073a28e1d44ec93 [32m200[0m 1.424 ms - 131[0m
2023-07-09 15:44:36 info: =================================
2023-07-09 15:44:36 info: ======= ENV: development =======
2023-07-09 15:44:36 info: 🚀 App listening on the port 3000
2023-07-09 15:44:36 info: =================================
2023-07-09 15:44:38 info: Connected to email server
2023-07-09 15:44:38 info: Connected to email server
2023-07-09 15:44:38 info: Connected to email server
2023-07-09 15:44:38 info: Connected to email server
2023-07-09 15:44:38 info: Connected to email server
2023-07-09 15:44:38 info: Connected to email server
2023-07-09 15:44:38 info: Connected to email server
2023-07-09 15:44:39 info: Connected to Database Successfully...
2023-07-09 15:44:43 info: [0mGET /service/proposals/64aac54cc073a28e1d44ec93 [32m200[0m 498.311 ms - 296[0m
2023-07-09 15:58:36 info: =================================
2023-07-09 15:58:36 info: ======= ENV: development =======
2023-07-09 15:58:36 info: 🚀 App listening on the port 3000
2023-07-09 15:58:36 info: =================================
2023-07-09 15:58:38 info: Connected to email server
2023-07-09 15:58:38 info: Connected to email server
2023-07-09 15:58:39 info: Connected to email server
2023-07-09 15:58:39 info: Connected to email server
2023-07-09 15:58:39 info: Connected to email server
2023-07-09 15:58:39 info: Connected to email server
2023-07-09 15:58:39 info: Connected to email server
2023-07-09 15:58:40 info: Connected to Database Successfully...
2023-07-09 15:59:21 error: [PUT] /service/proposal/64aac54cc073a28e1d44ec93 >> StatusCode:: 400, Message:: SERVICE_VALIDATION_ERROR
2023-07-09 15:59:21 info: [0mPUT /service/proposal/64aac54cc073a28e1d44ec93 [32m200[0m 391.451 ms - 109[0m
2023-07-09 16:00:53 info: =================================
2023-07-09 16:00:53 info: ======= ENV: development =======
2023-07-09 16:00:53 info: 🚀 App listening on the port 3000
2023-07-09 16:00:53 info: =================================
2023-07-09 16:00:55 info: Connected to email server
2023-07-09 16:00:55 info: Connected to email server
2023-07-09 16:00:55 info: Connected to email server
2023-07-09 16:00:55 info: Connected to email server
2023-07-09 16:00:55 info: Connected to email server
2023-07-09 16:00:55 info: Connected to email server
2023-07-09 16:00:55 info: Connected to email server
2023-07-09 16:00:55 info: Connected to Database Successfully...
2023-07-09 16:01:08 info: =================================
2023-07-09 16:01:08 info: ======= ENV: development =======
2023-07-09 16:01:08 info: 🚀 App listening on the port 3000
2023-07-09 16:01:08 info: =================================
2023-07-09 16:01:11 info: Connected to email server
2023-07-09 16:01:11 info: Connected to email server
2023-07-09 16:01:11 info: Connected to email server
2023-07-09 16:01:11 info: Connected to email server
2023-07-09 16:01:11 info: Connected to email server
2023-07-09 16:01:11 info: Connected to email server
2023-07-09 16:01:11 info: Connected to email server
2023-07-09 16:01:11 info: Connected to Database Successfully...
2023-07-09 16:01:54 error: [PUT] /service/proposal/64aac54cc073a28e1d44ec93 >> StatusCode:: 400, Message:: SERVICE_PROPOSAL_NOT_FOUND
2023-07-09 16:01:54 info: [0mPUT /service/proposal/64aac54cc073a28e1d44ec93 [32m200[0m 564.785 ms - 84[0m
2023-07-09 16:02:23 info: [0mPUT /service/proposal/64aac5ea18004353252e08fd [32m200[0m 1443.045 ms - 291[0m
2023-07-09 16:17:51 info: =================================
2023-07-09 16:17:51 info: ======= ENV: development =======
2023-07-09 16:17:51 info: 🚀 App listening on the port 3000
2023-07-09 16:17:51 info: =================================
2023-07-09 16:17:53 info: Connected to email server
2023-07-09 16:17:53 info: Connected to email server
2023-07-09 16:17:53 info: Connected to email server
2023-07-09 16:17:53 info: Connected to email server
2023-07-09 16:17:53 info: Connected to email server
2023-07-09 16:17:53 info: Connected to email server
2023-07-09 16:17:55 info: Connected to Database Successfully...
2023-07-09 16:18:24 info: Connected to email server
2023-07-09 16:18:24 info: Connected to email server
2023-07-09 16:18:50 info: =================================
2023-07-09 16:18:50 info: ======= ENV: development =======
2023-07-09 16:18:50 info: 🚀 App listening on the port 3000
2023-07-09 16:18:50 info: =================================
2023-07-09 16:18:52 info: Connected to email server
2023-07-09 16:18:52 info: Connected to email server
2023-07-09 16:18:52 info: Connected to email server
2023-07-09 16:18:52 info: Connected to email server
2023-07-09 16:18:52 info: Connected to email server
2023-07-09 16:18:52 info: Connected to email server
2023-07-09 16:18:52 info: Connected to email server
2023-07-09 16:18:52 info: Connected to email server
2023-07-09 16:18:57 info: Connected to Database Successfully...
2023-07-09 16:20:05 info: =================================
2023-07-09 16:20:05 info: ======= ENV: development =======
2023-07-09 16:20:05 info: 🚀 App listening on the port 3000
2023-07-09 16:20:05 info: =================================
2023-07-09 16:20:07 info: Connected to email server
2023-07-09 16:20:07 info: Connected to email server
2023-07-09 16:20:07 info: Connected to email server
2023-07-09 16:20:07 info: Connected to email server
2023-07-09 16:20:07 info: Connected to email server
2023-07-09 16:20:07 info: Connected to email server
2023-07-09 16:20:07 info: Connected to email server
2023-07-09 16:20:11 info: Connected to Database Successfully...
2023-07-09 16:20:17 error: [POST] /service/payment >> StatusCode:: 404, Message:: The requested path /service/payment not found!
2023-07-09 16:20:17 info: [0mPOST /service/payment [32m200[0m 32.270 ms - 104[0m
2023-07-09 16:20:42 info: =================================
2023-07-09 16:20:42 info: ======= ENV: development =======
2023-07-09 16:20:42 info: 🚀 App listening on the port 3000
2023-07-09 16:20:42 info: =================================
2023-07-09 16:20:44 info: Connected to email server
2023-07-09 16:20:45 info: Connected to email server
2023-07-09 16:20:45 info: Connected to email server
2023-07-09 16:20:45 info: Connected to email server
2023-07-09 16:20:45 info: Connected to email server
2023-07-09 16:20:45 info: Connected to email server
2023-07-09 16:20:45 info: Connected to email server
2023-07-09 16:20:45 info: Connected to email server
2023-07-09 16:20:45 info: Connected to Database Successfully...
2023-07-09 16:21:19 error: [POST] /service/payment >> StatusCode:: 400, Message:: SERVICE_PROPOSAL_NOT_FOUND
2023-07-09 16:21:19 info: [0mPOST /service/payment [32m200[0m 580.180 ms - 84[0m
2023-07-09 16:21:32 error: [POST] /service/payment >> StatusCode:: 400, Message:: SERVICE_PROPOSAL_NOT_FOUND
2023-07-09 16:21:32 info: [0mPOST /service/payment [32m200[0m 451.134 ms - 84[0m
2023-07-09 16:23:17 info: =================================
2023-07-09 16:23:17 info: ======= ENV: development =======
2023-07-09 16:23:17 info: 🚀 App listening on the port 3000
2023-07-09 16:23:17 info: =================================
2023-07-09 16:23:19 info: Connected to email server
2023-07-09 16:23:19 info: Connected to email server
2023-07-09 16:23:19 info: Connected to email server
2023-07-09 16:23:19 info: Connected to email server
2023-07-09 16:23:19 info: Connected to email server
2023-07-09 16:23:19 info: Connected to email server
2023-07-09 16:23:19 info: Connected to email server
2023-07-09 16:23:19 info: Connected to email server
2023-07-09 16:23:19 info: Connected to Database Successfully...
2023-07-09 16:23:26 error: [POST] /service/payment >> StatusCode:: 400, Message:: AMOUNT_LESS_THAN_PROPOSAL_AMOUNT
2023-07-09 16:23:26 info: [0mPOST /service/payment [32m200[0m 2257.602 ms - 90[0m
2023-07-09 16:23:40 info: [0mPOST /service/payment [32m200[0m 1989.576 ms - 163[0m
