2023-03-24 09:14:55 info: =================================
2023-03-24 09:14:55 info: ======= ENV: development =======
2023-03-24 09:14:55 info: 🚀 App listening on the port 3000
2023-03-24 09:14:55 info: =================================
2023-03-24 09:14:57 info: Connected to email server
2023-03-24 09:14:58 info: Connected to Database Successfully...
2023-03-24 09:17:27 error: [POST] /auth/login >> StatusCode:: 400, Message:: Cannot read properties of undefined (reading 'status')
2023-03-24 09:17:27 info: [0mPOST /auth/login [32m200[0m 921.336 ms - 587[0m
2023-03-24 09:17:36 info: [0mGET /users/profile [32m200[0m 582.471 ms - 313[0m
2023-03-24 09:18:06 error: [POST] /profile >> StatusCode:: 400, Message:: Unexpected token } in JSON at position 382
2023-03-24 09:18:06 info: [0mPOST /profile [32m200[0m 4.271 ms - 99[0m
2023-03-24 09:18:25 error: [POST] /profile >> StatusCode:: 400, Message:: Profile validation failed: billing.payment_method: Path `billing.payment_method` is required., billing.hourly_rate: Path `billing.hourly_rate` is required., billing.per_annum: Path `billing.per_annum` is required., identity.proof_of_address: Path `identity.proof_of_address` is required., identity.proof_of_identity: Path `identity.proof_of_identity` is required., work_preference.work_preference: Path `work_preference.work_preference` is required., work_preference.work_timezone: Path `work_preference.work_timezone` is required., work_preference.work_location: Path `work_preference.work_location` is required., work_preference.team_size: Path `work_preference.team_size` is required., work_preference.project_duration: Path `work_preference.project_duration` is required., work_preference.company_size: Path `work_preference.company_size` is required., work_preference.company_culture: Path `work_preference.company_culture` is required., work_preference.industry_type: Path `work_preference.industry_type` is required., address.state: Path `address.state` is required., address.city: Path `address.city` is required., address.line1: Path `address.line1` is required.
2023-03-24 09:18:25 info: [0mPOST /profile [32m200[0m 453.365 ms - -[0m
2023-03-24 09:19:56 info: =================================
2023-03-24 09:19:56 info: ======= ENV: development =======
2023-03-24 09:19:56 info: 🚀 App listening on the port 3000
2023-03-24 09:19:56 info: =================================
2023-03-24 09:19:59 info: Connected to email server
2023-03-24 09:19:59 info: Connected to Database Successfully...
2023-03-24 09:20:05 error: [RangeError] >> Maximum call stack size exceeded
2023-03-24 09:20:41 info: =================================
2023-03-24 09:20:41 info: ======= ENV: development =======
2023-03-24 09:20:41 info: 🚀 App listening on the port 3000
2023-03-24 09:20:41 info: =================================
2023-03-24 09:20:44 info: Connected to email server
2023-03-24 09:20:49 info: Connected to Database Successfully...
2023-03-24 09:20:55 error: [RangeError] >> Maximum call stack size exceeded
2023-03-24 09:21:36 info: =================================
2023-03-24 09:21:36 info: ======= ENV: development =======
2023-03-24 09:21:36 info: 🚀 App listening on the port 3000
2023-03-24 09:21:36 info: =================================
2023-03-24 09:21:38 info: Connected to email server
2023-03-24 09:21:39 info: Connected to Database Successfully...
2023-03-24 09:25:20 info: =================================
2023-03-24 09:25:20 info: ======= ENV: development =======
2023-03-24 09:25:20 info: 🚀 App listening on the port 3000
2023-03-24 09:25:21 info: =================================
2023-03-24 09:25:23 info: Connected to email server
2023-03-24 09:25:28 info: Connected to Database Successfully...
2023-03-24 09:25:35 error: [RangeError] >> Maximum call stack size exceeded
2023-03-24 09:28:51 info: =================================
2023-03-24 09:28:51 info: ======= ENV: development =======
2023-03-24 09:28:51 info: 🚀 App listening on the port 3000
2023-03-24 09:28:51 info: =================================
2023-03-24 09:28:54 info: Connected to email server
2023-03-24 09:28:54 info: Connected to Database Successfully...
2023-03-24 09:29:51 info: =================================
2023-03-24 09:29:51 info: ======= ENV: development =======
2023-03-24 09:29:51 info: 🚀 App listening on the port 3000
2023-03-24 09:29:51 info: =================================
2023-03-24 09:29:53 info: Connected to email server
2023-03-24 09:30:03 info: Connected to Database Successfully...
2023-03-24 09:30:07 error: [POST] /profile >> StatusCode:: 400, Message:: Something went wrong
2023-03-24 09:30:07 info: [0mPOST /profile [32m200[0m 255.755 ms - 77[0m
2023-03-24 09:31:55 info: =================================
2023-03-24 09:31:55 info: ======= ENV: development =======
2023-03-24 09:31:55 info: 🚀 App listening on the port 3000
2023-03-24 09:31:55 info: =================================
2023-03-24 09:32:13 info: Connected to Database Successfully...
2023-03-24 09:32:28 info: Connected to email server
2023-03-24 09:38:27 info: =================================
2023-03-24 09:38:27 info: ======= ENV: development =======
2023-03-24 09:38:27 info: 🚀 App listening on the port 3000
2023-03-24 09:38:27 info: =================================
2023-03-24 09:38:29 info: Connected to email server
2023-03-24 09:38:30 info: Connected to Database Successfully...
2023-03-24 09:38:36 error: [POST] /profile >> StatusCode:: 400, Message:: Profile validation failed: address.state: Path `address.state` is required., address.city: Path `address.city` is required., address.line1: Path `address.line1` is required.
2023-03-24 09:38:36 info: [0mPOST /profile [32m200[0m 563.756 ms - 230[0m
2023-03-24 09:39:01 info: [0mPOST /profile [32m200[0m 965.317 ms - 578[0m
2023-03-24 09:43:53 info: =================================
2023-03-24 09:43:53 info: ======= ENV: development =======
2023-03-24 09:43:53 info: 🚀 App listening on the port 3000
2023-03-24 09:43:53 info: =================================
2023-03-24 09:43:56 info: Connected to email server
2023-03-24 09:44:05 info: Connected to Database Successfully...
2023-03-24 09:44:37 info: =================================
2023-03-24 09:44:37 info: ======= ENV: development =======
2023-03-24 09:44:37 info: 🚀 App listening on the port 3000
2023-03-24 09:44:37 info: =================================
2023-03-24 09:44:39 info: Connected to email server
2023-03-24 09:44:49 info: Connected to Database Successfully...
2023-03-24 09:44:50 error: [GET] /reload_db >> StatusCode:: 400, Message:: User validation failed: password: Path `password` (`johndoe`) is shorter than the minimum allowed length (8).
2023-03-24 09:44:50 info: [0mGET /reload_db [32m200[0m 1460.960 ms - 166[0m
2023-03-24 09:45:07 error: [GET] /reload_db >> StatusCode:: 400, Message:: User validation failed: password: Path `password` (`johndoe`) is shorter than the minimum allowed length (8).
2023-03-24 09:45:07 info: [0mGET /reload_db [32m200[0m 1416.315 ms - 166[0m
2023-03-24 09:45:23 info: =================================
2023-03-24 09:45:23 info: ======= ENV: development =======
2023-03-24 09:45:23 info: 🚀 App listening on the port 3000
2023-03-24 09:45:23 info: =================================
2023-03-24 09:45:25 info: Connected to email server
2023-03-24 09:45:25 info: Connected to Database Successfully...
2023-03-24 09:45:32 info: [0mGET /reload_db [32m200[0m 812.165 ms - 74[0m
2023-03-24 09:45:41 error: [POST] /auth/login >> StatusCode:: 400, Message:: Incorrect email or password
2023-03-24 09:45:41 info: [0mPOST /auth/login [32m200[0m 282.123 ms - 85[0m
2023-03-24 09:47:03 info: =================================
2023-03-24 09:47:03 info: ======= ENV: development =======
2023-03-24 09:47:03 info: 🚀 App listening on the port 3000
2023-03-24 09:47:03 info: =================================
2023-03-24 09:47:06 info: Connected to email server
2023-03-24 09:47:11 info: Connected to Database Successfully...
2023-03-24 09:47:19 info: [0mGET /reload_db [32m200[0m 813.200 ms - 74[0m
2023-03-24 09:47:25 error: [POST] /auth/login >> StatusCode:: 400, Message:: Cannot read properties of undefined (reading 'status')
2023-03-24 09:47:25 info: [0mPOST /auth/login [32m200[0m 697.889 ms - 587[0m
2023-03-24 09:47:38 info: [0mPOST /profile [32m200[0m 1248.444 ms - 578[0m
2023-03-24 09:49:15 info: [0mGET /profile [32m200[0m 442.067 ms - 578[0m
2023-03-24 09:49:27 error: [PUT] /profile >> StatusCode:: 400, Message:: Cast to embedded failed for value "English" (type string) at path "languages" because of "ObjectParameterError"
2023-03-24 09:49:27 info: [0mPUT /profile [32m200[0m 466.046 ms - 174[0m
2023-03-24 09:50:16 info: [0mPUT /profile [32m200[0m 702.225 ms - 86[0m
2023-03-24 09:50:30 info: [0mGET /profile [32m200[0m 741.759 ms - 578[0m
2023-03-24 09:52:03 info: =================================
2023-03-24 09:52:03 info: ======= ENV: development =======
2023-03-24 09:52:03 info: 🚀 App listening on the port 3000
2023-03-24 09:52:03 info: =================================
2023-03-24 09:52:05 info: Connected to email server
2023-03-24 09:52:11 info: Connected to Database Successfully...
2023-03-24 09:52:30 info: =================================
2023-03-24 09:52:30 info: ======= ENV: development =======
2023-03-24 09:52:30 info: 🚀 App listening on the port 3000
2023-03-24 09:52:30 info: =================================
2023-03-24 09:52:32 info: Connected to email server
2023-03-24 09:52:32 info: Connected to Database Successfully...
2023-03-24 09:52:42 info: [0mPUT /profile [32m200[0m 792.664 ms - 86[0m
2023-03-24 09:54:52 info: =================================
2023-03-24 09:54:52 info: ======= ENV: development =======
2023-03-24 09:54:52 info: 🚀 App listening on the port 3000
2023-03-24 09:54:52 info: =================================
2023-03-24 09:54:54 info: Connected to email server
2023-03-24 09:54:55 info: Connected to Database Successfully...
2023-03-24 09:55:26 info: [0mPUT /profile [32m200[0m 749.856 ms - 86[0m
2023-03-24 09:55:52 info: [0mGET /profile [32m200[0m 1193.897 ms - 578[0m
2023-03-24 09:56:17 info: =================================
2023-03-24 09:56:17 info: ======= ENV: development =======
2023-03-24 09:56:17 info: 🚀 App listening on the port 3000
2023-03-24 09:56:17 info: =================================
2023-03-24 09:56:19 info: Connected to email server
2023-03-24 09:56:20 info: Connected to Database Successfully...
2023-03-24 09:56:24 info: [0mGET /profile [32m200[0m 472.937 ms - 578[0m
2023-03-24 09:56:30 info: [0mPUT /profile [32m200[0m 885.914 ms - 86[0m
2023-03-24 14:59:22 info: =================================
2023-03-24 14:59:22 info: ======= ENV: development =======
2023-03-24 14:59:22 info: 🚀 App listening on the port 3000
2023-03-24 14:59:22 info: =================================
2023-03-24 14:59:24 info: Connected to email server
2023-03-24 14:59:35 info: Connected to Database Successfully...
2023-03-24 15:01:19 info: [0mGET /users/profile [32m200[0m 483.339 ms - 323[0m
2023-03-24 15:01:33 error: [POST] /profile >> StatusCode:: 400, Message:: USER_ALREADY_HAS_PROFILE
2023-03-24 15:01:33 info: [0mPOST /profile [32m200[0m 470.694 ms - 82[0m
2023-03-24 15:01:39 info: [0mPUT /profile [32m200[0m 765.868 ms - 86[0m
2023-03-24 15:02:09 info: [0mGET /profile [32m200[0m 431.123 ms - 578[0m
2023-03-24 15:02:34 info: =================================
2023-03-24 15:02:34 info: ======= ENV: development =======
2023-03-24 15:02:34 info: 🚀 App listening on the port 3000
2023-03-24 15:02:34 info: =================================
2023-03-24 15:02:37 info: Connected to email server
2023-03-24 15:02:42 info: Connected to Database Successfully...
2023-03-24 15:02:46 info: [0mGET /profile [32m200[0m 483.605 ms - 578[0m
2023-03-24 15:02:53 info: [0mPUT /profile [32m200[0m 943.295 ms - 86[0m
2023-03-24 15:03:16 info: [0mGET /profile [32m200[0m 460.117 ms - 578[0m
2023-03-24 15:04:14 info: =================================
2023-03-24 15:04:14 info: ======= ENV: development =======
2023-03-24 15:04:14 info: 🚀 App listening on the port 3000
2023-03-24 15:04:14 info: =================================
2023-03-24 15:04:17 info: Connected to email server
2023-03-24 15:04:28 info: Connected to Database Successfully...
2023-03-24 15:05:52 info: =================================
2023-03-24 15:05:52 info: ======= ENV: development =======
2023-03-24 15:05:52 info: 🚀 App listening on the port 3000
2023-03-24 15:05:52 info: =================================
2023-03-24 15:05:55 info: Connected to email server
2023-03-24 15:06:00 info: Connected to Database Successfully...
2023-03-24 15:06:07 info: [0mPATCH /profile [32m200[0m 769.513 ms - 86[0m
2023-03-24 15:06:39 info: =================================
2023-03-24 15:06:39 info: ======= ENV: development =======
2023-03-24 15:06:39 info: 🚀 App listening on the port 3000
2023-03-24 15:06:39 info: =================================
2023-03-24 15:06:41 info: Connected to email server
2023-03-24 15:06:42 info: Connected to Database Successfully...
2023-03-24 15:06:52 info: [0mPATCH /profile [32m200[0m 805.465 ms - 86[0m
2023-03-24 15:12:37 info: =================================
2023-03-24 15:12:37 info: ======= ENV: development =======
2023-03-24 15:12:37 info: 🚀 App listening on the port 3000
2023-03-24 15:12:37 info: =================================
2023-03-24 15:12:40 info: Connected to email server
2023-03-24 15:12:45 info: Connected to Database Successfully...
2023-03-24 15:13:31 info: [0mPATCH /profile [32m200[0m 877.460 ms - 86[0m
2023-03-24 15:13:52 info: [0mGET /users/profile [32m200[0m 705.787 ms - 323[0m
2023-03-24 15:16:12 info: =================================
2023-03-24 15:16:12 info: ======= ENV: development =======
2023-03-24 15:16:12 info: 🚀 App listening on the port 3000
2023-03-24 15:16:12 info: =================================
2023-03-24 15:16:15 info: Connected to email server
2023-03-24 15:16:25 info: Connected to Database Successfully...
2023-03-24 15:17:36 info: =================================
2023-03-24 15:17:36 info: ======= ENV: development =======
2023-03-24 15:17:36 info: 🚀 App listening on the port 3000
2023-03-24 15:17:36 info: =================================
2023-03-24 15:17:39 info: Connected to email server
2023-03-24 15:17:44 info: Connected to Database Successfully...
2023-03-24 15:17:58 error: [PATCH] /profile >> StatusCode:: 400, Message:: PROFILE_REQUEST_ERROR
2023-03-24 15:17:58 info: [0mPATCH /profile [32m200[0m 1402.141 ms - 79[0m
2023-03-24 15:18:59 info: =================================
2023-03-24 15:18:59 info: ======= ENV: development =======
2023-03-24 15:18:59 info: 🚀 App listening on the port 3000
2023-03-24 15:18:59 info: =================================
2023-03-24 15:19:01 info: Connected to email server
2023-03-24 15:19:06 info: Connected to Database Successfully...
2023-03-24 15:19:23 info: [0mPATCH /profile [32m200[0m 743.906 ms - 74[0m
2023-03-24 15:21:40 info: =================================
2023-03-24 15:21:40 info: ======= ENV: development =======
2023-03-24 15:21:40 info: 🚀 App listening on the port 3000
2023-03-24 15:21:40 info: =================================
2023-03-24 15:21:43 info: Connected to email server
2023-03-24 15:21:43 info: Connected to Database Successfully...
2023-03-24 15:21:53 info: [0mPATCH /profile [32m200[0m 819.355 ms - 74[0m
2023-03-24 15:23:29 info: =================================
2023-03-24 15:23:29 info: ======= ENV: development =======
2023-03-24 15:23:29 info: 🚀 App listening on the port 3000
2023-03-24 15:23:29 info: =================================
2023-03-24 15:23:31 info: Connected to email server
2023-03-24 15:23:41 info: Connected to Database Successfully...
2023-03-24 15:23:47 info: [0mPATCH /profile [32m200[0m 730.880 ms - 74[0m
2023-03-24 15:25:00 info: [0mPATCH /profile [32m200[0m 682.778 ms - 74[0m
2023-03-24 15:25:26 info: [0mPATCH /profile [32m200[0m 752.049 ms - 74[0m
2023-03-24 15:25:48 info: [0mGET /profile [32m200[0m 434.017 ms - 578[0m
2023-03-24 15:25:56 info: [0mGET /reload_db [32m200[0m 781.601 ms - 74[0m
2023-03-24 15:26:08 error: [POST] /auth/login >> StatusCode:: 400, Message:: Cannot read properties of undefined (reading 'status')
2023-03-24 15:26:08 info: [0mPOST /auth/login [32m200[0m 532.344 ms - 587[0m
2023-03-24 15:27:59 info: =================================
2023-03-24 15:27:59 info: ======= ENV: development =======
2023-03-24 15:27:59 info: 🚀 App listening on the port 3000
2023-03-24 15:27:59 info: =================================
2023-03-24 15:28:01 info: Connected to email server
2023-03-24 15:28:07 info: Connected to Database Successfully...
2023-03-24 15:28:12 error: [POST] /auth/login >> StatusCode:: 400, Message:: Cannot read properties of undefined (reading 'status')
2023-03-24 15:28:12 info: [0mPOST /auth/login [32m200[0m 600.145 ms - 587[0m
2023-03-24 15:28:47 error: [GET] /profile >> StatusCode:: 400, Message:: PROFILE_NOT_FOUND
2023-03-24 15:28:47 info: [0mGET /profile [32m200[0m 448.994 ms - 75[0m
2023-03-24 15:28:55 error: [POST] /auth/login >> StatusCode:: 400, Message:: Cannot read properties of undefined (reading 'status')
2023-03-24 15:28:55 info: [0mPOST /auth/login [32m200[0m 501.906 ms - 587[0m
2023-03-24 15:29:02 info: [0mPOST /profile [32m200[0m 1031.552 ms - 656[0m
2023-03-24 15:29:17 info: [0mPATCH /profile [32m200[0m 728.030 ms - 74[0m
2023-03-24 15:29:32 info: [0mGET /profile [32m200[0m 440.310 ms - 656[0m
2023-03-24 15:30:04 info: [0mGET /reload_db [32m200[0m 940.235 ms - 74[0m
2023-03-24 15:30:10 error: [POST] /auth/login >> StatusCode:: 400, Message:: Cannot read properties of undefined (reading 'status')
2023-03-24 15:30:10 info: [0mPOST /auth/login [32m200[0m 471.921 ms - 587[0m
2023-03-24 15:30:27 info: [0mPOST /profile [32m200[0m 1073.318 ms - -[0m
2023-03-24 15:30:53 info: [0mGET /profile [32m200[0m 473.382 ms - -[0m
2023-03-24 15:31:35 info: [0mPATCH /profile [32m200[0m 709.211 ms - 74[0m
2023-03-24 15:33:34 info: =================================
2023-03-24 15:33:34 info: ======= ENV: development =======
2023-03-24 15:33:34 info: 🚀 App listening on the port 3000
2023-03-24 15:33:34 info: =================================
2023-03-24 15:33:36 info: Connected to email server
2023-03-24 15:33:42 info: Connected to Database Successfully...
2023-03-24 15:33:54 error: [PATCH] /profile >> StatusCode:: 400, Message:: PROFILE_REQUEST_ERROR
2023-03-24 15:33:54 info: [0mPATCH /profile [32m200[0m 809.048 ms - 79[0m
2023-03-24 15:35:30 info: =================================
2023-03-24 15:35:30 info: ======= ENV: development =======
2023-03-24 15:35:30 info: 🚀 App listening on the port 3000
2023-03-24 15:35:30 info: =================================
2023-03-24 15:35:33 info: Connected to email server
2023-03-24 15:35:38 info: Connected to Database Successfully...
2023-03-24 15:35:46 info: [0mGET /profile [32m200[0m 608.374 ms - -[0m
2023-03-24 15:35:54 error: [PATCH] /profile >> StatusCode:: 400, Message:: Cast to ObjectId failed for value "{ user_id: '641db3eb9a9af65bf536649e' }" (type Object) at path "_id" for model "Profile"
2023-03-24 15:35:54 info: [0mPATCH /profile [32m200[0m 559.768 ms - 186[0m
2023-03-24 15:36:36 info: =================================
2023-03-24 15:36:36 info: ======= ENV: development =======
2023-03-24 15:36:36 info: 🚀 App listening on the port 3000
2023-03-24 15:36:36 info: =================================
2023-03-24 15:36:39 info: Connected to email server
2023-03-24 15:36:44 info: Connected to Database Successfully...
2023-03-24 15:36:50 info: [0mPATCH /profile [32m200[0m 1106.402 ms - -[0m
2023-03-24 15:37:25 info: [0mPATCH /profile [32m200[0m 754.109 ms - -[0m
2023-03-24 15:38:02 info: [0mPATCH /profile [32m200[0m 786.895 ms - -[0m
2023-03-24 15:38:15 info: [0mGET /profile [32m200[0m 446.948 ms - -[0m
2023-03-24 15:39:24 info: [0mPATCH /profile [32m200[0m 697.708 ms - -[0m
2023-03-24 15:40:08 info: [0mPATCH /profile [32m200[0m 686.323 ms - -[0m
