2023-11-19 08:24:03 info: =================================
2023-11-19 08:24:03 info: ======= ENV: development =======
2023-11-19 08:24:03 info: 🚀 App listening on the port 3000
2023-11-19 08:24:03 info: =================================
2023-11-19 08:24:05 info: Connected to email server
2023-11-19 08:24:05 info: Connected to email server
2023-11-19 08:24:05 info: Connected to email server
2023-11-19 08:24:05 info: Connected to email server
2023-11-19 08:24:05 info: Connected to email server
2023-11-19 08:24:05 info: Connected to email server
2023-11-19 08:24:05 info: Connected to email server
2023-11-19 08:24:05 info: Connected to email server
2023-11-19 08:24:05 info: Connected to email server
2023-11-19 08:24:05 info: Connected to email server
2023-11-19 08:24:05 info: Connected to email server
2023-11-19 08:24:05 info: Connected to email server
2023-11-19 08:24:11 info: Connected to Database Successfully...
2023-11-19 08:24:35 info: Connected to email server
2023-11-19 08:24:35 info: Connected to email server
2023-11-19 08:25:02 info: [0mGET /service [32m200[0m 553.046 ms - -[0m
2023-11-19 08:25:37 info: [0mGET /service?tools=Tool%201 [32m200[0m 329.229 ms - 179[0m
2023-11-19 08:25:44 info: [0mGET /service?category=Web%20Development [32m200[0m 1151.808 ms - -[0m
2023-11-19 08:35:07 info: [0mGET /service?headline=Professional%20Book%20Services [32m200[0m 563.228 ms - -[0m
2023-11-19 08:40:45 info: =================================
2023-11-19 08:40:45 info: ======= ENV: development =======
2023-11-19 08:40:45 info: 🚀 App listening on the port 3000
2023-11-19 08:40:45 info: =================================
2023-11-19 08:40:48 info: Connected to email server
2023-11-19 08:40:48 info: Connected to email server
2023-11-19 08:40:48 info: Connected to email server
2023-11-19 08:40:48 info: Connected to email server
2023-11-19 08:40:48 info: Connected to email server
2023-11-19 08:40:49 info: Connected to email server
2023-11-19 08:40:49 info: Connected to email server
2023-11-19 08:40:49 info: Connected to email server
2023-11-19 08:41:00 info: Connected to Database Successfully...
2023-11-19 08:41:04 info: [0mGET /service?title=Book%20Service%20Testing%202 [32m200[0m 601.632 ms - -[0m
2023-11-19 08:41:18 info: Connected to email server
2023-11-19 08:41:18 info: Connected to email server
2023-11-19 08:41:18 info: Connected to email server
2023-11-19 08:41:18 info: Connected to email server
2023-11-19 08:42:19 info: Connected to email server
2023-11-19 08:42:21 info: Connected to email server
2023-11-19 08:43:17 info: [0mGET /service?search=Book%20Service%20Testing%202 [32m200[0m 107080.202 ms - -[0m
2023-11-19 08:44:55 info: =================================
2023-11-19 08:44:55 info: ======= ENV: development =======
2023-11-19 08:44:55 info: 🚀 App listening on the port 3000
2023-11-19 08:44:55 info: =================================
2023-11-19 08:44:58 info: Connected to email server
2023-11-19 08:44:58 info: Connected to email server
2023-11-19 08:44:58 info: Connected to email server
2023-11-19 08:44:58 info: Connected to email server
2023-11-19 08:44:58 info: Connected to email server
2023-11-19 08:44:58 info: Connected to email server
2023-11-19 08:44:58 info: Connected to email server
2023-11-19 08:44:59 info: Connected to Database Successfully...
2023-11-19 08:45:04 info: [0mGET /service?search=Book%20Service%20Testing%202 [32m200[0m 715.838 ms - -[0m
2023-11-19 08:45:28 info: Connected to email server
2023-11-19 08:45:29 info: Connected to email server
2023-11-19 08:45:29 info: Connected to email server
2023-11-19 08:45:29 info: Connected to email server
2023-11-19 08:45:29 info: Connected to email server
2023-11-19 08:45:29 info: Connected to email server
2023-11-19 08:45:30 info: Connected to email server
2023-11-19 08:48:43 info: =================================
2023-11-19 08:48:43 info: ======= ENV: development =======
2023-11-19 08:48:43 info: 🚀 App listening on the port 3000
2023-11-19 08:48:43 info: =================================
2023-11-19 08:48:46 info: Connected to email server
2023-11-19 08:48:46 info: Connected to email server
2023-11-19 08:48:46 info: Connected to email server
2023-11-19 08:48:46 info: Connected to email server
2023-11-19 08:48:46 info: Connected to email server
2023-11-19 08:48:46 info: Connected to email server
2023-11-19 08:48:46 info: Connected to email server
2023-11-19 08:48:46 info: Connected to email server
2023-11-19 08:49:00 info: Connected to Database Successfully...
2023-11-19 08:49:03 error: [GET] /service >> StatusCode:: 400, Message:: Can't use $regex
2023-11-19 08:49:03 info: [0mGET /service?search=Book%20Service%20Testing%202 [32m200[0m 65.884 ms - 73[0m
2023-11-19 08:49:18 info: Connected to email server
2023-11-19 08:49:18 info: Connected to email server
2023-11-19 08:49:18 info: Connected to email server
2023-11-19 08:49:18 info: Connected to email server
2023-11-19 08:49:18 info: Connected to email server
2023-11-19 08:49:18 info: Connected to email server
2023-11-19 08:50:15 info: =================================
2023-11-19 08:50:15 info: ======= ENV: development =======
2023-11-19 08:50:15 info: 🚀 App listening on the port 3000
2023-11-19 08:50:15 info: =================================
2023-11-19 08:50:17 info: Connected to email server
2023-11-19 08:50:17 info: Connected to email server
2023-11-19 08:50:17 info: Connected to email server
2023-11-19 08:50:17 info: Connected to email server
2023-11-19 08:50:17 info: Connected to email server
2023-11-19 08:50:17 info: Connected to email server
2023-11-19 08:50:17 info: Connected to email server
2023-11-19 08:50:17 info: Connected to email server
2023-11-19 08:50:28 info: Connected to Database Successfully...
2023-11-19 08:50:31 error: [GET] /service >> StatusCode:: 400, Message:: Can't use $text
2023-11-19 08:50:31 info: [0mGET /service?search=Book%20Service%20Testing%202 [32m200[0m 50.462 ms - 72[0m
2023-11-19 08:50:57 info: =================================
2023-11-19 08:50:57 info: ======= ENV: development =======
2023-11-19 08:50:57 info: 🚀 App listening on the port 3000
2023-11-19 08:50:57 info: =================================
2023-11-19 08:51:00 info: Connected to email server
2023-11-19 08:51:00 info: Connected to email server
2023-11-19 08:51:00 info: Connected to email server
2023-11-19 08:51:00 info: Connected to email server
2023-11-19 08:51:00 info: Connected to email server
2023-11-19 08:51:00 info: Connected to email server
2023-11-19 08:51:01 info: Connected to email server
2023-11-19 08:51:01 info: Connected to email server
2023-11-19 08:51:01 info: Connected to email server
2023-11-19 08:51:02 info: Connected to email server
2023-11-19 08:51:02 info: Connected to email server
2023-11-19 08:51:02 info: Connected to email server
2023-11-19 08:51:02 info: Connected to email server
2023-11-19 08:51:02 info: Connected to email server
2023-11-19 08:51:05 info: Connected to Database Successfully...
2023-11-19 08:51:09 info: [0mGET /service?search=Book%20Service%20Testing%202 [32m200[0m 993.465 ms - -[0m
2023-11-19 08:52:13 info: =================================
2023-11-19 08:52:13 info: ======= ENV: development =======
2023-11-19 08:52:13 info: 🚀 App listening on the port 3000
2023-11-19 08:52:13 info: =================================
2023-11-19 08:52:21 info: Connected to email server
2023-11-19 08:52:21 info: Connected to email server
2023-11-19 08:52:21 info: Connected to email server
2023-11-19 08:52:21 info: Connected to email server
2023-11-19 08:52:22 info: Connected to email server
2023-11-19 08:52:22 info: Connected to email server
2023-11-19 08:52:22 info: Connected to email server
2023-11-19 08:52:22 info: Connected to email server
2023-11-19 08:52:23 info: Connected to email server
2023-11-19 08:52:25 info: Connected to Database Successfully...
2023-11-19 08:52:26 info: Connected to email server
2023-11-19 08:52:28 info: Connected to email server
2023-11-19 08:52:28 info: Connected to email server
2023-11-19 08:52:30 info: [0mGET /service?search=Book%20Service%20Testing%202 [32m200[0m 1494.058 ms - -[0m
2023-11-19 08:52:47 info: Connected to email server
2023-11-19 08:52:47 info: Connected to email server
2023-11-19 08:54:19 info: =================================
2023-11-19 08:54:19 info: ======= ENV: development =======
2023-11-19 08:54:19 info: 🚀 App listening on the port 3000
2023-11-19 08:54:19 info: =================================
2023-11-19 08:54:23 info: Connected to email server
2023-11-19 08:54:23 info: Connected to email server
2023-11-19 08:54:23 info: Connected to email server
2023-11-19 08:54:23 info: Connected to email server
2023-11-19 08:54:23 info: Connected to email server
2023-11-19 08:54:23 info: Connected to email server
2023-11-19 08:54:23 info: Connected to email server
2023-11-19 08:54:23 info: Connected to email server
2023-11-19 08:54:30 info: Connected to Database Successfully...
2023-11-19 08:54:35 info: [0mGET /service?search=Book%20Service%20Testing%202 [32m200[0m 1429.987 ms - -[0m
2023-11-19 08:54:51 info: Connected to email server
2023-11-19 08:54:51 info: Connected to email server
2023-11-19 08:54:51 info: Connected to email server
2023-11-19 08:54:51 info: Connected to email server
2023-11-19 08:54:51 info: Connected to email server
2023-11-19 08:54:51 info: Connected to email server
2023-11-19 08:57:00 info: =================================
2023-11-19 08:57:00 info: ======= ENV: development =======
2023-11-19 08:57:00 info: 🚀 App listening on the port 3000
2023-11-19 08:57:00 info: =================================
2023-11-19 08:57:02 info: Connected to email server
2023-11-19 08:57:03 info: Connected to email server
2023-11-19 08:57:03 info: Connected to email server
2023-11-19 08:57:03 info: Connected to email server
2023-11-19 08:57:03 info: Connected to email server
2023-11-19 08:57:03 info: Connected to email server
2023-11-19 08:57:03 info: Connected to email server
2023-11-19 08:57:03 info: Connected to email server
2023-11-19 08:57:03 info: Connected to email server
2023-11-19 08:57:03 info: Connected to email server
2023-11-19 08:57:03 info: Connected to email server
2023-11-19 08:57:03 info: Connected to Database Successfully...
2023-11-19 08:57:06 error: [GET] /service >> StatusCode:: 400, Message:: Can't use $regex
2023-11-19 08:57:06 info: [0mGET /service?search=Book%20Service%20Testing%202 [32m200[0m 55.396 ms - 73[0m
2023-11-19 08:57:32 info: Connected to email server
2023-11-19 08:57:32 info: Connected to email server
2023-11-19 08:57:32 info: Connected to email server
2023-11-19 08:58:35 info: =================================
2023-11-19 08:58:35 info: ======= ENV: development =======
2023-11-19 08:58:35 info: 🚀 App listening on the port 3000
2023-11-19 08:58:35 info: =================================
2023-11-19 08:58:37 info: Connected to email server
2023-11-19 08:58:37 info: Connected to email server
2023-11-19 08:58:37 info: Connected to email server
2023-11-19 08:58:37 info: Connected to email server
2023-11-19 08:58:37 info: Connected to email server
2023-11-19 08:58:37 info: Connected to email server
2023-11-19 08:58:37 info: Connected to email server
2023-11-19 08:58:37 info: Connected to email server
2023-11-19 08:58:48 info: Connected to Database Successfully...
2023-11-19 08:58:51 error: [GET] /service >> StatusCode:: 400, Message:: Cast to ObjectId failed for value "/book service testing 2/i" (type RegExp) at path "user_id" for model "Service"
2023-11-19 08:58:51 info: [0mGET /service?search=Book%20Service%20Testing%202 [32m200[0m 81.274 ms - 176[0m
2023-11-19 08:59:08 info: Connected to email server
2023-11-19 08:59:08 info: Connected to email server
2023-11-19 08:59:08 info: Connected to email server
2023-11-19 08:59:08 info: Connected to email server
2023-11-19 08:59:08 info: Connected to email server
2023-11-19 08:59:08 info: Connected to email server
2023-11-19 09:02:20 info: =================================
2023-11-19 09:02:20 info: ======= ENV: development =======
2023-11-19 09:02:20 info: 🚀 App listening on the port 3000
2023-11-19 09:02:20 info: =================================
2023-11-19 09:02:24 info: Connected to email server
2023-11-19 09:02:24 info: Connected to email server
2023-11-19 09:02:24 info: Connected to email server
2023-11-19 09:02:25 info: Connected to email server
2023-11-19 09:02:26 info: Connected to email server
2023-11-19 09:02:29 info: Connected to Database Successfully...
2023-11-19 09:02:41 error: [GET] /service >> StatusCode:: 400, Message:: Cast to Number failed for value "/book service testing 2/i" (type RegExp) at path "rating" for model "Service"
2023-11-19 09:02:41 info: [0mGET /service?search=Book%20Service%20Testing%202 [32m200[0m 102.568 ms - 173[0m
2023-11-19 09:02:52 info: Connected to email server
2023-11-19 09:02:52 info: Connected to email server
2023-11-19 09:02:52 info: Connected to email server
2023-11-19 09:02:52 info: Connected to email server
2023-11-19 09:02:53 info: Connected to email server
2023-11-19 09:02:53 info: Connected to email server
2023-11-19 09:02:53 info: Connected to email server
2023-11-19 09:02:53 info: Connected to email server
2023-11-19 09:02:53 info: Connected to email server
2023-11-19 09:03:33 info: =================================
2023-11-19 09:03:33 info: ======= ENV: development =======
2023-11-19 09:03:33 info: 🚀 App listening on the port 3000
2023-11-19 09:03:33 info: =================================
2023-11-19 09:03:36 info: Connected to email server
2023-11-19 09:03:36 info: Connected to email server
2023-11-19 09:03:36 info: Connected to email server
2023-11-19 09:03:36 info: Connected to email server
2023-11-19 09:03:36 info: Connected to email server
2023-11-19 09:03:36 info: Connected to email server
2023-11-19 09:03:36 info: Connected to email server
2023-11-19 09:03:36 info: Connected to email server
2023-11-19 09:03:46 info: Connected to Database Successfully...
2023-11-19 09:03:49 error: [GET] /service >> StatusCode:: 400, Message:: Cast to Number failed for value "/book service testing 2/i" (type RegExp) at path "rating" for model "Service"
2023-11-19 09:03:49 info: [0mGET /service?search=Book%20Service%20Testing%202 [32m200[0m 85.185 ms - 173[0m
2023-11-19 09:04:05 info: Connected to email server
2023-11-19 09:04:05 info: Connected to email server
2023-11-19 09:04:05 info: Connected to email server
2023-11-19 09:04:05 info: Connected to email server
2023-11-19 09:04:05 info: Connected to email server
2023-11-19 09:04:05 info: Connected to email server
2023-11-19 09:05:10 info: =================================
2023-11-19 09:05:10 info: ======= ENV: development =======
2023-11-19 09:05:10 info: 🚀 App listening on the port 3000
2023-11-19 09:05:10 info: =================================
2023-11-19 09:05:13 info: Connected to email server
2023-11-19 09:05:13 info: Connected to email server
2023-11-19 09:05:13 info: Connected to email server
2023-11-19 09:05:13 info: Connected to email server
2023-11-19 09:05:13 info: Connected to email server
2023-11-19 09:05:13 info: Connected to email server
2023-11-19 09:05:13 info: Connected to email server
2023-11-19 09:05:13 info: Connected to email server
2023-11-19 09:05:23 info: Connected to Database Successfully...
2023-11-19 09:05:27 info: [0mGET /service?search=Book%20Service%20Testing%202 [32m200[0m 680.019 ms - -[0m
2023-11-19 09:05:42 info: Connected to email server
2023-11-19 09:05:42 info: Connected to email server
2023-11-19 09:05:42 info: Connected to email server
2023-11-19 09:05:42 info: Connected to email server
2023-11-19 09:05:42 info: Connected to email server
2023-11-19 09:05:42 info: Connected to email server
