2023-04-07 12:05:36 info: =================================
2023-04-07 12:05:36 info: ======= ENV: development =======
2023-04-07 12:05:36 info: 🚀 App listening on the port 3000
2023-04-07 12:05:36 info: =================================
2023-04-07 12:05:38 info: Connected to Database Successfully...
2023-04-07 12:05:39 info: Connected to email server
2023-04-07 12:05:45 info: [0mGET /reload_db [32m200[0m 2926.207 ms - 74[0m
2023-04-07 12:05:51 info: [0mGET /job/skills [32m200[0m 3.791 ms - -[0m
2023-04-07 12:05:59 info: [0mGET /job/getAllJobs [32m200[0m 606.168 ms - 80[0m
2023-04-07 12:06:08 error: [POST] /auth/login >> StatusCode:: 400, Message:: Cannot read properties of undefined (reading 'status')
2023-04-07 12:06:08 info: [0mPOST /auth/login [32m200[0m 505.749 ms - 587[0m
2023-04-07 12:06:12 info: [0mPOST /job [32m200[0m 248.637 ms - -[0m
2023-04-07 12:09:09 info: =================================
2023-04-07 12:09:09 info: ======= ENV: development =======
2023-04-07 12:09:09 info: 🚀 App listening on the port 3000
2023-04-07 12:09:09 info: =================================
2023-04-07 12:09:11 info: Connected to email server
2023-04-07 12:09:22 info: Connected to Database Successfully...
2023-04-07 12:10:45 info: [0mGET /job/getAllJobs [32m200[0m 264.180 ms - -[0m
2023-04-07 12:10:58 info: [0mPOST /job/saveJob/642ff9249990e7776f7c8294 [32m200[0m 955.675 ms - 840[0m
2023-04-07 12:11:13 info: [0mGET /job/savedJobs [32m200[0m 428.660 ms - 842[0m
2023-04-07 12:11:26 error: [POST] /job/unSaveJob/642ff9249990e7776f7c8294 >> StatusCode:: 400, Message:: AUTHNETICATION_TOKEN_MISSING
2023-04-07 12:11:26 info: [0mPOST /job/unSaveJob/642ff9249990e7776f7c8294 [32m200[0m 1.870 ms - 86[0m
2023-04-07 12:11:34 error: [POST] /job/unSaveJob/642ff9249990e7776f7c8294 >> StatusCode:: 400, Message:: SAVED_JOB_NOT_FOUND
2023-04-07 12:11:34 info: [0mPOST /job/unSaveJob/642ff9249990e7776f7c8294 [32m200[0m 504.576 ms - 77[0m
2023-04-07 12:11:57 info: [0mPOST /job/unSaveJob/642ffa4125038288e926e57a [32m200[0m 612.785 ms - 70[0m
2023-04-07 12:12:02 info: [0mGET /job/savedJobs [32m200[0m 462.468 ms - 80[0m
2023-04-07 12:12:44 error: [GET] /job/mostRecents >> StatusCode:: 400, Message:: Cannot read properties of undefined (reading 'skills')
2023-04-07 12:12:44 info: [0mGET /job/mostRecents [32m200[0m 434.734 ms - 111[0m
2023-04-07 12:13:14 error: [GET] /job/mostRecents >> StatusCode:: 400, Message:: Cannot read properties of undefined (reading 'skills')
2023-04-07 12:13:14 info: [0mGET /job/mostRecents [32m200[0m 620.836 ms - 111[0m
2023-04-07 12:13:29 info: =================================
2023-04-07 12:13:29 info: ======= ENV: development =======
2023-04-07 12:13:29 info: 🚀 App listening on the port 3000
2023-04-07 12:13:29 info: =================================
2023-04-07 12:13:31 info: Connected to email server
2023-04-07 12:13:32 info: Connected to Database Successfully...
2023-04-07 12:13:37 error: [GET] /job/mostRecents >> StatusCode:: 400, Message:: Cannot read properties of undefined (reading 'skills')
2023-04-07 12:13:37 info: [0mGET /job/mostRecents [32m200[0m 1676.377 ms - 111[0m
2023-04-07 12:14:01 info: =================================
2023-04-07 12:14:01 info: ======= ENV: development =======
2023-04-07 12:14:01 info: 🚀 App listening on the port 3000
2023-04-07 12:14:01 info: =================================
2023-04-07 12:14:03 info: Connected to email server
2023-04-07 12:14:09 info: Connected to Database Successfully...
2023-04-07 12:14:15 error: [GET] /job/mostRecents >> StatusCode:: 400, Message:: Cannot read properties of undefined (reading 'skills')
2023-04-07 12:14:15 info: [0mGET /job/mostRecents [32m200[0m 460.100 ms - 111[0m
2023-04-07 12:14:38 info: [0mPOST /profile/about [32m200[0m 1371.911 ms - 815[0m
2023-04-07 12:14:45 info: [0mGET /job/mostRecents [32m200[0m 668.948 ms - 676[0m
2023-04-07 12:15:20 info: [0mPUT /profile/about [32m200[0m 689.645 ms - 734[0m
2023-04-07 12:15:42 info: [0mGET /job/mostRecents [32m200[0m 733.787 ms - -[0m
2023-04-07 12:16:04 info: =================================
2023-04-07 12:16:04 info: ======= ENV: development =======
2023-04-07 12:16:04 info: 🚀 App listening on the port 3000
2023-04-07 12:16:04 info: =================================
2023-04-07 12:16:06 info: Connected to email server
2023-04-07 12:16:07 info: Connected to Database Successfully...
2023-04-07 12:16:13 info: [0mGET /job/mostRecents [32m200[0m 943.604 ms - -[0m
2023-04-07 12:29:37 info: =================================
2023-04-07 12:29:37 info: ======= ENV: development =======
2023-04-07 12:29:37 info: 🚀 App listening on the port 3000
2023-04-07 12:29:37 info: =================================
2023-04-07 12:29:39 info: Connected to email server
2023-04-07 12:29:50 info: Connected to Database Successfully...
2023-04-07 12:30:00 info: [0mGET /reload_db [32m200[0m 2599.088 ms - 74[0m
2023-04-07 12:30:09 error: [POST] /profile/about >> StatusCode:: 400, Message:: INVALID_AUTHORIZATION
2023-04-07 12:30:09 info: [0mPOST /profile/about [32m200[0m 319.993 ms - 79[0m
2023-04-07 12:30:17 error: [POST] /auth/login >> StatusCode:: 400, Message:: Cannot read properties of undefined (reading 'status')
2023-04-07 12:30:17 info: [0mPOST /auth/login [32m200[0m 498.295 ms - 587[0m
2023-04-07 12:30:23 info: [0mPOST /profile/about [32m200[0m 1164.886 ms - 815[0m
2023-04-07 12:30:28 info: [0mPOST /job [32m200[0m 255.189 ms - -[0m
2023-04-07 12:30:38 info: [0mPOST /job/saveJob/642ffed4bbdfec008795d6d2 [32m200[0m 943.410 ms - 184[0m
2023-04-07 12:30:48 info: [0mGET /job/savedJobs [32m200[0m 1015.261 ms - 868[0m
2023-04-07 12:33:36 info: =================================
2023-04-07 12:33:36 info: ======= ENV: development =======
2023-04-07 12:33:36 info: 🚀 App listening on the port 3000
2023-04-07 12:33:36 info: =================================
2023-04-07 12:33:38 info: Connected to email server
2023-04-07 12:33:39 info: Connected to Database Successfully...
2023-04-07 12:33:46 info: [0mGET /job/savedJobs [32m200[0m 554.536 ms - 186[0m
2023-04-07 12:34:11 info: [0mGET /job/savedJobs [32m200[0m 553.079 ms - 186[0m
2023-04-07 12:34:24 info: [0mGET /reload_db [32m200[0m 2842.910 ms - 74[0m
2023-04-07 12:34:29 error: [POST] /auth/login >> StatusCode:: 400, Message:: Cannot read properties of undefined (reading 'status')
2023-04-07 12:34:29 info: [0mPOST /auth/login [32m200[0m 645.176 ms - 587[0m
2023-04-07 12:34:36 info: [0mPOST /profile/about [32m200[0m 1143.150 ms - 815[0m
2023-04-07 12:34:42 info: [0mPOST /job [32m200[0m 272.820 ms - -[0m
2023-04-07 12:34:58 error: [POST] /job/saveJob/642fffd2b6626e45e5d2a1f0 >> StatusCode:: 400, Message:: SavedJob validation failed: job: Path `job` is required.
2023-04-07 12:34:58 info: [0mPOST /job/saveJob/642fffd2b6626e45e5d2a1f0 [32m200[0m 629.033 ms - 113[0m
2023-04-07 12:36:29 info: =================================
2023-04-07 12:36:29 info: ======= ENV: development =======
2023-04-07 12:36:29 info: 🚀 App listening on the port 3000
2023-04-07 12:36:29 info: =================================
2023-04-07 12:36:31 info: Connected to email server
2023-04-07 12:36:31 info: Connected to Database Successfully...
2023-04-07 12:36:37 info: [0mPOST /job/saveJob/642fffd2b6626e45e5d2a1f0 [32m200[0m 913.009 ms - 181[0m
2023-04-07 12:36:43 info: [0mGET /job/savedJobs [32m200[0m 895.294 ms - 865[0m
2023-04-07 13:14:57 info: =================================
2023-04-07 13:14:57 info: ======= ENV: development =======
2023-04-07 13:14:57 info: 🚀 App listening on the port 3000
2023-04-07 13:14:57 info: =================================
2023-04-07 13:14:59 info: Connected to email server
2023-04-07 13:14:59 info: Connected to Database Successfully...
2023-04-07 13:15:29 info: [0mGET /job/getUserSavedItems [32m200[0m 453.070 ms - 183[0m
2023-04-07 15:30:06 info: =================================
2023-04-07 15:30:06 info: ======= ENV: development =======
2023-04-07 15:30:06 info: 🚀 App listening on the port 3000
2023-04-07 15:30:06 info: =================================
2023-04-07 15:30:09 info: Connected to email server
2023-04-07 15:30:21 info: Connected to Database Successfully...
2023-04-07 15:31:02 info: [0mGET /reload_db [32m200[0m 4235.124 ms - 74[0m
2023-04-07 15:31:29 error: [POST] /auth/login >> StatusCode:: 400, Message:: Cannot read properties of undefined (reading 'status')
2023-04-07 15:31:29 info: [0mPOST /auth/login [32m200[0m 1604.920 ms - 587[0m
2023-04-07 15:31:47 info: [0mPOST /profile/about [32m200[0m 1769.676 ms - 815[0m
2023-04-07 15:32:24 info: [0mGET /job/getAllJobs [32m200[0m 211.047 ms - 80[0m
2023-04-07 15:32:28 info: [0mPOST /job [32m200[0m 249.122 ms - -[0m
2023-04-07 15:32:34 info: [0mGET /job/getAllJobs [32m200[0m 232.787 ms - -[0m
2023-04-07 15:32:41 info: [0mGET /job/getUserJobBestMatches [32m200[0m 856.371 ms - 676[0m
2023-04-07 15:32:47 error: [GET] /job/642c9196781b4dd78830a406 >> StatusCode:: 400, Message:: JOB_NOT_FOUND
2023-04-07 15:32:47 info: [0mGET /job/642c9196781b4dd78830a406 [32m200[0m 439.242 ms - 71[0m
2023-04-07 15:33:29 info: [0mPOST /job/saveJob/6430297cd3d1556331bfcb3d [32m200[0m 3713.669 ms - 181[0m
2023-04-07 15:33:45 info: [0mGET /job/savedJobs [32m200[0m 1011.938 ms - 753[0m
2023-04-07 15:34:00 error: [POST] /job/saveJob/6430297cd3d1556331bfcb3c >> StatusCode:: 400, Message:: JOB_ALREAD_ADDED
2023-04-07 15:34:00 info: [0mPOST /job/saveJob/6430297cd3d1556331bfcb3c [32m200[0m 941.999 ms - 74[0m
2023-04-07 15:36:06 info: =================================
2023-04-07 15:36:06 info: ======= ENV: development =======
2023-04-07 15:36:06 info: 🚀 App listening on the port 3000
2023-04-07 15:36:06 info: =================================
2023-04-07 15:36:09 info: Connected to email server
2023-04-07 15:36:19 info: Connected to Database Successfully...
2023-04-07 15:36:31 info: [0mPOST /job/saveJob/6430297cd3d1556331bfcb3c [32m200[0m 980.334 ms - 181[0m
2023-04-07 15:36:45 info: [0mGET /job/getUserSavedItems [32m200[0m 421.855 ms - 287[0m
2023-04-07 15:37:00 info: [0mPOST /job/saveJob/6430297cd3d1556331bfcb3b [32m200[0m 858.880 ms - 181[0m
2023-04-07 15:37:03 error: [POST] /job/saveJob/6430297cd3d1556331bfcb3b >> StatusCode:: 400, Message:: JOB_ALREAD_ADDED
2023-04-07 15:37:03 info: [0mPOST /job/saveJob/6430297cd3d1556331bfcb3b [32m200[0m 790.198 ms - 74[0m
2023-04-07 15:37:09 info: [0mGET /job/getUserSavedItems [32m200[0m 430.674 ms - 391[0m
2023-04-07 15:37:44 info: [0mPOST /job/unSaveJob/6430297cd3d1556331bfcb3d [32m200[0m 1142.662 ms - 70[0m
2023-04-07 15:37:53 info: [0mGET /job/getUserSavedItems [32m200[0m 1118.395 ms - 287[0m
