2025-05-28 00:43:33 info: [0mOPTIONS /auth/login [32m204[0m 1.621 ms - 0[0m
2025-05-28 00:43:43 info: [0mPOST /auth/login [32m200[0m 10053.469 ms - 118[0m
2025-05-28 00:43:43 error: [POST] /auth/login >> StatusCode:: 400, Message:: Operation `users.findOne()` buffering timed out after 10000ms
2025-05-28 00:44:01 info: [0mOPTIONS /auth/login [32m204[0m 0.735 ms - 0[0m
2025-05-28 00:44:11 error: [POST] /auth/login >> StatusCode:: 400, Message:: Operation `users.findOne()` buffering timed out after 10000ms
2025-05-28 00:44:11 info: [0mPOST /auth/login [32m200[0m 10022.722 ms - 118[0m
2025-05-28 00:44:24 info: =================================
2025-05-28 00:44:24 info: ======= ENV: development =======
2025-05-28 00:44:24 info: 🚀 App listening on the port 3000
2025-05-28 00:44:24 info: =================================
2025-05-28 00:44:27 info: Connected to email server
2025-05-28 00:44:27 info: Connected to email server
2025-05-28 00:44:27 info: Connected to email server
2025-05-28 00:44:27 info: Connected to email server
2025-05-28 00:44:27 info: Connected to email server
2025-05-28 00:44:27 info: Connected to email server
2025-05-28 00:44:27 info: Connected to email server
2025-05-28 00:44:27 info: Connected to email server
2025-05-28 00:44:27 info: Connected to email server
2025-05-28 00:44:27 info: Connected to email server
2025-05-28 00:44:27 info: Connected to email server
2025-05-28 00:44:27 info: Connected to email server
2025-05-28 00:44:28 info: Connected to email server
2025-05-28 00:44:28 info: Connected to email server
2025-05-28 00:44:28 info: Connected to email server
2025-05-28 00:44:28 info: Connected to Database Successfully...
2025-05-28 00:44:29 info: [0mOPTIONS /auth/login [32m204[0m 0.720 ms - 0[0m
2025-05-28 00:44:33 error: [POST] /auth/login >> StatusCode:: 400, Message:: Cannot read properties of undefined (reading 'status')
2025-05-28 00:44:33 info: [0mPOST /auth/login [32m200[0m 3558.884 ms - 587[0m
2025-05-28 00:44:33 info: [0mOPTIONS /profile [32m204[0m 0.071 ms - 0[0m
2025-05-28 00:44:33 info: [0mGET /profile [32m200[0m 636.044 ms - 668[0m
2025-05-28 00:44:35 info: [0mOPTIONS /profile/details [32m204[0m 46.030 ms - 0[0m
2025-05-28 00:44:35 info: [0mOPTIONS /profile/details [32m204[0m 0.220 ms - 0[0m
2025-05-28 00:44:35 info: [0mOPTIONS /job/getUserJobBestMatches?page=1&limit=5 [32m204[0m 0.103 ms - 0[0m
2025-05-28 00:44:37 info: [0mGET /job/getUserJobBestMatches?page=1&limit=5 [32m200[0m 1683.844 ms - -[0m
2025-05-28 00:44:39 info: [0mGET /profile/details [32m200[0m 3643.663 ms - -[0m
2025-05-28 00:44:42 info: [0mGET /profile/details [36m304[0m 3500.383 ms - -[0m
2025-05-28 00:46:33 info: [0mOPTIONS /profile/details [32m204[0m 0.488 ms - 0[0m
2025-05-28 00:46:33 info: [0mOPTIONS /profile/details [32m204[0m 0.108 ms - 0[0m
2025-05-28 00:46:33 info: [0mOPTIONS /job/getUserJobBestMatches?page=1&limit=5 [32m204[0m 0.284 ms - 0[0m
2025-05-28 00:46:35 info: [0mGET /job/getUserJobBestMatches?page=1&limit=5 [36m304[0m 1758.849 ms - -[0m
2025-05-28 00:46:37 info: [0mGET /profile/details [36m304[0m 3717.623 ms - -[0m
2025-05-28 00:46:40 info: [0mGET /profile/details [36m304[0m 3480.497 ms - -[0m
2025-05-28 00:48:35 error: [POST] /auth/login >> StatusCode:: 400, Message:: Cannot read properties of undefined (reading 'status')
2025-05-28 00:48:35 info: [0mPOST /auth/login [32m200[0m 660.164 ms - 587[0m
2025-05-28 00:49:37 info: [0mPOST /photography [32m200[0m 5873.003 ms - 354[0m
2025-05-28 00:49:53 info: [0mGET /photography/getUserPhotography [32m200[0m 1245.765 ms - 1020[0m
2025-05-28 00:50:21 info: [0mGET /photography/getPhotographyById/68364f91c5da55a899859d5e [32m200[0m 901.168 ms - 506[0m
2025-05-28 00:52:54 info: [0mGET /photography?limit=10&search=lans [32m200[0m 320.723 ms - 180[0m
2025-05-28 00:53:17 info: [0mGET /photography?limit=10&search=%22test%20photography%22 [32m200[0m 331.368 ms - 180[0m
2025-05-28 00:53:38 info: [0mGET /photography?limit=10&search=test%20photography [32m200[0m 661.431 ms - 1020[0m
2025-05-28 00:54:36 info: [0mPOST /photography/payment [32m200[0m 2393.335 ms - 171[0m
2025-05-28 00:54:57 error: [POST] /photography/paymentCallback >> StatusCode:: 400, Message:: PHOTOGRAPHY_NOT_FOUND
2025-05-28 00:54:57 info: [0mPOST /photography/paymentCallback [32m200[0m 1978.568 ms - 79[0m
2025-05-28 00:54:58 error: [Error] >> Request failed with status code 500
2025-05-28 01:05:02 info: =================================
2025-05-28 01:05:02 info: ======= ENV: development =======
2025-05-28 01:05:02 info: 🚀 App listening on the port 3000
2025-05-28 01:05:02 info: =================================
2025-05-28 01:05:04 info: Connected to email server
2025-05-28 01:05:04 info: Connected to email server
2025-05-28 01:05:04 info: Connected to email server
2025-05-28 01:05:04 info: Connected to email server
2025-05-28 01:05:04 info: Connected to email server
2025-05-28 01:05:04 info: Connected to email server
2025-05-28 01:05:04 info: Connected to email server
2025-05-28 01:05:04 info: Connected to email server
2025-05-28 01:05:04 info: Connected to email server
2025-05-28 01:05:04 info: Connected to email server
2025-05-28 01:05:04 info: Connected to email server
2025-05-28 01:05:04 info: Connected to email server
2025-05-28 01:05:04 info: Connected to email server
2025-05-28 01:05:04 info: Connected to email server
2025-05-28 01:05:04 info: Connected to email server
2025-05-28 01:05:05 info: Connected to Database Successfully...
2025-05-28 01:19:17 error: [Error] >> Channel closed
2025-05-28 01:19:19 info: =================================
2025-05-28 01:19:19 info: ======= ENV: development =======
2025-05-28 01:19:19 info: 🚀 App listening on the port 3000
2025-05-28 01:19:19 info: =================================
2025-05-28 01:19:21 info: Connected to email server
2025-05-28 01:19:21 info: Connected to email server
2025-05-28 01:19:21 info: Connected to email server
2025-05-28 01:19:21 info: Connected to email server
2025-05-28 01:19:21 info: Connected to email server
2025-05-28 01:19:21 info: Connected to email server
2025-05-28 01:19:21 info: Connected to email server
2025-05-28 01:19:21 info: Connected to email server
2025-05-28 01:19:21 info: Connected to email server
2025-05-28 01:19:21 info: Connected to email server
2025-05-28 01:19:21 info: Connected to email server
2025-05-28 01:19:21 info: Connected to email server
2025-05-28 01:19:21 info: Connected to email server
2025-05-28 01:19:21 info: Connected to email server
2025-05-28 01:19:21 info: Connected to email server
2025-05-28 01:19:23 info: Connected to Database Successfully...
2025-05-28 01:19:55 error: [POST] /photography >> StatusCode:: 400, Message:: PHOTOGRAPHY_VALIDATION_ERROR
2025-05-28 01:19:55 info: [0mPOST /photography [32m200[0m 10642.690 ms - 115[0m
2025-05-28 01:20:56 error: [POST] /photography >> StatusCode:: 400, Message:: PHOTOGRAPHY_VALIDATION_ERROR
2025-05-28 01:20:56 info: [0mPOST /photography [32m200[0m 5955.205 ms - 115[0m
2025-05-28 01:21:09 error: [POST] /photography >> StatusCode:: 400, Message:: PHOTOGRAPHY_VALIDATION_ERROR
2025-05-28 01:21:09 info: [0mPOST /photography [32m200[0m 5208.461 ms - 115[0m
2025-05-28 01:22:40 error: [POST] /photography >> StatusCode:: 400, Message:: PHOTOGRAPHY_VALIDATION_ERROR
2025-05-28 01:22:40 info: [0mPOST /photography [32m200[0m 6565.757 ms - 115[0m
2025-05-28 01:23:05 info: =================================
2025-05-28 01:23:05 info: ======= ENV: development =======
2025-05-28 01:23:05 info: 🚀 App listening on the port 3000
2025-05-28 01:23:05 info: =================================
2025-05-28 01:23:07 info: Connected to email server
2025-05-28 01:23:07 info: Connected to email server
2025-05-28 01:23:07 info: Connected to email server
2025-05-28 01:23:07 info: Connected to email server
2025-05-28 01:23:07 info: Connected to email server
2025-05-28 01:23:07 info: Connected to email server
2025-05-28 01:23:07 info: Connected to email server
2025-05-28 01:23:07 info: Connected to email server
2025-05-28 01:23:07 info: Connected to email server
2025-05-28 01:23:07 info: Connected to email server
2025-05-28 01:23:07 info: Connected to email server
2025-05-28 01:23:07 info: Connected to email server
2025-05-28 01:23:07 info: Connected to email server
2025-05-28 01:23:07 info: Connected to email server
2025-05-28 01:23:07 info: Connected to email server
2025-05-28 01:23:08 info: Connected to Database Successfully...
2025-05-28 01:23:29 info: [0mPOST /photography [32m200[0m 10271.493 ms - 483[0m
2025-05-28 01:23:39 info: [0mGET /photography/getUserPhotography [32m200[0m 1440.320 ms - -[0m
2025-05-28 01:23:51 info: [0mGET /photography/getPhotographyById/68364f91c5da55a899859d5e [32m200[0m 950.008 ms - 561[0m
2025-05-28 01:23:56 info: [0mGET /photography?limit=10&search=test%20photography [32m200[0m 673.814 ms - -[0m
2025-05-28 01:28:28 info: [0mDELETE /photography/deletePhotographyById/68364f91c5da55a899859d5e [32m200[0m 3385.118 ms - 409[0m
2025-05-28 01:30:16 info: [0mGET /photography?limit=10&category=Natre [32m200[0m 377.602 ms - 180[0m
2025-05-28 01:30:36 info: [0mGET /photography?limit=10&search=test%20photography&category=Nature&tags=sunset [32m200[0m 813.361 ms - -[0m
2025-05-28 02:05:18 info: [0mOPTIONS /auth/login [32m204[0m 10.126 ms - 0[0m
2025-05-28 02:05:19 error: [POST] /auth/login >> StatusCode:: 400, Message:: Cannot read properties of undefined (reading 'status')
2025-05-28 02:05:19 info: [0mPOST /auth/login [32m200[0m 1021.971 ms - 587[0m
2025-05-28 02:05:19 info: [0mOPTIONS /profile [32m204[0m 0.120 ms - 0[0m
2025-05-28 02:05:20 info: [0mGET /profile [36m304[0m 642.599 ms - -[0m
2025-05-28 02:05:21 info: [0mOPTIONS /profile/details [32m204[0m 1.628 ms - 0[0m
2025-05-28 02:05:21 info: [0mOPTIONS /profile/details [32m204[0m 0.177 ms - 0[0m
2025-05-28 02:05:22 info: [0mOPTIONS /job/getUserJobBestMatches?page=1&limit=5 [32m204[0m 0.215 ms - 0[0m
2025-05-28 02:05:23 info: [0mGET /job/getUserJobBestMatches?page=1&limit=5 [36m304[0m 1722.633 ms - -[0m
2025-05-28 02:05:25 info: [0mGET /profile/details [36m304[0m 3580.084 ms - -[0m
2025-05-28 02:05:29 info: [0mGET /profile/details [36m304[0m 4174.915 ms - -[0m
2025-05-28 02:05:50 info: [0mOPTIONS /auth/login [32m204[0m 2.082 ms - 0[0m
2025-05-28 02:05:50 error: [POST] /auth/login >> StatusCode:: 400, Message:: Cannot read properties of undefined (reading 'status')
2025-05-28 02:05:50 info: [0mPOST /auth/login [32m200[0m 751.817 ms - 587[0m
2025-05-28 02:05:50 info: [0mOPTIONS /profile [32m204[0m 0.188 ms - 0[0m
2025-05-28 02:05:51 info: [0mGET /profile [36m304[0m 853.649 ms - -[0m
2025-05-28 02:05:52 info: [0mOPTIONS /profile/details [32m204[0m 37.875 ms - 0[0m
2025-05-28 02:05:52 info: [0mOPTIONS /profile/details [32m204[0m 0.241 ms - 0[0m
2025-05-28 02:05:52 info: [0mOPTIONS /job/getUserJobBestMatches?page=1&limit=5 [32m204[0m 0.670 ms - 0[0m
2025-05-28 02:05:54 info: [0mGET /job/getUserJobBestMatches?page=1&limit=5 [36m304[0m 1585.795 ms - -[0m
2025-05-28 02:05:56 info: [0mGET /profile/details [36m304[0m 3672.052 ms - -[0m
2025-05-28 02:06:00 info: [0mGET /profile/details [36m304[0m 4052.906 ms - -[0m
2025-05-28 02:06:40 info: [0mOPTIONS /photography [32m204[0m 0.420 ms - 0[0m
2025-05-28 02:06:46 info: [0mPOST /photography [32m200[0m 6409.527 ms - 451[0m
2025-05-28 02:06:51 info: [0mGET /photography?limit=12&page=1 [32m200[0m 650.476 ms - -[0m
2025-05-28 02:06:52 info: [0mGET /photography?limit=12&page=1 [36m304[0m 623.555 ms - -[0m
2025-05-28 02:07:22 error: [GET] /photography/getPhotographyById/683661a6a0027064a6ab29eb >> StatusCode:: 400, Message:: AUTHENTICATION_TOKEN_MISSING
2025-05-28 02:07:22 info: [0mGET /photography/getPhotographyById/683661a6a0027064a6ab29eb [32m200[0m 9.452 ms - 86[0m
2025-05-28 02:07:34 info: [0mOPTIONS /auth/login [32m204[0m 2.506 ms - 0[0m
2025-05-28 02:07:35 error: [POST] /auth/login >> StatusCode:: 400, Message:: Cannot read properties of undefined (reading 'status')
2025-05-28 02:07:35 info: [0mPOST /auth/login [32m200[0m 796.039 ms - 587[0m
2025-05-28 02:07:35 info: [0mOPTIONS /profile [32m204[0m 0.266 ms - 0[0m
2025-05-28 02:07:36 info: [0mGET /profile [36m304[0m 1024.855 ms - -[0m
2025-05-28 02:07:38 info: [0mOPTIONS /profile/details [32m204[0m 1.883 ms - 0[0m
2025-05-28 02:07:38 info: [0mOPTIONS /profile/details [32m204[0m 0.502 ms - 0[0m
2025-05-28 02:07:38 info: [0mOPTIONS /job/getUserJobBestMatches?page=1&limit=5 [32m204[0m 1.027 ms - 0[0m
2025-05-28 02:07:54 info: [0mGET /profile/details [0m-[0m - ms - -[0m
2025-05-28 02:07:54 info: [0mGET /job/getUserJobBestMatches?page=1&limit=5 [0m-[0m - ms - -[0m
2025-05-28 02:07:58 info: [0mOPTIONS /auth/login [32m204[0m 0.399 ms - 0[0m
2025-05-28 02:07:59 error: [POST] /auth/login >> StatusCode:: 400, Message:: Cannot read properties of undefined (reading 'status')
2025-05-28 02:07:59 info: [0mPOST /auth/login [32m200[0m 717.517 ms - 587[0m
2025-05-28 02:07:59 info: [0mOPTIONS /profile [32m204[0m 0.159 ms - 0[0m
2025-05-28 02:07:59 info: [0mGET /profile [36m304[0m 757.842 ms - -[0m
2025-05-28 02:08:00 info: [0mOPTIONS /profile/details [32m204[0m 193.546 ms - 0[0m
2025-05-28 02:08:00 info: [0mOPTIONS /profile/details [32m204[0m 1.379 ms - 0[0m
2025-05-28 02:08:00 info: [0mOPTIONS /job/getUserJobBestMatches?page=1&limit=5 [32m204[0m 1.080 ms - 0[0m
2025-05-28 02:08:02 info: [0mGET /job/getUserJobBestMatches?page=1&limit=5 [32m200[0m 1858.159 ms - -[0m
2025-05-28 02:08:04 info: [0mGET /profile/details [32m200[0m 3978.156 ms - -[0m
2025-05-28 02:08:07 info: [0mGET /photography?limit=12&page=1 [36m304[0m 990.510 ms - -[0m
2025-05-28 02:08:08 info: [0mGET /photography?limit=12&page=1 [36m304[0m 703.832 ms - -[0m
2025-05-28 02:08:09 info: [0mGET /profile/details [36m304[0m 4472.292 ms - -[0m
2025-05-28 02:08:24 error: [GET] /photography/getPhotographyById/683661a6a0027064a6ab29eb >> StatusCode:: 400, Message:: AUTHENTICATION_TOKEN_MISSING
2025-05-28 02:08:24 info: [0mGET /photography/getPhotographyById/683661a6a0027064a6ab29eb [36m304[0m 8.634 ms - -[0m
2025-05-28 02:08:28 info: [0mGET /photography?limit=12&page=1 [36m304[0m 733.252 ms - -[0m
2025-05-28 02:08:29 info: [0mGET /photography?limit=12&page=1 [36m304[0m 897.525 ms - -[0m
2025-05-28 02:08:31 error: [GET] /photography/getPhotographyById/683661a6a0027064a6ab29eb >> StatusCode:: 400, Message:: AUTHENTICATION_TOKEN_MISSING
2025-05-28 02:08:31 info: [0mGET /photography/getPhotographyById/683661a6a0027064a6ab29eb [36m304[0m 20.553 ms - -[0m
2025-05-28 02:08:31 error: [GET] /photography/getPhotographyById/683661a6a0027064a6ab29eb >> StatusCode:: 400, Message:: AUTHENTICATION_TOKEN_MISSING
2025-05-28 02:08:31 info: [0mGET /photography/getPhotographyById/683661a6a0027064a6ab29eb [36m304[0m 7.626 ms - -[0m
2025-05-28 02:08:33 info: [0mGET /photography?limit=12&page=1 [36m304[0m 726.620 ms - -[0m
2025-05-28 02:08:34 info: [0mGET /photography?limit=12&page=1 [36m304[0m 618.057 ms - -[0m
2025-05-28 02:09:05 error: [GET] /photography/getPhotographyById/683661a6a0027064a6ab29eb >> StatusCode:: 400, Message:: AUTHENTICATION_TOKEN_MISSING
2025-05-28 02:09:05 info: [0mGET /photography/getPhotographyById/683661a6a0027064a6ab29eb [32m200[0m 5.950 ms - 86[0m
2025-05-28 02:11:12 info: [0mGET /photography?limit=12&page=1 [36m304[0m 774.647 ms - -[0m
2025-05-28 02:11:13 info: [0mGET /photography?limit=12&page=1 [36m304[0m 849.127 ms - -[0m
2025-05-28 02:19:36 info: [0mOPTIONS /photography?limit=20&page=1 [32m204[0m 5.410 ms - 0[0m
2025-05-28 02:19:37 info: [0mGET /photography?limit=20&page=1 [32m200[0m 1655.581 ms - -[0m
2025-05-28 02:19:44 info: [0mOPTIONS /photography?limit=20&page=1 [32m204[0m 10.439 ms - 0[0m
2025-05-28 02:19:45 info: [0mGET /photography?limit=20&page=1 [36m304[0m 966.200 ms - -[0m
2025-05-28 02:19:48 info: [0mGET /photography/getPhotographyById/683661a6a0027064a6ab29eb [0m-[0m - ms - -[0m
2025-05-28 02:19:59 info: [0mOPTIONS /photography?limit=20&page=1 [32m204[0m 6.254 ms - 0[0m
2025-05-28 02:20:00 info: [0mGET /photography?limit=20&page=1 [36m304[0m 809.620 ms - -[0m
2025-05-28 02:20:08 info: [0mOPTIONS /photography?limit=20&page=1 [32m204[0m 8.202 ms - 0[0m
2025-05-28 02:20:08 info: [0mGET /photography?limit=20&page=1 [36m304[0m 674.025 ms - -[0m
2025-05-28 02:20:26 info: [0mOPTIONS /photography?limit=20&category=Abstract&page=1 [32m204[0m 1.644 ms - 0[0m
2025-05-28 02:20:26 info: [0mGET /photography?limit=20&category=Abstract&page=1 [32m200[0m 384.067 ms - 180[0m
2025-05-28 02:20:27 info: [0mOPTIONS /photography?limit=20&page=1 [32m204[0m 0.340 ms - 0[0m
2025-05-28 02:20:28 info: [0mGET /photography?limit=20&page=1 [36m304[0m 706.623 ms - -[0m
2025-05-28 02:20:33 info: [0mOPTIONS /photography?limit=20&category=Nature&page=1 [32m204[0m 0.118 ms - 0[0m
2025-05-28 02:20:33 info: [0mGET /photography?limit=20&category=Nature&page=1 [32m200[0m 805.205 ms - -[0m
2025-05-28 02:20:45 info: [0mOPTIONS /photography/getPhotographyById/68365781a0027064a6ab298d [32m204[0m 0.905 ms - 0[0m
2025-05-28 02:20:45 info: [0mOPTIONS /photography/getPhotographyById/68365781a0027064a6ab298d [32m204[0m 0.167 ms - 0[0m
2025-05-28 02:20:47 info: [0mGET /photography/getPhotographyById/68365781a0027064a6ab298d [32m200[0m 1462.372 ms - 635[0m
2025-05-28 02:20:48 info: [0mGET /photography/getPhotographyById/68365781a0027064a6ab298d [36m304[0m 1215.848 ms - -[0m
2025-05-28 02:21:03 info: [0mOPTIONS /photography/getPhotographyById/68365781a0027064a6ab298d [32m204[0m 1.619 ms - 0[0m
2025-05-28 02:21:03 info: [0mOPTIONS /photography/getPhotographyById/68365781a0027064a6ab298d [32m204[0m 0.130 ms - 0[0m
2025-05-28 02:21:04 info: [0mGET /photography/getPhotographyById/68365781a0027064a6ab298d [36m304[0m 1103.181 ms - -[0m
2025-05-28 02:21:05 info: [0mGET /photography/getPhotographyById/68365781a0027064a6ab298d [36m304[0m 1019.111 ms - -[0m
2025-05-28 02:21:11 info: [0mOPTIONS /photography?limit=20&page=1 [32m204[0m 0.416 ms - 0[0m
2025-05-28 02:21:11 info: [0mOPTIONS /photography?limit=20&page=1 [32m204[0m 0.153 ms - 0[0m
2025-05-28 02:21:11 info: [0mGET /photography?limit=20&page=1 [36m304[0m 763.494 ms - -[0m
2025-05-28 02:21:12 info: [0mGET /photography?limit=20&page=1 [36m304[0m 741.925 ms - -[0m
2025-05-28 02:21:20 info: [0mOPTIONS /photography?limit=20&category=Abstract&page=1 [32m204[0m 0.295 ms - 0[0m
2025-05-28 02:21:20 info: [0mGET /photography?limit=20&category=Abstract&page=1 [36m304[0m 447.335 ms - -[0m
2025-05-28 02:21:22 info: [0mOPTIONS /photography?limit=20&category=Still+Life&page=1 [32m204[0m 0.089 ms - 0[0m
2025-05-28 02:21:22 info: [0mGET /photography?limit=20&category=Still+Life&page=1 [32m200[0m 324.904 ms - 180[0m
2025-05-28 02:21:24 info: [0mOPTIONS /photography?limit=20&search=t&category=Still+Life&page=1 [32m204[0m 0.333 ms - 0[0m
2025-05-28 02:21:24 info: [0mOPTIONS /photography?limit=20&search=te&category=Still+Life&page=1 [32m204[0m 0.080 ms - 0[0m
2025-05-28 02:21:25 info: [0mOPTIONS /photography?limit=20&search=tes&category=Still+Life&page=1 [32m204[0m 0.085 ms - 0[0m
2025-05-28 02:21:25 info: [0mGET /photography?limit=20&search=t&category=Still+Life&page=1 [32m200[0m 662.526 ms - -[0m
2025-05-28 02:21:25 info: [0mGET /photography?limit=20&search=te&category=Still+Life&page=1 [32m200[0m 728.708 ms - -[0m
2025-05-28 02:21:25 info: [0mGET /photography?limit=20&search=tes&category=Still+Life&page=1 [32m200[0m 644.964 ms - -[0m
2025-05-28 02:21:28 info: [0mOPTIONS /photography/getPhotographyById/68365781a0027064a6ab298d [32m204[0m 3.111 ms - 0[0m
2025-05-28 02:21:28 info: [0mOPTIONS /photography/getPhotographyById/68365781a0027064a6ab298d [32m204[0m 0.400 ms - 0[0m
2025-05-28 02:21:29 info: [0mGET /photography/getPhotographyById/68365781a0027064a6ab298d [36m304[0m 970.521 ms - -[0m
2025-05-28 02:21:30 info: [0mGET /photography/getPhotographyById/68365781a0027064a6ab298d [36m304[0m 978.694 ms - -[0m
2025-05-28 02:21:31 info: [0mOPTIONS /photography?limit=20&page=1 [32m204[0m 3.537 ms - 0[0m
2025-05-28 02:21:31 info: [0mOPTIONS /photography?limit=20&page=1 [32m204[0m 0.192 ms - 0[0m
2025-05-28 02:21:32 info: [0mGET /photography?limit=20&page=1 [36m304[0m 676.856 ms - -[0m
2025-05-28 02:21:33 info: [0mGET /photography?limit=20&page=1 [36m304[0m 644.143 ms - -[0m
2025-05-28 02:27:32 info: [0mOPTIONS /photography?limit=20&category=Abstract&page=1 [32m204[0m 4.087 ms - 0[0m
2025-05-28 02:27:32 info: [0mGET /photography?limit=20&category=Abstract&page=1 [36m304[0m 586.172 ms - -[0m
2025-05-28 02:27:33 info: [0mOPTIONS /photography?limit=20&page=1 [32m204[0m 0.077 ms - 0[0m
2025-05-28 02:27:34 info: [0mGET /photography?limit=20&page=1 [36m304[0m 658.389 ms - -[0m
2025-05-28 02:28:14 info: [0mOPTIONS /photography/getPhotographyById/683661a6a0027064a6ab29eb [32m204[0m 4.130 ms - 0[0m
2025-05-28 02:28:14 info: [0mOPTIONS /photography/getPhotographyById/683661a6a0027064a6ab29eb [32m204[0m 0.108 ms - 0[0m
2025-05-28 02:28:15 info: [0mGET /photography/getPhotographyById/683661a6a0027064a6ab29eb [32m200[0m 1668.051 ms - 587[0m
2025-05-28 02:28:16 info: [0mGET /photography/getPhotographyById/683661a6a0027064a6ab29eb [36m304[0m 928.456 ms - -[0m
2025-05-28 02:28:21 info: [0mOPTIONS /photography?limit=20&page=1 [32m204[0m 0.628 ms - 0[0m
2025-05-28 02:28:21 info: [0mOPTIONS /photography?limit=20&page=1 [32m204[0m 0.089 ms - 0[0m
2025-05-28 02:28:21 info: [0mGET /photography?limit=20&page=1 [36m304[0m 764.315 ms - -[0m
2025-05-28 02:28:22 info: [0mGET /photography?limit=20&page=1 [36m304[0m 1127.299 ms - -[0m
2025-05-28 02:28:36 info: [0mOPTIONS /photography/getPhotographyById/683661a6a0027064a6ab29eb [32m204[0m 1.206 ms - 0[0m
2025-05-28 02:28:36 info: [0mOPTIONS /photography/getPhotographyById/683661a6a0027064a6ab29eb [32m204[0m 1.681 ms - 0[0m
2025-05-28 02:28:38 info: [0mGET /photography/getPhotographyById/683661a6a0027064a6ab29eb [36m304[0m 1292.800 ms - -[0m
2025-05-28 02:28:39 info: [0mGET /photography/getPhotographyById/683661a6a0027064a6ab29eb [36m304[0m 974.211 ms - -[0m
2025-05-28 02:28:39 info: [0mOPTIONS /photography/payment [32m204[0m 0.114 ms - 0[0m
2025-05-28 02:28:41 info: [0mPOST /photography/payment [32m200[0m 2093.301 ms - 171[0m
2025-05-28 02:28:47 info: [0mOPTIONS /photography/getPhotographyById/683661a6a0027064a6ab29eb [32m204[0m 1.763 ms - 0[0m
2025-05-28 02:28:49 info: [0mGET /photography/getPhotographyById/683661a6a0027064a6ab29eb [36m304[0m 1781.445 ms - -[0m
2025-05-28 02:28:49 info: [0mOPTIONS /auth/login [32m204[0m 0.165 ms - 0[0m
2025-05-28 02:28:50 error: [POST] /auth/login >> StatusCode:: 400, Message:: Cannot read properties of undefined (reading 'status')
2025-05-28 02:28:50 info: [0mPOST /auth/login [32m200[0m 719.780 ms - 587[0m
2025-05-28 02:28:50 info: [0mOPTIONS /profile [32m204[0m 0.068 ms - 0[0m
2025-05-28 02:28:51 info: [0mGET /profile [36m304[0m 1019.275 ms - -[0m
2025-05-28 02:28:51 info: [0mOPTIONS /profile/details [32m204[0m 0.192 ms - 0[0m
2025-05-28 02:28:51 info: [0mOPTIONS /profile/details [32m204[0m 0.132 ms - 0[0m
2025-05-28 02:28:52 info: [0mOPTIONS /job/getUserJobBestMatches?page=1&limit=5 [32m204[0m 0.225 ms - 0[0m
2025-05-28 02:28:54 info: [0mGET /job/getUserJobBestMatches?page=1&limit=5 [36m304[0m 1722.541 ms - -[0m
2025-05-28 02:28:54 info: [0mOPTIONS /photography?limit=20&page=1 [32m204[0m 0.270 ms - 0[0m
2025-05-28 02:28:54 info: [0mOPTIONS /photography?limit=20&page=1 [32m204[0m 0.081 ms - 0[0m
2025-05-28 02:28:55 info: [0mGET /photography?limit=20&page=1 [36m304[0m 637.132 ms - -[0m
2025-05-28 02:28:56 info: [0mGET /profile/details [36m304[0m 4318.072 ms - -[0m
2025-05-28 02:28:56 info: [0mGET /photography?limit=20&page=1 [36m304[0m 787.339 ms - -[0m
2025-05-28 02:28:59 info: [0mGET /profile/details [36m304[0m 3746.227 ms - -[0m
2025-05-28 02:35:10 info: [0mOPTIONS /photography?limit=20&page=1 [32m204[0m 4.556 ms - 0[0m
2025-05-28 02:35:11 info: [0mOPTIONS /photography?limit=20&page=1 [32m204[0m 0.092 ms - 0[0m
2025-05-28 02:35:11 info: [0mGET /photography?limit=20&page=1 [36m304[0m 911.257 ms - -[0m
2025-05-28 02:35:12 info: [0mGET /photography?limit=20&page=1 [36m304[0m 981.345 ms - -[0m
2025-05-28 02:37:17 info: [0mOPTIONS /photography [32m204[0m 1.143 ms - 0[0m
2025-05-28 02:37:29 info: [0mPOST /photography [32m200[0m 12132.749 ms - 482[0m
2025-05-28 02:37:30 info: [0mOPTIONS /photography?limit=20&page=1 [32m204[0m 0.326 ms - 0[0m
2025-05-28 02:37:30 info: [0mOPTIONS /photography?limit=20&page=1 [32m204[0m 0.269 ms - 0[0m
2025-05-28 02:37:31 info: [0mGET /photography?limit=20&page=1 [32m200[0m 696.912 ms - -[0m
2025-05-28 02:37:32 info: [0mGET /photography?limit=20&page=1 [36m304[0m 597.371 ms - -[0m
2025-05-28 02:37:50 info: [0mOPTIONS /photography/getPhotographyById/683668d9a0027064a6ab2ac0 [32m204[0m 1.883 ms - 0[0m
2025-05-28 02:37:50 info: [0mOPTIONS /photography/getPhotographyById/683668d9a0027064a6ab2ac0 [32m204[0m 0.364 ms - 0[0m
2025-05-28 02:37:51 info: [0mGET /photography/getPhotographyById/683668d9a0027064a6ab2ac0 [32m200[0m 1095.351 ms - 618[0m
2025-05-28 02:37:52 info: [0mGET /photography/getPhotographyById/683668d9a0027064a6ab2ac0 [36m304[0m 1116.330 ms - -[0m
2025-05-28 02:37:58 info: [0mOPTIONS /photography?limit=20&page=1 [32m204[0m 0.726 ms - 0[0m
2025-05-28 02:37:58 info: [0mOPTIONS /photography?limit=20&page=1 [32m204[0m 0.130 ms - 0[0m
2025-05-28 02:37:59 info: [0mGET /photography?limit=20&page=1 [36m304[0m 834.733 ms - -[0m
2025-05-28 02:37:59 info: [0mGET /photography?limit=20&page=1 [36m304[0m 808.438 ms - -[0m
2025-05-28 02:38:00 info: [0mOPTIONS /photography/getPhotographyById/683661a6a0027064a6ab29eb [32m204[0m 0.172 ms - 0[0m
2025-05-28 02:38:00 info: [0mOPTIONS /photography/getPhotographyById/683661a6a0027064a6ab29eb [32m204[0m 5.326 ms - 0[0m
2025-05-28 02:38:01 info: [0mGET /photography/getPhotographyById/683661a6a0027064a6ab29eb [36m304[0m 1264.992 ms - -[0m
2025-05-28 02:38:02 info: [0mGET /photography/getPhotographyById/683661a6a0027064a6ab29eb [36m304[0m 1067.000 ms - -[0m
2025-05-28 02:38:44 info: [0mOPTIONS /photography?limit=20&page=1 [32m204[0m 3.625 ms - 0[0m
2025-05-28 02:38:44 info: [0mOPTIONS /photography?limit=20&page=1 [32m204[0m 0.182 ms - 0[0m
2025-05-28 02:38:45 info: [0mGET /photography?limit=20&page=1 [36m304[0m 721.165 ms - -[0m
2025-05-28 02:38:45 info: [0mGET /photography?limit=20&page=1 [36m304[0m 699.768 ms - -[0m
2025-05-28 02:38:46 info: [0mOPTIONS /photography/getPhotographyById/683668d9a0027064a6ab2ac0 [32m204[0m 1.473 ms - 0[0m
2025-05-28 02:38:46 info: [0mOPTIONS /photography/getPhotographyById/683668d9a0027064a6ab2ac0 [32m204[0m 0.251 ms - 0[0m
2025-05-28 02:38:47 info: [0mGET /photography/getPhotographyById/683668d9a0027064a6ab2ac0 [36m304[0m 1050.865 ms - -[0m
2025-05-28 02:38:48 info: [0mGET /photography/getPhotographyById/683668d9a0027064a6ab2ac0 [36m304[0m 1243.362 ms - -[0m
2025-05-28 02:38:49 info: [0mOPTIONS /photography/payment [32m204[0m 0.115 ms - 0[0m
2025-05-28 02:38:51 info: [0mPOST /photography/payment [32m200[0m 2067.916 ms - 171[0m
2025-05-28 02:43:46 info: [0mOPTIONS /photography/getPhotographyById/683668d9a0027064a6ab2ac0 [32m204[0m 6.083 ms - 0[0m
2025-05-28 02:43:48 info: [0mGET /photography/getPhotographyById/683668d9a0027064a6ab2ac0 [36m304[0m 1204.309 ms - -[0m
2025-05-28 02:43:48 info: [0mOPTIONS /photography?limit=20&page=1 [32m204[0m 0.661 ms - 0[0m
2025-05-28 02:43:48 info: [0mOPTIONS /photography?limit=20&page=1 [32m204[0m 1.109 ms - 0[0m
2025-05-28 02:43:48 info: [0mGET /photography?limit=20&page=1 [36m304[0m 681.563 ms - -[0m
2025-05-28 02:43:49 info: [0mGET /photography?limit=20&page=1 [36m304[0m 751.236 ms - -[0m
2025-05-28 02:44:04 info: [0mOPTIONS /photography/getPhotographyById/683661a6a0027064a6ab29eb [32m204[0m 1.031 ms - 0[0m
2025-05-28 02:44:04 info: [0mOPTIONS /photography/getPhotographyById/683661a6a0027064a6ab29eb [32m204[0m 0.240 ms - 0[0m
2025-05-28 02:44:05 info: [0mGET /photography/getPhotographyById/683661a6a0027064a6ab29eb [36m304[0m 1198.701 ms - -[0m
2025-05-28 02:44:06 info: [0mGET /photography/getPhotographyById/683661a6a0027064a6ab29eb [36m304[0m 995.274 ms - -[0m
2025-05-28 02:44:09 info: [0mOPTIONS /photography?limit=20&page=1 [32m204[0m 1.047 ms - 0[0m
2025-05-28 02:44:09 info: [0mOPTIONS /photography?limit=20&page=1 [32m204[0m 0.190 ms - 0[0m
2025-05-28 02:44:09 info: [0mGET /photography?limit=20&page=1 [36m304[0m 690.855 ms - -[0m
2025-05-28 02:44:10 info: [0mGET /photography?limit=20&page=1 [36m304[0m 634.936 ms - -[0m
2025-05-28 02:44:17 info: [0mOPTIONS /photography/getPhotographyById/683661a6a0027064a6ab29eb [32m204[0m 1.523 ms - 0[0m
2025-05-28 02:44:17 info: [0mOPTIONS /photography/getPhotographyById/683661a6a0027064a6ab29eb [32m204[0m 0.130 ms - 0[0m
2025-05-28 02:44:18 info: [0mGET /photography/getPhotographyById/683661a6a0027064a6ab29eb [36m304[0m 944.739 ms - -[0m
2025-05-28 02:44:19 info: [0mGET /photography/getPhotographyById/683661a6a0027064a6ab29eb [36m304[0m 891.405 ms - -[0m
2025-05-28 02:44:29 info: [0mOPTIONS /job/getFreelancerContracts [32m204[0m 160.228 ms - 0[0m
2025-05-28 02:44:29 info: [0mOPTIONS /job/getFreelancerContracts [32m204[0m 0.102 ms - 0[0m
2025-05-28 02:44:31 info: [0mGET /job/getFreelancerContracts [32m200[0m 1837.283 ms - -[0m
2025-05-28 02:44:32 info: [0mGET /job/getFreelancerContracts [36m304[0m 1477.231 ms - -[0m
2025-05-28 02:44:34 info: [0mOPTIONS /photography?limit=20&page=1 [32m204[0m 0.455 ms - 0[0m
2025-05-28 02:44:34 info: [0mOPTIONS /photography?limit=20&page=1 [32m204[0m 0.130 ms - 0[0m
2025-05-28 02:44:35 info: [0mGET /photography?limit=20&page=1 [36m304[0m 908.291 ms - -[0m
2025-05-28 02:44:36 info: [0mGET /photography?limit=20&page=1 [36m304[0m 704.821 ms - -[0m
2025-05-28 02:44:37 info: [0mOPTIONS /photography/getPhotographyById/68365781a0027064a6ab298d [32m204[0m 1.595 ms - 0[0m
2025-05-28 02:44:38 info: [0mOPTIONS /photography/getPhotographyById/68365781a0027064a6ab298d [32m204[0m 0.201 ms - 0[0m
2025-05-28 02:44:39 info: [0mGET /photography/getPhotographyById/68365781a0027064a6ab298d [36m304[0m 987.748 ms - -[0m
2025-05-28 02:44:39 info: [0mGET /photography/getPhotographyById/68365781a0027064a6ab298d [36m304[0m 931.510 ms - -[0m
2025-05-28 02:44:41 info: [0mOPTIONS /photography?limit=20&page=1 [32m204[0m 0.424 ms - 0[0m
2025-05-28 02:44:41 info: [0mOPTIONS /photography?limit=20&page=1 [32m204[0m 0.378 ms - 0[0m
2025-05-28 02:44:42 info: [0mGET /photography?limit=20&page=1 [36m304[0m 771.196 ms - -[0m
2025-05-28 02:44:42 info: [0mGET /photography?limit=20&page=1 [36m304[0m 650.283 ms - -[0m
2025-05-28 02:45:29 info: [0mOPTIONS /photography?limit=20&search=Nature&page=1 [32m204[0m 1.240 ms - 0[0m
2025-05-28 02:45:29 info: [0mGET /photography?limit=20&search=Nature&page=1 [32m200[0m 676.550 ms - -[0m
2025-05-28 02:45:32 info: [0mOPTIONS /photography?limit=20&search=Abstract&page=1 [32m204[0m 0.169 ms - 0[0m
2025-05-28 02:45:32 info: [0mGET /photography?limit=20&search=Abstract&page=1 [32m200[0m 347.649 ms - 180[0m
2025-05-28 02:48:17 info: [0mOPTIONS /job/skillsCategory [32m204[0m 2.740 ms - 0[0m
2025-05-28 02:48:17 info: [0mGET /job/skillsCategory [36m304[0m 18.638 ms - -[0m
2025-05-28 02:48:17 info: [0mOPTIONS /service?page=1&limit=10 [32m204[0m 0.776 ms - 0[0m
2025-05-28 02:48:17 info: [0mOPTIONS /job/skillsCategory [32m204[0m 0.264 ms - 0[0m
2025-05-28 02:48:17 info: [0mOPTIONS /service?page=1&limit=10 [32m204[0m 0.234 ms - 0[0m
2025-05-28 02:48:17 info: [0mGET /job/skillsCategory [36m304[0m 1.599 ms - -[0m
2025-05-28 02:48:18 info: [0mGET /service?page=1&limit=10 [36m304[0m 1089.431 ms - -[0m
2025-05-28 02:48:18 info: [0mGET /service?page=1&limit=10 [36m304[0m 661.142 ms - -[0m
2025-05-28 02:48:39 info: [0mOPTIONS /job/skillsCategory [32m204[0m 7.545 ms - 0[0m
2025-05-28 02:48:40 info: [0mGET /job/skillsCategory [36m304[0m 10.215 ms - -[0m
2025-05-28 02:48:40 info: [0mOPTIONS /service?page=1&limit=10 [32m204[0m 0.148 ms - 0[0m
2025-05-28 02:48:40 info: [0mOPTIONS /job/skillsCategory [32m204[0m 0.141 ms - 0[0m
2025-05-28 02:48:40 info: [0mOPTIONS /service?page=1&limit=10 [32m204[0m 0.315 ms - 0[0m
2025-05-28 02:48:40 info: [0mGET /job/skillsCategory [36m304[0m 2.231 ms - -[0m
2025-05-28 02:48:41 info: [0mGET /service?page=1&limit=10 [36m304[0m 1608.407 ms - -[0m
2025-05-28 02:48:42 info: [0mGET /service?page=1&limit=10 [36m304[0m 967.315 ms - -[0m
2025-05-28 02:48:47 info: [0mOPTIONS /service/getServiceById/681eb9c2ceecc0bf0373ba59 [32m204[0m 1.479 ms - 0[0m
2025-05-28 02:48:47 info: [0mOPTIONS /service/getServiceById/681eb9c2ceecc0bf0373ba59 [32m204[0m 0.143 ms - 0[0m
2025-05-28 02:48:48 info: [0mGET /service/getServiceById/681eb9c2ceecc0bf0373ba59 [36m304[0m 830.662 ms - -[0m
2025-05-28 02:48:49 info: [0mGET /service/getServiceById/681eb9c2ceecc0bf0373ba59 [36m304[0m 1508.214 ms - -[0m
2025-05-28 02:48:51 info: [0mOPTIONS /photography?limit=20&page=1 [32m204[0m 1.576 ms - 0[0m
2025-05-28 02:48:51 info: [0mOPTIONS /photography?limit=20&page=1 [32m204[0m 3.164 ms - 0[0m
2025-05-28 02:48:52 info: [0mGET /photography?limit=20&page=1 [36m304[0m 846.324 ms - -[0m
2025-05-28 02:48:52 info: [0mOPTIONS /job/skillsCategory [32m204[0m 0.328 ms - 0[0m
2025-05-28 02:48:52 info: [0mOPTIONS /service?page=1&limit=10 [32m204[0m 0.420 ms - 0[0m
2025-05-28 02:48:52 info: [0mGET /job/skillsCategory [36m304[0m 1.265 ms - -[0m
2025-05-28 02:48:52 info: [0mOPTIONS /job/skillsCategory [32m204[0m 2.974 ms - 0[0m
2025-05-28 02:48:52 info: [0mOPTIONS /service?page=1&limit=10 [32m204[0m 0.651 ms - 0[0m
2025-05-28 02:48:52 info: [0mGET /job/skillsCategory [36m304[0m 2.557 ms - -[0m
2025-05-28 02:48:53 info: [0mGET /photography?limit=20&page=1 [36m304[0m 642.811 ms - -[0m
2025-05-28 02:48:53 info: [0mGET /service?page=1&limit=10 [36m304[0m 700.948 ms - -[0m
2025-05-28 02:48:54 info: [0mGET /service?page=1&limit=10 [36m304[0m 994.438 ms - -[0m
2025-05-28 02:48:58 info: [0mOPTIONS /service/getServiceById/681ec02aceecc0bf0373bad4 [32m204[0m 0.677 ms - 0[0m
2025-05-28 02:48:58 info: [0mOPTIONS /service/getServiceById/681ec02aceecc0bf0373bad4 [32m204[0m 0.227 ms - 0[0m
2025-05-28 02:48:59 info: [0mGET /service/getServiceById/681ec02aceecc0bf0373bad4 [36m304[0m 1319.411 ms - -[0m
2025-05-28 02:48:59 info: [0mGET /service/getServiceById/681ec02aceecc0bf0373bad4 [36m304[0m 651.565 ms - -[0m
2025-05-28 02:55:54 info: [0mOPTIONS /auth/login [32m204[0m 9.015 ms - 0[0m
2025-05-28 02:55:55 error: [POST] /auth/login >> StatusCode:: 400, Message:: Cannot read properties of undefined (reading 'status')
2025-05-28 02:55:55 info: [0mPOST /auth/login [32m200[0m 770.492 ms - 587[0m
2025-05-28 02:55:55 info: [0mOPTIONS /profile [32m204[0m 0.075 ms - 0[0m
2025-05-28 02:55:56 info: [0mGET /profile [36m304[0m 892.505 ms - -[0m
2025-05-28 02:55:58 info: [0mOPTIONS /profile/details [32m204[0m 1.804 ms - 0[0m
2025-05-28 02:55:59 info: [0mOPTIONS /profile/details [32m204[0m 1.017 ms - 0[0m
2025-05-28 02:55:59 info: [0mOPTIONS /job/getUserJobBestMatches?page=1&limit=5 [32m204[0m 0.204 ms - 0[0m
2025-05-28 02:56:01 info: [0mGET /job/getUserJobBestMatches?page=1&limit=5 [36m304[0m 2173.122 ms - -[0m
2025-05-28 02:56:03 info: [0mGET /profile/details [36m304[0m 3924.645 ms - -[0m
2025-05-28 02:56:06 info: [0mGET /profile/details [36m304[0m 3519.770 ms - -[0m
2025-05-28 03:01:23 info: [0mOPTIONS /profile/details [32m204[0m 41.527 ms - 0[0m
2025-05-28 03:01:23 info: [0mOPTIONS /profile/details [32m204[0m 0.132 ms - 0[0m
2025-05-28 03:01:23 info: [0mOPTIONS /job/getUserJobBestMatches?page=1&limit=5 [32m204[0m 0.083 ms - 0[0m
2025-05-28 03:01:26 info: [0mGET /job/getUserJobBestMatches?page=1&limit=5 [36m304[0m 2567.165 ms - -[0m
2025-05-28 03:01:26 info: [0mGET /profile/details [36m304[0m 3736.469 ms - -[0m
2025-05-28 03:01:30 info: [0mGET /profile/details [36m304[0m 3879.142 ms - -[0m
2025-05-28 03:02:56 info: [0mGET /service/getFeaturedService [32m200[0m 692.216 ms - 176[0m
2025-05-28 03:03:05 error: [GET] /service/getFeaturedService >> StatusCode:: 400, Message:: AUTHENTICATION_TOKEN_MISSING
2025-05-28 03:03:05 info: [0mGET /service/getFeaturedService [32m200[0m 6.446 ms - 86[0m
2025-05-28 03:05:50 error: [POST] /service >> StatusCode:: 401, Message:: UNAUTHORIZED_USER
2025-05-28 03:05:50 info: [0mPOST /service [32m200[0m 313.668 ms - 75[0m
2025-05-28 03:06:29 error: [POST] /service >> StatusCode:: 401, Message:: UNAUTHORIZED_USER
2025-05-28 03:06:29 info: [0mPOST /service [32m200[0m 384.114 ms - 75[0m
2025-05-28 03:06:34 error: [POST] /service >> StatusCode:: 401, Message:: UNAUTHORIZED_USER
2025-05-28 03:06:34 info: [0mPOST /service [32m200[0m 328.766 ms - 75[0m
2025-05-28 03:08:09 info: [0mPOST /job [32m200[0m 1173.946 ms - 1023[0m
2025-05-28 03:15:23 info: [0mGET /service?category=Mobile%20App%20Development&limit=12&page=2 [32m200[0m 388.301 ms - 177[0m
2025-05-28 03:15:29 info: [0mGET /service [32m200[0m 610.421 ms - -[0m
2025-05-28 03:15:46 error: [PUT] /service/updateServiceById/681eb9c2ceecc0bf0373ba59 >> StatusCode:: 401, Message:: UNAUTHORIZED_USER
2025-05-28 03:15:46 info: [0mPUT /service/updateServiceById/681eb9c2ceecc0bf0373ba59 [32m200[0m 310.962 ms - 75[0m
2025-05-28 03:15:58 error: [PUT] /service/updateServiceById/681eb9c2ceecc0bf0373ba59 >> StatusCode:: 401, Message:: UNAUTHORIZED_USER
2025-05-28 03:15:58 info: [0mPUT /service/updateServiceById/681eb9c2ceecc0bf0373ba59 [32m200[0m 360.533 ms - 75[0m
2025-05-28 03:22:50 info: [0mOPTIONS /auth/login [32m204[0m 13.073 ms - 0[0m
2025-05-28 03:22:52 error: [POST] /auth/login >> StatusCode:: 400, Message:: Cannot read properties of undefined (reading 'status')
2025-05-28 03:22:52 info: [0mPOST /auth/login [32m200[0m 1164.243 ms - 587[0m
2025-05-28 03:22:52 info: [0mOPTIONS /profile [32m204[0m 4.394 ms - 0[0m
2025-05-28 03:22:53 info: [0mGET /profile [36m304[0m 794.614 ms - -[0m
2025-05-28 03:22:53 info: [0mOPTIONS /service/getFeaturedService [32m204[0m 0.623 ms - 0[0m
2025-05-28 03:22:53 info: [0mOPTIONS /job/getFeaturedJobs [32m204[0m 0.500 ms - 0[0m
2025-05-28 03:22:53 info: [0mOPTIONS /photography?search=function+search%28%29+%7B+%5Bnative+code%5D+%7D [32m204[0m 0.200 ms - 0[0m
2025-05-28 03:22:53 info: [0mOPTIONS /photography?search=function+search%28%29+%7B+%5Bnative+code%5D+%7D [32m204[0m 0.192 ms - 0[0m
2025-05-28 03:22:53 info: [0mOPTIONS /service/getFeaturedService [32m204[0m 0.113 ms - 0[0m
2025-05-28 03:22:53 info: [0mOPTIONS /job/getFeaturedJobs [32m204[0m 0.066 ms - 0[0m
2025-05-28 03:22:53 info: [0mGET /photography?search=function+search%28%29+%7B+%5Bnative+code%5D+%7D [32m200[0m 488.446 ms - 180[0m
2025-05-28 03:22:53 info: [0mGET /photography?search=function+search%28%29+%7B+%5Bnative+code%5D+%7D [36m304[0m 345.750 ms - -[0m
2025-05-28 03:22:53 info: [0mGET /service/getFeaturedService [32m200[0m 831.374 ms - 176[0m
2025-05-28 03:22:54 info: [0mGET /service/getFeaturedService [36m304[0m 732.200 ms - -[0m
2025-05-28 03:22:54 info: [0mGET /job/getFeaturedJobs [32m200[0m 1569.918 ms - -[0m
2025-05-28 03:22:54 info: [0mOPTIONS /job/skillsCategory [32m204[0m 0.149 ms - 0[0m
2025-05-28 03:22:54 info: [0mOPTIONS /service?page=1&limit=10 [32m204[0m 0.216 ms - 0[0m
2025-05-28 03:22:54 info: [0mOPTIONS /job/skillsCategory [32m204[0m 0.141 ms - 0[0m
2025-05-28 03:22:54 info: [0mOPTIONS /service?page=1&limit=10 [32m204[0m 0.221 ms - 0[0m
2025-05-28 03:22:54 info: [0mGET /job/skillsCategory [36m304[0m 0.331 ms - -[0m
2025-05-28 03:22:54 info: [0mGET /job/skillsCategory [36m304[0m 0.283 ms - -[0m
2025-05-28 03:22:55 info: [0mGET /service?page=1&limit=10 [36m304[0m 690.788 ms - -[0m
2025-05-28 03:22:56 info: [0mGET /job/getFeaturedJobs [36m304[0m 1315.458 ms - -[0m
2025-05-28 03:22:56 info: [0mGET /service?page=1&limit=10 [36m304[0m 668.614 ms - -[0m
2025-05-28 03:22:59 info: [0mOPTIONS /service/getFeaturedService [32m204[0m 0.888 ms - 0[0m
2025-05-28 03:22:59 info: [0mOPTIONS /job/getFeaturedJobs [32m204[0m 0.226 ms - 0[0m
2025-05-28 03:22:59 info: [0mOPTIONS /photography?search=function+search%28%29+%7B+%5Bnative+code%5D+%7D [32m204[0m 1.146 ms - 0[0m
2025-05-28 03:22:59 info: [0mOPTIONS /service/getFeaturedService [32m204[0m 0.277 ms - 0[0m
2025-05-28 03:22:59 info: [0mOPTIONS /job/getFeaturedJobs [32m204[0m 0.113 ms - 0[0m
2025-05-28 03:22:59 info: [0mOPTIONS /photography?search=function+search%28%29+%7B+%5Bnative+code%5D+%7D [32m204[0m 0.161 ms - 0[0m
2025-05-28 03:22:59 info: [0mGET /photography?search=function+search%28%29+%7B+%5Bnative+code%5D+%7D [36m304[0m 321.002 ms - -[0m
2025-05-28 03:23:00 info: [0mGET /service/getFeaturedService [36m304[0m 883.454 ms - -[0m
2025-05-28 03:23:00 info: [0mGET /photography?search=function+search%28%29+%7B+%5Bnative+code%5D+%7D [36m304[0m 481.663 ms - -[0m
2025-05-28 03:23:01 info: [0mGET /job/getFeaturedJobs [36m304[0m 1799.392 ms - -[0m
2025-05-28 03:23:01 info: [0mGET /service/getFeaturedService [36m304[0m 1007.140 ms - -[0m
2025-05-28 03:23:02 info: [0mGET /job/getFeaturedJobs [36m304[0m 1472.129 ms - -[0m
2025-05-28 03:24:10 info: [0mOPTIONS /service/getFeaturedService [32m204[0m 11.843 ms - 0[0m
2025-05-28 03:24:10 info: [0mOPTIONS /job/getFeaturedJobs [32m204[0m 0.368 ms - 0[0m
2025-05-28 03:24:10 info: [0mOPTIONS /photography?search=function+search%28%29+%7B+%5Bnative+code%5D+%7D [32m204[0m 0.300 ms - 0[0m
2025-05-28 03:24:10 info: [0mOPTIONS /service/getFeaturedService [32m204[0m 0.103 ms - 0[0m
2025-05-28 03:24:10 info: [0mOPTIONS /job/getFeaturedJobs [32m204[0m 0.154 ms - 0[0m
2025-05-28 03:24:10 info: [0mOPTIONS /photography?search=function+search%28%29+%7B+%5Bnative+code%5D+%7D [32m204[0m 0.132 ms - 0[0m
2025-05-28 03:24:10 info: [0mGET /photography?search=function+search%28%29+%7B+%5Bnative+code%5D+%7D [36m304[0m 360.635 ms - -[0m
2025-05-28 03:24:11 info: [0mGET /service/getFeaturedService [36m304[0m 710.259 ms - -[0m
2025-05-28 03:24:11 info: [0mGET /photography?search=function+search%28%29+%7B+%5Bnative+code%5D+%7D [36m304[0m 355.431 ms - -[0m
2025-05-28 03:24:12 info: [0mGET /job/getFeaturedJobs [36m304[0m 1754.194 ms - -[0m
2025-05-28 03:24:12 info: [0mGET /service/getFeaturedService [36m304[0m 1079.735 ms - -[0m
2025-05-28 03:24:13 info: [0mGET /job/getFeaturedJobs [36m304[0m 1254.653 ms - -[0m
2025-05-28 03:24:31 info: [0mOPTIONS /job/skillsCategory [32m204[0m 4.384 ms - 0[0m
2025-05-28 03:24:31 info: [0mGET /job/skillsCategory [36m304[0m 23.624 ms - -[0m
2025-05-28 03:24:31 info: [0mOPTIONS /service?page=1&limit=10 [32m204[0m 0.204 ms - 0[0m
2025-05-28 03:24:32 info: [0mGET /service?page=1&limit=10 [36m304[0m 972.405 ms - -[0m
2025-05-28 03:24:35 info: [0mOPTIONS /service/getFeaturedService [32m204[0m 2.121 ms - 0[0m
2025-05-28 03:24:36 info: [0mOPTIONS /job/getFeaturedJobs [32m204[0m 0.120 ms - 0[0m
2025-05-28 03:24:36 info: [0mOPTIONS /photography?search=function+search%28%29+%7B+%5Bnative+code%5D+%7D [32m204[0m 0.110 ms - 0[0m
2025-05-28 03:24:36 info: [0mOPTIONS /service/getFeaturedService [32m204[0m 0.203 ms - 0[0m
2025-05-28 03:24:36 info: [0mOPTIONS /job/getFeaturedJobs [32m204[0m 0.109 ms - 0[0m
2025-05-28 03:24:36 info: [0mOPTIONS /photography?search=function+search%28%29+%7B+%5Bnative+code%5D+%7D [32m204[0m 0.165 ms - 0[0m
2025-05-28 03:24:36 info: [0mGET /photography?search=function+search%28%29+%7B+%5Bnative+code%5D+%7D [36m304[0m 350.444 ms - -[0m
2025-05-28 03:24:36 info: [0mGET /service/getFeaturedService [36m304[0m 685.649 ms - -[0m
2025-05-28 03:24:36 info: [0mGET /photography?search=function+search%28%29+%7B+%5Bnative+code%5D+%7D [36m304[0m 317.459 ms - -[0m
2025-05-28 03:24:37 info: [0mGET /job/getFeaturedJobs [36m304[0m 1236.194 ms - -[0m
2025-05-28 03:24:37 info: [0mGET /service/getFeaturedService [36m304[0m 621.449 ms - -[0m
2025-05-28 03:24:38 info: [0mGET /job/getFeaturedJobs [36m304[0m 1438.151 ms - -[0m
2025-05-28 03:25:10 error: [POST] /service >> StatusCode:: 401, Message:: UNAUTHORIZED_USER
2025-05-28 03:25:10 info: [0mPOST /service [32m200[0m 523.904 ms - 75[0m
2025-05-28 03:25:25 error: [POST] /auth/login >> StatusCode:: 400, Message:: Cannot read properties of undefined (reading 'status')
2025-05-28 03:25:25 info: [0mPOST /auth/login [32m200[0m 697.911 ms - 587[0m
2025-05-28 03:25:42 info: [0mPOST /service [32m200[0m 738.297 ms - 986[0m
2025-05-28 03:25:49 info: [0mOPTIONS /service/getFeaturedService [32m204[0m 1.790 ms - 0[0m
2025-05-28 03:25:49 info: [0mOPTIONS /job/getFeaturedJobs [32m204[0m 0.104 ms - 0[0m
2025-05-28 03:25:49 info: [0mOPTIONS /photography?search=function+search%28%29+%7B+%5Bnative+code%5D+%7D [32m204[0m 0.112 ms - 0[0m
2025-05-28 03:25:49 info: [0mOPTIONS /service/getFeaturedService [32m204[0m 1.073 ms - 0[0m
2025-05-28 03:25:49 info: [0mOPTIONS /job/getFeaturedJobs [32m204[0m 0.138 ms - 0[0m
2025-05-28 03:25:49 info: [0mOPTIONS /photography?search=function+search%28%29+%7B+%5Bnative+code%5D+%7D [32m204[0m 0.260 ms - 0[0m
2025-05-28 03:25:50 info: [0mGET /photography?search=function+search%28%29+%7B+%5Bnative+code%5D+%7D [36m304[0m 393.849 ms - -[0m
2025-05-28 03:25:50 info: [0mGET /service/getFeaturedService [32m200[0m 737.543 ms - -[0m
2025-05-28 03:25:50 info: [0mGET /photography?search=function+search%28%29+%7B+%5Bnative+code%5D+%7D [36m304[0m 341.908 ms - -[0m
2025-05-28 03:25:51 info: [0mGET /job/getFeaturedJobs [36m304[0m 1347.726 ms - -[0m
2025-05-28 03:25:51 info: [0mGET /service/getFeaturedService [36m304[0m 667.866 ms - -[0m
2025-05-28 03:25:53 info: [0mGET /job/getFeaturedJobs [36m304[0m 2372.932 ms - -[0m
2025-05-28 03:26:52 info: [0mOPTIONS /service/getFeaturedService [32m204[0m 18.972 ms - 0[0m
2025-05-28 03:26:52 info: [0mOPTIONS /job/getFeaturedJobs [32m204[0m 0.310 ms - 0[0m
2025-05-28 03:26:52 info: [0mOPTIONS /photography?search=function+search%28%29+%7B+%5Bnative+code%5D+%7D [32m204[0m 0.214 ms - 0[0m
2025-05-28 03:26:52 info: [0mOPTIONS /service/getFeaturedService [32m204[0m 0.127 ms - 0[0m
2025-05-28 03:26:52 info: [0mOPTIONS /job/getFeaturedJobs [32m204[0m 0.120 ms - 0[0m
2025-05-28 03:26:52 info: [0mOPTIONS /photography?search=function+search%28%29+%7B+%5Bnative+code%5D+%7D [32m204[0m 0.312 ms - 0[0m
2025-05-28 03:26:52 info: [0mGET /photography?search=function+search%28%29+%7B+%5Bnative+code%5D+%7D [36m304[0m 309.816 ms - -[0m
2025-05-28 03:26:53 info: [0mGET /service/getFeaturedService [36m304[0m 674.049 ms - -[0m
2025-05-28 03:26:53 info: [0mGET /photography?search=function+search%28%29+%7B+%5Bnative+code%5D+%7D [36m304[0m 473.291 ms - -[0m
2025-05-28 03:26:53 info: [0mGET /service/getFeaturedService [36m304[0m 608.285 ms - -[0m
2025-05-28 03:26:53 info: [0mGET /job/getFeaturedJobs [36m304[0m 1371.856 ms - -[0m
2025-05-28 03:26:55 info: [0mGET /job/getFeaturedJobs [36m304[0m 1763.253 ms - -[0m
2025-05-28 03:28:04 info: [0mOPTIONS /service/getFeaturedService [32m204[0m 2.257 ms - 0[0m
2025-05-28 03:28:04 info: [0mOPTIONS /job/getFeaturedJobs [32m204[0m 0.334 ms - 0[0m
2025-05-28 03:28:04 info: [0mOPTIONS /photography?search=function+search%28%29+%7B+%5Bnative+code%5D+%7D [32m204[0m 0.228 ms - 0[0m
2025-05-28 03:28:04 info: [0mOPTIONS /service/getFeaturedService [32m204[0m 0.125 ms - 0[0m
2025-05-28 03:28:04 info: [0mOPTIONS /job/getFeaturedJobs [32m204[0m 0.093 ms - 0[0m
2025-05-28 03:28:04 info: [0mOPTIONS /photography?search=function+search%28%29+%7B+%5Bnative+code%5D+%7D [32m204[0m 0.235 ms - 0[0m
2025-05-28 03:28:04 info: [0mGET /photography?search=function+search%28%29+%7B+%5Bnative+code%5D+%7D [36m304[0m 481.790 ms - -[0m
2025-05-28 03:28:05 info: [0mGET /service/getFeaturedService [36m304[0m 800.857 ms - -[0m
2025-05-28 03:28:05 info: [0mGET /photography?search=function+search%28%29+%7B+%5Bnative+code%5D+%7D [36m304[0m 322.319 ms - -[0m
2025-05-28 03:28:05 info: [0mGET /job/getFeaturedJobs [36m304[0m 1415.487 ms - -[0m
2025-05-28 03:28:05 info: [0mGET /service/getFeaturedService [36m304[0m 688.941 ms - -[0m
2025-05-28 03:28:07 info: [0mGET /job/getFeaturedJobs [36m304[0m 1425.621 ms - -[0m
2025-05-28 03:28:16 info: [0mOPTIONS /service/getFeaturedService [32m204[0m 11.806 ms - 0[0m
2025-05-28 03:28:17 info: [0mOPTIONS /job/getFeaturedJobs [32m204[0m 0.168 ms - 0[0m
2025-05-28 03:28:17 info: [0mOPTIONS /photography?search=function+search%28%29+%7B+%5Bnative+code%5D+%7D [32m204[0m 0.282 ms - 0[0m
2025-05-28 03:28:17 info: [0mOPTIONS /service/getFeaturedService [32m204[0m 0.200 ms - 0[0m
2025-05-28 03:28:17 info: [0mOPTIONS /job/getFeaturedJobs [32m204[0m 0.107 ms - 0[0m
2025-05-28 03:28:17 info: [0mOPTIONS /photography?search=function+search%28%29+%7B+%5Bnative+code%5D+%7D [32m204[0m 0.222 ms - 0[0m
2025-05-28 03:28:17 info: [0mGET /photography?search=function+search%28%29+%7B+%5Bnative+code%5D+%7D [36m304[0m 386.823 ms - -[0m
2025-05-28 03:28:17 info: [0mGET /service/getFeaturedService [36m304[0m 699.551 ms - -[0m
2025-05-28 03:28:17 info: [0mGET /photography?search=function+search%28%29+%7B+%5Bnative+code%5D+%7D [36m304[0m 334.610 ms - -[0m
2025-05-28 03:28:18 info: [0mGET /job/getFeaturedJobs [36m304[0m 1282.719 ms - -[0m
2025-05-28 03:28:18 info: [0mGET /service/getFeaturedService [36m304[0m 632.799 ms - -[0m
2025-05-28 03:28:19 info: [0mGET /job/getFeaturedJobs [36m304[0m 1335.832 ms - -[0m
2025-05-28 03:28:43 info: [0mOPTIONS /service/getFeaturedService [32m204[0m 1.138 ms - 0[0m
2025-05-28 03:28:43 info: [0mOPTIONS /job/getFeaturedJobs [32m204[0m 0.332 ms - 0[0m
2025-05-28 03:28:43 info: [0mOPTIONS /photography?search=function+search%28%29+%7B+%5Bnative+code%5D+%7D [32m204[0m 0.286 ms - 0[0m
2025-05-28 03:28:43 info: [0mOPTIONS /service/getFeaturedService [32m204[0m 0.109 ms - 0[0m
2025-05-28 03:28:43 info: [0mOPTIONS /job/getFeaturedJobs [32m204[0m 0.537 ms - 0[0m
2025-05-28 03:28:43 info: [0mOPTIONS /photography?search=function+search%28%29+%7B+%5Bnative+code%5D+%7D [32m204[0m 0.105 ms - 0[0m
2025-05-28 03:28:44 info: [0mGET /photography?search=function+search%28%29+%7B+%5Bnative+code%5D+%7D [36m304[0m 437.058 ms - -[0m
2025-05-28 03:28:44 info: [0mGET /service/getFeaturedService [36m304[0m 691.036 ms - -[0m
2025-05-28 03:28:44 info: [0mGET /photography?search=function+search%28%29+%7B+%5Bnative+code%5D+%7D [36m304[0m 305.883 ms - -[0m
2025-05-28 03:28:45 info: [0mGET /job/getFeaturedJobs [36m304[0m 1264.488 ms - -[0m
2025-05-28 03:28:45 info: [0mGET /service/getFeaturedService [36m304[0m 627.430 ms - -[0m
2025-05-28 03:28:47 info: [0mGET /job/getFeaturedJobs [36m304[0m 2068.148 ms - -[0m
2025-05-28 03:28:54 info: [0mOPTIONS /service/getFeaturedService [32m204[0m 2.317 ms - 0[0m
2025-05-28 03:28:54 info: [0mOPTIONS /job/getFeaturedJobs [32m204[0m 1.416 ms - 0[0m
2025-05-28 03:28:54 info: [0mOPTIONS /photography?search=function+search%28%29+%7B+%5Bnative+code%5D+%7D [32m204[0m 0.190 ms - 0[0m
2025-05-28 03:28:54 info: [0mOPTIONS /service/getFeaturedService [32m204[0m 3.410 ms - 0[0m
2025-05-28 03:28:54 info: [0mOPTIONS /job/getFeaturedJobs [32m204[0m 0.163 ms - 0[0m
2025-05-28 03:28:54 info: [0mOPTIONS /photography?search=function+search%28%29+%7B+%5Bnative+code%5D+%7D [32m204[0m 0.284 ms - 0[0m
2025-05-28 03:28:55 info: [0mGET /photography?search=function+search%28%29+%7B+%5Bnative+code%5D+%7D [36m304[0m 386.854 ms - -[0m
2025-05-28 03:28:55 info: [0mGET /service/getFeaturedService [36m304[0m 760.984 ms - -[0m
2025-05-28 03:28:55 info: [0mGET /photography?search=function+search%28%29+%7B+%5Bnative+code%5D+%7D [36m304[0m 313.706 ms - -[0m
2025-05-28 03:28:56 info: [0mGET /service/getFeaturedService [36m304[0m 617.025 ms - -[0m
2025-05-28 03:28:56 info: [0mGET /job/getFeaturedJobs [36m304[0m 1333.128 ms - -[0m
2025-05-28 03:28:57 info: [0mGET /job/getFeaturedJobs [36m304[0m 1324.986 ms - -[0m
2025-05-28 03:29:10 info: [0mOPTIONS /service/getFeaturedService [32m204[0m 10.752 ms - 0[0m
2025-05-28 03:29:10 info: [0mOPTIONS /job/getFeaturedJobs [32m204[0m 0.152 ms - 0[0m
2025-05-28 03:29:10 info: [0mOPTIONS /photography?search=function+search%28%29+%7B+%5Bnative+code%5D+%7D [32m204[0m 0.128 ms - 0[0m
2025-05-28 03:29:10 info: [0mOPTIONS /service/getFeaturedService [32m204[0m 0.511 ms - 0[0m
2025-05-28 03:29:10 info: [0mOPTIONS /job/getFeaturedJobs [32m204[0m 0.121 ms - 0[0m
2025-05-28 03:29:10 info: [0mOPTIONS /photography?search=function+search%28%29+%7B+%5Bnative+code%5D+%7D [32m204[0m 0.164 ms - 0[0m
2025-05-28 03:29:10 info: [0mGET /photography?search=function+search%28%29+%7B+%5Bnative+code%5D+%7D [36m304[0m 360.505 ms - -[0m
2025-05-28 03:29:11 info: [0mGET /service/getFeaturedService [36m304[0m 956.657 ms - -[0m
2025-05-28 03:29:11 info: [0mGET /photography?search=function+search%28%29+%7B+%5Bnative+code%5D+%7D [36m304[0m 420.974 ms - -[0m
2025-05-28 03:29:11 info: [0mGET /service/getFeaturedService [36m304[0m 601.280 ms - -[0m
2025-05-28 03:29:11 info: [0mGET /job/getFeaturedJobs [36m304[0m 1528.523 ms - -[0m
2025-05-28 03:29:13 info: [0mGET /job/getFeaturedJobs [36m304[0m 1446.261 ms - -[0m
2025-05-28 03:29:15 info: [0mOPTIONS /service/getFeaturedService [32m204[0m 1.347 ms - 0[0m
2025-05-28 03:29:15 info: [0mOPTIONS /service/getFeaturedService [32m204[0m 0.147 ms - 0[0m
2025-05-28 03:29:15 info: [0mOPTIONS /job/getFeaturedJobs [32m204[0m 0.121 ms - 0[0m
2025-05-28 03:29:15 info: [0mOPTIONS /photography?search=function+search%28%29+%7B+%5Bnative+code%5D+%7D [32m204[0m 0.239 ms - 0[0m
2025-05-28 03:29:15 info: [0mOPTIONS /job/getFeaturedJobs [32m204[0m 0.213 ms - 0[0m
2025-05-28 03:29:15 info: [0mOPTIONS /photography?search=function+search%28%29+%7B+%5Bnative+code%5D+%7D [32m204[0m 0.184 ms - 0[0m
2025-05-28 03:29:15 info: [0mGET /photography?search=function+search%28%29+%7B+%5Bnative+code%5D+%7D [36m304[0m 320.025 ms - -[0m
2025-05-28 03:29:16 info: [0mGET /photography?search=function+search%28%29+%7B+%5Bnative+code%5D+%7D [36m304[0m 306.588 ms - -[0m
2025-05-28 03:29:16 info: [0mGET /service/getFeaturedService [36m304[0m 617.166 ms - -[0m
2025-05-28 03:29:16 info: [0mGET /job/getFeaturedJobs [36m304[0m 1271.935 ms - -[0m
2025-05-28 03:29:16 info: [0mGET /service/getFeaturedService [36m304[0m 617.783 ms - -[0m
2025-05-28 03:29:17 info: [0mGET /job/getFeaturedJobs [36m304[0m 1204.266 ms - -[0m
2025-05-28 03:29:26 info: [0mOPTIONS /service/getFeaturedService [32m204[0m 4.614 ms - 0[0m
2025-05-28 03:29:26 info: [0mOPTIONS /job/getFeaturedJobs [32m204[0m 0.117 ms - 0[0m
2025-05-28 03:29:26 info: [0mOPTIONS /photography?search=function+search%28%29+%7B+%5Bnative+code%5D+%7D [32m204[0m 0.095 ms - 0[0m
2025-05-28 03:29:26 info: [0mOPTIONS /service/getFeaturedService [32m204[0m 0.089 ms - 0[0m
2025-05-28 03:29:26 info: [0mOPTIONS /job/getFeaturedJobs [32m204[0m 0.231 ms - 0[0m
2025-05-28 03:29:26 info: [0mOPTIONS /photography?search=function+search%28%29+%7B+%5Bnative+code%5D+%7D [32m204[0m 0.177 ms - 0[0m
2025-05-28 03:29:26 info: [0mGET /photography?search=function+search%28%29+%7B+%5Bnative+code%5D+%7D [36m304[0m 324.133 ms - -[0m
2025-05-28 03:29:26 info: [0mGET /service/getFeaturedService [36m304[0m 649.849 ms - -[0m
2025-05-28 03:29:26 info: [0mGET /photography?search=function+search%28%29+%7B+%5Bnative+code%5D+%7D [36m304[0m 320.033 ms - -[0m
2025-05-28 03:29:27 info: [0mGET /service/getFeaturedService [36m304[0m 574.459 ms - -[0m
2025-05-28 03:29:27 info: [0mGET /job/getFeaturedJobs [36m304[0m 1210.953 ms - -[0m
2025-05-28 03:29:28 info: [0mGET /job/getFeaturedJobs [36m304[0m 1465.792 ms - -[0m
2025-05-28 03:29:42 info: [0mOPTIONS /service/getFeaturedService [32m204[0m 1.237 ms - 0[0m
2025-05-28 03:29:42 info: [0mOPTIONS /job/getFeaturedJobs [32m204[0m 0.209 ms - 0[0m
2025-05-28 03:29:42 info: [0mOPTIONS /photography?search=function+search%28%29+%7B+%5Bnative+code%5D+%7D [32m204[0m 0.137 ms - 0[0m
2025-05-28 03:29:42 info: [0mOPTIONS /service/getFeaturedService [32m204[0m 0.190 ms - 0[0m
2025-05-28 03:29:42 info: [0mOPTIONS /job/getFeaturedJobs [32m204[0m 0.240 ms - 0[0m
2025-05-28 03:29:42 info: [0mOPTIONS /photography?search=function+search%28%29+%7B+%5Bnative+code%5D+%7D [32m204[0m 0.081 ms - 0[0m
2025-05-28 03:29:43 info: [0mGET /photography?search=function+search%28%29+%7B+%5Bnative+code%5D+%7D [36m304[0m 330.955 ms - -[0m
2025-05-28 03:29:43 info: [0mGET /service/getFeaturedService [36m304[0m 653.491 ms - -[0m
2025-05-28 03:29:43 info: [0mGET /photography?search=function+search%28%29+%7B+%5Bnative+code%5D+%7D [36m304[0m 323.521 ms - -[0m
2025-05-28 03:29:43 info: [0mGET /service/getFeaturedService [36m304[0m 604.848 ms - -[0m
2025-05-28 03:29:44 info: [0mGET /job/getFeaturedJobs [36m304[0m 1280.327 ms - -[0m
2025-05-28 03:29:45 info: [0mGET /job/getFeaturedJobs [36m304[0m 1503.842 ms - -[0m
2025-05-28 03:32:03 info: [0mOPTIONS /service/getFeaturedService [32m204[0m 14.853 ms - 0[0m
2025-05-28 03:32:03 info: [0mOPTIONS /job/getFeaturedJobs [32m204[0m 0.152 ms - 0[0m
2025-05-28 03:32:03 info: [0mOPTIONS /photography?search=function+search%28%29+%7B+%5Bnative+code%5D+%7D [32m204[0m 0.397 ms - 0[0m
2025-05-28 03:32:03 info: [0mOPTIONS /service/getFeaturedService [32m204[0m 0.140 ms - 0[0m
2025-05-28 03:32:04 info: [0mOPTIONS /job/getFeaturedJobs [32m204[0m 0.567 ms - 0[0m
2025-05-28 03:32:04 info: [0mOPTIONS /photography?search=function+search%28%29+%7B+%5Bnative+code%5D+%7D [32m204[0m 0.496 ms - 0[0m
2025-05-28 03:32:04 info: [0mGET /photography?search=function+search%28%29+%7B+%5Bnative+code%5D+%7D [36m304[0m 414.819 ms - -[0m
2025-05-28 03:32:04 info: [0mGET /service/getFeaturedService [36m304[0m 888.202 ms - -[0m
2025-05-28 03:32:04 info: [0mGET /photography?search=function+search%28%29+%7B+%5Bnative+code%5D+%7D [36m304[0m 405.448 ms - -[0m
2025-05-28 03:32:05 info: [0mGET /job/getFeaturedJobs [36m304[0m 1658.999 ms - -[0m
2025-05-28 03:32:05 info: [0mGET /service/getFeaturedService [36m304[0m 815.206 ms - -[0m
2025-05-28 03:32:07 info: [0mGET /job/getFeaturedJobs [36m304[0m 1474.136 ms - -[0m
2025-05-28 03:32:54 info: [0mOPTIONS /service?page=1&limit=100 [32m204[0m 11.766 ms - 0[0m
2025-05-28 03:32:54 info: [0mOPTIONS /photography?search=function+search%28%29+%7B+%5Bnative+code%5D+%7D [32m204[0m 0.970 ms - 0[0m
2025-05-28 03:32:55 info: [0mGET /photography?search=function+search%28%29+%7B+%5Bnative+code%5D+%7D [36m304[0m 535.673 ms - -[0m
2025-05-28 03:32:55 info: [0mGET /service?page=1&limit=100 [32m200[0m 1076.439 ms - -[0m
2025-05-28 03:32:57 info: [0mOPTIONS /service/getFeaturedService [32m204[0m 13.335 ms - 0[0m
2025-05-28 03:32:57 info: [0mOPTIONS /job/getFeaturedJobs [32m204[0m 1.190 ms - 0[0m
2025-05-28 03:32:57 info: [0mOPTIONS /service/getFeaturedService [32m204[0m 0.225 ms - 0[0m
2025-05-28 03:32:57 info: [0mOPTIONS /job/getFeaturedJobs [32m204[0m 0.711 ms - 0[0m
2025-05-28 03:32:58 info: [0mGET /photography?search=function+search%28%29+%7B+%5Bnative+code%5D+%7D [36m304[0m 382.633 ms - -[0m
2025-05-28 03:32:58 info: [0mGET /service/getFeaturedService [36m304[0m 1052.416 ms - -[0m
2025-05-28 03:32:58 info: [0mGET /photography?search=function+search%28%29+%7B+%5Bnative+code%5D+%7D [36m304[0m 388.841 ms - -[0m
2025-05-28 03:32:59 info: [0mGET /service/getFeaturedService [36m304[0m 990.928 ms - -[0m
2025-05-28 03:32:59 info: [0mGET /job/getFeaturedJobs [36m304[0m 1647.704 ms - -[0m
2025-05-28 03:33:01 info: [0mGET /job/getFeaturedJobs [36m304[0m 1627.655 ms - -[0m
2025-05-28 03:36:32 info: [0mOPTIONS /service/getFeaturedService [32m204[0m 6.494 ms - 0[0m
2025-05-28 03:36:33 info: [0mOPTIONS /job/getFeaturedJobs [32m204[0m 0.093 ms - 0[0m
2025-05-28 03:36:33 info: [0mOPTIONS /service/getFeaturedService [32m204[0m 0.103 ms - 0[0m
2025-05-28 03:36:33 info: [0mOPTIONS /job/getFeaturedJobs [32m204[0m 0.242 ms - 0[0m
2025-05-28 03:36:33 info: [0mGET /service/getFeaturedService [36m304[0m 828.235 ms - -[0m
2025-05-28 03:36:34 info: [0mGET /job/getFeaturedJobs [36m304[0m 1431.102 ms - -[0m
2025-05-28 03:36:34 info: [0mGET /service/getFeaturedService [36m304[0m 784.024 ms - -[0m
2025-05-28 03:36:36 info: [0mGET /job/getFeaturedJobs [36m304[0m 1633.138 ms - -[0m
2025-05-28 03:36:54 info: [0mOPTIONS /service/getFeaturedService [32m204[0m 2.415 ms - 0[0m
2025-05-28 03:36:54 info: [0mOPTIONS /job/getFeaturedJobs [32m204[0m 0.135 ms - 0[0m
2025-05-28 03:36:54 info: [0mOPTIONS /job/getFeaturedJobs [32m204[0m 0.417 ms - 0[0m
2025-05-28 03:36:54 info: [0mGET /service/getFeaturedService [36m304[0m 796.639 ms - -[0m
2025-05-28 03:36:55 info: [0mGET /job/getFeaturedJobs [36m304[0m 1333.237 ms - -[0m
2025-05-28 03:36:55 info: [0mGET /service/getFeaturedService [36m304[0m 628.881 ms - -[0m
2025-05-28 03:36:56 info: [0mGET /job/getFeaturedJobs [36m304[0m 1332.222 ms - -[0m
2025-05-28 03:38:02 info: [0mOPTIONS /service/getFeaturedService [32m204[0m 2.164 ms - 0[0m
2025-05-28 03:38:02 info: [0mOPTIONS /job/getFeaturedJobs [32m204[0m 0.132 ms - 0[0m
2025-05-28 03:38:03 info: [0mOPTIONS /service/getFeaturedService [32m204[0m 0.321 ms - 0[0m
2025-05-28 03:38:03 info: [0mOPTIONS /job/getFeaturedJobs [32m204[0m 0.142 ms - 0[0m
2025-05-28 03:38:03 info: [0mGET /service/getFeaturedService [36m304[0m 693.510 ms - -[0m
2025-05-28 03:38:04 info: [0mGET /job/getFeaturedJobs [36m304[0m 1336.284 ms - -[0m
2025-05-28 03:38:04 info: [0mGET /service/getFeaturedService [36m304[0m 691.057 ms - -[0m
2025-05-28 03:38:06 info: [0mGET /job/getFeaturedJobs [36m304[0m 1661.701 ms - -[0m
2025-05-28 03:38:39 info: [0mOPTIONS /service/getFeaturedService [32m204[0m 4.836 ms - 0[0m
2025-05-28 03:38:39 info: [0mOPTIONS /job/getFeaturedJobs [32m204[0m 0.184 ms - 0[0m
2025-05-28 03:38:39 info: [0mOPTIONS /service/getFeaturedService [32m204[0m 0.371 ms - 0[0m
2025-05-28 03:38:39 info: [0mOPTIONS /job/getFeaturedJobs [32m204[0m 0.088 ms - 0[0m
2025-05-28 03:38:39 info: [0mGET /service/getFeaturedService [36m304[0m 722.344 ms - -[0m
2025-05-28 03:38:40 info: [0mGET /job/getFeaturedJobs [36m304[0m 1356.462 ms - -[0m
2025-05-28 03:38:40 info: [0mGET /service/getFeaturedService [36m304[0m 699.656 ms - -[0m
2025-05-28 03:38:41 info: [0mGET /job/getFeaturedJobs [36m304[0m 1345.590 ms - -[0m
2025-05-28 03:39:13 info: [0mOPTIONS /service/getFeaturedService [32m204[0m 9.120 ms - 0[0m
2025-05-28 03:39:14 info: [0mOPTIONS /job/getFeaturedJobs [32m204[0m 0.147 ms - 0[0m
2025-05-28 03:39:14 info: [0mOPTIONS /service/getFeaturedService [32m204[0m 1.237 ms - 0[0m
2025-05-28 03:39:14 info: [0mOPTIONS /job/getFeaturedJobs [32m204[0m 0.166 ms - 0[0m
2025-05-28 03:39:14 info: [0mGET /service/getFeaturedService [36m304[0m 686.627 ms - -[0m
2025-05-28 03:39:15 info: [0mGET /service/getFeaturedService [36m304[0m 637.610 ms - -[0m
2025-05-28 03:39:15 info: [0mGET /job/getFeaturedJobs [36m304[0m 1226.068 ms - -[0m
2025-05-28 03:39:16 info: [0mGET /job/getFeaturedJobs [36m304[0m 1553.251 ms - -[0m
2025-05-28 03:41:52 info: [0mOPTIONS /service/getFeaturedService [32m204[0m 12.365 ms - 0[0m
2025-05-28 03:41:52 info: [0mOPTIONS /job/getFeaturedJobs [32m204[0m 0.097 ms - 0[0m
2025-05-28 03:41:52 info: [0mOPTIONS /phography [32m204[0m 0.084 ms - 0[0m
2025-05-28 03:41:52 info: [0mOPTIONS /service/getFeaturedService [32m204[0m 0.164 ms - 0[0m
2025-05-28 03:41:52 error: [GET] /phography >> StatusCode:: 404, Message:: The requested path /phography not found!
2025-05-28 03:41:52 info: [0mGET /phography [32m200[0m 31.980 ms - 98[0m
2025-05-28 03:41:52 info: [0mOPTIONS /job/getFeaturedJobs [32m204[0m 0.396 ms - 0[0m
2025-05-28 03:41:52 info: [0mOPTIONS /phography [32m204[0m 0.181 ms - 0[0m
2025-05-28 03:41:52 error: [GET] /phography >> StatusCode:: 404, Message:: The requested path /phography not found!
2025-05-28 03:41:52 info: [0mGET /phography [36m304[0m 1.156 ms - -[0m
2025-05-28 03:41:53 info: [0mGET /service/getFeaturedService [36m304[0m 885.139 ms - -[0m
2025-05-28 03:41:53 info: [0mGET /job/getFeaturedJobs [36m304[0m 1481.657 ms - -[0m
2025-05-28 03:41:53 info: [0mGET /service/getFeaturedService [36m304[0m 764.235 ms - -[0m
2025-05-28 03:41:55 info: [0mGET /job/getFeaturedJobs [36m304[0m 1370.561 ms - -[0m
2025-05-28 03:42:16 info: [0mOPTIONS /service/getFeaturedService [32m204[0m 2.721 ms - 0[0m
2025-05-28 03:42:16 info: [0mOPTIONS /job/getFeaturedJobs [32m204[0m 0.170 ms - 0[0m
2025-05-28 03:42:16 info: [0mOPTIONS /photography [32m204[0m 3.089 ms - 0[0m
2025-05-28 03:42:16 info: [0mOPTIONS /service/getFeaturedService [32m204[0m 0.411 ms - 0[0m
2025-05-28 03:42:16 info: [0mOPTIONS /job/getFeaturedJobs [32m204[0m 0.203 ms - 0[0m
2025-05-28 03:42:16 info: [0mOPTIONS /photography [32m204[0m 0.195 ms - 0[0m
2025-05-28 03:42:17 info: [0mGET /service/getFeaturedService [36m304[0m 1257.345 ms - -[0m
2025-05-28 03:42:17 info: [0mGET /photography [32m200[0m 1290.778 ms - -[0m
2025-05-28 03:42:18 info: [0mGET /service/getFeaturedService [36m304[0m 1128.481 ms - -[0m
2025-05-28 03:42:18 info: [0mGET /job/getFeaturedJobs [36m304[0m 2175.234 ms - -[0m
2025-05-28 03:42:18 info: [0mGET /photography [36m304[0m 961.899 ms - -[0m
2025-05-28 03:42:20 info: [0mGET /job/getFeaturedJobs [36m304[0m 1525.695 ms - -[0m
2025-05-28 03:44:39 info: [0mOPTIONS /service/getFeaturedService [32m204[0m 14.093 ms - 0[0m
2025-05-28 03:44:39 info: [0mOPTIONS /job/getFeaturedJobs [32m204[0m 0.187 ms - 0[0m
2025-05-28 03:44:39 info: [0mOPTIONS /photography [32m204[0m 8.970 ms - 0[0m
2025-05-28 03:44:39 info: [0mOPTIONS /service/getFeaturedService [32m204[0m 0.575 ms - 0[0m
2025-05-28 03:44:39 info: [0mOPTIONS /job/getFeaturedJobs [32m204[0m 0.466 ms - 0[0m
2025-05-28 03:44:39 info: [0mOPTIONS /photography [32m204[0m 0.992 ms - 0[0m
2025-05-28 03:44:40 info: [0mGET /service/getFeaturedService [36m304[0m 1080.778 ms - -[0m
2025-05-28 03:44:40 info: [0mGET /photography [36m304[0m 927.834 ms - -[0m
2025-05-28 03:44:41 info: [0mGET /service/getFeaturedService [36m304[0m 873.750 ms - -[0m
2025-05-28 03:44:41 info: [0mGET /photography [36m304[0m 737.899 ms - -[0m
2025-05-28 03:44:41 info: [0mGET /job/getFeaturedJobs [36m304[0m 1685.697 ms - -[0m
2025-05-28 03:44:42 info: [0mGET /job/getFeaturedJobs [36m304[0m 1428.998 ms - -[0m
2025-05-28 03:44:51 info: [0mOPTIONS /service/getFeaturedService [32m204[0m 5.049 ms - 0[0m
2025-05-28 03:44:51 info: [0mOPTIONS /job/getFeaturedJobs [32m204[0m 0.252 ms - 0[0m
2025-05-28 03:44:51 info: [0mOPTIONS /photography [32m204[0m 0.409 ms - 0[0m
2025-05-28 03:44:51 info: [0mOPTIONS /service/getFeaturedService [32m204[0m 0.142 ms - 0[0m
2025-05-28 03:44:51 info: [0mOPTIONS /job/getFeaturedJobs [32m204[0m 0.121 ms - 0[0m
2025-05-28 03:44:51 info: [0mOPTIONS /photography [32m204[0m 0.430 ms - 0[0m
2025-05-28 03:44:52 info: [0mGET /service/getFeaturedService [36m304[0m 964.931 ms - -[0m
2025-05-28 03:44:52 info: [0mGET /photography [36m304[0m 816.450 ms - -[0m
2025-05-28 03:44:52 info: [0mGET /service/getFeaturedService [36m304[0m 878.381 ms - -[0m
2025-05-28 03:44:52 info: [0mGET /photography [36m304[0m 799.265 ms - -[0m
2025-05-28 03:44:52 info: [0mGET /job/getFeaturedJobs [36m304[0m 1679.606 ms - -[0m
2025-05-28 03:44:54 info: [0mGET /job/getFeaturedJobs [36m304[0m 1534.778 ms - -[0m
2025-05-28 03:46:25 info: [0mOPTIONS /service/getFeaturedService [32m204[0m 11.970 ms - 0[0m
2025-05-28 03:46:25 info: [0mOPTIONS /job/getFeaturedJobs [32m204[0m 0.427 ms - 0[0m
2025-05-28 03:46:25 info: [0mOPTIONS /photography [32m204[0m 0.219 ms - 0[0m
2025-05-28 03:46:26 info: [0mOPTIONS /service/getFeaturedService [32m204[0m 0.269 ms - 0[0m
2025-05-28 03:46:26 info: [0mOPTIONS /job/getFeaturedJobs [32m204[0m 0.106 ms - 0[0m
2025-05-28 03:46:26 info: [0mOPTIONS /photography [32m204[0m 0.110 ms - 0[0m
2025-05-28 03:46:26 info: [0mGET /service/getFeaturedService [36m304[0m 710.741 ms - -[0m
2025-05-28 03:46:26 info: [0mGET /photography [36m304[0m 659.086 ms - -[0m
2025-05-28 03:46:27 info: [0mGET /service/getFeaturedService [36m304[0m 618.482 ms - -[0m
2025-05-28 03:46:27 info: [0mGET /job/getFeaturedJobs [36m304[0m 1267.273 ms - -[0m
2025-05-28 03:46:27 info: [0mGET /photography [36m304[0m 623.795 ms - -[0m
2025-05-28 03:46:28 info: [0mGET /job/getFeaturedJobs [36m304[0m 1708.717 ms - -[0m
2025-05-28 03:49:11 info: [0mOPTIONS /service/getFeaturedService [32m204[0m 14.720 ms - 0[0m
2025-05-28 03:49:11 info: [0mOPTIONS /job/getFeaturedJobs [32m204[0m 0.652 ms - 0[0m
2025-05-28 03:49:11 info: [0mOPTIONS /photography [32m204[0m 0.240 ms - 0[0m
2025-05-28 03:49:11 info: [0mOPTIONS /service/getFeaturedService [32m204[0m 0.142 ms - 0[0m
2025-05-28 03:49:11 info: [0mOPTIONS /job/getFeaturedJobs [32m204[0m 0.173 ms - 0[0m
2025-05-28 03:49:11 info: [0mOPTIONS /photography [32m204[0m 0.401 ms - 0[0m
2025-05-28 03:49:11 info: [0mGET /service/getFeaturedService [36m304[0m 827.734 ms - -[0m
2025-05-28 03:49:12 info: [0mGET /service/getFeaturedService [36m304[0m 641.701 ms - -[0m
2025-05-28 03:49:31 info: [0mGET /photography [32m200[0m 680.751 ms - -[0m
2025-05-28 03:49:32 info: [0mGET /job/getFeaturedJobs [32m200[0m 1338.890 ms - -[0m
2025-05-28 03:53:40 info: [0mGET /photography [0m-[0m - ms - -[0m
2025-05-28 03:53:41 info: [0mGET /job/getFeaturedJobs [0m-[0m - ms - -[0m
2025-05-28 03:53:48 info: [0mOPTIONS /service/getFeaturedService [32m204[0m 3.909 ms - 0[0m
2025-05-28 03:53:48 info: [0mOPTIONS /job/getFeaturedJobs [32m204[0m 0.546 ms - 0[0m
2025-05-28 03:53:48 info: [0mOPTIONS /photography [32m204[0m 0.325 ms - 0[0m
2025-05-28 03:53:48 info: [0mOPTIONS /service/getFeaturedService [32m204[0m 0.242 ms - 0[0m
2025-05-28 03:53:48 info: [0mOPTIONS /job/getFeaturedJobs [32m204[0m 0.335 ms - 0[0m
2025-05-28 03:53:48 info: [0mOPTIONS /photography [32m204[0m 0.103 ms - 0[0m
2025-05-28 03:53:48 info: [0mGET /service/getFeaturedService [36m304[0m 819.476 ms - -[0m
2025-05-28 03:53:49 info: [0mGET /photography [32m200[0m 769.448 ms - -[0m
2025-05-28 03:53:49 info: [0mGET /service/getFeaturedService [36m304[0m 600.759 ms - -[0m
2025-05-28 03:53:49 info: [0mGET /job/getFeaturedJobs [32m200[0m 1283.057 ms - -[0m
2025-05-28 03:53:49 info: [0mGET /photography [36m304[0m 601.074 ms - -[0m
2025-05-28 03:53:51 info: [0mGET /job/getFeaturedJobs [36m304[0m 1510.591 ms - -[0m
2025-05-28 03:54:19 info: [0mOPTIONS /photography?limit=20&page=1 [32m204[0m 10.109 ms - 0[0m
2025-05-28 03:54:19 info: [0mOPTIONS /photography?limit=20&page=1 [32m204[0m 0.706 ms - 0[0m
2025-05-28 03:54:20 info: [0mGET /photography?limit=20&page=1 [36m304[0m 811.489 ms - -[0m
2025-05-28 03:54:21 info: [0mGET /photography?limit=20&page=1 [36m304[0m 624.983 ms - -[0m
2025-05-28 03:54:23 info: [0mOPTIONS /service/getFeaturedService [32m204[0m 34.891 ms - 0[0m
2025-05-28 03:54:23 info: [0mOPTIONS /job/getFeaturedJobs [32m204[0m 0.217 ms - 0[0m
2025-05-28 03:54:23 info: [0mOPTIONS /photography [32m204[0m 0.347 ms - 0[0m
2025-05-28 03:54:23 info: [0mOPTIONS /service/getFeaturedService [32m204[0m 0.572 ms - 0[0m
2025-05-28 03:54:23 info: [0mOPTIONS /job/getFeaturedJobs [32m204[0m 0.149 ms - 0[0m
2025-05-28 03:54:23 info: [0mOPTIONS /photography [32m204[0m 0.110 ms - 0[0m
2025-05-28 03:54:24 info: [0mGET /service/getFeaturedService [36m304[0m 665.412 ms - -[0m
2025-05-28 03:54:24 info: [0mGET /photography [36m304[0m 685.503 ms - -[0m
2025-05-28 03:54:24 info: [0mGET /service/getFeaturedService [36m304[0m 665.569 ms - -[0m
2025-05-28 03:54:24 info: [0mGET /photography [36m304[0m 599.908 ms - -[0m
2025-05-28 03:54:24 info: [0mGET /job/getFeaturedJobs [36m304[0m 1345.668 ms - -[0m
2025-05-28 03:54:26 info: [0mGET /job/getFeaturedJobs [36m304[0m 1467.860 ms - -[0m
2025-05-28 03:54:41 info: [0mOPTIONS /job/skillsCategory [32m204[0m 2.959 ms - 0[0m
2025-05-28 03:54:41 info: [0mGET /job/skillsCategory [36m304[0m 30.411 ms - -[0m
2025-05-28 03:54:41 info: [0mOPTIONS /service?page=1&limit=10 [32m204[0m 0.468 ms - 0[0m
2025-05-28 03:54:42 info: [0mGET /service?page=1&limit=10 [32m200[0m 823.449 ms - -[0m
2025-05-28 03:54:48 info: [0mOPTIONS /job/skillsCategory [32m204[0m 4.474 ms - 0[0m
2025-05-28 03:54:48 info: [0mGET /job/skillsCategory [36m304[0m 12.712 ms - -[0m
2025-05-28 03:54:48 info: [0mOPTIONS /service?page=1&limit=10&category=Cloud%20Computing [32m204[0m 0.174 ms - 0[0m
2025-05-28 03:54:49 info: [0mGET /service?page=1&limit=10&category=Cloud%20Computing [32m200[0m 714.024 ms - -[0m
2025-05-28 03:54:52 info: [0mOPTIONS /profile/details [32m204[0m 1.840 ms - 0[0m
2025-05-28 03:54:52 info: [0mOPTIONS /profile/details [32m204[0m 0.375 ms - 0[0m
2025-05-28 03:54:52 info: [0mOPTIONS /job/getUserJobBestMatches?page=1&limit=5 [32m204[0m 0.391 ms - 0[0m
2025-05-28 03:54:54 info: [0mGET /job/getUserJobBestMatches?page=1&limit=5 [36m304[0m 2334.294 ms - -[0m
2025-05-28 03:54:56 info: [0mGET /profile/details [36m304[0m 4247.321 ms - -[0m
2025-05-28 03:55:00 info: [0mGET /profile/details [36m304[0m 3922.521 ms - -[0m
