2023-03-22 14:58:55 info: =================================
2023-03-22 14:58:55 info: ======= ENV: development =======
2023-03-22 14:58:55 info: 🚀 App listening on the port 3000
2023-03-22 14:58:55 info: =================================
2023-03-22 14:58:57 info: Connected to email server
2023-03-22 14:58:57 info: Connected to Database Successfully...
2023-03-22 15:00:12 error: [POST] /auth/login >> StatusCode:: 400, Message:: Cannot read properties of undefined (reading 'status')
2023-03-22 15:00:12 info: [0mPOST /auth/login [32m200[0m 1658.455 ms - 587[0m
2023-03-22 15:00:39 error: [RangeError] >> Maximum call stack size exceeded
2023-03-22 15:01:32 info: =================================
2023-03-22 15:01:32 info: ======= ENV: development =======
2023-03-22 15:01:32 info: 🚀 App listening on the port 3000
2023-03-22 15:01:32 info: =================================
2023-03-22 15:01:35 info: Connected to email server
2023-03-22 15:01:45 info: Connected to Database Successfully...
2023-03-22 15:01:57 error: [POST] /auth/login >> StatusCode:: 400, Message:: Cannot read properties of undefined (reading 'status')
2023-03-22 15:01:57 info: [0mPOST /auth/login [32m200[0m 630.766 ms - 587[0m
2023-03-22 15:02:13 error: [RangeError] >> Maximum call stack size exceeded
2023-03-22 15:02:30 info: =================================
2023-03-22 15:02:30 info: ======= ENV: development =======
2023-03-22 15:02:30 info: 🚀 App listening on the port 3000
2023-03-22 15:02:30 info: =================================
2023-03-22 15:02:32 info: Connected to email server
2023-03-22 15:02:37 info: Connected to Database Successfully...
2023-03-22 15:02:44 error: [RangeError] >> Maximum call stack size exceeded
2023-03-22 15:22:11 info: =================================
2023-03-22 15:22:11 info: ======= ENV: development =======
2023-03-22 15:22:11 info: 🚀 App listening on the port 3000
2023-03-22 15:22:11 info: =================================
2023-03-22 15:22:13 info: Connected to email server
2023-03-22 15:22:13 info: Connected to Database Successfully...
2023-03-22 15:22:28 error: [RangeError] >> Maximum call stack size exceeded
2023-03-22 15:22:57 info: =================================
2023-03-22 15:22:57 info: ======= ENV: development =======
2023-03-22 15:22:57 info: 🚀 App listening on the port 3000
2023-03-22 15:22:57 info: =================================
2023-03-22 15:22:59 info: Connected to email server
2023-03-22 15:23:06 info: Connected to Database Successfully...
2023-03-22 15:25:55 error: [Error] >> Channel closed
2023-03-22 15:26:01 info: =================================
2023-03-22 15:26:01 info: ======= ENV: development =======
2023-03-22 15:26:01 info: 🚀 App listening on the port 3000
2023-03-22 15:26:01 info: =================================
2023-03-22 15:26:04 info: Connected to email server
2023-03-22 15:26:04 info: Connected to Database Successfully...
2023-03-22 15:26:45 info: =================================
2023-03-22 15:26:45 info: ======= ENV: development =======
2023-03-22 15:26:45 info: 🚀 App listening on the port 3000
2023-03-22 15:26:45 info: =================================
2023-03-22 15:26:47 info: Connected to email server
2023-03-22 15:26:48 info: Connected to Database Successfully...
2023-03-22 15:26:53 error: [RangeError] >> Maximum call stack size exceeded
2023-03-22 15:27:15 info: =================================
2023-03-22 15:27:15 info: ======= ENV: development =======
2023-03-22 15:27:15 info: 🚀 App listening on the port 3000
2023-03-22 15:27:15 info: =================================
2023-03-22 15:27:20 info: Connected to email server
2023-03-22 15:27:20 info: Connected to Database Successfully...
2023-03-22 15:27:27 error: [RangeError] >> Maximum call stack size exceeded
2023-03-22 15:27:42 info: =================================
2023-03-22 15:27:42 info: ======= ENV: development =======
2023-03-22 15:27:42 info: 🚀 App listening on the port 3000
2023-03-22 15:27:42 info: =================================
2023-03-22 15:27:44 info: Connected to email server
2023-03-22 15:27:45 info: Connected to Database Successfully...
2023-03-22 15:27:54 info: =================================
2023-03-22 15:27:54 info: ======= ENV: development =======
2023-03-22 15:27:54 info: 🚀 App listening on the port 3000
2023-03-22 15:27:54 info: =================================
2023-03-22 15:27:56 info: Connected to email server
2023-03-22 15:27:57 info: Connected to Database Successfully...
2023-03-22 15:28:35 info: [0mPOST /profile [32m200[0m 29022.905 ms - -[0m
2023-03-22 15:31:36 info: [0mPOST /profile [32m200[0m 5284.469 ms - -[0m
2023-03-22 15:32:00 info: =================================
2023-03-22 15:32:00 info: ======= ENV: development =======
2023-03-22 15:32:00 info: 🚀 App listening on the port 3000
2023-03-22 15:32:00 info: =================================
2023-03-22 15:32:56 info: Connected to Database Successfully...
2023-03-22 15:33:32 info: Connected to email server
2023-03-22 15:36:48 info: [0mPOST /profile [32m200[0m 1241.212 ms - -[0m
2023-03-22 15:39:52 error: [POST] /profile >> StatusCode:: 400, Message:: USER_ALREADY_HAS_PROFILE
2023-03-22 15:39:52 info: [0mPOST /profile [32m200[0m 498.762 ms - 82[0m
