2025-09-04 09:47:53 info: =================================
2025-09-04 09:47:53 info: ======= ENV: development =======
2025-09-04 09:47:53 info: 🚀 App listening on the port 3000
2025-09-04 09:47:53 info: =================================
2025-09-04 09:47:56 info: Connected to email server
2025-09-04 09:47:56 info: Connected to email server
2025-09-04 09:47:56 info: Connected to email server
2025-09-04 09:47:56 info: Connected to email server
2025-09-04 09:47:56 info: Connected to email server
2025-09-04 09:47:56 info: Connected to email server
2025-09-04 09:47:56 info: Connected to email server
2025-09-04 09:47:56 info: Connected to email server
2025-09-04 09:47:56 info: Connected to email server
2025-09-04 09:47:56 info: Connected to email server
2025-09-04 09:47:56 info: Connected to email server
2025-09-04 09:47:56 info: Connected to email server
2025-09-04 09:47:56 info: Connected to email server
2025-09-04 09:47:56 info: Connected to email server
2025-09-04 09:47:57 info: Connected to Database Successfully...
2025-09-04 09:48:02 info: Connected to email server
2025-09-04 09:49:00 info: =================================
2025-09-04 09:49:00 info: ======= ENV: development =======
2025-09-04 09:49:00 info: 🚀 App listening on the port 3000
2025-09-04 09:49:00 info: =================================
2025-09-04 09:49:02 info: Connected to email server
2025-09-04 09:49:02 info: Connected to email server
2025-09-04 09:49:02 info: Connected to email server
2025-09-04 09:49:02 info: Connected to email server
2025-09-04 09:49:02 info: Connected to email server
2025-09-04 09:49:02 info: Connected to email server
2025-09-04 09:49:02 info: Connected to email server
2025-09-04 09:49:02 info: Connected to email server
2025-09-04 09:49:02 info: Connected to email server
2025-09-04 09:49:02 info: Connected to email server
2025-09-04 09:49:02 info: Connected to email server
2025-09-04 09:49:02 info: Connected to email server
2025-09-04 09:49:02 info: Connected to email server
2025-09-04 09:49:02 info: Connected to email server
2025-09-04 09:49:03 info: Connected to email server
2025-09-04 09:49:03 info: Connected to Database Successfully...
2025-09-04 09:49:27 info: [0mOPTIONS /service/getFeaturedService [32m204[0m 24.346 ms - 0[0m
2025-09-04 09:49:28 info: [0mOPTIONS /job/getFeaturedJobs [32m204[0m 7.583 ms - 0[0m
2025-09-04 09:49:28 info: [0mOPTIONS /photography [32m204[0m 0.557 ms - 0[0m
2025-09-04 09:49:28 info: [0mOPTIONS /service/getFeaturedService [32m204[0m 0.767 ms - 0[0m
2025-09-04 09:49:28 info: [0mOPTIONS /job/getFeaturedJobs [32m204[0m 0.212 ms - 0[0m
2025-09-04 09:49:28 info: [0mOPTIONS /photography [32m204[0m 0.411 ms - 0[0m
2025-09-04 09:49:29 info: [0mGET /service/getFeaturedService [36m304[0m 1025.114 ms - -[0m
2025-09-04 09:49:29 info: [0mGET /photography [36m304[0m 901.327 ms - -[0m
2025-09-04 09:49:30 info: [0mGET /photography [36m304[0m 761.844 ms - -[0m
2025-09-04 09:49:30 info: [0mGET /job/getFeaturedJobs [36m304[0m 1727.685 ms - -[0m
2025-09-04 09:49:30 info: [0mGET /service/getFeaturedService [36m304[0m 825.291 ms - -[0m
2025-09-04 09:49:31 info: [0mGET /job/getFeaturedJobs [36m304[0m 1350.080 ms - -[0m
2025-09-04 09:50:02 info: [0mOPTIONS /auth/forgot_password [32m204[0m 5.105 ms - 0[0m
2025-09-04 09:50:06 error: [POST] /auth/forgot_password >> StatusCode:: 400, Message:: Cannot read properties of undefined (reading 'status')
2025-09-04 09:50:06 info: [0mPOST /auth/forgot_password [32m200[0m 4023.226 ms - 81[0m
2025-09-04 09:53:05 info: =================================
2025-09-04 09:53:05 info: ======= ENV: development =======
2025-09-04 09:53:05 info: 🚀 App listening on the port 3000
2025-09-04 09:53:05 info: =================================
2025-09-04 09:53:08 info: Connected to email server
2025-09-04 09:53:08 info: Connected to email server
2025-09-04 09:53:08 info: Connected to email server
2025-09-04 09:53:08 info: Connected to email server
2025-09-04 09:53:08 info: Connected to email server
2025-09-04 09:53:08 info: Connected to email server
2025-09-04 09:53:08 info: Connected to email server
2025-09-04 09:53:08 info: Connected to email server
2025-09-04 09:53:08 info: Connected to email server
2025-09-04 09:53:08 info: Connected to email server
2025-09-04 09:53:08 info: Connected to email server
2025-09-04 09:53:08 info: Connected to email server
2025-09-04 09:53:08 info: Connected to email server
2025-09-04 09:53:08 info: Connected to email server
2025-09-04 09:53:08 info: Connected to email server
2025-09-04 09:53:09 info: Connected to Database Successfully...
2025-09-04 09:53:50 info: [0mOPTIONS /auth/forgot_password [32m204[0m 2.268 ms - 0[0m
2025-09-04 09:53:55 error: [POST] /auth/forgot_password >> StatusCode:: 400, Message:: Cannot read properties of undefined (reading 'status')
2025-09-04 09:53:55 info: [0mPOST /auth/forgot_password [32m200[0m 4627.911 ms - 81[0m
2025-09-04 09:59:16 info: =================================
2025-09-04 09:59:16 info: ======= ENV: development =======
2025-09-04 09:59:16 info: 🚀 App listening on the port 3000
2025-09-04 09:59:16 info: =================================
2025-09-04 09:59:19 info: Connected to email server
2025-09-04 09:59:19 info: Connected to email server
2025-09-04 09:59:19 info: Connected to email server
2025-09-04 09:59:19 info: Connected to email server
2025-09-04 09:59:19 info: Connected to email server
2025-09-04 09:59:19 info: Connected to email server
2025-09-04 09:59:19 info: Connected to email server
2025-09-04 09:59:19 info: Connected to email server
2025-09-04 09:59:19 info: Connected to email server
2025-09-04 09:59:19 info: Connected to email server
2025-09-04 09:59:19 info: Connected to email server
2025-09-04 09:59:19 info: Connected to email server
2025-09-04 09:59:19 info: Connected to email server
2025-09-04 09:59:19 info: Connected to email server
2025-09-04 09:59:19 info: Connected to email server
2025-09-04 09:59:20 info: Connected to Database Successfully...
2025-09-04 10:00:01 info: [0mOPTIONS /auth/forgot_password [32m204[0m 5.177 ms - 0[0m
2025-09-04 10:00:06 error: [POST] /auth/forgot_password >> StatusCode:: 400, Message:: Cannot read properties of undefined (reading 'status')
2025-09-04 10:00:06 info: [0mPOST /auth/forgot_password [32m200[0m 4872.670 ms - 81[0m
2025-09-04 10:03:39 info: =================================
2025-09-04 10:03:39 info: ======= ENV: development =======
2025-09-04 10:03:39 info: 🚀 App listening on the port 3000
2025-09-04 10:03:39 info: =================================
2025-09-04 10:03:42 info: Connected to email server
2025-09-04 10:03:42 info: Connected to email server
2025-09-04 10:03:42 info: Connected to email server
2025-09-04 10:03:42 info: Connected to email server
2025-09-04 10:03:42 info: Connected to email server
2025-09-04 10:03:42 info: Connected to email server
2025-09-04 10:03:42 info: Connected to email server
2025-09-04 10:03:42 info: Connected to email server
2025-09-04 10:03:42 info: Connected to email server
2025-09-04 10:03:42 info: Connected to email server
2025-09-04 10:03:42 info: Connected to email server
2025-09-04 10:03:42 info: Connected to email server
2025-09-04 10:03:42 info: Connected to email server
2025-09-04 10:03:42 info: Connected to email server
2025-09-04 10:03:42 info: Connected to email server
2025-09-04 10:03:44 info: Connected to Database Successfully...
2025-09-04 10:04:17 info: [0mOPTIONS /auth/forgot_password [32m204[0m 1.879 ms - 0[0m
2025-09-04 10:04:22 error: [POST] /auth/forgot_password >> StatusCode:: 400, Message:: Cannot read properties of undefined (reading 'status')
2025-09-04 10:04:22 info: [0mPOST /auth/forgot_password [32m200[0m 4262.955 ms - 81[0m
2025-09-04 10:07:53 info: =================================
2025-09-04 10:07:53 info: ======= ENV: development =======
2025-09-04 10:07:53 info: 🚀 App listening on the port 3000
2025-09-04 10:07:53 info: =================================
2025-09-04 10:07:56 info: Connected to email server
2025-09-04 10:07:56 info: Connected to email server
2025-09-04 10:07:56 info: Connected to email server
2025-09-04 10:07:56 info: Connected to email server
2025-09-04 10:07:56 info: Connected to email server
2025-09-04 10:07:56 info: Connected to email server
2025-09-04 10:07:56 info: Connected to email server
2025-09-04 10:07:56 info: Connected to email server
2025-09-04 10:07:56 info: Connected to email server
2025-09-04 10:07:56 info: Connected to email server
2025-09-04 10:07:56 info: Connected to email server
2025-09-04 10:07:56 info: Connected to email server
2025-09-04 10:07:56 info: Connected to email server
2025-09-04 10:07:56 info: Connected to email server
2025-09-04 10:07:56 info: Connected to email server
2025-09-04 10:07:57 info: Connected to Database Successfully...
2025-09-04 10:08:09 info: [0mOPTIONS /auth/login [32m204[0m 2.588 ms - 0[0m
2025-09-04 10:08:09 error: [POST] /auth/login >> StatusCode:: 400, Message:: Incorrect email or password
2025-09-04 10:08:09 info: [0mPOST /auth/login [32m200[0m 375.296 ms - 85[0m
2025-09-04 10:08:51 info: [0mOPTIONS /auth/register [32m204[0m 7.695 ms - 0[0m
2025-09-04 10:08:51 error: [POST] /auth/register >> StatusCode:: 400, Message:: email oyindamola515@gmail.com already exists
2025-09-04 10:08:51 info: [0mPOST /auth/register [32m200[0m 356.189 ms - 102[0m
2025-09-04 10:09:06 info: [0mOPTIONS /auth/register [32m204[0m 0.806 ms - 0[0m
2025-09-04 10:09:10 error: [POST] /auth/register >> StatusCode:: 400, Message:: Cannot read properties of undefined (reading 'status')
2025-09-04 10:09:10 info: [0mPOST /auth/register [32m200[0m 4669.313 ms - 579[0m
2025-09-04 10:10:14 info: =================================
2025-09-04 10:10:14 info: ======= ENV: development =======
2025-09-04 10:10:14 info: 🚀 App listening on the port 3000
2025-09-04 10:10:14 info: =================================
2025-09-04 10:10:17 info: Connected to email server
2025-09-04 10:10:17 info: Connected to email server
2025-09-04 10:10:17 info: Connected to email server
2025-09-04 10:10:17 info: Connected to email server
2025-09-04 10:10:17 info: Connected to email server
2025-09-04 10:10:17 info: Connected to email server
2025-09-04 10:10:17 info: Connected to email server
2025-09-04 10:10:17 info: Connected to email server
2025-09-04 10:10:17 info: Connected to email server
2025-09-04 10:10:17 info: Connected to email server
2025-09-04 10:10:17 info: Connected to email server
2025-09-04 10:10:17 info: Connected to email server
2025-09-04 10:10:17 info: Connected to email server
2025-09-04 10:10:17 info: Connected to email server
2025-09-04 10:10:17 info: Connected to email server
2025-09-04 10:10:18 info: Connected to Database Successfully...
2025-09-04 10:10:33 info: [0mOPTIONS /auth/login [32m204[0m 1.340 ms - 0[0m
2025-09-04 10:10:34 error: [POST] /auth/login >> StatusCode:: 400, Message:: Cannot read properties of undefined (reading 'status')
2025-09-04 10:10:34 info: [0mPOST /auth/login [32m200[0m 908.326 ms - 587[0m
2025-09-04 10:10:34 info: [0mOPTIONS /profile [32m204[0m 0.114 ms - 0[0m
2025-09-04 10:10:34 info: [0mGET /profile [32m200[0m 638.958 ms - 582[0m
2025-09-04 10:10:38 info: [0mOPTIONS /bid/proposals/shortlist?limit=5 [32m204[0m 0.508 ms - 0[0m
2025-09-04 10:10:38 info: [0mOPTIONS /bid/proposals/archive?limit=5 [32m204[0m 0.224 ms - 0[0m
2025-09-04 10:10:38 info: [0mOPTIONS /job/client/68b95732d60e8b18918e03a8?page=1&limit=10 [32m204[0m 0.179 ms - 0[0m
2025-09-04 10:10:38 info: [0mOPTIONS /bid/proposals/shortlist?limit=5 [32m204[0m 0.156 ms - 0[0m
2025-09-04 10:10:39 info: [0mOPTIONS /bid/proposals/archive?limit=5 [32m204[0m 0.755 ms - 0[0m
2025-09-04 10:10:39 info: [0mOPTIONS /job/client/68b95732d60e8b18918e03a8?page=1&limit=10 [32m204[0m 0.143 ms - 0[0m
2025-09-04 10:10:39 info: [0mGET /bid/proposals/archive?limit=5 [36m304[0m 1079.239 ms - -[0m
2025-09-04 10:10:40 info: [0mGET /bid/proposals/shortlist?limit=5 [36m304[0m 780.302 ms - -[0m
2025-09-04 10:10:40 info: [0mGET /job/client/68b95732d60e8b18918e03a8?page=1&limit=10 [32m200[0m 923.703 ms - 172[0m
2025-09-04 10:10:40 info: [0mGET /bid/proposals/archive?limit=5 [36m304[0m 668.259 ms - -[0m
2025-09-04 10:10:40 info: [0mGET /bid/proposals/shortlist?limit=5 [36m304[0m 666.608 ms - -[0m
2025-09-04 10:10:40 info: [0mGET /job/client/68b95732d60e8b18918e03a8?page=1&limit=10 [36m304[0m 636.606 ms - -[0m
2025-09-04 10:10:59 info: [0mOPTIONS /auth/login [32m204[0m 11.672 ms - 0[0m
2025-09-04 10:11:00 error: [POST] /auth/login >> StatusCode:: 400, Message:: Cannot read properties of undefined (reading 'status')
2025-09-04 10:11:00 info: [0mPOST /auth/login [32m200[0m 892.297 ms - 587[0m
2025-09-04 10:11:00 info: [0mOPTIONS /profile [32m204[0m 0.323 ms - 0[0m
2025-09-04 10:11:01 info: [0mGET /profile [36m304[0m 753.907 ms - -[0m
2025-09-04 10:11:02 info: [0mOPTIONS /bid/proposals/shortlist?limit=5 [32m204[0m 2.232 ms - 0[0m
2025-09-04 10:11:02 info: [0mOPTIONS /job/client/68b95732d60e8b18918e03a8?page=1&limit=10 [32m204[0m 0.100 ms - 0[0m
2025-09-04 10:11:02 info: [0mOPTIONS /bid/proposals/archive?limit=5 [32m204[0m 0.234 ms - 0[0m
2025-09-04 10:11:02 info: [0mOPTIONS /bid/proposals/shortlist?limit=5 [32m204[0m 1.106 ms - 0[0m
2025-09-04 10:11:02 info: [0mOPTIONS /bid/proposals/archive?limit=5 [32m204[0m 0.445 ms - 0[0m
2025-09-04 10:11:02 info: [0mOPTIONS /job/client/68b95732d60e8b18918e03a8?page=1&limit=10 [32m204[0m 0.192 ms - 0[0m
2025-09-04 10:11:03 info: [0mGET /job/client/68b95732d60e8b18918e03a8?page=1&limit=10 [36m304[0m 913.716 ms - -[0m
2025-09-04 10:11:03 info: [0mGET /bid/proposals/archive?limit=5 [36m304[0m 819.033 ms - -[0m
2025-09-04 10:11:03 info: [0mGET /bid/proposals/shortlist?limit=5 [36m304[0m 782.154 ms - -[0m
2025-09-04 10:11:03 info: [0mGET /job/client/68b95732d60e8b18918e03a8?page=1&limit=10 [36m304[0m 776.220 ms - -[0m
2025-09-04 10:11:03 info: [0mGET /bid/proposals/archive?limit=5 [36m304[0m 681.621 ms - -[0m
2025-09-04 10:11:03 info: [0mGET /bid/proposals/shortlist?limit=5 [36m304[0m 696.922 ms - -[0m
2025-09-04 10:11:23 info: [0mOPTIONS /auth/forgot_password [32m204[0m 14.140 ms - 0[0m
2025-09-04 10:11:28 error: [POST] /auth/forgot_password >> StatusCode:: 400, Message:: Cannot read properties of undefined (reading 'status')
2025-09-04 10:11:28 info: [0mPOST /auth/forgot_password [32m200[0m 4332.491 ms - 81[0m
2025-09-04 10:12:22 info: [0mOPTIONS /auth/login [32m204[0m 1.229 ms - 0[0m
2025-09-04 10:12:23 error: [POST] /auth/login >> StatusCode:: 400, Message:: Cannot read properties of undefined (reading 'status')
2025-09-04 10:12:23 info: [0mPOST /auth/login [32m200[0m 756.260 ms - 587[0m
2025-09-04 10:12:23 info: [0mOPTIONS /profile [32m204[0m 0.092 ms - 0[0m
2025-09-04 10:12:24 info: [0mGET /profile [32m200[0m 741.172 ms - 680[0m
2025-09-04 10:12:24 info: [0mOPTIONS /bid/proposals/shortlist?limit=5 [32m204[0m 0.808 ms - 0[0m
2025-09-04 10:12:24 info: [0mOPTIONS /job/client/6806800e99bd8d166bd766ae?page=1&limit=10 [32m204[0m 0.251 ms - 0[0m
2025-09-04 10:12:24 info: [0mOPTIONS /bid/proposals/archive?limit=5 [32m204[0m 2.142 ms - 0[0m
2025-09-04 10:12:24 info: [0mOPTIONS /job/client/6806800e99bd8d166bd766ae?page=1&limit=10 [32m204[0m 0.136 ms - 0[0m
2025-09-04 10:12:24 info: [0mOPTIONS /bid/proposals/shortlist?limit=5 [32m204[0m 0.166 ms - 0[0m
2025-09-04 10:12:24 info: [0mOPTIONS /bid/proposals/archive?limit=5 [32m204[0m 0.053 ms - 0[0m
2025-09-04 10:12:25 info: [0mGET /bid/proposals/archive?limit=5 [36m304[0m 852.202 ms - -[0m
2025-09-04 10:12:25 info: [0mGET /job/client/6806800e99bd8d166bd766ae?page=1&limit=10 [32m200[0m 1174.224 ms - -[0m
2025-09-04 10:12:26 info: [0mGET /bid/proposals/shortlist?limit=5 [36m304[0m 1666.966 ms - -[0m
2025-09-04 10:13:03 info: [0mOPTIONS /service/getServiceByUserId/6806800e99bd8d166bd766ae [32m204[0m 1.574 ms - 0[0m
2025-09-04 10:13:03 info: [0mOPTIONS /service/getAppliedServices [32m204[0m 0.166 ms - 0[0m
2025-09-04 10:13:03 info: [0mOPTIONS /service/getAppliedServices [32m204[0m 0.354 ms - 0[0m
2025-09-04 10:13:03 info: [0mOPTIONS /service/getServiceByUserId/6806800e99bd8d166bd766ae [32m204[0m 0.106 ms - 0[0m
2025-09-04 10:13:03 info: [0mGET /service/getServiceByUserId/6806800e99bd8d166bd766ae [32m200[0m 385.370 ms - 176[0m
2025-09-04 10:13:04 info: [0mGET /service/getServiceByUserId/6806800e99bd8d166bd766ae [36m304[0m 317.269 ms - -[0m
2025-09-04 10:13:04 info: [0mGET /service/getAppliedServices [32m200[0m 694.535 ms - 176[0m
2025-09-04 10:13:04 info: [0mGET /service/getAppliedServices [36m304[0m 642.127 ms - -[0m
2025-09-04 10:13:42 info: [0mOPTIONS /auth/login [32m204[0m 10.772 ms - 0[0m
2025-09-04 10:13:42 error: [POST] /auth/login >> StatusCode:: 400, Message:: Cannot read properties of undefined (reading 'status')
2025-09-04 10:13:42 info: [0mPOST /auth/login [32m200[0m 880.293 ms - 587[0m
2025-09-04 10:13:42 info: [0mOPTIONS /profile [32m204[0m 0.133 ms - 0[0m
2025-09-04 10:13:43 info: [0mGET /profile [36m304[0m 645.436 ms - -[0m
2025-09-04 10:13:44 info: [0mOPTIONS /bid/proposals/shortlist?limit=5 [32m204[0m 0.226 ms - 0[0m
2025-09-04 10:13:44 info: [0mOPTIONS /bid/proposals/archive?limit=5 [32m204[0m 0.405 ms - 0[0m
2025-09-04 10:13:44 info: [0mOPTIONS /job/client/6806800e99bd8d166bd766ae?page=1&limit=10 [32m204[0m 0.099 ms - 0[0m
2025-09-04 10:13:44 info: [0mOPTIONS /bid/proposals/shortlist?limit=5 [32m204[0m 9.393 ms - 0[0m
2025-09-04 10:13:44 info: [0mOPTIONS /bid/proposals/archive?limit=5 [32m204[0m 2.097 ms - 0[0m
2025-09-04 10:13:44 info: [0mOPTIONS /job/client/6806800e99bd8d166bd766ae?page=1&limit=10 [32m204[0m 0.067 ms - 0[0m
2025-09-04 10:13:48 info: [0mOPTIONS /service/getFeaturedService [32m204[0m 3.810 ms - 0[0m
2025-09-04 10:13:48 info: [0mOPTIONS /service/getFeaturedService [32m204[0m 0.242 ms - 0[0m
2025-09-04 10:13:48 info: [0mOPTIONS /job/getFeaturedJobs [32m204[0m 0.794 ms - 0[0m
2025-09-04 10:13:48 info: [0mOPTIONS /photography [32m204[0m 0.129 ms - 0[0m
2025-09-04 10:13:48 info: [0mOPTIONS /job/getFeaturedJobs [32m204[0m 0.104 ms - 0[0m
2025-09-04 10:13:48 info: [0mOPTIONS /photography [32m204[0m 0.271 ms - 0[0m
2025-09-04 10:13:49 info: [0mGET /photography [36m304[0m 812.106 ms - -[0m
2025-09-04 10:13:49 info: [0mGET /service/getFeaturedService [36m304[0m 785.626 ms - -[0m
2025-09-04 10:13:49 info: [0mGET /photography [36m304[0m 755.263 ms - -[0m
2025-09-04 10:13:49 info: [0mGET /service/getFeaturedService [36m304[0m 741.722 ms - -[0m
2025-09-04 10:13:49 info: [0mGET /job/getFeaturedJobs [36m304[0m 1551.871 ms - -[0m
2025-09-04 10:13:51 info: [0mGET /job/getFeaturedJobs [36m304[0m 1467.420 ms - -[0m
2025-09-04 10:14:05 info: [0mGET /bid/proposals/shortlist?limit=5 [32m200[0m 832.932 ms - 80[0m
2025-09-04 10:14:05 info: [0mGET /bid/proposals/archive?limit=5 [32m200[0m 883.278 ms - 80[0m
2025-09-04 10:14:05 info: [0mGET /job/client/6806800e99bd8d166bd766ae?page=1&limit=10 [32m200[0m 943.886 ms - -[0m
2025-09-04 10:14:05 info: [0mGET /bid/proposals/shortlist?limit=5 [32m200[0m 657.444 ms - 80[0m
2025-09-04 10:14:05 info: [0mGET /bid/proposals/archive?limit=5 [32m200[0m 649.612 ms - 80[0m
2025-09-04 10:14:06 info: [0mGET /job/client/6806800e99bd8d166bd766ae?page=1&limit=10 [32m200[0m 847.719 ms - -[0m
2025-09-04 10:15:25 info: =================================
2025-09-04 10:15:25 info: ======= ENV: development =======
2025-09-04 10:15:25 info: 🚀 App listening on the port 3000
2025-09-04 10:15:25 info: =================================
2025-09-04 10:15:28 info: Connected to email server
2025-09-04 10:15:28 info: Connected to email server
2025-09-04 10:15:28 info: Connected to email server
2025-09-04 10:15:28 info: Connected to email server
2025-09-04 10:15:28 info: Connected to email server
2025-09-04 10:15:28 info: Connected to email server
2025-09-04 10:15:28 info: Connected to email server
2025-09-04 10:15:28 info: Connected to email server
2025-09-04 10:15:28 info: Connected to email server
2025-09-04 10:15:28 info: Connected to email server
2025-09-04 10:15:28 info: Connected to email server
2025-09-04 10:15:28 info: Connected to email server
2025-09-04 10:15:28 info: Connected to email server
2025-09-04 10:15:28 info: Connected to email server
2025-09-04 10:15:28 info: Connected to email server
2025-09-04 10:15:29 info: Connected to Database Successfully...
2025-09-04 10:15:35 info: [0mOPTIONS /auth/login [32m204[0m 3.268 ms - 0[0m
2025-09-04 10:15:35 error: [POST] /auth/login >> StatusCode:: 400, Message:: Cannot read properties of undefined (reading 'status')
2025-09-04 10:15:35 info: [0mPOST /auth/login [32m200[0m 741.577 ms - 587[0m
2025-09-04 10:15:35 info: [0mOPTIONS /profile [32m204[0m 0.109 ms - 0[0m
2025-09-04 10:15:36 info: [0mGET /profile [36m304[0m 672.780 ms - -[0m
2025-09-04 10:15:36 info: [0mOPTIONS /bid/proposals/shortlist?limit=5 [32m204[0m 0.375 ms - 0[0m
2025-09-04 10:15:36 info: [0mOPTIONS /bid/proposals/archive?limit=5 [32m204[0m 0.119 ms - 0[0m
2025-09-04 10:15:36 info: [0mOPTIONS /job/client/6806800e99bd8d166bd766ae?page=1&limit=10 [32m204[0m 10.994 ms - 0[0m
2025-09-04 10:15:36 info: [0mOPTIONS /bid/proposals/shortlist?limit=5 [32m204[0m 0.559 ms - 0[0m
2025-09-04 10:15:36 info: [0mOPTIONS /bid/proposals/archive?limit=5 [32m204[0m 0.298 ms - 0[0m
2025-09-04 10:15:36 info: [0mOPTIONS /job/client/6806800e99bd8d166bd766ae?page=1&limit=10 [32m204[0m 0.532 ms - 0[0m
2025-09-04 10:15:37 info: [0mGET /bid/proposals/shortlist?limit=5 [36m304[0m 749.837 ms - -[0m
2025-09-04 10:15:37 info: [0mGET /bid/proposals/archive?limit=5 [36m304[0m 650.716 ms - -[0m
2025-09-04 10:15:37 info: [0mGET /job/client/6806800e99bd8d166bd766ae?page=1&limit=10 [36m304[0m 673.116 ms - -[0m
2025-09-04 10:15:38 info: [0mGET /bid/proposals/shortlist?limit=5 [36m304[0m 637.658 ms - -[0m
2025-09-04 10:15:38 info: [0mGET /bid/proposals/archive?limit=5 [36m304[0m 629.750 ms - -[0m
2025-09-04 10:15:38 info: [0mGET /job/client/6806800e99bd8d166bd766ae?page=1&limit=10 [36m304[0m 702.661 ms - -[0m
2025-09-04 10:16:28 info: [0mOPTIONS /auth/login [32m204[0m 1.716 ms - 0[0m
2025-09-04 10:16:29 error: [POST] /auth/login >> StatusCode:: 400, Message:: Cannot read properties of undefined (reading 'status')
2025-09-04 10:16:29 info: [0mPOST /auth/login [32m200[0m 934.177 ms - 587[0m
2025-09-04 10:16:29 info: [0mOPTIONS /profile [32m204[0m 0.484 ms - 0[0m
2025-09-04 10:16:30 info: [0mGET /profile [36m304[0m 806.777 ms - -[0m
2025-09-04 10:16:32 info: [0mOPTIONS /bid/proposals/shortlist?limit=5 [32m204[0m 0.763 ms - 0[0m
2025-09-04 10:16:32 info: [0mOPTIONS /bid/proposals/archive?limit=5 [32m204[0m 0.123 ms - 0[0m
2025-09-04 10:16:32 info: [0mOPTIONS /bid/proposals/shortlist?limit=5 [32m204[0m 0.092 ms - 0[0m
2025-09-04 10:16:32 info: [0mOPTIONS /job/client/6806800e99bd8d166bd766ae?page=1&limit=10 [32m204[0m 0.074 ms - 0[0m
2025-09-04 10:16:32 info: [0mOPTIONS /bid/proposals/archive?limit=5 [32m204[0m 0.217 ms - 0[0m
2025-09-04 10:16:32 info: [0mOPTIONS /job/client/6806800e99bd8d166bd766ae?page=1&limit=10 [32m204[0m 0.093 ms - 0[0m
2025-09-04 10:16:33 info: [0mGET /bid/proposals/shortlist?limit=5 [36m304[0m 654.729 ms - -[0m
2025-09-04 10:16:33 info: [0mGET /bid/proposals/archive?limit=5 [36m304[0m 625.796 ms - -[0m
2025-09-04 10:16:33 info: [0mGET /job/client/6806800e99bd8d166bd766ae?page=1&limit=10 [36m304[0m 749.652 ms - -[0m
2025-09-04 10:16:34 info: [0mGET /bid/proposals/shortlist?limit=5 [36m304[0m 622.318 ms - -[0m
2025-09-04 10:16:34 info: [0mGET /bid/proposals/archive?limit=5 [36m304[0m 642.372 ms - -[0m
2025-09-04 10:16:34 info: [0mGET /job/client/6806800e99bd8d166bd766ae?page=1&limit=10 [36m304[0m 690.698 ms - -[0m
2025-09-04 10:18:43 info: =================================
2025-09-04 10:18:43 info: ======= ENV: development =======
2025-09-04 10:18:43 info: 🚀 App listening on the port 3000
2025-09-04 10:18:43 info: =================================
2025-09-04 10:18:46 info: Connected to email server
2025-09-04 10:18:46 info: Connected to email server
2025-09-04 10:18:46 info: Connected to email server
2025-09-04 10:18:46 info: Connected to email server
2025-09-04 10:18:46 info: Connected to email server
2025-09-04 10:18:46 info: Connected to email server
2025-09-04 10:18:46 info: Connected to email server
2025-09-04 10:18:46 info: Connected to email server
2025-09-04 10:18:46 info: Connected to email server
2025-09-04 10:18:46 info: Connected to email server
2025-09-04 10:18:46 info: Connected to email server
2025-09-04 10:18:46 info: Connected to email server
2025-09-04 10:18:46 info: Connected to email server
2025-09-04 10:18:46 info: Connected to email server
2025-09-04 10:18:46 info: Connected to email server
2025-09-04 10:18:48 info: Connected to Database Successfully...
2025-09-04 10:18:49 info: [0mOPTIONS /auth/login [32m204[0m 2.396 ms - 0[0m
2025-09-04 10:18:53 error: [POST] /auth/login >> StatusCode:: 400, Message:: Incorrect email or password
2025-09-04 10:18:53 info: [0mPOST /auth/login [32m200[0m 3415.932 ms - 85[0m
2025-09-04 10:19:28 info: [0mOPTIONS /auth/register [32m204[0m 1.745 ms - 0[0m
2025-09-04 10:19:35 error: [POST] /auth/register >> StatusCode:: 400, Message:: Cannot read properties of undefined (reading 'status')
2025-09-04 10:19:35 info: [0mPOST /auth/register [32m200[0m 7427.154 ms - 584[0m
2025-09-04 10:20:29 info: [0mOPTIONS /auth/forgot_password [32m204[0m 8.970 ms - 0[0m
2025-09-04 10:20:34 error: [POST] /auth/forgot_password >> StatusCode:: 400, Message:: Cannot read properties of undefined (reading 'status')
2025-09-04 10:20:34 info: [0mPOST /auth/forgot_password [32m200[0m 4788.569 ms - 81[0m
2025-09-04 10:21:28 info: =================================
2025-09-04 10:21:28 info: ======= ENV: development =======
2025-09-04 10:21:28 info: 🚀 App listening on the port 3000
2025-09-04 10:21:28 info: =================================
2025-09-04 10:21:31 warn: Unable to connect to email server. Make sure you have configured the SMTP options in .env
2025-09-04 10:21:31 warn: Unable to connect to email server. Make sure you have configured the SMTP options in .env
2025-09-04 10:21:31 warn: Unable to connect to email server. Make sure you have configured the SMTP options in .env
2025-09-04 10:21:31 warn: Unable to connect to email server. Make sure you have configured the SMTP options in .env
2025-09-04 10:21:31 warn: Unable to connect to email server. Make sure you have configured the SMTP options in .env
2025-09-04 10:21:31 warn: Unable to connect to email server. Make sure you have configured the SMTP options in .env
2025-09-04 10:21:31 warn: Unable to connect to email server. Make sure you have configured the SMTP options in .env
2025-09-04 10:21:31 warn: Unable to connect to email server. Make sure you have configured the SMTP options in .env
2025-09-04 10:21:31 warn: Unable to connect to email server. Make sure you have configured the SMTP options in .env
2025-09-04 10:21:31 warn: Unable to connect to email server. Make sure you have configured the SMTP options in .env
2025-09-04 10:21:31 warn: Unable to connect to email server. Make sure you have configured the SMTP options in .env
2025-09-04 10:21:31 warn: Unable to connect to email server. Make sure you have configured the SMTP options in .env
2025-09-04 10:21:31 warn: Unable to connect to email server. Make sure you have configured the SMTP options in .env
2025-09-04 10:21:31 warn: Unable to connect to email server. Make sure you have configured the SMTP options in .env
2025-09-04 10:21:31 warn: Unable to connect to email server. Make sure you have configured the SMTP options in .env
2025-09-04 10:21:32 info: Connected to Database Successfully...
2025-09-04 10:21:52 info: [0mOPTIONS /auth/forgot_password [32m204[0m 1.970 ms - 0[0m
2025-09-04 10:21:56 error: [POST] /auth/forgot_password >> StatusCode:: 400, Message:: Invalid login: 535 5.7.0 Too many failed login attempts
2025-09-04 10:21:56 info: [0mPOST /auth/forgot_password [32m200[0m 3488.862 ms - 112[0m
2025-09-04 10:24:52 info: [0mOPTIONS /auth/forgot_password [32m204[0m 9.623 ms - 0[0m
2025-09-04 10:25:01 error: [POST] /auth/forgot_password >> StatusCode:: 400, Message:: Invalid login: 535 5.7.0 Too many failed login attempts
2025-09-04 10:25:01 info: [0mPOST /auth/forgot_password [32m200[0m 8826.213 ms - 112[0m
2025-09-04 10:27:26 info: =================================
2025-09-04 10:27:26 info: ======= ENV: development =======
2025-09-04 10:27:26 info: 🚀 App listening on the port 3000
2025-09-04 10:27:26 info: =================================
2025-09-04 10:27:29 warn: Unable to connect to email server. Make sure you have configured the SMTP options in .env
2025-09-04 10:27:29 warn: Unable to connect to email server. Make sure you have configured the SMTP options in .env
2025-09-04 10:27:29 warn: Unable to connect to email server. Make sure you have configured the SMTP options in .env
2025-09-04 10:27:29 warn: Unable to connect to email server. Make sure you have configured the SMTP options in .env
2025-09-04 10:27:29 warn: Unable to connect to email server. Make sure you have configured the SMTP options in .env
2025-09-04 10:27:29 warn: Unable to connect to email server. Make sure you have configured the SMTP options in .env
2025-09-04 10:27:29 warn: Unable to connect to email server. Make sure you have configured the SMTP options in .env
2025-09-04 10:27:29 warn: Unable to connect to email server. Make sure you have configured the SMTP options in .env
2025-09-04 10:27:29 warn: Unable to connect to email server. Make sure you have configured the SMTP options in .env
2025-09-04 10:27:29 warn: Unable to connect to email server. Make sure you have configured the SMTP options in .env
2025-09-04 10:27:29 warn: Unable to connect to email server. Make sure you have configured the SMTP options in .env
2025-09-04 10:27:29 warn: Unable to connect to email server. Make sure you have configured the SMTP options in .env
2025-09-04 10:27:29 warn: Unable to connect to email server. Make sure you have configured the SMTP options in .env
2025-09-04 10:27:29 warn: Unable to connect to email server. Make sure you have configured the SMTP options in .env
2025-09-04 10:27:29 warn: Unable to connect to email server. Make sure you have configured the SMTP options in .env
2025-09-04 10:27:30 info: Connected to Database Successfully...
2025-09-04 10:28:23 info: =================================
2025-09-04 10:28:23 info: ======= ENV: development =======
2025-09-04 10:28:23 info: 🚀 App listening on the port 3000
2025-09-04 10:28:23 info: =================================
2025-09-04 10:28:25 warn: Unable to connect to email server. Make sure you have configured the SMTP options in .env
2025-09-04 10:28:25 warn: Unable to connect to email server. Make sure you have configured the SMTP options in .env
2025-09-04 10:28:25 warn: Unable to connect to email server. Make sure you have configured the SMTP options in .env
2025-09-04 10:28:25 warn: Unable to connect to email server. Make sure you have configured the SMTP options in .env
2025-09-04 10:28:25 warn: Unable to connect to email server. Make sure you have configured the SMTP options in .env
2025-09-04 10:28:25 warn: Unable to connect to email server. Make sure you have configured the SMTP options in .env
2025-09-04 10:28:25 warn: Unable to connect to email server. Make sure you have configured the SMTP options in .env
2025-09-04 10:28:25 warn: Unable to connect to email server. Make sure you have configured the SMTP options in .env
2025-09-04 10:28:25 warn: Unable to connect to email server. Make sure you have configured the SMTP options in .env
2025-09-04 10:28:25 warn: Unable to connect to email server. Make sure you have configured the SMTP options in .env
2025-09-04 10:28:26 warn: Unable to connect to email server. Make sure you have configured the SMTP options in .env
2025-09-04 10:28:26 warn: Unable to connect to email server. Make sure you have configured the SMTP options in .env
2025-09-04 10:28:26 warn: Unable to connect to email server. Make sure you have configured the SMTP options in .env
2025-09-04 10:28:26 warn: Unable to connect to email server. Make sure you have configured the SMTP options in .env
2025-09-04 10:28:26 warn: Unable to connect to email server. Make sure you have configured the SMTP options in .env
2025-09-04 10:28:27 info: Connected to Database Successfully...
2025-09-04 10:28:52 info: [0mOPTIONS /auth/forgot_password [32m204[0m 7.374 ms - 0[0m
2025-09-04 10:28:56 error: [POST] /auth/forgot_password >> StatusCode:: 400, Message:: Invalid login: 535 5.7.0 Too many failed login attempts
2025-09-04 10:28:56 info: [0mPOST /auth/forgot_password [32m200[0m 3313.628 ms - 112[0m
2025-09-04 10:32:25 info: [0mOPTIONS /auth/forgot_password [32m204[0m 7.614 ms - 0[0m
2025-09-04 10:32:28 error: [POST] /auth/forgot_password >> StatusCode:: 400, Message:: Invalid login: 535 5.7.0 Invalid credentials
2025-09-04 10:32:29 info: [0mPOST /auth/forgot_password [32m200[0m 3286.120 ms - 101[0m
2025-09-04 10:32:36 info: =================================
2025-09-04 10:32:36 info: ======= ENV: development =======
2025-09-04 10:32:36 info: 🚀 App listening on the port 3000
2025-09-04 10:32:36 info: =================================
2025-09-04 10:32:39 info: Connected to email server
2025-09-04 10:32:39 info: Connected to email server
2025-09-04 10:32:39 info: Connected to email server
2025-09-04 10:32:39 info: Connected to email server
2025-09-04 10:32:39 info: Connected to email server
2025-09-04 10:32:39 info: Connected to email server
2025-09-04 10:32:39 info: Connected to email server
2025-09-04 10:32:39 info: Connected to email server
2025-09-04 10:32:39 info: Connected to email server
2025-09-04 10:32:39 info: Connected to email server
2025-09-04 10:32:39 warn: Unable to connect to email server. Make sure you have configured the SMTP options in .env
2025-09-04 10:32:39 warn: Unable to connect to email server. Make sure you have configured the SMTP options in .env
2025-09-04 10:32:39 warn: Unable to connect to email server. Make sure you have configured the SMTP options in .env
2025-09-04 10:32:39 warn: Unable to connect to email server. Make sure you have configured the SMTP options in .env
2025-09-04 10:32:39 warn: Unable to connect to email server. Make sure you have configured the SMTP options in .env
2025-09-04 10:32:40 info: Connected to Database Successfully...
2025-09-04 10:32:43 info: [0mOPTIONS /auth/forgot_password [32m204[0m 2.998 ms - 0[0m
2025-09-04 10:32:48 error: [POST] /auth/forgot_password >> StatusCode:: 400, Message:: Mail command failed: 501 5.1.7 Bad sender address syntax
2025-09-04 10:32:48 info: [0mPOST /auth/forgot_password [32m200[0m 4452.360 ms - 113[0m
2025-09-04 10:33:59 info: [0mOPTIONS /auth/forgot_password [32m204[0m 2.466 ms - 0[0m
2025-09-04 10:34:02 error: [POST] /auth/forgot_password >> StatusCode:: 400, Message:: Mail command failed: 501 5.1.7 Bad sender address syntax
2025-09-04 10:34:02 info: [0mPOST /auth/forgot_password [32m200[0m 3241.179 ms - 113[0m
2025-09-04 10:36:34 info: [0mOPTIONS /auth/forgot_password [32m204[0m 14.929 ms - 0[0m
2025-09-04 10:36:38 error: [POST] /auth/forgot_password >> StatusCode:: 400, Message:: Mail command failed: 501 5.1.7 Bad sender address syntax
2025-09-04 10:36:38 info: [0mPOST /auth/forgot_password [32m200[0m 3540.525 ms - 113[0m
2025-09-04 10:37:25 info: =================================
2025-09-04 10:37:25 info: ======= ENV: development =======
2025-09-04 10:37:25 info: 🚀 App listening on the port 3000
2025-09-04 10:37:25 info: =================================
2025-09-04 10:37:28 info: Connected to email server
2025-09-04 10:37:28 info: Connected to email server
2025-09-04 10:37:28 info: Connected to email server
2025-09-04 10:37:28 info: Connected to email server
2025-09-04 10:37:28 info: Connected to email server
2025-09-04 10:37:28 info: Connected to email server
2025-09-04 10:37:28 info: Connected to email server
2025-09-04 10:37:28 info: Connected to email server
2025-09-04 10:37:28 info: Connected to email server
2025-09-04 10:37:28 info: Connected to email server
2025-09-04 10:37:28 warn: Unable to connect to email server. Make sure you have configured the SMTP options in .env
2025-09-04 10:37:28 warn: Unable to connect to email server. Make sure you have configured the SMTP options in .env
2025-09-04 10:37:28 warn: Unable to connect to email server. Make sure you have configured the SMTP options in .env
2025-09-04 10:37:28 warn: Unable to connect to email server. Make sure you have configured the SMTP options in .env
2025-09-04 10:37:28 warn: Unable to connect to email server. Make sure you have configured the SMTP options in .env
2025-09-04 10:37:30 info: Connected to Database Successfully...
2025-09-04 10:37:35 info: [0mOPTIONS /auth/forgot_password [32m204[0m 3.399 ms - 0[0m
2025-09-04 10:37:39 error: [POST] /auth/forgot_password >> StatusCode:: 400, Message:: Cannot read properties of undefined (reading 'status')
2025-09-04 10:37:39 info: [0mPOST /auth/forgot_password [32m200[0m 4234.982 ms - 81[0m
2025-09-04 10:38:32 info: [0mOPTIONS /auth/forgot_password [32m204[0m 0.905 ms - 0[0m
2025-09-04 10:38:36 error: [POST] /auth/forgot_password >> StatusCode:: 400, Message:: Cannot read properties of undefined (reading 'status')
2025-09-04 10:38:36 info: [0mPOST /auth/forgot_password [32m200[0m 4402.617 ms - 81[0m
